2023-09-11 00:31:12,126 - DEBUG - pffrocd config: {
    "client": {
        "ip_address": "192.168.5.111",
        "username": "kamil",
        "private_ssh_key_path": "/home/kamil/.ssh/id_thesis",
        "executable_path": "/home/kamil/pffrocd/ABY/build/bin",
        "executable_name": "cos_dist_float_scen_simd",
        "pffrocd_path": "/home/kamil/pffrocd"
    },
    "server": {
        "ip_address": "192.168.5.112",
        "username": "kamil",
        "private_ssh_key_path": "/home/kamil/.ssh/id_thesis",
        "executable_path": "/home/kamil/pffrocd/ABY/build/bin",
        "executable_name": "cos_dist_float_scen_simd",
        "pffrocd_path": "/home/kamil/pffrocd"
    },
    "misc": {
        "nr_of_people": "1000",
        "security_level": "80",
        "mt_algorithm": "0",
        "niceness": "-20",
        "starting_person": "20",
        "nr_of_images": "30",
        "bit_length": "32",
        "gather_energy_data": "1"
    }
}
2023-09-11 00:31:12,328 - INFO - RUNNING for 980 people
2023-09-11 00:31:12,329 - INFO - Currently running for lfw/Ahmet_Necdet_Sezer (1/980)
2023-09-11 00:31:12,329 - DEBUG - Found 2 images for lfw/Ahmet_Necdet_Sezer
2023-09-11 00:31:12,329 - DEBUG - setting image as reference image: lfw/Ahmet_Necdet_Sezer/Ahmet_Necdet_Sezer_0001.jpg
2023-09-11 00:31:15,592 - INFO - Running test for lfw/Ahmet_Necdet_Sezer/Ahmet_Necdet_Sezer_0002.jpg
2023-09-11 00:31:18,515 - DEBUG - Stdout of extracting embedding: 1.9175176620483398
2023-09-11 00:31:18,515 - DEBUG - Stderr of extracting embedding: 
2023-09-11 00:31:18,516 - INFO - Embedding extracted by the server in 1.9175176620483398 seconds
2023-09-11 00:31:20,880 - INFO - Running sfe...
2023-09-11 00:32:07,728 - INFO - Finished! Total sfe time: 46.84754943847656 seconds (1/2)
2023-09-11 00:32:07,729 - DEBUG - Host 192.168.5.111: exit code 0, output ['Online time is distributed as follows: ', 'Bool: local gates: 162.5000000000, interactive gates: 187.4630000000, layer finish: 192.3850000000', 'Yao: local gates: 6.8950000000, interactive gates: 5.1140000000, layer finish: 5.4200000000', 'Yao Rev: local gates: 5.3170000000, interactive gates: 4.6520000000, layer finish: 4.1820000000', 'Arith: local gates: 7.9220000000, interactive gates: 5.3960000000, layer finish: 11.3670000000', 'SPLUT: local gates: 6.6800000000, interactive gates: 6.4420000000, layer finish: 44.0380000000', 'Communication: 33741.9179999999', '', 'Complexities: ', 'Boolean Sharing: ANDs: 1878982 (1-bit) ; Depth: 8080', 'Total Vec AND: 1878982', 'Total Non-Vec AND: 1878982', 'XOR vals: 1740116 gates: 596354', 'Comb gates: 0, CombStruct gates: 0, Perm gates: 0, Subset gates: 12288, Split gates: 0', 'Yao: ANDs: 0 ; Depth: 0', 'Reverse Yao: ANDs: 0 ; Depth: 0', 'Arithmetic Sharing: MULs: 0 ; Depth: 0', 'SP-LUT Sharing: OT-gates: Total OT gates = 0; Depth: 1', 'Total number of gates: 1339400 Total depth: 8080', 'Timings: ', 'Total =\t\t45430.5350000000 ms', 'Init =\t\t0.0580000000 ms', 'CircuitGen =\t0.0700000000 ms', 'Network =\t54.5600000000 ms', 'BaseOTs =\t33.9020000000 ms', 'Setup =\t\t11012.2250000000 ms', 'OTExtension =\t11009.7050000000 ms', 'Garbling =\t0.0020000000 ms', 'Online =\t34418.3060000000 ms', '', 'Communication: ', 'Total Sent / Rcv\t19986398  bytes / 19986910 bytes', 'BaseOTs Sent / Rcv\t10532  bytes / 10532 bytes', 'Setup Sent / Rcv\t19437193  bytes / 19437202 bytes', 'OTExtension Sent / Rcv\t19437193  bytes / 19437193 bytes', 'Garbling Sent / Rcv\t0  bytes / 0 bytes', 'Online Sent / Rcv\t549205  bytes / 549708 bytes', '', 'cos_dist_ver: 0.4069042802', 'cos_dist: 0.4069042802'], error ['[sudo] password for kamil: \tCommand being timed: "/home/kamil/pffrocd/ABY/build/bin/cos_dist_float_scen_simd_32 -r 1 -a 192.168.5.112 -f /home/kamil/pffrocd/ABY/build/bin/embeddings.txt -o /home/kamil/pffrocd -s 80 -x 0"', '\tUser time (seconds): 3.23', '\tSystem time (seconds): 2.21', '\tPercent of CPU this job got: 11%', '\tElapsed (wall clock) time (h:mm:ss or m:ss): 0:46.34', '\tAverage shared text size (kbytes): 0', '\tAverage unshared data size (kbytes): 0', '\tAverage stack size (kbytes): 0', '\tAverage total size (kbytes): 0', '\tMaximum resident set size (kbytes): 157908', '\tAverage resident set size (kbytes): 0', '\tMajor (requiring I/O) page faults: 0', '\tMinor (reclaiming a frame) page faults: 64466', '\tVoluntary context switches: 63037', '\tInvoluntary context switches: 80', '\tSwaps: 0', '\tFile system inputs: 0', '\tFile system outputs: 0', '\tSocket messages sent: 0', '\tSocket messages received: 0', '\tSignals delivered: 0', '\tPage size (bytes): 4096', '\tExit status: 0']
2023-09-11 00:32:07,729 - DEBUG - Host 192.168.5.112: exit code 0, output ['Online time is distributed as follows: ', 'Bool: local gates: 175.0530000000, interactive gates: 203.9150000000, layer finish: 213.6960000000', 'Yao: local gates: 7.1320000000, interactive gates: 5.0400000000, layer finish: 5.3130000000', 'Yao Rev: local gates: 6.9540000000, interactive gates: 4.8920000000, layer finish: 5.3500000000', 'Arith: local gates: 7.7240000000, interactive gates: 6.8100000000, layer finish: 15.1980000000', 'SPLUT: local gates: 7.5990000000, interactive gates: 5.2020000000, layer finish: 47.6650000000', 'Communication: 33676.0109999999', '', 'Complexities: ', 'Boolean Sharing: ANDs: 1878982 (1-bit) ; Depth: 8080', 'Total Vec AND: 1878982', 'Total Non-Vec AND: 1878982', 'XOR vals: 1740116 gates: 596354', 'Comb gates: 0, CombStruct gates: 0, Perm gates: 0, Subset gates: 12288, Split gates: 0', 'Yao: ANDs: 0 ; Depth: 0', 'Reverse Yao: ANDs: 0 ; Depth: 0', 'Arithmetic Sharing: MULs: 0 ; Depth: 0', 'SP-LUT Sharing: OT-gates: Total OT gates = 0; Depth: 1', 'Total number of gates: 1339400 Total depth: 8080', 'Timings: ', 'Total =\t\t45434.4660000000 ms', 'Init =\t\t0.0900000000 ms', 'CircuitGen =\t0.1260000000 ms', 'Network =\t219.2690000000 ms', 'BaseOTs =\t29.1510000000 ms', 'Setup =\t\t11011.3990000000 ms', 'OTExtension =\t11009.1330000000 ms', 'Garbling =\t0.0020000000 ms', 'Online =\t34423.0660000000 ms', '', 'Communication: ', 'Total Sent / Rcv\t19986910  bytes / 19986398 bytes', 'BaseOTs Sent / Rcv\t10532  bytes / 10532 bytes', 'Setup Sent / Rcv\t19437193  bytes / 19437193 bytes', 'OTExtension Sent / Rcv\t19437184  bytes / 19437193 bytes', 'Garbling Sent / Rcv\t0  bytes / 0 bytes', 'Online Sent / Rcv\t549717  bytes / 549205 bytes', '', 'cos_dist_ver: 0.4069042802', 'cos_dist: 0.4069042802'], error ['[sudo] password for kamil: \tCommand being timed: "/home/kamil/pffrocd/ABY/build/bin/cos_dist_float_scen_simd_32 -r 0 -a 192.168.5.112 -f /home/kamil/pffrocd/ABY/build/bin/embeddings.txt -o /home/kamil/pffrocd -s 80 -x 0"', '\tUser time (seconds): 3.05', '\tSystem time (seconds): 1.86', '\tPercent of CPU this job got: 10%', '\tElapsed (wall clock) time (h:mm:ss or m:ss): 0:46.33', '\tAverage shared text size (kbytes): 0', '\tAverage unshared data size (kbytes): 0', '\tAverage stack size (kbytes): 0', '\tAverage total size (kbytes): 0', '\tMaximum resident set size (kbytes): 158060', '\tAverage resident set size (kbytes): 0', '\tMajor (requiring I/O) page faults: 0', '\tMinor (reclaiming a frame) page faults: 64461', '\tVoluntary context switches: 59140', '\tInvoluntary context switches: 800', '\tSwaps: 0', '\tFile system inputs: 0', '\tFile system outputs: 0', '\tSocket messages sent: 0', '\tSocket messages received: 0', '\tSignals delivered: 0', '\tPage size (bytes): 4096', '\tExit status: 0']
2023-09-11 00:32:07,729 - DEBUG - Parsed ram usage: {'[sudo] password for kamil': '', 'Command being timed': '"/home/kamil/pffrocd/ABY/build/bin/cos_dist_float_scen_simd_32 -r 0 -a 192.168.5.112 -f /home/kamil/pffrocd/ABY/build/bin/embeddings.txt -o /home/kamil/pffrocd -s 80 -x 0"', 'User time (seconds)': '3.05', 'System time (seconds)': '1.86', 'Percent of CPU this job got': '10%', 'Elapsed (wall clock) time (h:mm:ss or m:ss)': '0:46.33', 'Average shared text size (kbytes)': '0', 'Average unshared data size (kbytes)': '0', 'Average stack size (kbytes)': '0', 'Average total size (kbytes)': '0', 'Maximum resident set size (kbytes)': '158060', 'Average resident set size (kbytes)': '0', 'Major (requiring I/O) page faults': '0', 'Minor (reclaiming a frame) page faults': '64461', 'Voluntary context switches': '59140', 'Involuntary context switches': '800', 'Swaps': '0', 'File system inputs': '0', 'File system outputs': '0', 'Socket messages sent': '0', 'Socket messages received': '0', 'Signals delivered': '0', 'Page size (bytes)': '4096', 'Exit status': '0'}
2023-09-11 00:32:07,730 - DEBUG - to_be_appended=['lfw/Ahmet_Necdet_Sezer/Ahmet_Necdet_Sezer_0001.jpg', 'lfw/Ahmet_Necdet_Sezer/Ahmet_Necdet_Sezer_0002.jpg', True, True, 0.4069041609764099, 0.4069042802, 48.7650671005249, 46.84754943847656, 1.9175176620483398, '', '"/home/kamil/pffrocd/ABY/build/bin/cos_dist_float_scen_simd_32 -r 0 -a 192.168.5.112 -f /home/kamil/pffrocd/ABY/build/bin/embeddings.txt -o /home/kamil/pffrocd -s 80 -x 0"', '3.05', '1.86', '10%', '0:46.33', '0', '0', '0', '0', '158060', '0', '0', '64461', '59140', '800', '0', '0', '0', '0', '0', '0', '4096', '0', 0, '175.0530000000', '203.9150000000', '213.6960000000', '7.1320000000', '5.0400000000', '5.3130000000', '6.9540000000', '4.8920000000', '5.3500000000', '7.7240000000', '6.8100000000', '15.1980000000', '7.5990000000', '5.2020000000', '47.6650000000', '33676.0109999999', '1878982', '8080', '1878982', '1878982', '1740116', '596354', '0', '0', '0', '12288', '0', '0', '0', '0', '0', '0', '0', '0', '1', '1339400', '8080', '45434.4660000000', '0.0900000000', '0.1260000000', '219.2690000000', '29.1510000000', '11011.3990000000', '11009.1330000000', '0.0020000000', '34423.0660000000', '19986910', '19986398', '10532', '10532', '19437193', '19437193', '19437184', '19437193', '0', '0', '549717', '549205', '0.4069042802', '0.4069042802']
