2023-08-11 17:02:42,409 - DEBUG - pffrocd config: {
    "client": {
        "ip_address": "10.0.0.167",
        "username": "dietpi",
        "private_ssh_key_path": "/home/kamil/.ssh/id_thesis",
        "executable_path": "/home/dietpi/pffrocd/ABY/build/bin",
        "executable_name": "cos_dist_float_scen_simd",
        "pffrocd_path": "/home/dietpi/pffrocd"
    },
    "server": {
        "ip_address": "10.0.0.154",
        "username": "dietpi",
        "private_ssh_key_path": "/home/kamil/.ssh/id_thesis",
        "executable_path": "/home/dietpi/pffrocd/ABY/build/bin",
        "executable_name": "cos_dist_float_scen_simd",
        "pffrocd_path": "/home/dietpi/pffrocd"
    },
    "misc": {
        "nr_of_people": "4",
        "security_level": "80",
        "mt_algorithm": "0",
        "niceness": "-20"
    }
}
2023-08-11 17:02:42,513 - INFO - RUNNING for 4 people
2023-08-11 17:02:42,513 - INFO - Currently running for lfw/Aaron_Peirsol (0/4)
2023-08-11 17:02:42,513 - DEBUG - Found 4 images for lfw/Aaron_Peirsol
2023-08-11 17:02:42,513 - DEBUG - setting image as reference image: lfw/Aaron_Peirsol/Aaron_Peirsol_0001.jpg
2023-08-11 17:02:44,421 - DEBUG - Running test for lfw/Aaron_Peirsol/Aaron_Peirsol_0002.jpg
2023-08-11 17:03:07,978 - DEBUG - Embedding extracted by the server in 16.696723461151123 seconds
2023-08-11 17:03:14,080 - DEBUG - Running sfe...
