2023-09-09 12:54:07,247 - DEBUG - pffrocd config: {
    "client": {
        "ip_address": "192.168.5.111",
        "username": "kamil",
        "private_ssh_key_path": "/home/kamil/.ssh/id_thesis",
        "executable_path": "/home/kamil/pffrocd/ABY/build/bin",
        "executable_name": "cos_dist_float_scen_simd",
        "pffrocd_path": "/home/kamil/pffrocd"
    },
    "server": {
        "ip_address": "192.168.5.112",
        "username": "kamil",
        "private_ssh_key_path": "/home/kamil/.ssh/id_thesis",
        "executable_path": "/home/kamil/pffrocd/ABY/build/bin",
        "executable_name": "cos_dist_float_scen_simd",
        "pffrocd_path": "/home/kamil/pffrocd"
    },
    "misc": {
        "nr_of_people": "1000",
        "security_level": "112",
        "mt_algorithm": "0",
        "niceness": "-20",
        "starting_person": "100",
        "nr_of_images": "30",
        "bit_length": "64",
        "gather_energy_data": "1"
    }
}
2023-09-09 12:54:07,445 - INFO - RUNNING for 900 people
2023-09-09 12:54:07,445 - INFO - Currently running for lfw/Anthony_Fauci (1/900)
2023-09-09 12:54:07,445 - DEBUG - Found 2 images for lfw/Anthony_Fauci
2023-09-09 12:54:07,445 - DEBUG - setting image as reference image: lfw/Anthony_Fauci/Anthony_Fauci_0001.jpg
2023-09-09 12:54:09,920 - INFO - Running test for lfw/Anthony_Fauci/Anthony_Fauci_0002.jpg
2023-09-09 12:54:12,739 - DEBUG - Stdout of extracting embedding: 1.9114432334899902
2023-09-09 12:54:12,739 - DEBUG - Stderr of extracting embedding: 
2023-09-09 12:54:12,739 - INFO - Embedding extracted by the server in 1.9114432334899902 seconds
2023-09-09 12:54:14,009 - INFO - Running sfe...
2023-09-09 12:54:29,883 - INFO - Finished! Total sfe time: 15.87304949760437 seconds (1/2)
2023-09-09 12:54:29,883 - DEBUG - Host 192.168.5.111: exit code 0, output ['Online time is distributed as follows: ', 'Bool: local gates: 283.2790000000, interactive gates: 336.7560000000, layer finish: 276.8640000000', 'Yao: local gates: 7.1150000000, interactive gates: 5.0940000000, layer finish: 3.5250000000', 'Yao Rev: local gates: 5.9670000000, interactive gates: 4.1900000000, layer finish: 3.2920000000', 'Arith: local gates: 6.7430000000, interactive gates: 4.8650000000, layer finish: 6.8570000000', 'SPLUT: local gates: 5.4600000000, interactive gates: 5.3740000000, layer finish: 30.5240000000', 'Communication: 3741.5130000000', '', 'Complexities: ', 'Boolean Sharing: ANDs: 5971636 (1-bit) ; Depth: 10918', 'Total Vec AND: 5971636', 'Total Non-Vec AND: 5971636', 'XOR vals: 5892966 gates: 1383450', 'Comb gates: 0, CombStruct gates: 0, Perm gates: 0, Subset gates: 24576, Split gates: 0', 'Yao: ANDs: 0 ; Depth: 0', 'Reverse Yao: ANDs: 0 ; Depth: 0', 'Arithmetic Sharing: MULs: 0 ; Depth: 0', 'SP-LUT Sharing: OT-gates: Total OT gates = 0; Depth: 1', 'Total number of gates: 3163722 Total depth: 10918', 'Timings: ', 'Total =\t\t13440.3730000000 ms', 'Init =\t\t0.0900000000 ms', 'CircuitGen =\t0.0690000000 ms', 'Network =\t4.1160000000 ms', 'BaseOTs =\t99.2560000000 ms', 'Setup =\t\t8690.1290000000 ms', 'OTExtension =\t8683.5130000000 ms', 'Garbling =\t0.0040000000 ms', 'Online =\t4750.2400000000 ms', '', 'Communication: ', 'Total Sent / Rcv\t86427438  bytes / 86428462 bytes', 'BaseOTs Sent / Rcv\t29220  bytes / 29220 bytes', 'Setup Sent / Rcv\t84827305  bytes / 84827305 bytes', 'OTExtension Sent / Rcv\t84827305  bytes / 84827305 bytes', 'Garbling Sent / Rcv\t0  bytes / 0 bytes', 'Online Sent / Rcv\t1600133  bytes / 1601157 bytes', '', 'cos_dist_ver: 0.3293662287', 'cos_dist: 0.3293662287'], error ['[sudo] password for kamil: \tCommand being timed: "/home/kamil/pffrocd/ABY/build/bin/cos_dist_float_scen_simd_64 -r 1 -a 192.168.5.112 -f /home/kamil/pffrocd/ABY/build/bin/embeddings.txt -o /home/kamil/pffrocd -s 112 -x 0"', '\tUser time (seconds): 6.80', '\tSystem time (seconds): 1.68', '\tPercent of CPU this job got: 54%', '\tElapsed (wall clock) time (h:mm:ss or m:ss): 0:15.50', '\tAverage shared text size (kbytes): 0', '\tAverage unshared data size (kbytes): 0', '\tAverage stack size (kbytes): 0', '\tAverage total size (kbytes): 0', '\tMaximum resident set size (kbytes): 361228', '\tAverage resident set size (kbytes): 0', '\tMajor (requiring I/O) page faults: 0', '\tMinor (reclaiming a frame) page faults: 143114', '\tVoluntary context switches: 128396', '\tInvoluntary context switches: 48', '\tSwaps: 0', '\tFile system inputs: 0', '\tFile system outputs: 0', '\tSocket messages sent: 0', '\tSocket messages received: 0', '\tSignals delivered: 0', '\tPage size (bytes): 4096', '\tExit status: 0']
2023-09-09 12:54:29,884 - DEBUG - Host 192.168.5.112: exit code 0, output ['Online time is distributed as follows: ', 'Bool: local gates: 106.8890000000, interactive gates: 109.3610000000, layer finish: 87.8280000000', 'Yao: local gates: 1.7900000000, interactive gates: 1.5540000000, layer finish: 0.8450000000', 'Yao Rev: local gates: 1.7550000000, interactive gates: 1.2970000000, layer finish: 0.7920000000', 'Arith: local gates: 1.9980000000, interactive gates: 1.4610000000, layer finish: 1.9840000000', 'SPLUT: local gates: 1.7170000000, interactive gates: 1.4530000000, layer finish: 9.6200000000', 'Communication: 4405.8610000000', '', 'Complexities: ', 'Boolean Sharing: ANDs: 5971636 (1-bit) ; Depth: 10918', 'Total Vec AND: 5971636', 'Total Non-Vec AND: 5971636', 'XOR vals: 5892966 gates: 1383450', 'Comb gates: 0, CombStruct gates: 0, Perm gates: 0, Subset gates: 24576, Split gates: 0', 'Yao: ANDs: 0 ; Depth: 0', 'Reverse Yao: ANDs: 0 ; Depth: 0', 'Arithmetic Sharing: MULs: 0 ; Depth: 0', 'SP-LUT Sharing: OT-gates: Total OT gates = 0; Depth: 1', 'Total number of gates: 3163722 Total depth: 10918', 'Timings: ', 'Total =\t\t13435.4050000000 ms', 'Init =\t\t0.1020000000 ms', 'CircuitGen =\t0.1330000000 ms', 'Network =\t392.2350000000 ms', 'BaseOTs =\t98.2470000000 ms', 'Setup =\t\t8691.5930000000 ms', 'OTExtension =\t8685.2310000000 ms', 'Garbling =\t0.0040000000 ms', 'Online =\t4743.8100000000 ms', '', 'Communication: ', 'Total Sent / Rcv\t86428462  bytes / 86427438 bytes', 'BaseOTs Sent / Rcv\t29220  bytes / 29211 bytes', 'Setup Sent / Rcv\t84827305  bytes / 84837394 bytes', 'OTExtension Sent / Rcv\t84827305  bytes / 84827305 bytes', 'Garbling Sent / Rcv\t0  bytes / 0 bytes', 'Online Sent / Rcv\t1601157  bytes / 1590044 bytes', '', 'cos_dist_ver: 0.3293662287', 'cos_dist: 0.3293662287'], error ['[sudo] password for kamil: \tCommand being timed: "/home/kamil/pffrocd/ABY/build/bin/cos_dist_float_scen_simd_64 -r 0 -a 192.168.5.112 -f /home/kamil/pffrocd/ABY/build/bin/embeddings.txt -o /home/kamil/pffrocd -s 112 -x 0"', '\tUser time (seconds): 4.81', '\tSystem time (seconds): 0.89', '\tPercent of CPU this job got: 36%', '\tElapsed (wall clock) time (h:mm:ss or m:ss): 0:15.45', '\tAverage shared text size (kbytes): 0', '\tAverage unshared data size (kbytes): 0', '\tAverage stack size (kbytes): 0', '\tAverage total size (kbytes): 0', '\tMaximum resident set size (kbytes): 366484', '\tAverage resident set size (kbytes): 0', '\tMajor (requiring I/O) page faults: 0', '\tMinor (reclaiming a frame) page faults: 144401', '\tVoluntary context switches: 92807', '\tInvoluntary context switches: 924', '\tSwaps: 0', '\tFile system inputs: 0', '\tFile system outputs: 0', '\tSocket messages sent: 0', '\tSocket messages received: 0', '\tSignals delivered: 0', '\tPage size (bytes): 4096', '\tExit status: 0']
2023-09-09 12:54:29,884 - DEBUG - Parsed ram usage: {'[sudo] password for kamil': '', 'Command being timed': '"/home/kamil/pffrocd/ABY/build/bin/cos_dist_float_scen_simd_64 -r 0 -a 192.168.5.112 -f /home/kamil/pffrocd/ABY/build/bin/embeddings.txt -o /home/kamil/pffrocd -s 112 -x 0"', 'User time (seconds)': '4.81', 'System time (seconds)': '0.89', 'Percent of CPU this job got': '36%', 'Elapsed (wall clock) time (h:mm:ss or m:ss)': '0:15.45', 'Average shared text size (kbytes)': '0', 'Average unshared data size (kbytes)': '0', 'Average stack size (kbytes)': '0', 'Average total size (kbytes)': '0', 'Maximum resident set size (kbytes)': '366484', 'Average resident set size (kbytes)': '0', 'Major (requiring I/O) page faults': '0', 'Minor (reclaiming a frame) page faults': '144401', 'Voluntary context switches': '92807', 'Involuntary context switches': '924', 'Swaps': '0', 'File system inputs': '0', 'File system outputs': '0', 'Socket messages sent': '0', 'Socket messages received': '0', 'Signals delivered': '0', 'Page size (bytes)': '4096', 'Exit status': '0'}
2023-09-09 12:54:29,884 - INFO - Running powertop to gather energy consumption data...
2023-09-09 12:54:49,787 - DEBUG - Host 192.168.5.111: exit code 0, output ['Online time is distributed as follows: ', 'Bool: local gates: 289.1860000000, interactive gates: 330.1760000000, layer finish: 278.7380000000', 'Yao: local gates: 6.6000000000, interactive gates: 4.9840000000, layer finish: 3.2210000000', 'Yao Rev: local gates: 5.5870000000, interactive gates: 4.5990000000, layer finish: 3.1570000000', 'Arith: local gates: 5.9530000000, interactive gates: 5.2390000000, layer finish: 7.0460000000', 'SPLUT: local gates: 5.2990000000, interactive gates: 5.2750000000, layer finish: 31.8860000000', 'Communication: 3680.4490000000', '', 'Complexities: ', 'Boolean Sharing: ANDs: 5971636 (1-bit) ; Depth: 10918', 'Total Vec AND: 5971636', 'Total Non-Vec AND: 5971636', 'XOR vals: 5892966 gates: 1383450', 'Comb gates: 0, CombStruct gates: 0, Perm gates: 0, Subset gates: 24576, Split gates: 0', 'Yao: ANDs: 0 ; Depth: 0', 'Reverse Yao: ANDs: 0 ; Depth: 0', 'Arithmetic Sharing: MULs: 0 ; Depth: 0', 'SP-LUT Sharing: OT-gates: Total OT gates = 0; Depth: 1', 'Total number of gates: 3163722 Total depth: 10918', 'Timings: ', 'Total =\t\t12199.6470000000 ms', 'Init =\t\t0.0730000000 ms', 'CircuitGen =\t0.0700000000 ms', 'Network =\t5.2930000000 ms', 'BaseOTs =\t101.0340000000 ms', 'Setup =\t\t7510.0560000000 ms', 'OTExtension =\t7504.1940000000 ms', 'Garbling =\t0.0020000000 ms', 'Online =\t4689.5880000000 ms', '', 'Communication: ', 'Total Sent / Rcv\t86427447  bytes / 86428462 bytes', 'BaseOTs Sent / Rcv\t29211  bytes / 29220 bytes', 'Setup Sent / Rcv\t84827314  bytes / 84827305 bytes', 'OTExtension Sent / Rcv\t84827296  bytes / 84827305 bytes', 'Garbling Sent / Rcv\t0  bytes / 0 bytes', 'Online Sent / Rcv\t1600133  bytes / 1601157 bytes', '', 'cos_dist_ver: 0.3293662287', 'cos_dist: 0.3293662287', 'Cannot load from file /var/cache/powertop/saved_parameters.powertop', 'File will be loaded after taking minimum number of measurement(s) with battery only ', 'Cannot load from file /var/cache/powertop/saved_parameters.powertop', 'File will be loaded after taking minimum number of measurement(s) with battery only ', 'To show power estimates do 150 measurement(s) connected to battery only'], error ['[sudo] password for kamil: modprobe cpufreq_stats failedLoaded 135 prior measurements', 'RAPL device for cpu 0', 'RAPL Using PowerCap Sysfs : Domain Mask d', 'RAPL device for cpu 0', 'RAPL Using PowerCap Sysfs : Domain Mask d', 'Devfreq not enabled', 'glob returned GLOB_ABORTED', 'Preparing to take measurements', 'Taking 1 measurement(s) for a duration of 16 second(s) each.', '\tCommand being timed: "/home/kamil/pffrocd/ABY/build/bin/cos_dist_float_scen_simd_64 -r 1 -a 192.168.5.112 -f /home/kamil/pffrocd/ABY/build/bin/embeddings.txt -o /home/kamil/pffrocd -s 112 -x 0"', '\tUser time (seconds): 6.92', '\tSystem time (seconds): 1.94', '\tPercent of CPU this job got: 62%', '\tElapsed (wall clock) time (h:mm:ss or m:ss): 0:14.28', '\tAverage shared text size (kbytes): 0', '\tAverage unshared data size (kbytes): 0', '\tAverage stack size (kbytes): 0', '\tAverage total size (kbytes): 0', '\tMaximum resident set size (kbytes): 361332', '\tAverage resident set size (kbytes): 0', '\tMajor (requiring I/O) page faults: 0', '\tMinor (reclaiming a frame) page faults: 143130', '\tVoluntary context switches: 128148', '\tInvoluntary context switches: 88', '\tSwaps: 0', '\tFile system inputs: 0', '\tFile system outputs: 0', '\tSocket messages sent: 0', '\tSocket messages received: 0', '\tSignals delivered: 0', '\tPage size (bytes): 4096', '\tExit status: 0', 'PowerTOP outputting using base filename powertop_2023-09-09_12-54-07.csv']
2023-09-09 12:54:49,788 - DEBUG - Host 192.168.5.112: exit code 0, output ['Online time is distributed as follows: ', 'Bool: local gates: 96.2440000000, interactive gates: 105.8130000000, layer finish: 82.1080000000', 'Yao: local gates: 1.7400000000, interactive gates: 1.3440000000, layer finish: 0.7530000000', 'Yao Rev: local gates: 1.4610000000, interactive gates: 1.2370000000, layer finish: 0.7660000000', 'Arith: local gates: 1.6960000000, interactive gates: 1.3650000000, layer finish: 1.3790000000', 'SPLUT: local gates: 1.4280000000, interactive gates: 1.3860000000, layer finish: 8.2880000000', 'Communication: 4370.8490000000', '', 'Complexities: ', 'Boolean Sharing: ANDs: 5971636 (1-bit) ; Depth: 10918', 'Total Vec AND: 5971636', 'Total Non-Vec AND: 5971636', 'XOR vals: 5892966 gates: 1383450', 'Comb gates: 0, CombStruct gates: 0, Perm gates: 0, Subset gates: 24576, Split gates: 0', 'Yao: ANDs: 0 ; Depth: 0', 'Reverse Yao: ANDs: 0 ; Depth: 0', 'Arithmetic Sharing: MULs: 0 ; Depth: 0', 'SP-LUT Sharing: OT-gates: Total OT gates = 0; Depth: 1', 'Total number of gates: 3163722 Total depth: 10918', 'Timings: ', 'Total =\t\t12194.3860000000 ms', 'Init =\t\t0.0610000000 ms', 'CircuitGen =\t0.0590000000 ms', 'Network =\t388.7290000000 ms', 'BaseOTs =\t99.7920000000 ms', 'Setup =\t\t7509.2760000000 ms', 'OTExtension =\t7505.1420000000 ms', 'Garbling =\t0.0020000000 ms', 'Online =\t4685.1090000000 ms', '', 'Communication: ', 'Total Sent / Rcv\t86428462  bytes / 86427438 bytes', 'BaseOTs Sent / Rcv\t29220  bytes / 29220 bytes', 'Setup Sent / Rcv\t84827305  bytes / 84827314 bytes', 'OTExtension Sent / Rcv\t84827305  bytes / 84827305 bytes', 'Garbling Sent / Rcv\t0  bytes / 0 bytes', 'Online Sent / Rcv\t1601157  bytes / 1600124 bytes', '', 'cos_dist_ver: 0.3293662287', 'cos_dist: 0.3293662287'], error ['[sudo] password for kamil: modprobe cpufreq_stats failedLoaded 355 prior measurements', 'RAPL device for cpu 0', 'RAPL Using PowerCap Sysfs : Domain Mask f', 'RAPL device for cpu 0', 'RAPL Using PowerCap Sysfs : Domain Mask f', 'Devfreq not enabled', 'glob returned GLOB_ABORTED', 'Preparing to take measurements', 'Taking 1 measurement(s) for a duration of 16 second(s) each.', '\tCommand being timed: "/home/kamil/pffrocd/ABY/build/bin/cos_dist_float_scen_simd_64 -r 0 -a 192.168.5.112 -f /home/kamil/pffrocd/ABY/build/bin/embeddings.txt -o /home/kamil/pffrocd -s 112 -x 0"', '\tUser time (seconds): 3.62', '\tSystem time (seconds): 0.59', '\tPercent of CPU this job got: 29%', '\tElapsed (wall clock) time (h:mm:ss or m:ss): 0:14.22', '\tAverage shared text size (kbytes): 0', '\tAverage unshared data size (kbytes): 0', '\tAverage stack size (kbytes): 0', '\tAverage total size (kbytes): 0', '\tMaximum resident set size (kbytes): 364576', '\tAverage resident set size (kbytes): 0', '\tMajor (requiring I/O) page faults: 0', '\tMinor (reclaiming a frame) page faults: 143942', '\tVoluntary context switches: 105353', '\tInvoluntary context switches: 34', '\tSwaps: 0', '\tFile system inputs: 0', '\tFile system outputs: 0', '\tSocket messages sent: 0', '\tSocket messages received: 0', '\tSignals delivered: 0', '\tPage size (bytes): 4096', '\tExit status: 0', 'PowerTOP outputting using base filename powertop_2023-09-09_12-54-07.csv']
2023-09-09 12:54:49,788 - DEBUG - server_sfe_output='Online time is distributed as follows: Bool: local gates: 96.2440000000, interactive gates: 105.8130000000, layer finish: 82.1080000000Yao: local gates: 1.7400000000, interactive gates: 1.3440000000, layer finish: 0.7530000000Yao Rev: local gates: 1.4610000000, interactive gates: 1.2370000000, layer finish: 0.7660000000Arith: local gates: 1.6960000000, interactive gates: 1.3650000000, layer finish: 1.3790000000SPLUT: local gates: 1.4280000000, interactive gates: 1.3860000000, layer finish: 8.2880000000Communication: 4370.8490000000Complexities: Boolean Sharing: ANDs: 5971636 (1-bit) ; Depth: 10918Total Vec AND: 5971636Total Non-Vec AND: 5971636XOR vals: 5892966 gates: 1383450Comb gates: 0, CombStruct gates: 0, Perm gates: 0, Subset gates: 24576, Split gates: 0Yao: ANDs: 0 ; Depth: 0Reverse Yao: ANDs: 0 ; Depth: 0Arithmetic Sharing: MULs: 0 ; Depth: 0SP-LUT Sharing: OT-gates: Total OT gates = 0; Depth: 1Total number of gates: 3163722 Total depth: 10918Timings: Total =\t\t12194.3860000000 msInit =\t\t0.0610000000 msCircuitGen =\t0.0590000000 msNetwork =\t388.7290000000 msBaseOTs =\t99.7920000000 msSetup =\t\t7509.2760000000 msOTExtension =\t7505.1420000000 msGarbling =\t0.0020000000 msOnline =\t4685.1090000000 msCommunication: Total Sent / Rcv\t86428462  bytes / 86427438 bytesBaseOTs Sent / Rcv\t29220  bytes / 29220 bytesSetup Sent / Rcv\t84827305  bytes / 84827314 bytesOTExtension Sent / Rcv\t84827305  bytes / 84827305 bytesGarbling Sent / Rcv\t0  bytes / 0 bytesOnline Sent / Rcv\t1601157  bytes / 1600124 bytescos_dist_ver: 0.3293662287cos_dist: 0.3293662287'
2023-09-09 12:54:49,788 - DEBUG - server_sfe_error='[sudo] password for kamil: modprobe cpufreq_stats failedLoaded 355 prior measurementsRAPL device for cpu 0RAPL Using PowerCap Sysfs : Domain Mask fRAPL device for cpu 0RAPL Using PowerCap Sysfs : Domain Mask fDevfreq not enabledglob returned GLOB_ABORTEDPreparing to take measurementsTaking 1 measurement(s) for a duration of 16 second(s) each.\tCommand being timed: "/home/kamil/pffrocd/ABY/build/bin/cos_dist_float_scen_simd_64 -r 0 -a 192.168.5.112 -f /home/kamil/pffrocd/ABY/build/bin/embeddings.txt -o /home/kamil/pffrocd -s 112 -x 0"\tUser time (seconds): 3.62\tSystem time (seconds): 0.59\tPercent of CPU this job got: 29%\tElapsed (wall clock) time (h:mm:ss or m:ss): 0:14.22\tAverage shared text size (kbytes): 0\tAverage unshared data size (kbytes): 0\tAverage stack size (kbytes): 0\tAverage total size (kbytes): 0\tMaximum resident set size (kbytes): 364576\tAverage resident set size (kbytes): 0\tMajor (requiring I/O) page faults: 0\tMinor (reclaiming a frame) page faults: 143942\tVoluntary context switches: 105353\tInvoluntary context switches: 34\tSwaps: 0\tFile system inputs: 0\tFile system outputs: 0\tSocket messages sent: 0\tSocket messages received: 0\tSignals delivered: 0\tPage size (bytes): 4096\tExit status: 0PowerTOP outputting using base filename powertop_2023-09-09_12-54-07.csv'
2023-09-09 12:54:50,872 - DEBUG - df_energy_client=         Usage Wakeups/s GPU ops/s Disk IO/s GFX Wakeups/s   Category                 Description
0     7.0 ms/s     328.6                                    Interrupt         [3] net_rx(softirq)
1     2.7 ms/s      47.5                                        Timer            tick_sched_timer
2    85.5 ms/s      0.19                                      Process  [PID 3524] cos_dist_float_
3    66.2 ms/s                                                Process  [PID 3523] cos_dist_float_
4     1.0 ms/s      12.4                                    Interrupt        [6] tasklet(softirq)
..         ...       ...       ...       ...           ...        ...                         ...
95                                                                                               
96                                                                                               
97                                                                                               
98                                                                                               
99                                                                                               

[100 rows x 7 columns]
2023-09-09 12:54:50,909 - DEBUG - df_energy_server=          Usage Wakeups/s GPU ops/s Disk IO/s GFX Wakeups/s   Category                 Description PW Estimate
0      3.2 ms/s     315.3                                    Interrupt         [3] net_rx(softirq)   13.7 mW  
1     52.0 ms/s      0.06                                      Process  [PID 3745] cos_dist_float_   3.41 mW  
2     42.8 ms/s      0.06                                      Process  [PID 3744] cos_dist_float_   2.80 mW  
3      0.8 ms/s      57.9                                        Timer            tick_sched_timer   2.52 mW  
4    316.1 us/s      15.5                                    Interrupt         [2] net tx(softirq)    684 uW  
..          ...       ...       ...       ...           ...        ...                         ...         ...
97                                                                                                            
98                                                                                                            
99                                                                                                            
100        None      None      None      None          None       None                        None        None
101        None      None      None      None          None       None                        None        None

[102 rows x 8 columns]
