2023-08-11 14:54:44,574 - DEBUG - pffrocd config: {
    "client": {
        "ip_address": "10.0.0.167",
        "username": "dietpi",
        "private_ssh_key_path": "/home/kamil/.ssh/id_thesis",
        "executable_path": "/home/dietpi/pffrocd/ABY/build/bin",
        "executable_name": "cos_dist_float_scen_simd",
        "pffrocd_path": "/home/dietpi/pffrocd"
    },
    "server": {
        "ip_address": "10.0.0.154",
        "username": "dietpi",
        "private_ssh_key_path": "/home/kamil/.ssh/id_thesis",
        "executable_path": "/home/dietpi/pffrocd/ABY/build/bin",
        "executable_name": "cos_dist_float_scen_simd",
        "pffrocd_path": "/home/dietpi/pffrocd"
    },
    "misc": {
        "nr_of_people": "1",
        "security_level": "80",
        "mt_algorithm": "0",
        "niceness": "-20"
    }
}
2023-08-11 14:54:44,660 - INFO - RUNNING for 1 people
2023-08-11 14:54:44,660 - INFO - Currently running for lfw/Aaron_Peirsol (0/1)
2023-08-11 14:54:44,660 - DEBUG - Found 4 images for lfw/Aaron_Peirsol
2023-08-11 14:54:44,660 - DEBUG - setting image as reference image: lfw/Aaron_Peirsol/Aaron_Peirsol_0001.jpg
2023-08-11 14:54:46,236 - DEBUG - Running test for lfw/Aaron_Peirsol/Aaron_Peirsol_0002.jpg
2023-08-11 14:55:05,363 - DEBUG - Embedding extracted by the server in 16.041818618774414 seconds
2023-08-11 14:55:06,686 - DEBUG - Running sfe...
2023-08-11 14:55:53,469 - INFO - Finished! Total sfe time: 46.78290772438049 seconds
2023-08-11 14:55:53,470 - DEBUG - Host 10.0.0.167: exit code 0, output ['Online time is distributed as follows: ', 'Bool: local gates: 1898.3040000000, interactive gates: 2226.5780000000, layer finish: 1508.6490000000', 'Yao: local gates: 23.1410000000, interactive gates: 22.9230000000, layer finish: 7.9820000000', 'Yao Rev: local gates: 23.7070000000, interactive gates: 18.4500000000, layer finish: 9.9480000000', 'Arith: local gates: 26.1810000000, interactive gates: 21.4110000000, layer finish: 26.5860000000', 'SPLUT: local gates: 20.6420000000, interactive gates: 26.6340000000, layer finish: 134.2870000000', 'Communication: 14145.4080000001', '', 'Complexities: ', 'Boolean Sharing: ANDs: 5971636 (1-bit) ; Depth: 10918', 'Total Vec AND: 5971636', 'Total Non-Vec AND: 5971636', 'XOR vals: 5892966 gates: 1383450', 'Comb gates: 0, CombStruct gates: 0, Perm gates: 0, Subset gates: 24576, Split gates: 0', 'Yao: ANDs: 0 ; Depth: 0', 'Reverse Yao: ANDs: 0 ; Depth: 0', 'Arithmetic Sharing: MULs: 0 ; Depth: 0', 'SP-LUT Sharing: OT-gates: Total OT gates = 0; Depth: 1', 'Total number of gates: 3163722 Total depth: 10918', 'Timings: ', 'Total =\t\t32267.2690000000 ms', 'Init =\t\t0.3700000000 ms', 'CircuitGen =\t0.3500000000 ms', 'Network =\t986.3920000000 ms', 'BaseOTs =\t132.9340000000 ms', 'Setup =\t\t12045.3960000000 ms', 'OTExtension =\t11971.3860000000 ms', 'Garbling =\t0.0080000000 ms', 'Online =\t20221.8640000000 ms', '', 'Communication: ', 'Total Sent / Rcv\t62191406  bytes / 62192430 bytes', 'BaseOTs Sent / Rcv\t10532  bytes / 10532 bytes', 'Setup Sent / Rcv\t60591273  bytes / 60591273 bytes', 'OTExtension Sent / Rcv\t60591273  bytes / 60591273 bytes', 'Garbling Sent / Rcv\t0  bytes / 0 bytes', 'Online Sent / Rcv\t1600133  bytes / 1601157 bytes', '', 'cos_dist_ver: 0.2064672729', 'cos_dist: 0.2064672729'], error []
2023-08-11 14:55:53,470 - DEBUG - Host 10.0.0.154: exit code 0, output ['Online time is distributed as follows: ', 'Bool: local gates: 1900.8680000000, interactive gates: 2231.9520000000, layer finish: 1547.8710000000', 'Yao: local gates: 28.6290000000, interactive gates: 18.9540000000, layer finish: 8.6640000000', 'Yao Rev: local gates: 23.7130000000, interactive gates: 21.7920000000, layer finish: 5.8030000000', 'Arith: local gates: 26.2600000000, interactive gates: 21.3860000000, layer finish: 31.5970000000', 'SPLUT: local gates: 25.3570000000, interactive gates: 20.7600000000, layer finish: 120.6190000000', 'Communication: 14107.4890000000', '', 'Complexities: ', 'Boolean Sharing: ANDs: 5971636 (1-bit) ; Depth: 10918', 'Total Vec AND: 5971636', 'Total Non-Vec AND: 5971636', 'XOR vals: 5892966 gates: 1383450', 'Comb gates: 0, CombStruct gates: 0, Perm gates: 0, Subset gates: 24576, Split gates: 0', 'Yao: ANDs: 0 ; Depth: 0', 'Reverse Yao: ANDs: 0 ; Depth: 0', 'Arithmetic Sharing: MULs: 0 ; Depth: 0', 'SP-LUT Sharing: OT-gates: Total OT gates = 0; Depth: 1', 'Total number of gates: 3163722 Total depth: 10918', 'Timings: ', 'Total =\t\t32268.2390000000 ms', 'Init =\t\t0.3740000000 ms', 'CircuitGen =\t0.3790000000 ms', 'Network =\t22.8020000000 ms', 'BaseOTs =\t139.0900000000 ms', 'Setup =\t\t12044.9170000000 ms', 'OTExtension =\t11979.1300000000 ms', 'Garbling =\t0.0070000000 ms', 'Online =\t20223.3140000000 ms', '', 'Communication: ', 'Total Sent / Rcv\t62192430  bytes / 62191406 bytes', 'BaseOTs Sent / Rcv\t10532  bytes / 10532 bytes', 'Setup Sent / Rcv\t60591273  bytes / 60591273 bytes', 'OTExtension Sent / Rcv\t60591273  bytes / 60591273 bytes', 'Garbling Sent / Rcv\t0  bytes / 0 bytes', 'Online Sent / Rcv\t1601157  bytes / 1600133 bytes', '', 'cos_dist_ver: 0.2064672729', 'cos_dist: 0.2064672729'], error []
2023-08-11 14:55:53,470 - DEBUG - server_sfe_output='Online time is distributed as follows: Bool: local gates: 1900.8680000000, interactive gates: 2231.9520000000, layer finish: 1547.8710000000Yao: local gates: 28.6290000000, interactive gates: 18.9540000000, layer finish: 8.6640000000Yao Rev: local gates: 23.7130000000, interactive gates: 21.7920000000, layer finish: 5.8030000000Arith: local gates: 26.2600000000, interactive gates: 21.3860000000, layer finish: 31.5970000000SPLUT: local gates: 25.3570000000, interactive gates: 20.7600000000, layer finish: 120.6190000000Communication: 14107.4890000000Complexities: Boolean Sharing: ANDs: 5971636 (1-bit) ; Depth: 10918Total Vec AND: 5971636Total Non-Vec AND: 5971636XOR vals: 5892966 gates: 1383450Comb gates: 0, CombStruct gates: 0, Perm gates: 0, Subset gates: 24576, Split gates: 0Yao: ANDs: 0 ; Depth: 0Reverse Yao: ANDs: 0 ; Depth: 0Arithmetic Sharing: MULs: 0 ; Depth: 0SP-LUT Sharing: OT-gates: Total OT gates = 0; Depth: 1Total number of gates: 3163722 Total depth: 10918Timings: Total =\t\t32268.2390000000 msInit =\t\t0.3740000000 msCircuitGen =\t0.3790000000 msNetwork =\t22.8020000000 msBaseOTs =\t139.0900000000 msSetup =\t\t12044.9170000000 msOTExtension =\t11979.1300000000 msGarbling =\t0.0070000000 msOnline =\t20223.3140000000 msCommunication: Total Sent / Rcv\t62192430  bytes / 62191406 bytesBaseOTs Sent / Rcv\t10532  bytes / 10532 bytesSetup Sent / Rcv\t60591273  bytes / 60591273 bytesOTExtension Sent / Rcv\t60591273  bytes / 60591273 bytesGarbling Sent / Rcv\t0  bytes / 0 bytesOnline Sent / Rcv\t1601157  bytes / 1600133 bytescos_dist_ver: 0.2064672729cos_dist: 0.2064672729'
2023-08-11 14:55:53,470 - DEBUG - To be appended: 
2023-08-11 14:55:53,471 - DEBUG - ['lfw/Aaron_Peirsol/Aaron_Peirsol_0001.jpg', 'lfw/Aaron_Peirsol/Aaron_Peirsol_0002.jpg', True, True, 0.2064672729369681, 0.2064672729, 62.82472634315491, 46.78290772438049, 16.041818618774414, 0, 0, ['1900.8680000000', '2231.9520000000', '1547.8710000000', '28.6290000000', '18.9540000000', '8.6640000000', '23.7130000000', '21.7920000000', '5.8030000000', '26.2600000000', '21.3860000000', '31.5970000000', '25.3570000000', '20.7600000000', '120.6190000000', '14107.4890000000', '5971636', '10918', '5971636', '5971636', '5892966', '1383450', '0', '0', '0', '24576', '0', '0', '0', '0', '0', '0', '0', '0', '1', '3163722', '10918', '32268.2390000000', '0.3740000000', '0.3790000000', '22.8020000000', '139.0900000000', '12044.9170000000', '11979.1300000000', '0.0070000000', '20223.3140000000', '62192430', '62191406', '10532', '10532', '60591273', '60591273', '60591273', '60591273', '0', '0', '1601157', '1600133', '0.2064672729', '0.2064672729']]
2023-08-11 14:55:53,471 - DEBUG - Running test for lfw/Aaron_Peirsol/Aaron_Peirsol_0003.jpg
2023-08-11 14:56:12,632 - DEBUG - Embedding extracted by the server in 16.096378326416016 seconds
2023-08-11 14:56:13,967 - DEBUG - Running sfe...
