2023-08-12 18:43:07,624 - DEBUG - pffrocd config: {
    "client": {
        "ip_address": "192.168.50.55",
        "username": "dietpi",
        "private_ssh_key_path": "/home/kamil/.ssh/id_thesis",
        "executable_path": "/home/dietpi/pffrocd/ABY/build/bin",
        "executable_name": "cos_dist_float_scen_simd",
        "pffrocd_path": "/home/dietpi/pffrocd"
    },
    "server": {
        "ip_address": "192.168.50.190",
        "username": "dietpi",
        "private_ssh_key_path": "/home/kamil/.ssh/id_thesis",
        "executable_path": "/home/dietpi/pffrocd/ABY/build/bin",
        "executable_name": "cos_dist_float_scen_simd",
        "pffrocd_path": "/home/dietpi/pffrocd"
    },
    "misc": {
        "nr_of_people": "15",
        "security_level": "128",
        "mt_algorithm": "0",
        "niceness": "-20"
    }
}
2023-08-12 18:43:07,703 - INFO - RUNNING for 15 people
2023-08-12 18:43:07,703 - INFO - Currently running for lfw/Aaron_Peirsol (1/15)
2023-08-12 18:43:07,703 - DEBUG - Found 4 images for lfw/Aaron_Peirsol
2023-08-12 18:43:07,703 - DEBUG - setting image as reference image: lfw/Aaron_Peirsol/Aaron_Peirsol_0001.jpg
2023-08-12 18:43:10,321 - DEBUG - Running test for lfw/Aaron_Peirsol/Aaron_Peirsol_0002.jpg
2023-08-12 18:43:28,704 - DEBUG - Embedding extracted by the server in 15.078773736953735 seconds
2023-08-12 18:43:31,379 - DEBUG - Running sfe...
