2023-09-14 08:36:45,044 - DEBUG - pffrocd config: {
    "client": {
        "ip_address": "192.168.5.115",
        "username": "kamil",
        "private_ssh_key_path": "/home/kamil/.ssh/id_thesis",
        "executable_path": "/home/kamil/pffrocd/ABY/build/bin",
        "executable_name": "cos_dist_float_scen_simd",
        "pffrocd_path": "/home/kamil/pffrocd"
    },
    "server": {
        "ip_address": "192.168.5.114",
        "username": "kamil",
        "private_ssh_key_path": "/home/kamil/.ssh/id_thesis",
        "executable_path": "/home/kamil/pffrocd/ABY/build/bin",
        "executable_name": "cos_dist_float_scen_simd",
        "pffrocd_path": "/home/kamil/pffrocd"
    },
    "misc": {
        "nr_of_people": "1000",
        "security_level": "80",
        "mt_algorithm": "0",
        "niceness": "-20",
        "starting_person": "20",
        "nr_of_images": "30",
        "bit_length": "32",
        "gather_energy_data": "1"
    }
}
2023-09-14 08:36:45,147 - INFO - RUNNING for 980 people
2023-09-14 08:36:45,147 - INFO - Currently running for lfw/Ahmet_Necdet_Sezer (1/980)
2023-09-14 08:36:45,147 - DEBUG - Found 2 images for lfw/Ahmet_Necdet_Sezer
2023-09-14 08:36:45,147 - DEBUG - setting image as reference image: lfw/Ahmet_Necdet_Sezer/Ahmet_Necdet_Sezer_0001.jpg
2023-09-14 08:36:47,844 - INFO - Running test for lfw/Ahmet_Necdet_Sezer/Ahmet_Necdet_Sezer_0002.jpg
2023-09-14 08:37:11,775 - DEBUG - Stdout of extracting embedding: 21.18544864654541
2023-09-14 08:37:11,775 - DEBUG - Stderr of extracting embedding: 
2023-09-14 08:37:11,775 - INFO - Embedding extracted by the server in 21.18544864654541 seconds
2023-09-14 08:37:14,171 - INFO - Running sfe...
2023-09-14 08:37:30,033 - INFO - Finished! Total sfe time: 15.86098337173462 seconds (1/2)
2023-09-14 08:37:30,033 - DEBUG - Host 192.168.5.115: exit code 0, output ['Online time is distributed as follows: ', 'Bool: local gates: 409.9180000000, interactive gates: 455.3780000000, layer finish: 307.7400000000', 'Yao: local gates: 7.1290000000, interactive gates: 5.4500000000, layer finish: 4.0030000000', 'Yao Rev: local gates: 5.7730000000, interactive gates: 6.2750000000, layer finish: 2.0870000000', 'Arith: local gates: 11.0380000000, interactive gates: 7.9850000000, layer finish: 9.6380000000', 'SPLUT: local gates: 6.0580000000, interactive gates: 6.2310000000, layer finish: 42.6120000000', 'Communication: 5072.0080000000', '', 'Complexities: ', 'Boolean Sharing: ANDs: 1878982 (1-bit) ; Depth: 8080', 'Total Vec AND: 1878982', 'Total Non-Vec AND: 1878982', 'XOR vals: 1740116 gates: 596354', 'Comb gates: 0, CombStruct gates: 0, Perm gates: 0, Subset gates: 12288, Split gates: 0', 'Yao: ANDs: 0 ; Depth: 0', 'Reverse Yao: ANDs: 0 ; Depth: 0', 'Arithmetic Sharing: MULs: 0 ; Depth: 0', 'SP-LUT Sharing: OT-gates: Total OT gates = 0; Depth: 1', 'Total number of gates: 1339400 Total depth: 8080', 'Timings: ', 'Total =\t\t10284.9330000000 ms', 'Init =\t\t0.3110000000 ms', 'CircuitGen =\t0.2510000000 ms', 'Network =\t28.2860000000 ms', 'BaseOTs =\t115.7240000000 ms', 'Setup =\t\t3895.7030000000 ms', 'OTExtension =\t3876.4690000000 ms', 'Garbling =\t0.0090000000 ms', 'Online =\t6389.2230000000 ms', '', 'Communication: ', 'Total Sent / Rcv\t19986398  bytes / 19986910 bytes', 'BaseOTs Sent / Rcv\t10532  bytes / 10532 bytes', 'Setup Sent / Rcv\t19437193  bytes / 19437193 bytes', 'OTExtension Sent / Rcv\t19437193  bytes / 19437193 bytes', 'Garbling Sent / Rcv\t0  bytes / 0 bytes', 'Online Sent / Rcv\t549205  bytes / 549717 bytes', '', 'cos_dist_ver: 0.4069042802', 'cos_dist: 0.4069042802'], error ['\tCommand being timed: "/home/kamil/pffrocd/ABY/build/bin/cos_dist_float_scen_simd_32 -r 1 -a 192.168.5.114 -f /home/kamil/pffrocd/ABY/build/bin/embeddings.txt -o /home/kamil/pffrocd -s 80 -x 0"', '\tUser time (seconds): 12.93', '\tSystem time (seconds): 4.57', '\tPercent of CPU this job got: 113%', '\tElapsed (wall clock) time (h:mm:ss or m:ss): 0:15.48', '\tAverage shared text size (kbytes): 0', '\tAverage unshared data size (kbytes): 0', '\tAverage stack size (kbytes): 0', '\tAverage total size (kbytes): 0', '\tMaximum resident set size (kbytes): 137960', '\tAverage resident set size (kbytes): 0', '\tMajor (requiring I/O) page faults: 0', '\tMinor (reclaiming a frame) page faults: 60152', '\tVoluntary context switches: 66553', '\tInvoluntary context switches: 17035', '\tSwaps: 0', '\tFile system inputs: 0', '\tFile system outputs: 0', '\tSocket messages sent: 0', '\tSocket messages received: 0', '\tSignals delivered: 0', '\tPage size (bytes): 4096', '\tExit status: 0']
2023-09-14 08:37:30,039 - DEBUG - Host 192.168.5.114: exit code 0, output ['Online time is distributed as follows: ', 'Bool: local gates: 431.7670000000, interactive gates: 482.5590000000, layer finish: 324.5590000000', 'Yao: local gates: 8.7550000000, interactive gates: 6.3510000000, layer finish: 4.7250000000', 'Yao Rev: local gates: 6.2090000000, interactive gates: 5.7070000000, layer finish: 2.4570000000', 'Arith: local gates: 6.4660000000, interactive gates: 8.3310000000, layer finish: 5.7390000000', 'SPLUT: local gates: 7.0040000000, interactive gates: 6.2770000000, layer finish: 42.8640000000', 'Communication: 5012.2120000000', '', 'Complexities: ', 'Boolean Sharing: ANDs: 1878982 (1-bit) ; Depth: 8080', 'Total Vec AND: 1878982', 'Total Non-Vec AND: 1878982', 'XOR vals: 1740116 gates: 596354', 'Comb gates: 0, CombStruct gates: 0, Perm gates: 0, Subset gates: 12288, Split gates: 0', 'Yao: ANDs: 0 ; Depth: 0', 'Reverse Yao: ANDs: 0 ; Depth: 0', 'Arithmetic Sharing: MULs: 0 ; Depth: 0', 'SP-LUT Sharing: OT-gates: Total OT gates = 0; Depth: 1', 'Total number of gates: 1339400 Total depth: 8080', 'Timings: ', 'Total =\t\t10287.6880000000 ms', 'Init =\t\t0.2430000000 ms', 'CircuitGen =\t0.2560000000 ms', 'Network =\t7.1610000000 ms', 'BaseOTs =\t114.8950000000 ms', 'Setup =\t\t3895.9740000000 ms', 'OTExtension =\t3876.6310000000 ms', 'Garbling =\t0.0090000000 ms', 'Online =\t6391.7070000000 ms', '', 'Communication: ', 'Total Sent / Rcv\t19986919  bytes / 19986398 bytes', 'BaseOTs Sent / Rcv\t10523  bytes / 10532 bytes', 'Setup Sent / Rcv\t19437202  bytes / 19437193 bytes', 'OTExtension Sent / Rcv\t19437193  bytes / 19437193 bytes', 'Garbling Sent / Rcv\t0  bytes / 0 bytes', 'Online Sent / Rcv\t549717  bytes / 549205 bytes', '', 'cos_dist_ver: 0.4069042802', 'cos_dist: 0.4069042802'], error ['\tCommand being timed: "/home/kamil/pffrocd/ABY/build/bin/cos_dist_float_scen_simd_32 -r 0 -a 192.168.5.114 -f /home/kamil/pffrocd/ABY/build/bin/embeddings.txt -o /home/kamil/pffrocd -s 80 -x 0"', '\tUser time (seconds): 13.15', '\tSystem time (seconds): 4.84', '\tPercent of CPU this job got: 116%', '\tElapsed (wall clock) time (h:mm:ss or m:ss): 0:15.44', '\tAverage shared text size (kbytes): 0', '\tAverage unshared data size (kbytes): 0', '\tAverage stack size (kbytes): 0', '\tAverage total size (kbytes): 0', '\tMaximum resident set size (kbytes): 139220', '\tAverage resident set size (kbytes): 0', '\tMajor (requiring I/O) page faults: 0', '\tMinor (reclaiming a frame) page faults: 60467', '\tVoluntary context switches: 64525', '\tInvoluntary context switches: 14516', '\tSwaps: 0', '\tFile system inputs: 344', '\tFile system outputs: 0', '\tSocket messages sent: 0', '\tSocket messages received: 0', '\tSignals delivered: 0', '\tPage size (bytes): 4096', '\tExit status: 0']
2023-09-14 08:37:30,039 - DEBUG - Parsed ram usage: {'Command being timed': '"/home/kamil/pffrocd/ABY/build/bin/cos_dist_float_scen_simd_32 -r 0 -a 192.168.5.114 -f /home/kamil/pffrocd/ABY/build/bin/embeddings.txt -o /home/kamil/pffrocd -s 80 -x 0"', 'User time (seconds)': '13.15', 'System time (seconds)': '4.84', 'Percent of CPU this job got': '116%', 'Elapsed (wall clock) time (h:mm:ss or m:ss)': '0:15.44', 'Average shared text size (kbytes)': '0', 'Average unshared data size (kbytes)': '0', 'Average stack size (kbytes)': '0', 'Average total size (kbytes)': '0', 'Maximum resident set size (kbytes)': '139220', 'Average resident set size (kbytes)': '0', 'Major (requiring I/O) page faults': '0', 'Minor (reclaiming a frame) page faults': '60467', 'Voluntary context switches': '64525', 'Involuntary context switches': '14516', 'Swaps': '0', 'File system inputs': '344', 'File system outputs': '0', 'Socket messages sent': '0', 'Socket messages received': '0', 'Signals delivered': '0', 'Page size (bytes)': '4096', 'Exit status': '0'}
2023-09-14 08:37:30,039 - INFO - Running powertop to gather energy consumption data...
