2023-08-07 00:17:45,279 - DEBUG - pffrocd config: {
    "client": {
        "ip_address": "192.168.1.95",
        "username": "dietpi",
        "private_ssh_key_path": "/home/kamil/.ssh/id_thesis",
        "executable_path": "/home/dietpi/pffrocd/ABY/build/bin",
        "executable_name": "cos_dist_float_scen_simd",
        "pffrocd_path": "/home/dietpi/pffrocd"
    },
    "server": {
        "ip_address": "192.168.1.66",
        "username": "dietpi",
        "private_ssh_key_path": "/home/kamil/.ssh/id_thesis",
        "executable_path": "/home/dietpi/pffrocd/ABY/build/bin",
        "executable_name": "cos_dist_float_scen_simd",
        "pffrocd_path": "/home/dietpi/pffrocd"
    },
    "misc": {
        "test_mode": "True"
    }
}
2023-08-07 00:17:45,474 - INFO - RUNNING IN TEST MODE: only using one person
2023-08-07 00:17:45,474 - INFO - Currently running for lfw/Aaron_Peirsol (0/1)
2023-08-07 00:17:45,474 - DEBUG - Found 4 images for lfw/Aaron_Peirsol
2023-08-07 00:17:45,475 - DEBUG - setting image as reference image: lfw/Aaron_Peirsol/Aaron_Peirsol_0001.jpg
2023-08-07 00:17:47,534 - DEBUG - Running test for lfw/Aaron_Peirsol/Aaron_Peirsol_0002.jpg
2023-08-07 00:18:39,554 - DEBUG - Embedding extracted by the server in 47.664472818374634 seconds
2023-08-07 00:18:41,684 - DEBUG - Running sfe...
