2023-08-06 22:01:08,726 - DEBUG - pffrocd config: {
    "client": {
        "ip_address": "192.168.1.95",
        "username": "dietpi",
        "private_ssh_key_path": "/home/kamil/.ssh/id_thesis",
        "executable_path": "/home/dietpi/pffrocd/ABY/build/bin",
        "executable_name": "cos_dist_float_scen_simd",
        "pffrocd_path": "/home/dietpi/pffrocd"
    },
    "server": {
        "ip_address": "192.168.1.66",
        "username": "dietpi",
        "private_ssh_key_path": "/home/kamil/.ssh/id_thesis",
        "executable_path": "/home/dietpi/pffrocd/ABY/build/bin",
        "executable_name": "cos_dist_float_scen_simd",
        "pffrocd_path": "/home/dietpi/pffrocd"
    },
    "misc": {
        "test_mode": "True"
    }
}
2023-08-06 22:01:08,908 - INFO - RUNNING IN TEST MODE: only using one person
2023-08-06 22:01:08,908 - INFO - Currently running for lfw/Aaron_Peirsol (0/1)
2023-08-06 22:01:08,909 - DEBUG - Found 4 images for lfw/Aaron_Peirsol
2023-08-06 22:01:08,909 - DEBUG - setting image as reference image: lfw/Aaron_Peirsol/Aaron_Peirsol_0001.jpg
2023-08-06 22:01:11,379 - DEBUG - Running test for lfw/Aaron_Peirsol/Aaron_Peirsol_0002.jpg
2023-08-06 22:01:33,838 - DEBUG - Embedding extracted by the server in 19.12345576286316 seconds
2023-08-06 22:01:34,523 - DEBUG - Running sfe...
2023-08-06 22:01:35,025 - DEBUG - sfe done
2023-08-06 22:01:35,026 - DEBUG - stdout1='INPUT FILE NAME: embeddings.txt'
2023-08-06 22:01:35,026 - DEBUG - stderr1=''
2023-08-06 22:01:35,026 - DEBUG - stdout2='INPUT FILE NAME: embeddings.txt'
2023-08-06 22:01:35,026 - DEBUG - stderr2=''
2023-08-06 22:01:35,026 - DEBUG - Running test for lfw/Aaron_Peirsol/Aaron_Peirsol_0003.jpg
