2023-08-07 00:28:58,478 - DEBUG - pffrocd config: {
    "client": {
        "ip_address": "192.168.1.95",
        "username": "dietpi",
        "private_ssh_key_path": "/home/kamil/.ssh/id_thesis",
        "executable_path": "/home/dietpi/pffrocd/ABY/build/bin",
        "executable_name": "cos_dist_float_scen_simd",
        "pffrocd_path": "/home/dietpi/pffrocd"
    },
    "server": {
        "ip_address": "192.168.1.66",
        "username": "dietpi",
        "private_ssh_key_path": "/home/kamil/.ssh/id_thesis",
        "executable_path": "/home/dietpi/pffrocd/ABY/build/bin",
        "executable_name": "cos_dist_float_scen_simd",
        "pffrocd_path": "/home/dietpi/pffrocd"
    },
    "misc": {
        "test_mode": "True"
    }
}
2023-08-07 00:28:58,567 - INFO - RUNNING IN TEST MODE: only using one person
2023-08-07 00:28:58,567 - INFO - Currently running for lfw/Aaron_Peirsol (0/1)
2023-08-07 00:28:58,567 - DEBUG - Found 4 images for lfw/Aaron_Peirsol
2023-08-07 00:28:58,567 - DEBUG - setting image as reference image: lfw/Aaron_Peirsol/Aaron_Peirsol_0001.jpg
2023-08-07 00:29:00,729 - DEBUG - Running test for lfw/Aaron_Peirsol/Aaron_Peirsol_0002.jpg
2023-08-07 00:29:32,018 - DEBUG - Embedding extracted by the server in 27.450823307037354 seconds
2023-08-07 00:29:34,886 - DEBUG - Running sfe...
