2023-08-11 17:44:02,965 - DEBUG - pffrocd config: {
    "client": {
        "ip_address": "10.0.0.167",
        "username": "dietpi",
        "private_ssh_key_path": "/home/kamil/.ssh/id_thesis",
        "executable_path": "/home/dietpi/pffrocd/ABY/build/bin",
        "executable_name": "cos_dist_float_scen_simd",
        "pffrocd_path": "/home/dietpi/pffrocd"
    },
    "server": {
        "ip_address": "10.0.0.154",
        "username": "dietpi",
        "private_ssh_key_path": "/home/kamil/.ssh/id_thesis",
        "executable_path": "/home/dietpi/pffrocd/ABY/build/bin",
        "executable_name": "cos_dist_float_scen_simd",
        "pffrocd_path": "/home/dietpi/pffrocd"
    },
    "misc": {
        "nr_of_people": "1",
        "security_level": "112",
        "mt_algorithm": "1",
        "niceness": "-20"
    }
}
2023-08-11 17:44:03,774 - INFO - RUNNING for 1 people
2023-08-11 17:44:03,774 - INFO - Currently running for lfw/Aaron_Peirsol (1/1)
2023-08-11 17:44:03,775 - DEBUG - Found 4 images for lfw/Aaron_Peirsol
2023-08-11 17:44:03,775 - DEBUG - setting image as reference image: lfw/Aaron_Peirsol/Aaron_Peirsol_0001.jpg
2023-08-11 17:44:07,743 - DEBUG - Running test for lfw/Aaron_Peirsol/Aaron_Peirsol_0002.jpg
2023-08-11 17:44:27,614 - DEBUG - Embedding extracted by the server in 16.767618656158447 seconds
2023-08-11 17:44:28,914 - DEBUG - Running sfe...
