2023-08-10 11:40:34,128 - DEBUG - pffrocd config: {
    "client": {
        "ip_address": "192.168.50.55",
        "username": "dietpi",
        "private_ssh_key_path": "/home/kamil/.ssh/id_thesis",
        "executable_path": "/home/dietpi/pffrocd/ABY/build/bin",
        "executable_name": "cos_dist_float_scen_simd",
        "pffrocd_path": "/home/dietpi/pffrocd"
    },
    "server": {
        "ip_address": "192.168.50.190",
        "username": "dietpi",
        "private_ssh_key_path": "/home/kamil/.ssh/id_thesis",
        "executable_path": "/home/dietpi/pffrocd/ABY/build/bin",
        "executable_name": "cos_dist_float_scen_simd",
        "pffrocd_path": "/home/dietpi/pffrocd"
    },
    "misc": {
        "test_mode": "True",
        "security_level": "80",
        "mt_algorithm": "1"
    }
}
2023-08-10 11:40:34,219 - INFO - RUNNING IN TEST MODE: only using one person
2023-08-10 11:40:34,219 - INFO - Currently running for lfw/Aaron_Peirsol (0/1)
2023-08-10 11:40:34,219 - DEBUG - Found 4 images for lfw/Aaron_Peirsol
2023-08-10 11:40:34,219 - DEBUG - setting image as reference image: lfw/Aaron_Peirsol/Aaron_Peirsol_0001.jpg
2023-08-10 11:40:36,668 - DEBUG - Running test for lfw/Aaron_Peirsol/Aaron_Peirsol_0002.jpg
2023-08-10 11:40:54,699 - DEBUG - Embedding extracted by the server in 14.873279094696045 seconds
2023-08-10 11:40:56,882 - DEBUG - Running sfe...
2023-08-10 11:42:37,512 - INFO - Finished! Total sfe time: 100.6307544708252 seconds
2023-08-10 11:42:37,514 - DEBUG - Host 192.168.50.55: exit code 0, output ['SEC LEVEL: 80', 'MT_ALG: 1', 'INPUT FILE NAME: /home/dietpi/pffrocd/ABY/build/bin/embeddings.txt', 'starting reading x and y', 'finished reading x and y', 'starting reading z', 'finished reading z', 'CIRCUIT DIRECTORY: /home/dietpi/pffrocd/ABY/bin/circ/', 'party created', 'circuit retrieved', 'here 1', 'here 1', 'here 1', 'here 1', 'verification values computed', 'assigning ingates', 'finished assigning ingates', 'multiplied', 'finished computing x dot y', 'multiplied', 'finished computing norm(x)', 'multiplied', 'finished computing norm(y)', 'finished computing cos dist', 'Online time is distributed as follows: ', 'Bool: local gates: 2063.3450000000, interactive gates: 2391.9110000000, layer finish: 1749.8470000000', 'Yao: local gates: 29.7800000000, interactive gates: 20.7920000000, layer finish: 9.4740000000', 'Yao Rev: local gates: 22.0610000000, interactive gates: 18.2050000000, layer finish: 7.8190000000', 'Arith: local gates: 26.3290000000, interactive gates: 19.7270000000, layer finish: 27.2630000000', 'SPLUT: local gates: 23.9690000000, interactive gates: 20.2110000000, layer finish: 153.2380000000', 'Communication: 40942.4729999998', '', 'Complexities: ', 'Boolean Sharing: ANDs: 5971636 (1-bit) ; Depth: 10918', 'Total Vec AND: 5971636', 'Total Non-Vec AND: 5971636', 'XOR vals: 5892966 gates: 1383450', 'Comb gates: 0, CombStruct gates: 0, Perm gates: 0, Subset gates: 24576, Split gates: 0', 'Yao: ANDs: 0 ; Depth: 0', 'Reverse Yao: ANDs: 0 ; Depth: 0', 'Arithmetic Sharing: MULs: 0 ; Depth: 0', 'SP-LUT Sharing: OT-gates: Total OT gates = 0; Depth: 1', 'Total number of gates: 3163722 Total depth: 10918', 'Timings: ', 'Total =\t\t86352.0600000000 ms', 'Init =\t\t0.3820000000 ms', 'CircuitGen =\t0.2970000000 ms', 'Network =\t125.6030000000 ms', 'BaseOTs =\t208.0960000000 ms', 'Setup =\t\t38759.9020000000 ms', 'OTExtension =\t38695.9130000000 ms', 'Garbling =\t0.0080000000 ms', 'Online =\t47592.1500000000 ms', '', 'Communication: ', 'Total Sent / Rcv\t62191424  bytes / 62192448 bytes', 'BaseOTs Sent / Rcv\t10834  bytes / 10834 bytes', 'Setup Sent / Rcv\t60591291  bytes / 60591300 bytes', 'OTExtension Sent / Rcv\t60591291  bytes / 60591291 bytes', 'Garbling Sent / Rcv\t0  bytes / 0 bytes', 'Online Sent / Rcv\t1600133  bytes / 1601148 bytes', '', 'cos_dist_ver: 0.2064672729', 'cos_dist: 0.2064672729'], error []
2023-08-10 11:42:37,514 - DEBUG - Host 192.168.50.190: exit code 0, output ['SEC LEVEL: 80', 'MT_ALG: 1', 'INPUT FILE NAME: /home/dietpi/pffrocd/ABY/build/bin/embeddings.txt', 'starting reading x and y', 'finished reading x and y', 'starting reading z', 'finished reading z', 'CIRCUIT DIRECTORY: /home/dietpi/pffrocd/ABY/bin/circ/', 'party created', 'circuit retrieved', 'here 1', 'here 1', 'here 1', 'here 1', 'verification values computed', 'assigning ingates', 'finished assigning ingates', 'multiplied', 'finished computing x dot y', 'multiplied', 'finished computing norm(x)', 'multiplied', 'finished computing norm(y)', 'finished computing cos dist', 'Online time is distributed as follows: ', 'Bool: local gates: 2068.7930000000, interactive gates: 2391.4260000000, layer finish: 1743.0990000000', 'Yao: local gates: 25.8960000000, interactive gates: 20.1760000000, layer finish: 10.0330000000', 'Yao Rev: local gates: 23.9310000000, interactive gates: 19.1940000000, layer finish: 7.6010000000', 'Arith: local gates: 28.2910000000, interactive gates: 20.1380000000, layer finish: 23.4340000000', 'SPLUT: local gates: 24.4210000000, interactive gates: 21.1830000000, layer finish: 152.4300000000', 'Communication: 40957.8350000000', '', 'Complexities: ', 'Boolean Sharing: ANDs: 5971636 (1-bit) ; Depth: 10918', 'Total Vec AND: 5971636', 'Total Non-Vec AND: 5971636', 'XOR vals: 5892966 gates: 1383450', 'Comb gates: 0, CombStruct gates: 0, Perm gates: 0, Subset gates: 24576, Split gates: 0', 'Yao: ANDs: 0 ; Depth: 0', 'Reverse Yao: ANDs: 0 ; Depth: 0', 'Arithmetic Sharing: MULs: 0 ; Depth: 0', 'SP-LUT Sharing: OT-gates: Total OT gates = 0; Depth: 1', 'Total number of gates: 3163722 Total depth: 10918', 'Timings: ', 'Total =\t\t86362.3580000000 ms', 'Init =\t\t0.3920000000 ms', 'CircuitGen =\t0.3010000000 ms', 'Network =\t20.9200000000 ms', 'BaseOTs =\t205.6080000000 ms', 'Setup =\t\t38761.0330000000 ms', 'OTExtension =\t38699.4250000000 ms', 'Garbling =\t0.0080000000 ms', 'Online =\t47601.3160000000 ms', '', 'Communication: ', 'Total Sent / Rcv\t62192448  bytes / 62191424 bytes', 'BaseOTs Sent / Rcv\t10834  bytes / 10834 bytes', 'Setup Sent / Rcv\t60591291  bytes / 60591291 bytes', 'OTExtension Sent / Rcv\t60591273  bytes / 60591291 bytes', 'Garbling Sent / Rcv\t0  bytes / 0 bytes', 'Online Sent / Rcv\t1601157  bytes / 1600133 bytes', '', 'cos_dist_ver: 0.2064672729', 'cos_dist: 0.2064672729'], error []
2023-08-10 11:42:37,515 - DEBUG - Running test for lfw/Aaron_Peirsol/Aaron_Peirsol_0003.jpg
2023-08-10 11:42:55,428 - DEBUG - Embedding extracted by the server in 14.889583826065063 seconds
2023-08-10 11:42:57,625 - DEBUG - Running sfe...
