2023-09-09 17:55:22,714 - DEBUG - pffrocd config: {
    "client": {
        "ip_address": "192.168.5.114",
        "username": "dietpi",
        "private_ssh_key_path": "/home/dietpi/.ssh/id_rsa",
        "executable_path": "/home/dietpi/pffrocd/ABY/build/bin",
        "executable_name": "cos_dist_float_scen_simd",
        "pffrocd_path": "/home/dietpi/pffrocd"
    },
    "server": {
        "ip_address": "192.168.5.112",
        "username": "kamil",
        "private_ssh_key_path": "/home/dietpi/.ssh/id_rsa",
        "executable_path": "/home/kamil/pffrocd/ABY/build/bin",
        "executable_name": "cos_dist_float_scen_simd",
        "pffrocd_path": "/home/kamil/pffrocd"
    },
    "misc": {
        "nr_of_people": "1500",
        "security_level": "112",
        "mt_algorithm": "0",
        "niceness": "-20",
        "starting_person": "20",
        "bit_length": "32"
    }
}
2023-09-09 17:55:23,279 - INFO - RUNNING for 1480 people
2023-09-09 17:55:23,281 - INFO - Currently running for lfw/Ahmet_Necdet_Sezer (1/1480)
2023-09-09 17:55:23,282 - DEBUG - Found 2 images for lfw/Ahmet_Necdet_Sezer
2023-09-09 17:55:23,282 - DEBUG - setting image as reference image: lfw/Ahmet_Necdet_Sezer/Ahmet_Necdet_Sezer_0001.jpg
2023-09-09 17:55:31,537 - INFO - Running test for lfw/Ahmet_Necdet_Sezer/Ahmet_Necdet_Sezer_0002.jpg
2023-09-09 17:55:36,091 - DEBUG - Stdout of extracting embedding: 1.912245273590088
2023-09-09 17:55:36,092 - DEBUG - Stderr of extracting embedding: 
2023-09-09 17:55:36,093 - INFO - Embedding extracted by the server in 1.912245273590088 seconds
2023-09-09 17:55:42,446 - INFO - Running sfe...
