2023-08-18 11:50:48,902 - DEBUG - pffrocd config: {
    "client": {
        "ip_address": "192.168.1.107",
        "username": "kamil",
        "private_ssh_key_path": "/home/kamil/.ssh/id_rsa",
        "executable_path": "/home/kamil/pffrocd/ABY/build/bin",
        "executable_name": "cos_dist_float_scen_simd",
        "pffrocd_path": "/home/kamil/pffrocd"
    },
    "server": {
        "ip_address": "192.168.1.103",
        "username": "kamil",
        "private_ssh_key_path": "/home/kamil/.ssh/id_rsa",
        "executable_path": "/home/kamil/pffrocd/ABY/build/bin",
        "executable_name": "cos_dist_float_scen_simd",
        "pffrocd_path": "/home/kamil/pffrocd"
    },
    "misc": {
        "nr_of_people": "1000",
        "security_level": "112",
        "mt_algorithm": "0",
        "niceness": "-20",
        "starting_person": "1"
    }
}
2023-08-18 11:50:49,547 - INFO - RUNNING for 999 people
2023-08-18 11:50:49,547 - INFO - Currently running for lfw/Aaron_Sorkin (1/999)
2023-08-18 11:50:49,548 - DEBUG - Found 2 images for lfw/Aaron_Sorkin
2023-08-18 11:50:49,548 - DEBUG - setting image as reference image: lfw/Aaron_Sorkin/Aaron_Sorkin_0001.jpg
2023-08-18 11:50:53,561 - DEBUG - Running test for lfw/Aaron_Sorkin/Aaron_Sorkin_0002.jpg
2023-08-18 11:50:57,139 - DEBUG - Stdout of extracting embedding: 1.9284489154815674
2023-08-18 11:50:57,140 - DEBUG - Stderr of extracting embedding: 
2023-08-18 11:50:57,140 - DEBUG - Embedding extracted by the server in 1.9284489154815674 seconds
2023-08-18 11:51:00,103 - DEBUG - Running sfe...
2023-08-18 11:51:11,853 - INFO - Finished! Total sfe time: 11.750082015991211 seconds (1/2)
2023-08-18 11:51:11,854 - DEBUG - Host 192.168.1.107: exit code 0, output ['Online time is distributed as follows: ', 'Bool: local gates: 272.3540000000, interactive gates: 325.1290000000, layer finish: 264.0080000000', 'Yao: local gates: 6.5830000000, interactive gates: 5.5210000000, layer finish: 2.8210000000', 'Yao Rev: local gates: 5.3940000000, interactive gates: 4.3520000000, layer finish: 2.9600000000', 'Arith: local gates: 6.6280000000, interactive gates: 5.0220000000, layer finish: 6.7020000000', 'SPLUT: local gates: 5.5860000000, interactive gates: 5.3960000000, layer finish: 28.8240000000', 'Communication: 2076.8580000000', '', 'Complexities: ', 'Boolean Sharing: ANDs: 5971636 (1-bit) ; Depth: 10918', 'Total Vec AND: 5971636', 'Total Non-Vec AND: 5971636', 'XOR vals: 5892966 gates: 1383450', 'Comb gates: 0, CombStruct gates: 0, Perm gates: 0, Subset gates: 24576, Split gates: 0', 'Yao: ANDs: 0 ; Depth: 0', 'Reverse Yao: ANDs: 0 ; Depth: 0', 'Arithmetic Sharing: MULs: 0 ; Depth: 0', 'SP-LUT Sharing: OT-gates: Total OT gates = 0; Depth: 1', 'Total number of gates: 3163722 Total depth: 10918', 'Timings: ', 'Total =\t\t5094.7350000000 ms', 'Init =\t\t0.0570000000 ms', 'CircuitGen =\t0.0900000000 ms', 'Network =\t4361.5450000000 ms', 'BaseOTs =\t117.0880000000 ms', 'Setup =\t\t2048.0160000000 ms', 'OTExtension =\t2039.5590000000 ms', 'Garbling =\t0.0030000000 ms', 'Online =\t3046.7170000000 ms', '', 'Communication: ', 'Total Sent / Rcv\t86427447  bytes / 86428462 bytes', 'BaseOTs Sent / Rcv\t29211  bytes / 29220 bytes', 'Setup Sent / Rcv\t84827314  bytes / 84838418 bytes', 'OTExtension Sent / Rcv\t84827305  bytes / 84827305 bytes', 'Garbling Sent / Rcv\t0  bytes / 0 bytes', 'Online Sent / Rcv\t1600133  bytes / 1590044 bytes', '', 'cos_dist_ver: 0.3933945708', 'cos_dist: 0.3933945708'], error []
2023-08-18 11:51:11,855 - DEBUG - Host 192.168.1.103: exit code 0, output ['Online time is distributed as follows: ', 'Bool: local gates: 281.0010000000, interactive gates: 407.9270000000, layer finish: 130.6760000000', 'Yao: local gates: 7.8380000000, interactive gates: 7.1400000000, layer finish: 1.1210000000', 'Yao Rev: local gates: 7.0980000000, interactive gates: 7.4520000000, layer finish: 1.0740000000', 'Arith: local gates: 7.4860000000, interactive gates: 7.2350000000, layer finish: 2.7010000000', 'SPLUT: local gates: 7.3660000000, interactive gates: 7.0950000000, layer finish: 32.1370000000', 'Communication: 2120.8650000000', '', 'Complexities: ', 'Boolean Sharing: ANDs: 5971636 (1-bit) ; Depth: 10918', 'Total Vec AND: 5971636', 'Total Non-Vec AND: 5971636', 'XOR vals: 5892966 gates: 1383450', 'Comb gates: 0, CombStruct gates: 0, Perm gates: 0, Subset gates: 24576, Split gates: 0', 'Yao: ANDs: 0 ; Depth: 0', 'Reverse Yao: ANDs: 0 ; Depth: 0', 'Arithmetic Sharing: MULs: 0 ; Depth: 0', 'SP-LUT Sharing: OT-gates: Total OT gates = 0; Depth: 1', 'Total number of gates: 3163722 Total depth: 10918', 'Timings: ', 'Total =\t\t5091.0730000000 ms', 'Init =\t\t0.1200000000 ms', 'CircuitGen =\t0.2580000000 ms', 'Network =\t4.6330000000 ms', 'BaseOTs =\t117.2410000000 ms', 'Setup =\t\t2045.5700000000 ms', 'OTExtension =\t2031.5500000000 ms', 'Garbling =\t0.0030000000 ms', 'Online =\t3045.4990000000 ms', '', 'Communication: ', 'Total Sent / Rcv\t86428462  bytes / 86427438 bytes', 'BaseOTs Sent / Rcv\t29220  bytes / 29220 bytes', 'Setup Sent / Rcv\t84827305  bytes / 84827305 bytes', 'OTExtension Sent / Rcv\t84827305  bytes / 84827305 bytes', 'Garbling Sent / Rcv\t0  bytes / 0 bytes', 'Online Sent / Rcv\t1601157  bytes / 1600133 bytes', '', 'cos_dist_ver: 0.3933945708', 'cos_dist: 0.3933945708'], error []
2023-08-18 11:51:11,856 - DEBUG - Running test for lfw/Carly_Fiorina/Carly_Fiorina_0001.jpg
2023-08-18 11:51:15,463 - DEBUG - Stdout of extracting embedding: 1.9290635585784912
2023-08-18 11:51:15,464 - DEBUG - Stderr of extracting embedding: 
2023-08-18 11:51:15,464 - DEBUG - Embedding extracted by the server in 1.9290635585784912 seconds
2023-08-18 11:51:18,418 - DEBUG - Running sfe...
2023-08-18 11:51:30,230 - INFO - Finished! Total sfe time: 11.811592817306519 seconds (2/2)
2023-08-18 11:51:30,231 - DEBUG - Host 192.168.1.107: exit code 0, output ['Online time is distributed as follows: ', 'Bool: local gates: 269.1190000000, interactive gates: 320.8160000000, layer finish: 259.4640000000', 'Yao: local gates: 6.1510000000, interactive gates: 5.0280000000, layer finish: 3.2150000000', 'Yao Rev: local gates: 5.0960000000, interactive gates: 4.5860000000, layer finish: 3.0940000000', 'Arith: local gates: 5.8260000000, interactive gates: 4.6120000000, layer finish: 6.8800000000', 'SPLUT: local gates: 5.2000000000, interactive gates: 4.9940000000, layer finish: 29.7600000000', 'Communication: 2189.9410000000', '', 'Complexities: ', 'Boolean Sharing: ANDs: 5971636 (1-bit) ; Depth: 10918', 'Total Vec AND: 5971636', 'Total Non-Vec AND: 5971636', 'XOR vals: 5892966 gates: 1383450', 'Comb gates: 0, CombStruct gates: 0, Perm gates: 0, Subset gates: 24576, Split gates: 0', 'Yao: ANDs: 0 ; Depth: 0', 'Reverse Yao: ANDs: 0 ; Depth: 0', 'Arithmetic Sharing: MULs: 0 ; Depth: 0', 'SP-LUT Sharing: OT-gates: Total OT gates = 0; Depth: 1', 'Total number of gates: 3163722 Total depth: 10918', 'Timings: ', 'Total =\t\t5149.1950000000 ms', 'Init =\t\t0.0630000000 ms', 'CircuitGen =\t0.0680000000 ms', 'Network =\t4383.2190000000 ms', 'BaseOTs =\t104.9860000000 ms', 'Setup =\t\t2003.7490000000 ms', 'OTExtension =\t1987.7330000000 ms', 'Garbling =\t0.0030000000 ms', 'Online =\t3145.4420000000 ms', '', 'Communication: ', 'Total Sent / Rcv\t86427438  bytes / 86428462 bytes', 'BaseOTs Sent / Rcv\t29220  bytes / 29220 bytes', 'Setup Sent / Rcv\t84827305  bytes / 84838418 bytes', 'OTExtension Sent / Rcv\t84827305  bytes / 84827305 bytes', 'Garbling Sent / Rcv\t0  bytes / 0 bytes', 'Online Sent / Rcv\t1600133  bytes / 1590044 bytes', '', 'cos_dist_ver: 0.7391359000', 'cos_dist: 0.7391359000'], error []
2023-08-18 11:51:30,231 - DEBUG - Host 192.168.1.103: exit code 0, output ['Online time is distributed as follows: ', 'Bool: local gates: 346.2380000000, interactive gates: 506.0500000000, layer finish: 177.0940000000', 'Yao: local gates: 8.9500000000, interactive gates: 7.9310000000, layer finish: 1.3990000000', 'Yao Rev: local gates: 8.0010000000, interactive gates: 8.0420000000, layer finish: 1.1840000000', 'Arith: local gates: 8.3370000000, interactive gates: 7.9530000000, layer finish: 3.1900000000', 'SPLUT: local gates: 8.1370000000, interactive gates: 7.8360000000, layer finish: 39.1560000000', 'Communication: 1993.6130000000', '', 'Complexities: ', 'Boolean Sharing: ANDs: 5971636 (1-bit) ; Depth: 10918', 'Total Vec AND: 5971636', 'Total Non-Vec AND: 5971636', 'XOR vals: 5892966 gates: 1383450', 'Comb gates: 0, CombStruct gates: 0, Perm gates: 0, Subset gates: 24576, Split gates: 0', 'Yao: ANDs: 0 ; Depth: 0', 'Reverse Yao: ANDs: 0 ; Depth: 0', 'Arithmetic Sharing: MULs: 0 ; Depth: 0', 'SP-LUT Sharing: OT-gates: Total OT gates = 0; Depth: 1', 'Total number of gates: 3163722 Total depth: 10918', 'Timings: ', 'Total =\t\t5146.0780000000 ms', 'Init =\t\t0.1220000000 ms', 'CircuitGen =\t0.2300000000 ms', 'Network =\t6.3710000000 ms', 'BaseOTs =\t106.2580000000 ms', 'Setup =\t\t2001.8560000000 ms', 'OTExtension =\t1997.1550000000 ms', 'Garbling =\t0.0030000000 ms', 'Online =\t3144.2180000000 ms', '', 'Communication: ', 'Total Sent / Rcv\t86428462  bytes / 86427438 bytes', 'BaseOTs Sent / Rcv\t29220  bytes / 29220 bytes', 'Setup Sent / Rcv\t84827305  bytes / 84827305 bytes', 'OTExtension Sent / Rcv\t84827305  bytes / 84827305 bytes', 'Garbling Sent / Rcv\t0  bytes / 0 bytes', 'Online Sent / Rcv\t1601157  bytes / 1600133 bytes', '', 'cos_dist_ver: 0.7391359000', 'cos_dist: 0.7391359000'], error []
2023-08-18 11:51:30,249 - INFO - Currently running for lfw/Abdel_Nasser_Assidi (2/999)
2023-08-18 11:51:30,250 - DEBUG - Found 2 images for lfw/Abdel_Nasser_Assidi
2023-08-18 11:51:30,250 - DEBUG - setting image as reference image: lfw/Abdel_Nasser_Assidi/Abdel_Nasser_Assidi_0001.jpg
2023-08-18 11:51:33,303 - DEBUG - Running test for lfw/Abdel_Nasser_Assidi/Abdel_Nasser_Assidi_0002.jpg
2023-08-18 11:51:36,902 - DEBUG - Stdout of extracting embedding: 1.9326353073120117
2023-08-18 11:51:36,903 - DEBUG - Stderr of extracting embedding: 
2023-08-18 11:51:36,903 - DEBUG - Embedding extracted by the server in 1.9326353073120117 seconds
2023-08-18 11:51:39,880 - DEBUG - Running sfe...
2023-08-18 11:51:51,486 - INFO - Finished! Total sfe time: 11.605565547943115 seconds (1/2)
2023-08-18 11:51:51,488 - DEBUG - Host 192.168.1.107: exit code 0, output ['Online time is distributed as follows: ', 'Bool: local gates: 276.7110000000, interactive gates: 327.9720000000, layer finish: 267.8060000000', 'Yao: local gates: 6.1650000000, interactive gates: 5.2730000000, layer finish: 3.3220000000', 'Yao Rev: local gates: 5.5410000000, interactive gates: 4.5310000000, layer finish: 3.0010000000', 'Arith: local gates: 6.9520000000, interactive gates: 4.7960000000, layer finish: 7.3940000000', 'SPLUT: local gates: 5.5590000000, interactive gates: 5.3210000000, layer finish: 29.9550000000', 'Communication: 2109.8200000000', '', 'Complexities: ', 'Boolean Sharing: ANDs: 5971636 (1-bit) ; Depth: 10918', 'Total Vec AND: 5971636', 'Total Non-Vec AND: 5971636', 'XOR vals: 5892966 gates: 1383450', 'Comb gates: 0, CombStruct gates: 0, Perm gates: 0, Subset gates: 24576, Split gates: 0', 'Yao: ANDs: 0 ; Depth: 0', 'Reverse Yao: ANDs: 0 ; Depth: 0', 'Arithmetic Sharing: MULs: 0 ; Depth: 0', 'SP-LUT Sharing: OT-gates: Total OT gates = 0; Depth: 1', 'Total number of gates: 3163722 Total depth: 10918', 'Timings: ', 'Total =\t\t4938.0480000000 ms', 'Init =\t\t0.0490000000 ms', 'CircuitGen =\t0.0600000000 ms', 'Network =\t4376.5840000000 ms', 'BaseOTs =\t106.0010000000 ms', 'Setup =\t\t1847.0380000000 ms', 'OTExtension =\t1831.0570000000 ms', 'Garbling =\t0.0030000000 ms', 'Online =\t3091.0070000000 ms', '', 'Communication: ', 'Total Sent / Rcv\t86427438  bytes / 86428462 bytes', 'BaseOTs Sent / Rcv\t29220  bytes / 29220 bytes', 'Setup Sent / Rcv\t84827305  bytes / 84838418 bytes', 'OTExtension Sent / Rcv\t84827305  bytes / 84827305 bytes', 'Garbling Sent / Rcv\t0  bytes / 0 bytes', 'Online Sent / Rcv\t1600133  bytes / 1590044 bytes', '', 'cos_dist_ver: 0.2610903854', 'cos_dist: 0.2610903854'], error []
2023-08-18 11:51:51,489 - DEBUG - Host 192.168.1.103: exit code 0, output ['Online time is distributed as follows: ', 'Bool: local gates: 266.6860000000, interactive gates: 384.5840000000, layer finish: 125.0860000000', 'Yao: local gates: 7.5100000000, interactive gates: 7.1960000000, layer finish: 1.1880000000', 'Yao Rev: local gates: 7.1350000000, interactive gates: 6.9350000000, layer finish: 1.0550000000', 'Arith: local gates: 7.2000000000, interactive gates: 7.0140000000, layer finish: 2.7760000000', 'SPLUT: local gates: 7.2250000000, interactive gates: 6.8490000000, layer finish: 31.1780000000', 'Communication: 2210.9090000000', '', 'Complexities: ', 'Boolean Sharing: ANDs: 5971636 (1-bit) ; Depth: 10918', 'Total Vec AND: 5971636', 'Total Non-Vec AND: 5971636', 'XOR vals: 5892966 gates: 1383450', 'Comb gates: 0, CombStruct gates: 0, Perm gates: 0, Subset gates: 24576, Split gates: 0', 'Yao: ANDs: 0 ; Depth: 0', 'Reverse Yao: ANDs: 0 ; Depth: 0', 'Arithmetic Sharing: MULs: 0 ; Depth: 0', 'SP-LUT Sharing: OT-gates: Total OT gates = 0; Depth: 1', 'Total number of gates: 3163722 Total depth: 10918', 'Timings: ', 'Total =\t\t4935.5030000000 ms', 'Init =\t\t0.1190000000 ms', 'CircuitGen =\t0.2190000000 ms', 'Network =\t11.2840000000 ms', 'BaseOTs =\t105.6550000000 ms', 'Setup =\t\t1845.4360000000 ms', 'OTExtension =\t1840.6030000000 ms', 'Garbling =\t0.0030000000 ms', 'Online =\t3090.0640000000 ms', '', 'Communication: ', 'Total Sent / Rcv\t86428462  bytes / 86427438 bytes', 'BaseOTs Sent / Rcv\t29220  bytes / 29220 bytes', 'Setup Sent / Rcv\t84827305  bytes / 84827305 bytes', 'OTExtension Sent / Rcv\t84827305  bytes / 84827305 bytes', 'Garbling Sent / Rcv\t0  bytes / 0 bytes', 'Online Sent / Rcv\t1601157  bytes / 1600133 bytes', '', 'cos_dist_ver: 0.2610903854', 'cos_dist: 0.2610903854'], error []
2023-08-18 11:51:51,490 - DEBUG - Running test for lfw/Gene_Sauers/Gene_Sauers_0001.jpg
2023-08-18 11:51:55,113 - DEBUG - Stdout of extracting embedding: 1.9422669410705566
2023-08-18 11:51:55,113 - DEBUG - Stderr of extracting embedding: 
2023-08-18 11:51:55,114 - DEBUG - Embedding extracted by the server in 1.9422669410705566 seconds
2023-08-18 11:51:58,506 - DEBUG - Running sfe...
2023-08-18 11:52:09,967 - INFO - Finished! Total sfe time: 11.459725141525269 seconds (2/2)
2023-08-18 11:52:09,967 - DEBUG - Host 192.168.1.107: exit code 0, output ['Online time is distributed as follows: ', 'Bool: local gates: 289.7250000000, interactive gates: 333.2850000000, layer finish: 252.3870000000', 'Yao: local gates: 5.8820000000, interactive gates: 5.2060000000, layer finish: 2.9050000000', 'Yao Rev: local gates: 5.0910000000, interactive gates: 4.9240000000, layer finish: 2.8680000000', 'Arith: local gates: 5.8510000000, interactive gates: 4.6750000000, layer finish: 7.1200000000', 'SPLUT: local gates: 5.1890000000, interactive gates: 5.4480000000, layer finish: 30.2300000000', 'Communication: 2154.0300000000', '', 'Complexities: ', 'Boolean Sharing: ANDs: 5971636 (1-bit) ; Depth: 10918', 'Total Vec AND: 5971636', 'Total Non-Vec AND: 5971636', 'XOR vals: 5892966 gates: 1383450', 'Comb gates: 0, CombStruct gates: 0, Perm gates: 0, Subset gates: 24576, Split gates: 0', 'Yao: ANDs: 0 ; Depth: 0', 'Reverse Yao: ANDs: 0 ; Depth: 0', 'Arithmetic Sharing: MULs: 0 ; Depth: 0', 'SP-LUT Sharing: OT-gates: Total OT gates = 0; Depth: 1', 'Total number of gates: 3163722 Total depth: 10918', 'Timings: ', 'Total =\t\t4876.4530000000 ms', 'Init =\t\t0.0620000000 ms', 'CircuitGen =\t0.0610000000 ms', 'Network =\t4311.4140000000 ms', 'BaseOTs =\t127.0740000000 ms', 'Setup =\t\t1739.8660000000 ms', 'OTExtension =\t1733.4220000000 ms', 'Garbling =\t0.0030000000 ms', 'Online =\t3136.5850000000 ms', '', 'Communication: ', 'Total Sent / Rcv\t86427447  bytes / 86428462 bytes', 'BaseOTs Sent / Rcv\t29211  bytes / 29220 bytes', 'Setup Sent / Rcv\t84827314  bytes / 84827305 bytes', 'OTExtension Sent / Rcv\t84827305  bytes / 84827305 bytes', 'Garbling Sent / Rcv\t0  bytes / 0 bytes', 'Online Sent / Rcv\t1600133  bytes / 1601157 bytes', '', 'cos_dist_ver: 0.9534841707', 'cos_dist: 0.9534841707'], error []
2023-08-18 11:52:09,968 - DEBUG - Host 192.168.1.103: exit code 0, output ['Online time is distributed as follows: ', 'Bool: local gates: 292.5850000000, interactive gates: 423.5960000000, layer finish: 146.1770000000', 'Yao: local gates: 7.7970000000, interactive gates: 7.4030000000, layer finish: 1.1870000000', 'Yao Rev: local gates: 7.4780000000, interactive gates: 7.3440000000, layer finish: 1.1610000000', 'Arith: local gates: 7.5810000000, interactive gates: 7.3330000000, layer finish: 3.0060000000', 'SPLUT: local gates: 7.5000000000, interactive gates: 7.2060000000, layer finish: 35.3380000000', 'Communication: 2160.6290000000', '', 'Complexities: ', 'Boolean Sharing: ANDs: 5971636 (1-bit) ; Depth: 10918', 'Total Vec AND: 5971636', 'Total Non-Vec AND: 5971636', 'XOR vals: 5892966 gates: 1383450', 'Comb gates: 0, CombStruct gates: 0, Perm gates: 0, Subset gates: 24576, Split gates: 0', 'Yao: ANDs: 0 ; Depth: 0', 'Reverse Yao: ANDs: 0 ; Depth: 0', 'Arithmetic Sharing: MULs: 0 ; Depth: 0', 'SP-LUT Sharing: OT-gates: Total OT gates = 0; Depth: 1', 'Total number of gates: 3163722 Total depth: 10918', 'Timings: ', 'Total =\t\t4872.1420000000 ms', 'Init =\t\t0.0670000000 ms', 'CircuitGen =\t0.1310000000 ms', 'Network =\t10.8580000000 ms', 'BaseOTs =\t127.9590000000 ms', 'Setup =\t\t1738.7380000000 ms', 'OTExtension =\t1733.7180000000 ms', 'Garbling =\t0.0030000000 ms', 'Online =\t3133.4000000000 ms', '', 'Communication: ', 'Total Sent / Rcv\t86428462  bytes / 86427438 bytes', 'BaseOTs Sent / Rcv\t29220  bytes / 29220 bytes', 'Setup Sent / Rcv\t84827305  bytes / 84827305 bytes', 'OTExtension Sent / Rcv\t84827305  bytes / 84827305 bytes', 'Garbling Sent / Rcv\t0  bytes / 0 bytes', 'Online Sent / Rcv\t1601157  bytes / 1600133 bytes', '', 'cos_dist_ver: 0.9534841707', 'cos_dist: 0.9534841707'], error []
2023-08-18 11:52:09,980 - INFO - Currently running for lfw/Abdoulaye_Wade (3/999)
2023-08-18 11:52:09,980 - DEBUG - Found 4 images for lfw/Abdoulaye_Wade
2023-08-18 11:52:09,980 - DEBUG - setting image as reference image: lfw/Abdoulaye_Wade/Abdoulaye_Wade_0001.jpg
2023-08-18 11:52:13,004 - DEBUG - Running test for lfw/Abdoulaye_Wade/Abdoulaye_Wade_0002.jpg
2023-08-18 11:52:16,589 - DEBUG - Stdout of extracting embedding: 1.9340872764587402
2023-08-18 11:52:16,589 - DEBUG - Stderr of extracting embedding: 
2023-08-18 11:52:16,589 - DEBUG - Embedding extracted by the server in 1.9340872764587402 seconds
2023-08-18 11:52:19,561 - DEBUG - Running sfe...
2023-08-18 11:52:31,038 - INFO - Finished! Total sfe time: 11.476232528686523 seconds (1/6)
2023-08-18 11:52:31,039 - DEBUG - Host 192.168.1.107: exit code 0, output ['Online time is distributed as follows: ', 'Bool: local gates: 272.4360000000, interactive gates: 328.9180000000, layer finish: 265.9990000000', 'Yao: local gates: 6.0310000000, interactive gates: 4.8890000000, layer finish: 3.3520000000', 'Yao Rev: local gates: 5.3510000000, interactive gates: 4.5770000000, layer finish: 2.9740000000', 'Arith: local gates: 6.2960000000, interactive gates: 4.8370000000, layer finish: 7.1600000000', 'SPLUT: local gates: 5.4370000000, interactive gates: 5.1480000000, layer finish: 28.9880000000', 'Communication: 2177.2680000000', '', 'Complexities: ', 'Boolean Sharing: ANDs: 5971636 (1-bit) ; Depth: 10918', 'Total Vec AND: 5971636', 'Total Non-Vec AND: 5971636', 'XOR vals: 5892966 gates: 1383450', 'Comb gates: 0, CombStruct gates: 0, Perm gates: 0, Subset gates: 24576, Split gates: 0', 'Yao: ANDs: 0 ; Depth: 0', 'Reverse Yao: ANDs: 0 ; Depth: 0', 'Arithmetic Sharing: MULs: 0 ; Depth: 0', 'SP-LUT Sharing: OT-gates: Total OT gates = 0; Depth: 1', 'Total number of gates: 3163722 Total depth: 10918', 'Timings: ', 'Total =\t\t4845.5380000000 ms', 'Init =\t\t0.0700000000 ms', 'CircuitGen =\t0.0610000000 ms', 'Network =\t4402.3840000000 ms', 'BaseOTs =\t92.6190000000 ms', 'Setup =\t\t1693.9570000000 ms', 'OTExtension =\t1680.1770000000 ms', 'Garbling =\t0.0030000000 ms', 'Online =\t3151.5790000000 ms', '', 'Communication: ', 'Total Sent / Rcv\t86427447  bytes / 86428462 bytes', 'BaseOTs Sent / Rcv\t29211  bytes / 29220 bytes', 'Setup Sent / Rcv\t84827314  bytes / 84827305 bytes', 'OTExtension Sent / Rcv\t84827305  bytes / 84827305 bytes', 'Garbling Sent / Rcv\t0  bytes / 0 bytes', 'Online Sent / Rcv\t1600133  bytes / 1601157 bytes', '', 'cos_dist_ver: 0.5056484073', 'cos_dist: 0.5056484073'], error []
2023-08-18 11:52:31,039 - DEBUG - Host 192.168.1.103: exit code 0, output ['Online time is distributed as follows: ', 'Bool: local gates: 303.8670000000, interactive gates: 442.1390000000, layer finish: 154.5770000000', 'Yao: local gates: 8.3400000000, interactive gates: 7.5220000000, layer finish: 1.3290000000', 'Yao Rev: local gates: 7.7560000000, interactive gates: 7.5580000000, layer finish: 1.3050000000', 'Arith: local gates: 7.9380000000, interactive gates: 7.6010000000, layer finish: 3.2650000000', 'SPLUT: local gates: 7.8870000000, interactive gates: 7.5440000000, layer finish: 37.1090000000', 'Communication: 2132.2710000001', '', 'Complexities: ', 'Boolean Sharing: ANDs: 5971636 (1-bit) ; Depth: 10918', 'Total Vec AND: 5971636', 'Total Non-Vec AND: 5971636', 'XOR vals: 5892966 gates: 1383450', 'Comb gates: 0, CombStruct gates: 0, Perm gates: 0, Subset gates: 24576, Split gates: 0', 'Yao: ANDs: 0 ; Depth: 0', 'Reverse Yao: ANDs: 0 ; Depth: 0', 'Arithmetic Sharing: MULs: 0 ; Depth: 0', 'SP-LUT Sharing: OT-gates: Total OT gates = 0; Depth: 1', 'Total number of gates: 3163722 Total depth: 10918', 'Timings: ', 'Total =\t\t4841.0700000000 ms', 'Init =\t\t0.1190000000 ms', 'CircuitGen =\t0.2930000000 ms', 'Network =\t6.6340000000 ms', 'BaseOTs =\t93.0620000000 ms', 'Setup =\t\t1692.7940000000 ms', 'OTExtension =\t1685.1940000000 ms', 'Garbling =\t0.0030000000 ms', 'Online =\t3148.2720000000 ms', '', 'Communication: ', 'Total Sent / Rcv\t86428462  bytes / 86427438 bytes', 'BaseOTs Sent / Rcv\t29220  bytes / 29220 bytes', 'Setup Sent / Rcv\t84827305  bytes / 84827305 bytes', 'OTExtension Sent / Rcv\t84827296  bytes / 84827305 bytes', 'Garbling Sent / Rcv\t0  bytes / 0 bytes', 'Online Sent / Rcv\t1601157  bytes / 1600133 bytes', '', 'cos_dist_ver: 0.5056484073', 'cos_dist: 0.5056484073'], error []
2023-08-18 11:52:31,040 - DEBUG - Running test for lfw/Abdoulaye_Wade/Abdoulaye_Wade_0003.jpg
