2023-08-06 21:38:04,297 - DEBUG - pffrocd config: {
    "client": {
        "ip_address": "192.168.1.95",
        "username": "dietpi",
        "private_ssh_key_path": "/home/kamil/.ssh/id_thesis",
        "executable_path": "/home/dietpi/pffrocd/ABY/build/bin",
        "executable_name": "cos_dist_float_scen_simd",
        "pffrocd_path": "/home/dietpi/pffrocd"
    },
    "server": {
        "ip_address": "192.168.1.66",
        "username": "dietpi",
        "private_ssh_key_path": "/home/kamil/.ssh/id_thesis",
        "executable_path": "/home/dietpi/pffrocd/ABY/build/bin",
        "executable_name": "cos_dist_float_scen_simd",
        "pffrocd_path": "/home/dietpi/pffrocd"
    },
    "misc": {
        "test_mode": "True"
    }
}
2023-08-06 21:38:04,382 - INFO - RUNNING IN TEST MODE: only using one person
2023-08-06 21:38:04,382 - INFO - Currently running for lfw/Aaron_Peirsol (0/1)
2023-08-06 21:38:04,382 - DEBUG - Found 4 images for lfw/Aaron_Peirsol
2023-08-06 21:38:04,382 - DEBUG - setting image as reference image: lfw/Aaron_Peirsol/Aaron_Peirsol_0001.jpg
2023-08-06 21:38:06,433 - DEBUG - Running test for lfw/Aaron_Peirsol/Aaron_Peirsol_0002.jpg
2023-08-06 21:38:26,863 - DEBUG - Embedding extracted by the server in 17.08865261077881 seconds
2023-08-06 21:38:27,730 - DEBUG - Running sfe...
2023-08-06 21:38:28,179 - DEBUG - sfe done
2023-08-06 21:38:28,179 - DEBUG - stdout1=''
2023-08-06 21:38:28,179 - DEBUG - stderr1=''
2023-08-06 21:38:28,179 - DEBUG - stdout2=''
2023-08-06 21:38:28,179 - DEBUG - stderr2=''
2023-08-06 21:38:28,179 - DEBUG - Running test for lfw/Aaron_Peirsol/Aaron_Peirsol_0003.jpg
2023-08-06 21:38:48,711 - DEBUG - Embedding extracted by the server in 17.343631744384766 seconds
2023-08-06 21:38:49,657 - DEBUG - Running sfe...
2023-08-06 21:38:50,290 - DEBUG - sfe done
2023-08-06 21:38:50,290 - DEBUG - stdout1=''
2023-08-06 21:38:50,290 - DEBUG - stderr1=''
2023-08-06 21:38:50,290 - DEBUG - stdout2=''
2023-08-06 21:38:50,290 - DEBUG - stderr2=''
2023-08-06 21:38:50,290 - DEBUG - Running test for lfw/Aaron_Peirsol/Aaron_Peirsol_0004.jpg
