2023-09-14 09:25:44,699 - DEBUG - pffrocd config: {
    "client": {
        "ip_address": "192.168.5.115",
        "username": "kamil",
        "private_ssh_key_path": "/home/kamil/.ssh/id_thesis",
        "executable_path": "/home/kamil/pffrocd/ABY/build/bin",
        "executable_name": "cos_dist_float_scen_simd",
        "pffrocd_path": "/home/kamil/pffrocd"
    },
    "server": {
        "ip_address": "192.168.5.114",
        "username": "kamil",
        "private_ssh_key_path": "/home/kamil/.ssh/id_thesis",
        "executable_path": "/home/kamil/pffrocd/ABY/build/bin",
        "executable_name": "cos_dist_float_scen_simd",
        "pffrocd_path": "/home/kamil/pffrocd"
    },
    "misc": {
        "nr_of_people": "1000",
        "security_level": "80",
        "mt_algorithm": "0",
        "niceness": "-20",
        "starting_person": "20",
        "nr_of_images": "30",
        "bit_length": "32",
        "gather_energy_data": "1"
    }
}
2023-09-14 09:25:44,794 - INFO - RUNNING for 980 people
2023-09-14 09:25:44,794 - INFO - Currently running for lfw/Ahmet_Necdet_Sezer (1/980)
2023-09-14 09:25:44,794 - DEBUG - Found 2 images for lfw/Ahmet_Necdet_Sezer
2023-09-14 09:25:44,794 - DEBUG - setting image as reference image: lfw/Ahmet_Necdet_Sezer/Ahmet_Necdet_Sezer_0001.jpg
2023-09-14 09:25:47,470 - INFO - Running test for lfw/Ahmet_Necdet_Sezer/Ahmet_Necdet_Sezer_0002.jpg
2023-09-14 09:26:06,398 - DEBUG - Stdout of extracting embedding: 15.747589588165283
2023-09-14 09:26:06,398 - DEBUG - Stderr of extracting embedding: 
2023-09-14 09:26:06,399 - INFO - Embedding extracted by the server in 15.747589588165283 seconds
2023-09-14 09:26:09,329 - INFO - Running sfe...
2023-09-14 09:26:26,294 - INFO - Finished! Total sfe time: 16.964686155319214 seconds (1/2)
2023-09-14 09:26:26,295 - DEBUG - Host 192.168.5.115: exit code 0, output ['Online time is distributed as follows: ', 'Bool: local gates: 432.1530000000, interactive gates: 474.1780000000, layer finish: 323.4590000000', 'Yao: local gates: 8.8320000000, interactive gates: 6.4400000000, layer finish: 3.3130000000', 'Yao Rev: local gates: 7.0040000000, interactive gates: 6.5460000000, layer finish: 2.1080000000', 'Arith: local gates: 11.0810000000, interactive gates: 7.6190000000, layer finish: 10.3370000000', 'SPLUT: local gates: 6.2070000000, interactive gates: 7.4280000000, layer finish: 47.0810000000', 'Communication: 5170.5370000000', '', 'Complexities: ', 'Boolean Sharing: ANDs: 1878982 (1-bit) ; Depth: 8080', 'Total Vec AND: 1878982', 'Total Non-Vec AND: 1878982', 'XOR vals: 1740116 gates: 596354', 'Comb gates: 0, CombStruct gates: 0, Perm gates: 0, Subset gates: 12288, Split gates: 0', 'Yao: ANDs: 0 ; Depth: 0', 'Reverse Yao: ANDs: 0 ; Depth: 0', 'Arithmetic Sharing: MULs: 0 ; Depth: 0', 'SP-LUT Sharing: OT-gates: Total OT gates = 0; Depth: 1', 'Total number of gates: 1339400 Total depth: 8080', 'Timings: ', 'Total =\t\t10636.9430000000 ms', 'Init =\t\t0.4850000000 ms', 'CircuitGen =\t0.3220000000 ms', 'Network =\t206.8980000000 ms', 'BaseOTs =\t137.0800000000 ms', 'Setup =\t\t4083.2400000000 ms', 'OTExtension =\t4061.4360000000 ms', 'Garbling =\t0.0090000000 ms', 'Online =\t6553.6970000000 ms', '', 'Communication: ', 'Total Sent / Rcv\t19986407  bytes / 19986910 bytes', 'BaseOTs Sent / Rcv\t10523  bytes / 10532 bytes', 'Setup Sent / Rcv\t19437202  bytes / 19437193 bytes', 'OTExtension Sent / Rcv\t19437193  bytes / 19437193 bytes', 'Garbling Sent / Rcv\t0  bytes / 0 bytes', 'Online Sent / Rcv\t549205  bytes / 549717 bytes', '', 'cos_dist_ver: 0.4069042802', 'cos_dist: 0.4069042802'], error ['\tCommand being timed: "/home/kamil/pffrocd/ABY/build/bin/cos_dist_float_scen_simd_32 -r 1 -a 192.168.5.114 -f /home/kamil/pffrocd/ABY/build/bin/embeddings.txt -o /home/kamil/pffrocd -s 80 -x 0"', '\tUser time (seconds): 14.06', '\tSystem time (seconds): 4.84', '\tPercent of CPU this job got: 113%', '\tElapsed (wall clock) time (h:mm:ss or m:ss): 0:16.60', '\tAverage shared text size (kbytes): 0', '\tAverage unshared data size (kbytes): 0', '\tAverage stack size (kbytes): 0', '\tAverage total size (kbytes): 0', '\tMaximum resident set size (kbytes): 139240', '\tAverage resident set size (kbytes): 0', '\tMajor (requiring I/O) page faults: 0', '\tMinor (reclaiming a frame) page faults: 60474', '\tVoluntary context switches: 67927', '\tInvoluntary context switches: 18637', '\tSwaps: 0', '\tFile system inputs: 0', '\tFile system outputs: 0', '\tSocket messages sent: 0', '\tSocket messages received: 0', '\tSignals delivered: 0', '\tPage size (bytes): 4096', '\tExit status: 0']
2023-09-14 09:26:26,296 - DEBUG - Host 192.168.5.114: exit code 0, output ['Online time is distributed as follows: ', 'Bool: local gates: 435.3180000000, interactive gates: 477.9210000000, layer finish: 331.8420000000', 'Yao: local gates: 8.2440000000, interactive gates: 6.3190000000, layer finish: 5.1890000000', 'Yao Rev: local gates: 6.3280000000, interactive gates: 5.7350000000, layer finish: 1.9470000000', 'Arith: local gates: 7.6250000000, interactive gates: 8.7320000000, layer finish: 6.7310000000', 'SPLUT: local gates: 7.7860000000, interactive gates: 6.6140000000, layer finish: 44.1110000000', 'Communication: 5165.3680000000', '', 'Complexities: ', 'Boolean Sharing: ANDs: 1878982 (1-bit) ; Depth: 8080', 'Total Vec AND: 1878982', 'Total Non-Vec AND: 1878982', 'XOR vals: 1740116 gates: 596354', 'Comb gates: 0, CombStruct gates: 0, Perm gates: 0, Subset gates: 12288, Split gates: 0', 'Yao: ANDs: 0 ; Depth: 0', 'Reverse Yao: ANDs: 0 ; Depth: 0', 'Arithmetic Sharing: MULs: 0 ; Depth: 0', 'SP-LUT Sharing: OT-gates: Total OT gates = 0; Depth: 1', 'Total number of gates: 1339400 Total depth: 8080', 'Timings: ', 'Total =\t\t10636.5190000000 ms', 'Init =\t\t0.2990000000 ms', 'CircuitGen =\t0.2720000000 ms', 'Network =\t14.3140000000 ms', 'BaseOTs =\t137.2780000000 ms', 'Setup =\t\t4082.4910000000 ms', 'OTExtension =\t4060.8090000000 ms', 'Garbling =\t0.0090000000 ms', 'Online =\t6554.0220000000 ms', '', 'Communication: ', 'Total Sent / Rcv\t19986910  bytes / 19986398 bytes', 'BaseOTs Sent / Rcv\t10532  bytes / 10532 bytes', 'Setup Sent / Rcv\t19437193  bytes / 19437193 bytes', 'OTExtension Sent / Rcv\t19437193  bytes / 19437193 bytes', 'Garbling Sent / Rcv\t0  bytes / 0 bytes', 'Online Sent / Rcv\t549717  bytes / 549205 bytes', '', 'cos_dist_ver: 0.4069042802', 'cos_dist: 0.4069042802'], error ['\tCommand being timed: "/home/kamil/pffrocd/ABY/build/bin/cos_dist_float_scen_simd_32 -r 0 -a 192.168.5.114 -f /home/kamil/pffrocd/ABY/build/bin/embeddings.txt -o /home/kamil/pffrocd -s 80 -x 0"', '\tUser time (seconds): 14.26', '\tSystem time (seconds): 4.98', '\tPercent of CPU this job got: 116%', '\tElapsed (wall clock) time (h:mm:ss or m:ss): 0:16.57', '\tAverage shared text size (kbytes): 0', '\tAverage unshared data size (kbytes): 0', '\tAverage stack size (kbytes): 0', '\tAverage total size (kbytes): 0', '\tMaximum resident set size (kbytes): 139308', '\tAverage resident set size (kbytes): 0', '\tMajor (requiring I/O) page faults: 0', '\tMinor (reclaiming a frame) page faults: 60469', '\tVoluntary context switches: 68712', '\tInvoluntary context switches: 21985', '\tSwaps: 0', '\tFile system inputs: 0', '\tFile system outputs: 0', '\tSocket messages sent: 0', '\tSocket messages received: 0', '\tSignals delivered: 0', '\tPage size (bytes): 4096', '\tExit status: 0']
2023-09-14 09:26:26,296 - DEBUG - Parsed ram usage: {'Command being timed': '"/home/kamil/pffrocd/ABY/build/bin/cos_dist_float_scen_simd_32 -r 0 -a 192.168.5.114 -f /home/kamil/pffrocd/ABY/build/bin/embeddings.txt -o /home/kamil/pffrocd -s 80 -x 0"', 'User time (seconds)': '14.26', 'System time (seconds)': '4.98', 'Percent of CPU this job got': '116%', 'Elapsed (wall clock) time (h:mm:ss or m:ss)': '0:16.57', 'Average shared text size (kbytes)': '0', 'Average unshared data size (kbytes)': '0', 'Average stack size (kbytes)': '0', 'Average total size (kbytes)': '0', 'Maximum resident set size (kbytes)': '139308', 'Average resident set size (kbytes)': '0', 'Major (requiring I/O) page faults': '0', 'Minor (reclaiming a frame) page faults': '60469', 'Voluntary context switches': '68712', 'Involuntary context switches': '21985', 'Swaps': '0', 'File system inputs': '0', 'File system outputs': '0', 'Socket messages sent': '0', 'Socket messages received': '0', 'Signals delivered': '0', 'Page size (bytes)': '4096', 'Exit status': '0'}
2023-09-14 09:26:26,296 - INFO - Running powertop to gather energy consumption data...
2023-09-14 09:26:50,405 - DEBUG - All values from powertop for client: 1       336 mW  
2       315 mW  
3       292 mW  
4       189 mW  
13     30.3 mW  
16     9.50 mW  
17     9.36 mW  
19     8.52 mW  
21     7.12 mW  
22     5.74 mW  
62        0 mW  
Name: PW Estimate, dtype: object
2023-09-14 09:26:50,406 - DEBUG - Energy client: 21.603253689217574
2023-09-14 09:26:51,041 - DEBUG - All values from powertop for server: 1       323 mW  
2       322 mW  
3       290 mW  
4       153 mW  
13     11.4 mW  
14     9.46 mW  
15     8.23 mW  
18     7.32 mW  
19     6.00 mW  
20     5.19 mW  
22     4.55 mW  
Name: PW Estimate, dtype: object
2023-09-14 09:26:51,042 - DEBUG - Energy server: 20.482436919987205
2023-09-14 09:26:51,045 - DEBUG - parsed_sfe_output={'online_time.bool.local_gates': '435.3180000000', 'online_time.bool.interactive_gates': '477.9210000000', 'online_time.bool.layer_finish': '331.8420000000', 'online_time.yao.local_gates': '8.2440000000', 'online_time.yao.interactive_gates': '6.3190000000', 'online_time.yao.layer_finish': '5.1890000000', 'online_time.yao_rev.local_gates': '6.3280000000', 'online_time.yao_rev.interactive_gates': '5.7350000000', 'online_time.yao_rev.layer_finish': '1.9470000000', 'online_time.arith.local_gates': '7.6250000000', 'online_time.arith.interactive_gates': '8.7320000000', 'online_time.arith.layer_finish': '6.7310000000', 'online_time.splut.local_gates': '7.7860000000', 'online_time.splut.interactive_gates': '6.6140000000', 'online_time.splut.layer_finish': '44.1110000000', 'online_time.communication': '5165.3680000000', 'complexities.boolean_sharing.ands': '1878982', 'complexities.boolean_sharing.depth': '8080', 'complexities.total_vec_and': '1878982', 'complexities.total_non_vec_and': '1878982', 'complexities.xor_vals': '1740116', 'complexities.gates': '596354', 'complexities.comb_gates': '0', 'complexities.combstruct_gates': '0', 'complexities.perm_gates': '0', 'complexities.subset_gates': '12288', 'complexities.split_gates': '0', 'complexities.yao.ands': '0', 'complexities.yao.depth': '0', 'complexities.reverse_yao.ands': '0', 'complexities.reverse_yao.depth': '0', 'complexities.arithmetic_sharing.muls': '0', 'complexities.arithmetic_sharing.depth': '0', 'complexities.sp_lut_sharing.ot_gates_total': '0', 'complexities.sp_lut_sharing.depth': '1', 'complexities.total_nr_of_gates': '1339400', 'complexities.total_depth': '8080', 'timings.total': '10636.5190000000', 'timings.init': '0.2990000000', 'timings.circuitgen': '0.2720000000', 'timings.network': '14.3140000000', 'timings.baseots': '137.2780000000', 'timings.setup': '4082.4910000000', 'timings.otextension': '4060.8090000000', 'timings.garbling': '0.0090000000', 'timings.online': '6554.0220000000', 'communication.total.sent': '19986910', 'communication.total.received': '19986398', 'communication.base_ots.sent': '10532', 'communication.base_ots.received': '10532', 'communication.setup.sent': '19437193', 'communication.setup.received': '19437193', 'communication.otextension.sent': '19437193', 'communication.otextension.received': '19437193', 'communication.garbling.sent': '0', 'communication.garbling.received': '0', 'communication.online.sent': '549717', 'communication.online.received': '549205', 'cos_dist_ver': '0.4069042802', 'cos_dist_sfe': '0.4069042802'}
2023-09-14 09:26:51,045 - DEBUG - list_of_sfe_values=['435.3180000000', '477.9210000000', '331.8420000000', '8.2440000000', '6.3190000000', '5.1890000000', '6.3280000000', '5.7350000000', '1.9470000000', '7.6250000000', '8.7320000000', '6.7310000000', '7.7860000000', '6.6140000000', '44.1110000000', '5165.3680000000', '1878982', '8080', '1878982', '1878982', '1740116', '596354', '0', '0', '0', '12288', '0', '0', '0', '0', '0', '0', '0', '0', '1', '1339400', '8080', '10636.5190000000', '0.2990000000', '0.2720000000', '14.3140000000', '137.2780000000', '4082.4910000000', '4060.8090000000', '0.0090000000', '6554.0220000000', '19986910', '19986398', '10532', '10532', '19437193', '19437193', '19437193', '19437193', '0', '0', '549717', '549205', '0.4069042802', '0.4069042802']
2023-09-14 09:26:51,045 - DEBUG - ram_usage={'Command being timed': '"/home/kamil/pffrocd/ABY/build/bin/cos_dist_float_scen_simd_32 -r 0 -a 192.168.5.114 -f /home/kamil/pffrocd/ABY/build/bin/embeddings.txt -o /home/kamil/pffrocd -s 80 -x 0"', 'User time (seconds)': '14.26', 'System time (seconds)': '4.98', 'Percent of CPU this job got': '116%', 'Elapsed (wall clock) time (h:mm:ss or m:ss)': '0:16.57', 'Average shared text size (kbytes)': '0', 'Average unshared data size (kbytes)': '0', 'Average stack size (kbytes)': '0', 'Average total size (kbytes)': '0', 'Maximum resident set size (kbytes)': '139308', 'Average resident set size (kbytes)': '0', 'Major (requiring I/O) page faults': '0', 'Minor (reclaiming a frame) page faults': '60469', 'Voluntary context switches': '68712', 'Involuntary context switches': '21985', 'Swaps': '0', 'File system inputs': '0', 'File system outputs': '0', 'Socket messages sent': '0', 'Socket messages received': '0', 'Signals delivered': '0', 'Page size (bytes)': '4096', 'Exit status': '0'}
2023-09-14 09:26:51,045 - DEBUG - list_of_ram_values=['14.26', '4.98', '116%', '0:16.57', '0', '0', '0', '0', '139308', '0', '0', '60469', '68712', '21985', '0', '0', '0', '0', '0', '0', '4096', '0']
2023-09-14 09:26:51,046 - DEBUG - to_be_appended=['lfw/Ahmet_Necdet_Sezer/Ahmet_Necdet_Sezer_0001.jpg', 'lfw/Ahmet_Necdet_Sezer/Ahmet_Necdet_Sezer_0002.jpg', True, True, 0.4069041609764099, 0.4069042802, 32.7122757434845, 16.964686155319214, 15.747589588165283, '14.26', '4.98', '116%', '0:16.57', '0', '0', '0', '0', '139308', '0', '0', '60469', '68712', '21985', '0', '0', '0', '0', '0', '0', '4096', '0', 21.603253689217574, 20.482436919987205, '435.3180000000', '477.9210000000', '331.8420000000', '8.2440000000', '6.3190000000', '5.1890000000', '6.3280000000', '5.7350000000', '1.9470000000', '7.6250000000', '8.7320000000', '6.7310000000', '7.7860000000', '6.6140000000', '44.1110000000', '5165.3680000000', '1878982', '8080', '1878982', '1878982', '1740116', '596354', '0', '0', '0', '12288', '0', '0', '0', '0', '0', '0', '0', '0', '1', '1339400', '8080', '10636.5190000000', '0.2990000000', '0.2720000000', '14.3140000000', '137.2780000000', '4082.4910000000', '4060.8090000000', '0.0090000000', '6554.0220000000', '19986910', '19986398', '10532', '10532', '19437193', '19437193', '19437193', '19437193', '0', '0', '549717', '549205', '0.4069042802', '0.4069042802']
2023-09-14 09:26:51,046 - DEBUG - pffrocd.columns=['ref_img', 'other_img', 'result', 'expected_result', 'cos_dist_np', 'cos_dist_sfe', 'total_time', 'sfe_time', 'extraction_time', 'Command being timed', 'User time (seconds)', 'System time (seconds)', 'Percent of CPU this job got', 'Elapsed (wall clock) time (h:mm:ss or m:ss)', 'Average shared text size (kbytes)', 'Average unshared data size (kbytes)', 'Average stack size (kbytes)', 'Average total size (kbytes)', 'Maximum resident set size (kbytes)', 'Average resident set size (kbytes)', 'Major (requiring I/O) page faults', 'Minor (reclaiming a frame) page faults', 'Voluntary context switches', 'Involuntary context switches', 'Swaps', 'File system inputs', 'File system outputs', 'Socket messages sent', 'Socket messages received', 'Signals delivered', 'Page size (bytes)', 'Exit status', 'energy_client', 'energy_server', 'online_time.bool.local_gates', 'online_time.bool.interactive_gates', 'online_time.bool.layer_finish', 'online_time.yao.local_gates', 'online_time.yao.interactive_gates', 'online_time.yao.layer_finish', 'online_time.yao_rev.local_gates', 'online_time.yao_rev.interactive_gates', 'online_time.yao_rev.layer_finish', 'online_time.arith.local_gates', 'online_time.arith.interactive_gates', 'online_time.arith.layer_finish', 'online_time.splut.local_gates', 'online_time.splut.interactive_gates', 'online_time.splut.layer_finish', 'online_time.communication', 'complexities.boolean_sharing.ands', 'complexities.boolean_sharing.depth', 'complexities.total_vec_and', 'complexities.total_non_vec_and', 'complexities.xor_vals', 'complexities.gates', 'complexities.comb_gates', 'complexities.combstruct_gates', 'complexities.perm_gates', 'complexities.subset_gates', 'complexities.split_gates', 'complexities.yao.ands', 'complexities.yao.depth', 'complexities.reverse_yao.ands', 'complexities.reverse_yao.depth', 'complexities.arithmetic_sharing.muls', 'complexities.arithmetic_sharing.depth', 'complexities.sp_lut_sharing.ot_gates_total', 'complexities.sp_lut_sharing.depth', 'complexities.total_nr_of_gates', 'complexities.total_depth', 'timings.total', 'timings.init', 'timings.circuitgen', 'timings.network', 'timings.baseots', 'timings.setup', 'timings.otextension', 'timings.garbling', 'timings.online', 'communication.total.sent', 'communication.total.received', 'communication.base_ots.sent', 'communication.base_ots.received', 'communication.setup.sent', 'communication.setup.received', 'communication.otextension.sent', 'communication.otextension.received', 'communication.garbling.sent', 'communication.garbling.received', 'communication.online.sent', 'communication.online.received', 'cos_dist_ver', 'cos_dist_sfe']
2023-09-14 09:26:51,046 - INFO - Running test for lfw/John_Gordnick/John_Gordnick_0001.jpg
2023-09-14 09:27:09,989 - DEBUG - Stdout of extracting embedding: 15.9556565284729
2023-09-14 09:27:09,989 - DEBUG - Stderr of extracting embedding: 
2023-09-14 09:27:09,989 - INFO - Embedding extracted by the server in 15.9556565284729 seconds
2023-09-14 09:27:14,216 - INFO - Running sfe...
2023-09-14 09:27:31,394 - INFO - Finished! Total sfe time: 17.177368879318237 seconds (2/2)
2023-09-14 09:27:31,394 - DEBUG - Host 192.168.5.115: exit code 0, output ['Online time is distributed as follows: ', 'Bool: local gates: 437.0160000000, interactive gates: 478.9210000000, layer finish: 331.6240000000', 'Yao: local gates: 8.3160000000, interactive gates: 5.9720000000, layer finish: 3.7780000000', 'Yao Rev: local gates: 7.5840000000, interactive gates: 7.0040000000, layer finish: 3.0000000000', 'Arith: local gates: 10.0450000000, interactive gates: 7.3680000000, layer finish: 10.8760000000', 'SPLUT: local gates: 6.8630000000, interactive gates: 7.2200000000, layer finish: 51.0500000000', 'Communication: 5238.0790000000', '', 'Complexities: ', 'Boolean Sharing: ANDs: 1878982 (1-bit) ; Depth: 8080', 'Total Vec AND: 1878982', 'Total Non-Vec AND: 1878982', 'XOR vals: 1740116 gates: 596354', 'Comb gates: 0, CombStruct gates: 0, Perm gates: 0, Subset gates: 12288, Split gates: 0', 'Yao: ANDs: 0 ; Depth: 0', 'Reverse Yao: ANDs: 0 ; Depth: 0', 'Arithmetic Sharing: MULs: 0 ; Depth: 0', 'SP-LUT Sharing: OT-gates: Total OT gates = 0; Depth: 1', 'Total number of gates: 1339400 Total depth: 8080', 'Timings: ', 'Total =\t\t10731.4620000000 ms', 'Init =\t\t0.3240000000 ms', 'CircuitGen =\t0.2900000000 ms', 'Network =\t95.7590000000 ms', 'BaseOTs =\t140.0410000000 ms', 'Setup =\t\t4088.9720000000 ms', 'OTExtension =\t4067.1790000000 ms', 'Garbling =\t0.0080000000 ms', 'Online =\t6642.4820000000 ms', '', 'Communication: ', 'Total Sent / Rcv\t19986407  bytes / 19986910 bytes', 'BaseOTs Sent / Rcv\t10523  bytes / 10532 bytes', 'Setup Sent / Rcv\t19437202  bytes / 19437193 bytes', 'OTExtension Sent / Rcv\t19437193  bytes / 19437193 bytes', 'Garbling Sent / Rcv\t0  bytes / 0 bytes', 'Online Sent / Rcv\t549205  bytes / 549717 bytes', '', 'cos_dist_ver: 0.9182621241', 'cos_dist: 0.9182621241'], error ['\tCommand being timed: "/home/kamil/pffrocd/ABY/build/bin/cos_dist_float_scen_simd_32 -r 1 -a 192.168.5.114 -f /home/kamil/pffrocd/ABY/build/bin/embeddings.txt -o /home/kamil/pffrocd -s 80 -x 0"', '\tUser time (seconds): 14.49', '\tSystem time (seconds): 4.78', '\tPercent of CPU this job got: 115%', '\tElapsed (wall clock) time (h:mm:ss or m:ss): 0:16.74', '\tAverage shared text size (kbytes): 0', '\tAverage unshared data size (kbytes): 0', '\tAverage stack size (kbytes): 0', '\tAverage total size (kbytes): 0', '\tMaximum resident set size (kbytes): 139312', '\tAverage resident set size (kbytes): 0', '\tMajor (requiring I/O) page faults: 0', '\tMinor (reclaiming a frame) page faults: 60474', '\tVoluntary context switches: 68603', '\tInvoluntary context switches: 21185', '\tSwaps: 0', '\tFile system inputs: 0', '\tFile system outputs: 0', '\tSocket messages sent: 0', '\tSocket messages received: 0', '\tSignals delivered: 0', '\tPage size (bytes): 4096', '\tExit status: 0']
2023-09-14 09:27:31,395 - DEBUG - Host 192.168.5.114: exit code 0, output ['Online time is distributed as follows: ', 'Bool: local gates: 437.7990000000, interactive gates: 487.1070000000, layer finish: 331.0020000000', 'Yao: local gates: 8.8850000000, interactive gates: 7.7120000000, layer finish: 4.4600000000', 'Yao Rev: local gates: 8.1480000000, interactive gates: 6.9460000000, layer finish: 2.1290000000', 'Arith: local gates: 9.0980000000, interactive gates: 6.5940000000, layer finish: 11.2670000000', 'SPLUT: local gates: 8.8460000000, interactive gates: 8.3290000000, layer finish: 47.1340000000', 'Communication: 5226.1700000000', '', 'Complexities: ', 'Boolean Sharing: ANDs: 1878982 (1-bit) ; Depth: 8080', 'Total Vec AND: 1878982', 'Total Non-Vec AND: 1878982', 'XOR vals: 1740116 gates: 596354', 'Comb gates: 0, CombStruct gates: 0, Perm gates: 0, Subset gates: 12288, Split gates: 0', 'Yao: ANDs: 0 ; Depth: 0', 'Reverse Yao: ANDs: 0 ; Depth: 0', 'Arithmetic Sharing: MULs: 0 ; Depth: 0', 'SP-LUT Sharing: OT-gates: Total OT gates = 0; Depth: 1', 'Total number of gates: 1339400 Total depth: 8080', 'Timings: ', 'Total =\t\t10730.8570000000 ms', 'Init =\t\t0.3080000000 ms', 'CircuitGen =\t0.3030000000 ms', 'Network =\t6.8420000000 ms', 'BaseOTs =\t140.2060000000 ms', 'Setup =\t\t4088.9120000000 ms', 'OTExtension =\t4067.0140000000 ms', 'Garbling =\t0.0100000000 ms', 'Online =\t6641.9380000000 ms', '', 'Communication: ', 'Total Sent / Rcv\t19986910  bytes / 19986398 bytes', 'BaseOTs Sent / Rcv\t10532  bytes / 10532 bytes', 'Setup Sent / Rcv\t19437193  bytes / 19437193 bytes', 'OTExtension Sent / Rcv\t19437193  bytes / 19437193 bytes', 'Garbling Sent / Rcv\t0  bytes / 0 bytes', 'Online Sent / Rcv\t549717  bytes / 549205 bytes', '', 'cos_dist_ver: 0.9182621241', 'cos_dist: 0.9182621241'], error ['\tCommand being timed: "/home/kamil/pffrocd/ABY/build/bin/cos_dist_float_scen_simd_32 -r 0 -a 192.168.5.114 -f /home/kamil/pffrocd/ABY/build/bin/embeddings.txt -o /home/kamil/pffrocd -s 80 -x 0"', '\tUser time (seconds): 14.38', '\tSystem time (seconds): 4.96', '\tPercent of CPU this job got: 115%', '\tElapsed (wall clock) time (h:mm:ss or m:ss): 0:16.76', '\tAverage shared text size (kbytes): 0', '\tAverage unshared data size (kbytes): 0', '\tAverage stack size (kbytes): 0', '\tAverage total size (kbytes): 0', '\tMaximum resident set size (kbytes): 139296', '\tAverage resident set size (kbytes): 0', '\tMajor (requiring I/O) page faults: 14', '\tMinor (reclaiming a frame) page faults: 60457', '\tVoluntary context switches: 67228', '\tInvoluntary context switches: 20859', '\tSwaps: 0', '\tFile system inputs: 1928', '\tFile system outputs: 0', '\tSocket messages sent: 0', '\tSocket messages received: 0', '\tSignals delivered: 0', '\tPage size (bytes): 4096', '\tExit status: 0']
2023-09-14 09:27:31,395 - DEBUG - Parsed ram usage: {'Command being timed': '"/home/kamil/pffrocd/ABY/build/bin/cos_dist_float_scen_simd_32 -r 0 -a 192.168.5.114 -f /home/kamil/pffrocd/ABY/build/bin/embeddings.txt -o /home/kamil/pffrocd -s 80 -x 0"', 'User time (seconds)': '14.38', 'System time (seconds)': '4.96', 'Percent of CPU this job got': '115%', 'Elapsed (wall clock) time (h:mm:ss or m:ss)': '0:16.76', 'Average shared text size (kbytes)': '0', 'Average unshared data size (kbytes)': '0', 'Average stack size (kbytes)': '0', 'Average total size (kbytes)': '0', 'Maximum resident set size (kbytes)': '139296', 'Average resident set size (kbytes)': '0', 'Major (requiring I/O) page faults': '14', 'Minor (reclaiming a frame) page faults': '60457', 'Voluntary context switches': '67228', 'Involuntary context switches': '20859', 'Swaps': '0', 'File system inputs': '1928', 'File system outputs': '0', 'Socket messages sent': '0', 'Socket messages received': '0', 'Signals delivered': '0', 'Page size (bytes)': '4096', 'Exit status': '0'}
2023-09-14 09:27:31,395 - INFO - Running powertop to gather energy consumption data...
2023-09-14 09:27:54,744 - DEBUG - All values from powertop for client: 1       315 mW  
2       273 mW  
6       128 mW  
8      93.7 mW  
9      81.0 mW  
12     65.6 mW  
14     50.3 mW  
19     12.8 mW  
21     8.92 mW  
23     6.47 mW  
68        0 mW  
Name: PW Estimate, dtype: object
2023-09-14 09:27:54,745 - DEBUG - Energy client: 18.809759542629717
2023-09-14 09:27:55,244 - DEBUG - All values from powertop for server: 1       318 mW  
2       308 mW  
3       273 mW  
9      22.6 mW  
10     18.9 mW  
18     8.90 mW  
19     7.48 mW  
20     7.09 mW  
21     6.71 mW  
22     6.29 mW  
28     2.07 mW  
Name: PW Estimate, dtype: object
2023-09-14 09:27:55,244 - DEBUG - Energy server: 17.79637122760773
2023-09-14 09:27:55,245 - DEBUG - parsed_sfe_output={'online_time.bool.local_gates': '437.7990000000', 'online_time.bool.interactive_gates': '487.1070000000', 'online_time.bool.layer_finish': '331.0020000000', 'online_time.yao.local_gates': '8.8850000000', 'online_time.yao.interactive_gates': '7.7120000000', 'online_time.yao.layer_finish': '4.4600000000', 'online_time.yao_rev.local_gates': '8.1480000000', 'online_time.yao_rev.interactive_gates': '6.9460000000', 'online_time.yao_rev.layer_finish': '2.1290000000', 'online_time.arith.local_gates': '9.0980000000', 'online_time.arith.interactive_gates': '6.5940000000', 'online_time.arith.layer_finish': '11.2670000000', 'online_time.splut.local_gates': '8.8460000000', 'online_time.splut.interactive_gates': '8.3290000000', 'online_time.splut.layer_finish': '47.1340000000', 'online_time.communication': '5226.1700000000', 'complexities.boolean_sharing.ands': '1878982', 'complexities.boolean_sharing.depth': '8080', 'complexities.total_vec_and': '1878982', 'complexities.total_non_vec_and': '1878982', 'complexities.xor_vals': '1740116', 'complexities.gates': '596354', 'complexities.comb_gates': '0', 'complexities.combstruct_gates': '0', 'complexities.perm_gates': '0', 'complexities.subset_gates': '12288', 'complexities.split_gates': '0', 'complexities.yao.ands': '0', 'complexities.yao.depth': '0', 'complexities.reverse_yao.ands': '0', 'complexities.reverse_yao.depth': '0', 'complexities.arithmetic_sharing.muls': '0', 'complexities.arithmetic_sharing.depth': '0', 'complexities.sp_lut_sharing.ot_gates_total': '0', 'complexities.sp_lut_sharing.depth': '1', 'complexities.total_nr_of_gates': '1339400', 'complexities.total_depth': '8080', 'timings.total': '10730.8570000000', 'timings.init': '0.3080000000', 'timings.circuitgen': '0.3030000000', 'timings.network': '6.8420000000', 'timings.baseots': '140.2060000000', 'timings.setup': '4088.9120000000', 'timings.otextension': '4067.0140000000', 'timings.garbling': '0.0100000000', 'timings.online': '6641.9380000000', 'communication.total.sent': '19986910', 'communication.total.received': '19986398', 'communication.base_ots.sent': '10532', 'communication.base_ots.received': '10532', 'communication.setup.sent': '19437193', 'communication.setup.received': '19437193', 'communication.otextension.sent': '19437193', 'communication.otextension.received': '19437193', 'communication.garbling.sent': '0', 'communication.garbling.received': '0', 'communication.online.sent': '549717', 'communication.online.received': '549205', 'cos_dist_ver': '0.9182621241', 'cos_dist_sfe': '0.9182621241'}
2023-09-14 09:27:55,245 - DEBUG - list_of_sfe_values=['437.7990000000', '487.1070000000', '331.0020000000', '8.8850000000', '7.7120000000', '4.4600000000', '8.1480000000', '6.9460000000', '2.1290000000', '9.0980000000', '6.5940000000', '11.2670000000', '8.8460000000', '8.3290000000', '47.1340000000', '5226.1700000000', '1878982', '8080', '1878982', '1878982', '1740116', '596354', '0', '0', '0', '12288', '0', '0', '0', '0', '0', '0', '0', '0', '1', '1339400', '8080', '10730.8570000000', '0.3080000000', '0.3030000000', '6.8420000000', '140.2060000000', '4088.9120000000', '4067.0140000000', '0.0100000000', '6641.9380000000', '19986910', '19986398', '10532', '10532', '19437193', '19437193', '19437193', '19437193', '0', '0', '549717', '549205', '0.9182621241', '0.9182621241']
2023-09-14 09:27:55,245 - DEBUG - ram_usage={'Command being timed': '"/home/kamil/pffrocd/ABY/build/bin/cos_dist_float_scen_simd_32 -r 0 -a 192.168.5.114 -f /home/kamil/pffrocd/ABY/build/bin/embeddings.txt -o /home/kamil/pffrocd -s 80 -x 0"', 'User time (seconds)': '14.38', 'System time (seconds)': '4.96', 'Percent of CPU this job got': '115%', 'Elapsed (wall clock) time (h:mm:ss or m:ss)': '0:16.76', 'Average shared text size (kbytes)': '0', 'Average unshared data size (kbytes)': '0', 'Average stack size (kbytes)': '0', 'Average total size (kbytes)': '0', 'Maximum resident set size (kbytes)': '139296', 'Average resident set size (kbytes)': '0', 'Major (requiring I/O) page faults': '14', 'Minor (reclaiming a frame) page faults': '60457', 'Voluntary context switches': '67228', 'Involuntary context switches': '20859', 'Swaps': '0', 'File system inputs': '1928', 'File system outputs': '0', 'Socket messages sent': '0', 'Socket messages received': '0', 'Signals delivered': '0', 'Page size (bytes)': '4096', 'Exit status': '0'}
2023-09-14 09:27:55,245 - DEBUG - list_of_ram_values=['14.38', '4.96', '115%', '0:16.76', '0', '0', '0', '0', '139296', '0', '14', '60457', '67228', '20859', '0', '1928', '0', '0', '0', '0', '4096', '0']
2023-09-14 09:27:55,245 - DEBUG - to_be_appended=['lfw/Ahmet_Necdet_Sezer/Ahmet_Necdet_Sezer_0001.jpg', 'lfw/John_Gordnick/John_Gordnick_0001.jpg', False, False, 0.9182621166110039, 0.9182621241, 33.13302540779114, 17.177368879318237, 15.9556565284729, '14.38', '4.96', '115%', '0:16.76', '0', '0', '0', '0', '139296', '0', '14', '60457', '67228', '20859', '0', '1928', '0', '0', '0', '0', '4096', '0', 18.809759542629717, 17.79637122760773, '437.7990000000', '487.1070000000', '331.0020000000', '8.8850000000', '7.7120000000', '4.4600000000', '8.1480000000', '6.9460000000', '2.1290000000', '9.0980000000', '6.5940000000', '11.2670000000', '8.8460000000', '8.3290000000', '47.1340000000', '5226.1700000000', '1878982', '8080', '1878982', '1878982', '1740116', '596354', '0', '0', '0', '12288', '0', '0', '0', '0', '0', '0', '0', '0', '1', '1339400', '8080', '10730.8570000000', '0.3080000000', '0.3030000000', '6.8420000000', '140.2060000000', '4088.9120000000', '4067.0140000000', '0.0100000000', '6641.9380000000', '19986910', '19986398', '10532', '10532', '19437193', '19437193', '19437193', '19437193', '0', '0', '549717', '549205', '0.9182621241', '0.9182621241']
2023-09-14 09:27:55,245 - DEBUG - pffrocd.columns=['ref_img', 'other_img', 'result', 'expected_result', 'cos_dist_np', 'cos_dist_sfe', 'total_time', 'sfe_time', 'extraction_time', 'Command being timed', 'User time (seconds)', 'System time (seconds)', 'Percent of CPU this job got', 'Elapsed (wall clock) time (h:mm:ss or m:ss)', 'Average shared text size (kbytes)', 'Average unshared data size (kbytes)', 'Average stack size (kbytes)', 'Average total size (kbytes)', 'Maximum resident set size (kbytes)', 'Average resident set size (kbytes)', 'Major (requiring I/O) page faults', 'Minor (reclaiming a frame) page faults', 'Voluntary context switches', 'Involuntary context switches', 'Swaps', 'File system inputs', 'File system outputs', 'Socket messages sent', 'Socket messages received', 'Signals delivered', 'Page size (bytes)', 'Exit status', 'energy_client', 'energy_server', 'online_time.bool.local_gates', 'online_time.bool.interactive_gates', 'online_time.bool.layer_finish', 'online_time.yao.local_gates', 'online_time.yao.interactive_gates', 'online_time.yao.layer_finish', 'online_time.yao_rev.local_gates', 'online_time.yao_rev.interactive_gates', 'online_time.yao_rev.layer_finish', 'online_time.arith.local_gates', 'online_time.arith.interactive_gates', 'online_time.arith.layer_finish', 'online_time.splut.local_gates', 'online_time.splut.interactive_gates', 'online_time.splut.layer_finish', 'online_time.communication', 'complexities.boolean_sharing.ands', 'complexities.boolean_sharing.depth', 'complexities.total_vec_and', 'complexities.total_non_vec_and', 'complexities.xor_vals', 'complexities.gates', 'complexities.comb_gates', 'complexities.combstruct_gates', 'complexities.perm_gates', 'complexities.subset_gates', 'complexities.split_gates', 'complexities.yao.ands', 'complexities.yao.depth', 'complexities.reverse_yao.ands', 'complexities.reverse_yao.depth', 'complexities.arithmetic_sharing.muls', 'complexities.arithmetic_sharing.depth', 'complexities.sp_lut_sharing.ot_gates_total', 'complexities.sp_lut_sharing.depth', 'complexities.total_nr_of_gates', 'complexities.total_depth', 'timings.total', 'timings.init', 'timings.circuitgen', 'timings.network', 'timings.baseots', 'timings.setup', 'timings.otextension', 'timings.garbling', 'timings.online', 'communication.total.sent', 'communication.total.received', 'communication.base_ots.sent', 'communication.base_ots.received', 'communication.setup.sent', 'communication.setup.received', 'communication.otextension.sent', 'communication.otextension.received', 'communication.garbling.sent', 'communication.garbling.received', 'communication.online.sent', 'communication.online.received', 'cos_dist_ver', 'cos_dist_sfe']
