2023-09-17 17:36:01,269 - DEBUG - pffrocd config: {
    "client": {
        "ip_address": "192.168.5.111",
        "username": "kamil",
        "private_ssh_key_path": "/home/dietpi/.ssh/id_rsa",
        "executable_path": "/home/kamil/pffrocd/ABY/build/bin",
        "executable_name": "cos_dist_float_scen_simd",
        "pffrocd_path": "/home/kamil/pffrocd"
    },
    "server": {
        "ip_address": "192.168.5.112",
        "username": "kamil",
        "private_ssh_key_path": "/home/dietpi/.ssh/id_rsa",
        "executable_path": "/home/kamil/pffrocd/ABY/build/bin",
        "executable_name": "cos_dist_float_scen_simd",
        "pffrocd_path": "/home/kamil/pffrocd"
    },
    "misc": {
        "nr_of_people": "1500",
        "security_level": "80",
        "mt_algorithm": "0",
        "niceness": "-20",
        "starting_person": "20",
        "bit_length": "64",
        "gather_energy_data": "0"
    }
}
2023-09-17 17:36:01,840 - INFO - RUNNING for 1480 people
2023-09-17 17:36:01,841 - INFO - Currently running for lfw/Ahmet_Necdet_Sezer (1/1480)
2023-09-17 17:36:01,841 - DEBUG - Found 2 images for lfw/Ahmet_Necdet_Sezer
2023-09-17 17:36:01,842 - DEBUG - setting image as reference image: lfw/Ahmet_Necdet_Sezer/Ahmet_Necdet_Sezer_0001.jpg
2023-09-17 17:36:10,802 - INFO - Running test for lfw/Ahmet_Necdet_Sezer/Ahmet_Necdet_Sezer_0002.jpg
2023-09-17 17:36:15,338 - DEBUG - Stdout of extracting embedding: 1.9149484634399414
2023-09-17 17:36:15,338 - DEBUG - Stderr of extracting embedding: 
2023-09-17 17:36:15,339 - INFO - Embedding extracted by the server in 1.9149484634399414 seconds
2023-09-17 17:36:21,194 - INFO - Running sfe...
2023-09-17 17:38:08,503 - INFO - Finished! Total sfe time: 107.30770564079285 seconds (1/2)
2023-09-17 17:38:08,505 - DEBUG - Host 192.168.5.111: exit code 0, output ['Online time is distributed as follows: ', 'Bool: local gates: 403.8680000000, interactive gates: 506.5220000000, layer finish: 505.8250000000', 'Yao: local gates: 12.7790000000, interactive gates: 10.3740000000, layer finish: 8.7820000000', 'Yao Rev: local gates: 9.8780000000, interactive gates: 6.2580000000, layer finish: 6.8390000000', 'Arith: local gates: 13.0760000000, interactive gates: 9.2140000000, layer finish: 21.0110000000', 'SPLUT: local gates: 10.1930000000, interactive gates: 10.7970000000, layer finish: 73.6340000000', 'Communication: 59672.5230000000', '', 'Complexities: ', 'Boolean Sharing: ANDs: 5971636 (1-bit) ; Depth: 10918', 'Total Vec AND: 5971636', 'Total Non-Vec AND: 5971636', 'XOR vals: 5892966 gates: 1383450', 'Comb gates: 0, CombStruct gates: 0, Perm gates: 0, Subset gates: 24576, Split gates: 0', 'Yao: ANDs: 0 ; Depth: 0', 'Reverse Yao: ANDs: 0 ; Depth: 0', 'Arithmetic Sharing: MULs: 0 ; Depth: 0', 'SP-LUT Sharing: OT-gates: Total OT gates = 0; Depth: 1', 'Total number of gates: 3163722 Total depth: 10918', 'Timings: ', 'Total =\t\t104775.5250000000 ms', 'Init =\t\t0.0480000000 ms', 'CircuitGen =\t0.5190000000 ms', 'Network =\t25.7830000000 ms', 'BaseOTs =\t39.9680000000 ms', 'Setup =\t\t43461.3490000000 ms', 'OTExtension =\t43454.9810000000 ms', 'Garbling =\t0.0030000000 ms', 'Online =\t61314.1740000000 ms', '', 'Communication: ', 'Total Sent / Rcv\t62191415  bytes / 62192430 bytes', 'BaseOTs Sent / Rcv\t10523  bytes / 10532 bytes', 'Setup Sent / Rcv\t60591282  bytes / 60591273 bytes', 'OTExtension Sent / Rcv\t60591273  bytes / 60591273 bytes', 'Garbling Sent / Rcv\t0  bytes / 0 bytes', 'Online Sent / Rcv\t1600133  bytes / 1601157 bytes', '', 'cos_dist_ver: 0.4069041360', 'cos_dist: 0.4069041360'], error ['[sudo] password for kamil: \tCommand being timed: "/home/kamil/pffrocd/ABY/build/bin/cos_dist_float_scen_simd_64 -r 1 -a 192.168.5.112 -f /home/kamil/pffrocd/ABY/build/bin/embeddings.txt -o /home/kamil/pffrocd -s 80 -x 0"', '\tUser time (seconds): 7.87', '\tSystem time (seconds): 3.77', '\tPercent of CPU this job got: 10%', '\tElapsed (wall clock) time (h:mm:ss or m:ss): 1:46.88', '\tAverage shared text size (kbytes): 0', '\tAverage unshared data size (kbytes): 0', '\tAverage stack size (kbytes): 0', '\tAverage total size (kbytes): 0', '\tMaximum resident set size (kbytes): 343772', '\tAverage resident set size (kbytes): 0', '\tMajor (requiring I/O) page faults: 15', '\tMinor (reclaiming a frame) page faults: 138987', '\tVoluntary context switches: 104283', '\tInvoluntary context switches: 173', '\tSwaps: 0', '\tFile system inputs: 5768', '\tFile system outputs: 0', '\tSocket messages sent: 0', '\tSocket messages received: 0', '\tSignals delivered: 0', '\tPage size (bytes): 4096', '\tExit status: 0']
2023-09-17 17:38:08,508 - DEBUG - Host 192.168.5.112: exit code None, output ['Online time is distributed as follows: ', 'Bool: local gates: 390.5050000000, interactive gates: 488.7670000000, layer finish: 461.7170000000', 'Yao: local gates: 12.0900000000, interactive gates: 7.1820000000, layer finish: 7.2080000000', 'Yao Rev: local gates: 8.7350000000, interactive gates: 6.8070000000, layer finish: 8.0510000000', 'Arith: local gates: 12.3720000000, interactive gates: 8.6040000000, layer finish: 19.5800000000', 'SPLUT: local gates: 9.9670000000, interactive gates: 6.8920000000, layer finish: 67.2450000000', 'Communication: 59765.8020000006', '', 'Complexities: ', 'Boolean Sharing: ANDs: 5971636 (1-bit) ; Depth: 10918', 'Total Vec AND: 5971636', 'Total Non-Vec AND: 5971636', 'XOR vals: 5892966 gates: 1383450', 'Comb gates: 0, CombStruct gates: 0, Perm gates: 0, Subset gates: 24576, Split gates: 0', 'Yao: ANDs: 0 ; Depth: 0', 'Reverse Yao: ANDs: 0 ; Depth: 0', 'Arithmetic Sharing: MULs: 0 ; Depth: 0', 'SP-LUT Sharing: OT-gates: Total OT gates = 0; Depth: 1', 'Total number of gates: 3163722 Total depth: 10918', 'Timings: ', 'Total =\t\t104782.1720000000 ms', 'Init =\t\t0.1250000000 ms', 'CircuitGen =\t0.3350000000 ms', 'Network =\t472.4580000000 ms', 'BaseOTs =\t34.0250000000 ms', 'Setup =\t\t43459.6530000000 ms', 'OTExtension =\t43452.1650000000 ms', 'Garbling =\t0.0030000000 ms', 'Online =\t61322.5170000000 ms', '', 'Communication: ', 'Total Sent / Rcv\t62192430  bytes / 62191406 bytes', 'BaseOTs Sent / Rcv\t10532  bytes / 10532 bytes', 'Setup Sent / Rcv\t60591273  bytes / 60591273 bytes', 'OTExtension Sent / Rcv\t60591264  bytes / 60591273 bytes', 'Garbling Sent / Rcv\t0  bytes / 0 bytes', 'Online Sent / Rcv\t1601157  bytes / 1600133 bytes', '', 'cos_dist_ver: 0.4069041360', 'cos_dist: 0.4069041360'], error ['[sudo] password for kamil: ']
2023-09-17 17:38:08,509 - DEBUG - Parsed ram usage: None
2023-09-17 17:38:08,511 - INFO - Running test for lfw/Luca_Cordero_di_Montezemolo/Luca_Cordero_di_Montezemolo_0001.jpg
2023-09-17 17:38:13,242 - DEBUG - Stdout of extracting embedding: 1.9158859252929688
2023-09-17 17:38:13,243 - DEBUG - Stderr of extracting embedding: 
2023-09-17 17:38:13,244 - INFO - Embedding extracted by the server in 1.9158859252929688 seconds
2023-09-17 17:38:19,583 - INFO - Running sfe...
2023-09-17 17:40:07,074 - INFO - Finished! Total sfe time: 107.49058437347412 seconds (2/2)
2023-09-17 17:40:07,076 - DEBUG - Host 192.168.5.111: exit code 0, output ['Online time is distributed as follows: ', 'Bool: local gates: 400.2600000000, interactive gates: 507.5670000000, layer finish: 501.2670000000', 'Yao: local gates: 12.0300000000, interactive gates: 10.1310000000, layer finish: 8.5690000000', 'Yao Rev: local gates: 9.5610000000, interactive gates: 6.2670000000, layer finish: 7.1100000000', 'Arith: local gates: 12.4910000000, interactive gates: 9.3870000000, layer finish: 20.8350000000', 'SPLUT: local gates: 10.3910000000, interactive gates: 9.5730000000, layer finish: 72.1810000000', 'Communication: 58374.3819999999', '', 'Complexities: ', 'Boolean Sharing: ANDs: 5971636 (1-bit) ; Depth: 10918', 'Total Vec AND: 5971636', 'Total Non-Vec AND: 5971636', 'XOR vals: 5892966 gates: 1383450', 'Comb gates: 0, CombStruct gates: 0, Perm gates: 0, Subset gates: 24576, Split gates: 0', 'Yao: ANDs: 0 ; Depth: 0', 'Reverse Yao: ANDs: 0 ; Depth: 0', 'Arithmetic Sharing: MULs: 0 ; Depth: 0', 'SP-LUT Sharing: OT-gates: Total OT gates = 0; Depth: 1', 'Total number of gates: 3163722 Total depth: 10918', 'Timings: ', 'Total =\t\t104965.7460000000 ms', 'Init =\t\t0.0690000000 ms', 'CircuitGen =\t0.0600000000 ms', 'Network =\t43.8070000000 ms', 'BaseOTs =\t55.2980000000 ms', 'Setup =\t\t44956.8020000000 ms', 'OTExtension =\t44950.1610000000 ms', 'Garbling =\t0.0030000000 ms', 'Online =\t60008.9400000000 ms', '', 'Communication: ', 'Total Sent / Rcv\t62191415  bytes / 62192430 bytes', 'BaseOTs Sent / Rcv\t10523  bytes / 10532 bytes', 'Setup Sent / Rcv\t60591282  bytes / 60591273 bytes', 'OTExtension Sent / Rcv\t60591273  bytes / 60591273 bytes', 'Garbling Sent / Rcv\t0  bytes / 0 bytes', 'Online Sent / Rcv\t1600133  bytes / 1601157 bytes', '', 'cos_dist_ver: 0.8340909288', 'cos_dist: 0.8340909288'], error ['[sudo] password for kamil: \tCommand being timed: "/home/kamil/pffrocd/ABY/build/bin/cos_dist_float_scen_simd_64 -r 1 -a 192.168.5.112 -f /home/kamil/pffrocd/ABY/build/bin/embeddings.txt -o /home/kamil/pffrocd -s 80 -x 0"', '\tUser time (seconds): 7.66', '\tSystem time (seconds): 3.94', '\tPercent of CPU this job got: 10%', '\tElapsed (wall clock) time (h:mm:ss or m:ss): 1:47.04', '\tAverage shared text size (kbytes): 0', '\tAverage unshared data size (kbytes): 0', '\tAverage stack size (kbytes): 0', '\tAverage total size (kbytes): 0', '\tMaximum resident set size (kbytes): 343860', '\tAverage resident set size (kbytes): 0', '\tMajor (requiring I/O) page faults: 0', '\tMinor (reclaiming a frame) page faults: 138971', '\tVoluntary context switches: 104772', '\tInvoluntary context switches: 184', '\tSwaps: 0', '\tFile system inputs: 0', '\tFile system outputs: 0', '\tSocket messages sent: 0', '\tSocket messages received: 0', '\tSignals delivered: 0', '\tPage size (bytes): 4096', '\tExit status: 0']
2023-09-17 17:40:07,081 - DEBUG - Host 192.168.5.112: exit code None, output ['Online time is distributed as follows: ', 'Bool: local gates: 385.1570000000, interactive gates: 489.3840000000, layer finish: 464.4110000000', 'Yao: local gates: 11.5380000000, interactive gates: 7.4440000000, layer finish: 6.9450000000', 'Yao Rev: local gates: 9.3930000000, interactive gates: 7.1060000000, layer finish: 8.4250000000', 'Arith: local gates: 13.1290000000, interactive gates: 8.2700000000, layer finish: 20.2970000000', 'SPLUT: local gates: 10.2020000000, interactive gates: 6.9250000000, layer finish: 68.8980000000', 'Communication: 58457.2600000000', '', 'Complexities: ', 'Boolean Sharing: ANDs: 5971636 (1-bit) ; Depth: 10918', 'Total Vec AND: 5971636', 'Total Non-Vec AND: 5971636', 'XOR vals: 5892966 gates: 1383450', 'Comb gates: 0, CombStruct gates: 0, Perm gates: 0, Subset gates: 24576, Split gates: 0', 'Yao: ANDs: 0 ; Depth: 0', 'Reverse Yao: ANDs: 0 ; Depth: 0', 'Arithmetic Sharing: MULs: 0 ; Depth: 0', 'SP-LUT Sharing: OT-gates: Total OT gates = 0; Depth: 1', 'Total number of gates: 3163722 Total depth: 10918', 'Timings: ', 'Total =\t\t104963.0920000000 ms', 'Init =\t\t0.1040000000 ms', 'CircuitGen =\t0.1220000000 ms', 'Network =\t461.7970000000 ms', 'BaseOTs =\t41.2160000000 ms', 'Setup =\t\t44955.1530000000 ms', 'OTExtension =\t44946.7560000000 ms', 'Garbling =\t0.0040000000 ms', 'Online =\t60007.9360000000 ms', '', 'Communication: ', 'Total Sent / Rcv\t62192430  bytes / 62191406 bytes', 'BaseOTs Sent / Rcv\t10532  bytes / 10532 bytes', 'Setup Sent / Rcv\t60591273  bytes / 60591273 bytes', 'OTExtension Sent / Rcv\t60591273  bytes / 60591273 bytes', 'Garbling Sent / Rcv\t0  bytes / 0 bytes', 'Online Sent / Rcv\t1601157  bytes / 1600133 bytes', '', 'cos_dist_ver: 0.8340909288', 'cos_dist: 0.8340909288'], error ['[sudo] password for kamil: ']
2023-09-17 17:40:07,081 - DEBUG - Parsed ram usage: None
2023-09-17 17:40:07,102 - INFO - Currently running for lfw/Ai_Sugiyama (2/1480)
2023-09-17 17:40:07,102 - DEBUG - Found 5 images for lfw/Ai_Sugiyama
2023-09-17 17:40:07,103 - DEBUG - setting image as reference image: lfw/Ai_Sugiyama/Ai_Sugiyama_0001.jpg
2023-09-17 17:40:13,825 - INFO - Running test for lfw/Ai_Sugiyama/Ai_Sugiyama_0002.jpg
2023-09-17 17:40:18,341 - DEBUG - Stdout of extracting embedding: 1.919201135635376
2023-09-17 17:40:18,341 - DEBUG - Stderr of extracting embedding: 
2023-09-17 17:40:18,342 - INFO - Embedding extracted by the server in 1.919201135635376 seconds
2023-09-17 17:40:24,275 - INFO - Running sfe...
