2023-09-14 22:42:20,021 - DEBUG - pffrocd config: {
    "client": {
        "ip_address": "192.168.5.115",
        "username": "kamil",
        "private_ssh_key_path": "/home/dietpi/.ssh/id_rsa",
        "executable_path": "/home/kamil/pffrocd/ABY/build/bin",
        "executable_name": "cos_dist_float_scen_simd",
        "pffrocd_path": "/home/kamil/pffrocd"
    },
    "server": {
        "ip_address": "192.168.5.114",
        "username": "kamil",
        "private_ssh_key_path": "/home/dietpi/.ssh/id_rsa",
        "executable_path": "/home/kamil/pffrocd/ABY/build/bin",
        "executable_name": "cos_dist_float_scen_simd",
        "pffrocd_path": "/home/kamil/pffrocd"
    },
    "misc": {
        "nr_of_people": "1500",
        "security_level": "80",
        "mt_algorithm": "0",
        "niceness": "-20",
        "starting_person": "20",
        "bit_length": "32",
        "gather_energy_data": "1"
    }
}
2023-09-14 22:42:20,588 - INFO - RUNNING for 1480 people
2023-09-14 22:42:20,589 - INFO - Currently running for lfw/Ahmet_Necdet_Sezer (1/1480)
2023-09-14 22:42:20,589 - DEBUG - Found 2 images for lfw/Ahmet_Necdet_Sezer
2023-09-14 22:42:20,590 - DEBUG - setting image as reference image: lfw/Ahmet_Necdet_Sezer/Ahmet_Necdet_Sezer_0001.jpg
2023-09-14 22:42:28,688 - INFO - Running test for lfw/Ahmet_Necdet_Sezer/Ahmet_Necdet_Sezer_0002.jpg
2023-09-14 22:43:09,199 - DEBUG - Stdout of extracting embedding: 35.57443642616272
2023-09-14 22:43:09,200 - DEBUG - Stderr of extracting embedding: 
2023-09-14 22:43:09,201 - INFO - Embedding extracted by the server in 35.57443642616272 seconds
2023-09-14 22:43:15,442 - INFO - Running sfe...
2023-09-14 22:43:53,229 - INFO - Finished! Total sfe time: 37.785428524017334 seconds (1/2)
2023-09-14 22:43:53,230 - DEBUG - Host 192.168.5.115: exit code 0, output ['Online time is distributed as follows: ', 'Bool: local gates: 519.9250000000, interactive gates: 582.9480000000, layer finish: 446.6380000000', 'Yao: local gates: 11.8880000000, interactive gates: 8.4210000000, layer finish: 4.0510000000', 'Yao Rev: local gates: 8.8020000000, interactive gates: 9.2780000000, layer finish: 6.0270000000', 'Arith: local gates: 13.0310000000, interactive gates: 7.5260000000, layer finish: 12.6490000000', 'SPLUT: local gates: 9.5000000000, interactive gates: 7.7790000000, layer finish: 60.8450000000', 'Communication: 24242.0309999999', '', 'Complexities: ', 'Boolean Sharing: ANDs: 1878982 (1-bit) ; Depth: 8080', 'Total Vec AND: 1878982', 'Total Non-Vec AND: 1878982', 'XOR vals: 1740116 gates: 596354', 'Comb gates: 0, CombStruct gates: 0, Perm gates: 0, Subset gates: 12288, Split gates: 0', 'Yao: ANDs: 0 ; Depth: 0', 'Reverse Yao: ANDs: 0 ; Depth: 0', 'Arithmetic Sharing: MULs: 0 ; Depth: 0', 'SP-LUT Sharing: OT-gates: Total OT gates = 0; Depth: 1', 'Total number of gates: 1339400 Total depth: 8080', 'Timings: ', 'Total =\t\t31617.3060000000 ms', 'Init =\t\t0.3050000000 ms', 'CircuitGen =\t0.2740000000 ms', 'Network =\t165.8340000000 ms', 'BaseOTs =\t137.7640000000 ms', 'Setup =\t\t5628.6240000000 ms', 'OTExtension =\t5602.6650000000 ms', 'Garbling =\t0.0090000000 ms', 'Online =\t25988.6760000000 ms', '', 'Communication: ', 'Total Sent / Rcv\t19986407  bytes / 19986910 bytes', 'BaseOTs Sent / Rcv\t10523  bytes / 10532 bytes', 'Setup Sent / Rcv\t19437202  bytes / 19437193 bytes', 'OTExtension Sent / Rcv\t19437193  bytes / 19437193 bytes', 'Garbling Sent / Rcv\t0  bytes / 0 bytes', 'Online Sent / Rcv\t549205  bytes / 549717 bytes', '', 'cos_dist_ver: 0.4069042206', 'cos_dist: 0.4069042206'], error ['\tCommand being timed: "/home/kamil/pffrocd/ABY/build/bin/cos_dist_float_scen_simd_32 -r 1 -a 192.168.5.114 -f /home/kamil/pffrocd/ABY/build/bin/embeddings.txt -o /home/kamil/pffrocd -s 80 -x 0"', '\tUser time (seconds): 13.73', '\tSystem time (seconds): 5.13', '\tPercent of CPU this job got: 50%', '\tElapsed (wall clock) time (h:mm:ss or m:ss): 0:37.17', '\tAverage shared text size (kbytes): 0', '\tAverage unshared data size (kbytes): 0', '\tAverage stack size (kbytes): 0', '\tAverage total size (kbytes): 0', '\tMaximum resident set size (kbytes): 141816', '\tAverage resident set size (kbytes): 0', '\tMajor (requiring I/O) page faults: 40', '\tMinor (reclaiming a frame) page faults: 61099', '\tVoluntary context switches: 69112', '\tInvoluntary context switches: 44204', '\tSwaps: 0', '\tFile system inputs: 6536', '\tFile system outputs: 0', '\tSocket messages sent: 0', '\tSocket messages received: 0', '\tSignals delivered: 0', '\tPage size (bytes): 4096', '\tExit status: 0']
2023-09-14 22:43:53,232 - DEBUG - Host 192.168.5.114: exit code 0, output ['Online time is distributed as follows: ', 'Bool: local gates: 509.7670000000, interactive gates: 561.0540000000, layer finish: 436.0650000000', 'Yao: local gates: 11.8000000000, interactive gates: 9.3470000000, layer finish: 6.1410000000', 'Yao Rev: local gates: 10.0510000000, interactive gates: 7.0530000000, layer finish: 2.4130000000', 'Arith: local gates: 10.8420000000, interactive gates: 9.2030000000, layer finish: 10.2690000000', 'SPLUT: local gates: 9.2130000000, interactive gates: 8.6180000000, layer finish: 62.8490000000', 'Communication: 24289.1690000000', '', 'Complexities: ', 'Boolean Sharing: ANDs: 1878982 (1-bit) ; Depth: 8080', 'Total Vec AND: 1878982', 'Total Non-Vec AND: 1878982', 'XOR vals: 1740116 gates: 596354', 'Comb gates: 0, CombStruct gates: 0, Perm gates: 0, Subset gates: 12288, Split gates: 0', 'Yao: ANDs: 0 ; Depth: 0', 'Reverse Yao: ANDs: 0 ; Depth: 0', 'Arithmetic Sharing: MULs: 0 ; Depth: 0', 'SP-LUT Sharing: OT-gates: Total OT gates = 0; Depth: 1', 'Total number of gates: 1339400 Total depth: 8080', 'Timings: ', 'Total =\t\t31617.7930000000 ms', 'Init =\t\t0.4430000000 ms', 'CircuitGen =\t0.4110000000 ms', 'Network =\t19.1640000000 ms', 'BaseOTs =\t137.4510000000 ms', 'Setup =\t\t5623.0370000000 ms', 'OTExtension =\t5603.6050000000 ms', 'Garbling =\t0.0080000000 ms', 'Online =\t25994.7490000000 ms', '', 'Communication: ', 'Total Sent / Rcv\t19986910  bytes / 19986398 bytes', 'BaseOTs Sent / Rcv\t10532  bytes / 10532 bytes', 'Setup Sent / Rcv\t19437193  bytes / 19437193 bytes', 'OTExtension Sent / Rcv\t19437193  bytes / 19437193 bytes', 'Garbling Sent / Rcv\t0  bytes / 0 bytes', 'Online Sent / Rcv\t549717  bytes / 549205 bytes', '', 'cos_dist_ver: 0.4069042206', 'cos_dist: 0.4069042206'], error ['\tCommand being timed: "/home/kamil/pffrocd/ABY/build/bin/cos_dist_float_scen_simd_32 -r 0 -a 192.168.5.114 -f /home/kamil/pffrocd/ABY/build/bin/embeddings.txt -o /home/kamil/pffrocd -s 80 -x 0"', '\tUser time (seconds): 14.10', '\tSystem time (seconds): 4.93', '\tPercent of CPU this job got: 51%', '\tElapsed (wall clock) time (h:mm:ss or m:ss): 0:37.19', '\tAverage shared text size (kbytes): 0', '\tAverage unshared data size (kbytes): 0', '\tAverage stack size (kbytes): 0', '\tAverage total size (kbytes): 0', '\tMaximum resident set size (kbytes): 147784', '\tAverage resident set size (kbytes): 0', '\tMajor (requiring I/O) page faults: 20', '\tMinor (reclaiming a frame) page faults: 62613', '\tVoluntary context switches: 68417', '\tInvoluntary context switches: 41383', '\tSwaps: 0', '\tFile system inputs: 3744', '\tFile system outputs: 0', '\tSocket messages sent: 0', '\tSocket messages received: 0', '\tSignals delivered: 0', '\tPage size (bytes): 4096', '\tExit status: 0']
2023-09-14 22:43:53,232 - DEBUG - Parsed ram usage: {'Command being timed': '"/home/kamil/pffrocd/ABY/build/bin/cos_dist_float_scen_simd_32 -r 0 -a 192.168.5.114 -f /home/kamil/pffrocd/ABY/build/bin/embeddings.txt -o /home/kamil/pffrocd -s 80 -x 0"', 'User time (seconds)': '14.10', 'System time (seconds)': '4.93', 'Percent of CPU this job got': '51%', 'Elapsed (wall clock) time (h:mm:ss or m:ss)': '0:37.19', 'Average shared text size (kbytes)': '0', 'Average unshared data size (kbytes)': '0', 'Average stack size (kbytes)': '0', 'Average total size (kbytes)': '0', 'Maximum resident set size (kbytes)': '147784', 'Average resident set size (kbytes)': '0', 'Major (requiring I/O) page faults': '20', 'Minor (reclaiming a frame) page faults': '62613', 'Voluntary context switches': '68417', 'Involuntary context switches': '41383', 'Swaps': '0', 'File system inputs': '3744', 'File system outputs': '0', 'Socket messages sent': '0', 'Socket messages received': '0', 'Signals delivered': '0', 'Page size (bytes)': '4096', 'Exit status': '0'}
2023-09-14 22:43:53,233 - INFO - Running powertop to gather energy consumption data...
2023-09-14 22:44:38,655 - DEBUG - All values from powertop for client: 3       130 mW  
4       128 mW  
7      54.5 mW  
12     31.5 mW  
18     4.26 mW  
19     3.15 mW  
20     2.87 mW  
23     2.15 mW  
48      214 uW  
68        0 mW  
71        0 mW  
Name: PW Estimate, dtype: object
2023-09-14 22:44:38,657 - DEBUG - Energy client: 13.832590370519634
2023-09-14 22:44:41,005 - DEBUG - All values from powertop for server: 2       148 mW  
4       133 mW  
5       130 mW  
12     14.1 mW  
17     4.27 mW  
19     3.26 mW  
21     2.44 mW  
27     1.14 mW  
33      630 uW  
36      471 uW  
45      301 uW  
Name: PW Estimate, dtype: object
2023-09-14 22:44:41,007 - DEBUG - Energy server: 16.972968947252273
2023-09-14 22:44:41,011 - DEBUG - parsed_sfe_output={'online_time.bool.local_gates': '509.7670000000', 'online_time.bool.interactive_gates': '561.0540000000', 'online_time.bool.layer_finish': '436.0650000000', 'online_time.yao.local_gates': '11.8000000000', 'online_time.yao.interactive_gates': '9.3470000000', 'online_time.yao.layer_finish': '6.1410000000', 'online_time.yao_rev.local_gates': '10.0510000000', 'online_time.yao_rev.interactive_gates': '7.0530000000', 'online_time.yao_rev.layer_finish': '2.4130000000', 'online_time.arith.local_gates': '10.8420000000', 'online_time.arith.interactive_gates': '9.2030000000', 'online_time.arith.layer_finish': '10.2690000000', 'online_time.splut.local_gates': '9.2130000000', 'online_time.splut.interactive_gates': '8.6180000000', 'online_time.splut.layer_finish': '62.8490000000', 'online_time.communication': '24289.1690000000', 'complexities.boolean_sharing.ands': '1878982', 'complexities.boolean_sharing.depth': '8080', 'complexities.total_vec_and': '1878982', 'complexities.total_non_vec_and': '1878982', 'complexities.xor_vals': '1740116', 'complexities.gates': '596354', 'complexities.comb_gates': '0', 'complexities.combstruct_gates': '0', 'complexities.perm_gates': '0', 'complexities.subset_gates': '12288', 'complexities.split_gates': '0', 'complexities.yao.ands': '0', 'complexities.yao.depth': '0', 'complexities.reverse_yao.ands': '0', 'complexities.reverse_yao.depth': '0', 'complexities.arithmetic_sharing.muls': '0', 'complexities.arithmetic_sharing.depth': '0', 'complexities.sp_lut_sharing.ot_gates_total': '0', 'complexities.sp_lut_sharing.depth': '1', 'complexities.total_nr_of_gates': '1339400', 'complexities.total_depth': '8080', 'timings.total': '31617.7930000000', 'timings.init': '0.4430000000', 'timings.circuitgen': '0.4110000000', 'timings.network': '19.1640000000', 'timings.baseots': '137.4510000000', 'timings.setup': '5623.0370000000', 'timings.otextension': '5603.6050000000', 'timings.garbling': '0.0080000000', 'timings.online': '25994.7490000000', 'communication.total.sent': '19986910', 'communication.total.received': '19986398', 'communication.base_ots.sent': '10532', 'communication.base_ots.received': '10532', 'communication.setup.sent': '19437193', 'communication.setup.received': '19437193', 'communication.otextension.sent': '19437193', 'communication.otextension.received': '19437193', 'communication.garbling.sent': '0', 'communication.garbling.received': '0', 'communication.online.sent': '549717', 'communication.online.received': '549205', 'cos_dist_ver': '0.4069042206', 'cos_dist_sfe': '0.4069042206'}
2023-09-14 22:44:41,012 - DEBUG - list_of_sfe_values=['509.7670000000', '561.0540000000', '436.0650000000', '11.8000000000', '9.3470000000', '6.1410000000', '10.0510000000', '7.0530000000', '2.4130000000', '10.8420000000', '9.2030000000', '10.2690000000', '9.2130000000', '8.6180000000', '62.8490000000', '24289.1690000000', '1878982', '8080', '1878982', '1878982', '1740116', '596354', '0', '0', '0', '12288', '0', '0', '0', '0', '0', '0', '0', '0', '1', '1339400', '8080', '31617.7930000000', '0.4430000000', '0.4110000000', '19.1640000000', '137.4510000000', '5623.0370000000', '5603.6050000000', '0.0080000000', '25994.7490000000', '19986910', '19986398', '10532', '10532', '19437193', '19437193', '19437193', '19437193', '0', '0', '549717', '549205', '0.4069042206', '0.4069042206']
2023-09-14 22:44:41,012 - DEBUG - Checking if the key <[sudo] password for kamil> exists
