2023-09-14 08:31:59,231 - DEBUG - pffrocd config: {
    "client": {
        "ip_address": "192.168.5.115",
        "username": "kamil",
        "private_ssh_key_path": "/home/kamil/.ssh/id_thesis",
        "executable_path": "/home/kamil/pffrocd/ABY/build/bin",
        "executable_name": "cos_dist_float_scen_simd",
        "pffrocd_path": "/home/kamil/pffrocd"
    },
    "server": {
        "ip_address": "192.168.5.114",
        "username": "kamil",
        "private_ssh_key_path": "/home/kamil/.ssh/id_thesis",
        "executable_path": "/home/kamil/pffrocd/ABY/build/bin",
        "executable_name": "cos_dist_float_scen_simd",
        "pffrocd_path": "/home/kamil/pffrocd"
    },
    "misc": {
        "nr_of_people": "1000",
        "security_level": "80",
        "mt_algorithm": "0",
        "niceness": "-20",
        "starting_person": "20",
        "nr_of_images": "30",
        "bit_length": "32",
        "gather_energy_data": "1"
    }
}
2023-09-14 08:31:59,316 - INFO - RUNNING for 980 people
2023-09-14 08:31:59,316 - INFO - Currently running for lfw/Ahmet_Necdet_Sezer (1/980)
2023-09-14 08:31:59,316 - DEBUG - Found 2 images for lfw/Ahmet_Necdet_Sezer
2023-09-14 08:31:59,316 - DEBUG - setting image as reference image: lfw/Ahmet_Necdet_Sezer/Ahmet_Necdet_Sezer_0001.jpg
2023-09-14 08:32:02,910 - INFO - Running test for lfw/Ahmet_Necdet_Sezer/Ahmet_Necdet_Sezer_0002.jpg
2023-09-14 08:32:23,119 - DEBUG - Stdout of extracting embedding: 17.36332368850708
2023-09-14 08:32:23,119 - DEBUG - Stderr of extracting embedding: 
2023-09-14 08:32:23,120 - INFO - Embedding extracted by the server in 17.36332368850708 seconds
2023-09-14 08:32:25,536 - INFO - Running sfe...
2023-09-14 08:32:41,271 - INFO - Finished! Total sfe time: 15.735043048858643 seconds (1/2)
2023-09-14 08:32:41,272 - DEBUG - Host 192.168.5.115: exit code 0, output ['Online time is distributed as follows: ', 'Bool: local gates: 384.1930000000, interactive gates: 429.5640000000, layer finish: 281.4720000000', 'Yao: local gates: 7.1160000000, interactive gates: 5.8710000000, layer finish: 3.1800000000', 'Yao Rev: local gates: 6.3270000000, interactive gates: 6.0420000000, layer finish: 1.6590000000', 'Arith: local gates: 8.4010000000, interactive gates: 7.2150000000, layer finish: 10.0670000000', 'SPLUT: local gates: 5.7060000000, interactive gates: 5.5430000000, layer finish: 43.5100000000', 'Communication: 4950.3860000000', '', 'Complexities: ', 'Boolean Sharing: ANDs: 1878982 (1-bit) ; Depth: 8080', 'Total Vec AND: 1878982', 'Total Non-Vec AND: 1878982', 'XOR vals: 1740116 gates: 596354', 'Comb gates: 0, CombStruct gates: 0, Perm gates: 0, Subset gates: 12288, Split gates: 0', 'Yao: ANDs: 0 ; Depth: 0', 'Reverse Yao: ANDs: 0 ; Depth: 0', 'Arithmetic Sharing: MULs: 0 ; Depth: 0', 'SP-LUT Sharing: OT-gates: Total OT gates = 0; Depth: 1', 'Total number of gates: 1339400 Total depth: 8080', 'Timings: ', 'Total =\t\t10052.8150000000 ms', 'Init =\t\t0.2770000000 ms', 'CircuitGen =\t0.2580000000 ms', 'Network =\t227.6590000000 ms', 'BaseOTs =\t117.2380000000 ms', 'Setup =\t\t3869.8990000000 ms', 'OTExtension =\t3850.7070000000 ms', 'Garbling =\t0.0080000000 ms', 'Online =\t6182.9090000000 ms', '', 'Communication: ', 'Total Sent / Rcv\t19986398  bytes / 19986910 bytes', 'BaseOTs Sent / Rcv\t10532  bytes / 10532 bytes', 'Setup Sent / Rcv\t19437193  bytes / 19437193 bytes', 'OTExtension Sent / Rcv\t19437193  bytes / 19437193 bytes', 'Garbling Sent / Rcv\t0  bytes / 0 bytes', 'Online Sent / Rcv\t549205  bytes / 549717 bytes', '', 'cos_dist_ver: 0.4069042802', 'cos_dist: 0.4069042802'], error ['\tCommand being timed: "/home/kamil/pffrocd/ABY/build/bin/cos_dist_float_scen_simd_32 -r 1 -a 192.168.5.114 -f /home/kamil/pffrocd/ABY/build/bin/embeddings.txt -o /home/kamil/pffrocd -s 80 -x 0"', '\tUser time (seconds): 12.76', '\tSystem time (seconds): 4.05', '\tPercent of CPU this job got: 109%', '\tElapsed (wall clock) time (h:mm:ss or m:ss): 0:15.38', '\tAverage shared text size (kbytes): 0', '\tAverage unshared data size (kbytes): 0', '\tAverage stack size (kbytes): 0', '\tAverage total size (kbytes): 0', '\tMaximum resident set size (kbytes): 137956', '\tAverage resident set size (kbytes): 0', '\tMajor (requiring I/O) page faults: 0', '\tMinor (reclaiming a frame) page faults: 60153', '\tVoluntary context switches: 66686', '\tInvoluntary context switches: 16102', '\tSwaps: 0', '\tFile system inputs: 0', '\tFile system outputs: 0', '\tSocket messages sent: 0', '\tSocket messages received: 0', '\tSignals delivered: 0', '\tPage size (bytes): 4096', '\tExit status: 0']
2023-09-14 08:32:41,273 - DEBUG - Host 192.168.5.114: exit code 0, output ['Online time is distributed as follows: ', 'Bool: local gates: 420.3990000000, interactive gates: 466.6500000000, layer finish: 319.3820000000', 'Yao: local gates: 8.1110000000, interactive gates: 6.8880000000, layer finish: 4.3360000000', 'Yao Rev: local gates: 6.4040000000, interactive gates: 5.2390000000, layer finish: 2.1420000000', 'Arith: local gates: 6.3740000000, interactive gates: 8.0980000000, layer finish: 5.4150000000', 'SPLUT: local gates: 6.7720000000, interactive gates: 6.1680000000, layer finish: 46.2100000000', 'Communication: 4838.7660000000', '', 'Complexities: ', 'Boolean Sharing: ANDs: 1878982 (1-bit) ; Depth: 8080', 'Total Vec AND: 1878982', 'Total Non-Vec AND: 1878982', 'XOR vals: 1740116 gates: 596354', 'Comb gates: 0, CombStruct gates: 0, Perm gates: 0, Subset gates: 12288, Split gates: 0', 'Yao: ANDs: 0 ; Depth: 0', 'Reverse Yao: ANDs: 0 ; Depth: 0', 'Arithmetic Sharing: MULs: 0 ; Depth: 0', 'SP-LUT Sharing: OT-gates: Total OT gates = 0; Depth: 1', 'Total number of gates: 1339400 Total depth: 8080', 'Timings: ', 'Total =\t\t10053.4600000000 ms', 'Init =\t\t0.2610000000 ms', 'CircuitGen =\t0.2440000000 ms', 'Network =\t8.9040000000 ms', 'BaseOTs =\t117.3170000000 ms', 'Setup =\t\t3869.6180000000 ms', 'OTExtension =\t3850.3550000000 ms', 'Garbling =\t0.0080000000 ms', 'Online =\t6183.8360000000 ms', '', 'Communication: ', 'Total Sent / Rcv\t19986910  bytes / 19986398 bytes', 'BaseOTs Sent / Rcv\t10532  bytes / 10532 bytes', 'Setup Sent / Rcv\t19437193  bytes / 19437193 bytes', 'OTExtension Sent / Rcv\t19437193  bytes / 19437193 bytes', 'Garbling Sent / Rcv\t0  bytes / 0 bytes', 'Online Sent / Rcv\t549717  bytes / 549205 bytes', '', 'cos_dist_ver: 0.4069042802', 'cos_dist: 0.4069042802'], error ['\tCommand being timed: "/home/kamil/pffrocd/ABY/build/bin/cos_dist_float_scen_simd_32 -r 0 -a 192.168.5.114 -f /home/kamil/pffrocd/ABY/build/bin/embeddings.txt -o /home/kamil/pffrocd -s 80 -x 0"', '\tUser time (seconds): 13.08', '\tSystem time (seconds): 4.80', '\tPercent of CPU this job got: 116%', '\tElapsed (wall clock) time (h:mm:ss or m:ss): 0:15.35', '\tAverage shared text size (kbytes): 0', '\tAverage unshared data size (kbytes): 0', '\tAverage stack size (kbytes): 0', '\tAverage total size (kbytes): 0', '\tMaximum resident set size (kbytes): 140316', '\tAverage resident set size (kbytes): 0', '\tMajor (requiring I/O) page faults: 2', '\tMinor (reclaiming a frame) page faults: 60735', '\tVoluntary context switches: 65208', '\tInvoluntary context switches: 18624', '\tSwaps: 0', '\tFile system inputs: 840', '\tFile system outputs: 0', '\tSocket messages sent: 0', '\tSocket messages received: 0', '\tSignals delivered: 0', '\tPage size (bytes): 4096', '\tExit status: 0']
2023-09-14 08:32:41,273 - DEBUG - Parsed ram usage: {'Command being timed': '"/home/kamil/pffrocd/ABY/build/bin/cos_dist_float_scen_simd_32 -r 0 -a 192.168.5.114 -f /home/kamil/pffrocd/ABY/build/bin/embeddings.txt -o /home/kamil/pffrocd -s 80 -x 0"', 'User time (seconds)': '13.08', 'System time (seconds)': '4.80', 'Percent of CPU this job got': '116%', 'Elapsed (wall clock) time (h:mm:ss or m:ss)': '0:15.35', 'Average shared text size (kbytes)': '0', 'Average unshared data size (kbytes)': '0', 'Average stack size (kbytes)': '0', 'Average total size (kbytes)': '0', 'Maximum resident set size (kbytes)': '140316', 'Average resident set size (kbytes)': '0', 'Major (requiring I/O) page faults': '2', 'Minor (reclaiming a frame) page faults': '60735', 'Voluntary context switches': '65208', 'Involuntary context switches': '18624', 'Swaps': '0', 'File system inputs': '840', 'File system outputs': '0', 'Socket messages sent': '0', 'Socket messages received': '0', 'Signals delivered': '0', 'Page size (bytes)': '4096', 'Exit status': '0'}
2023-09-14 08:32:41,273 - INFO - Running powertop to gather energy consumption data...
