2023-10-02 15:25:10,511 - DEBUG - pffrocd config: {
    "client": {
        "ip_address": "192.168.5.125",
        "username": "kamil",
        "password": "kamil123",
        "private_ssh_key_path": "/home/dietpi/.ssh/id_rsa",
        "executable_path": "/home/kamil/pffrocd/ABY/build/bin",
        "executable_name": "cos_dist_float_scen_simd",
        "pffrocd_path": "/home/kamil/pffrocd"
    },
    "server": {
        "ip_address": "192.168.5.124",
        "username": "kamil",
        "password": "kamil123",
        "private_ssh_key_path": "/home/dietpi/.ssh/id_rsa",
        "executable_path": "/home/kamil/pffrocd/ABY/build/bin",
        "executable_name": "cos_dist_float_scen_simd",
        "pffrocd_path": "/home/kamil/pffrocd"
    },
    "misc": {
        "nr_of_people": "1500",
        "security_level": "80",
        "mt_algorithm": "0",
        "niceness": "-20",
        "starting_person": "15",
        "bit_length": "32",
        "gather_energy_data": "1"
    }
}
2023-10-02 15:25:26,928 - INFO - Initial (tested with iperf3) bandwidth: 243.37 Mbits/sec
2023-10-02 15:25:27,529 - INFO - RUNNING for 1485 people
2023-10-02 15:25:27,530 - INFO - Currently running for lfw/Adrian_McPherson (1/1485)
2023-10-02 15:25:27,530 - DEBUG - Found 2 images for lfw/Adrian_McPherson
2023-10-02 15:25:27,531 - DEBUG - setting image as reference image: lfw/Adrian_McPherson/Adrian_McPherson_0001.jpg
2023-10-02 15:25:34,270 - INFO - Running test for lfw/Adrian_McPherson/Adrian_McPherson_0002.jpg
2023-10-02 15:25:59,469 - DEBUG - Stdout of extracting embedding: 20.663561582565308
2023-10-02 15:25:59,471 - DEBUG - Stderr of extracting embedding: 
2023-10-02 15:25:59,472 - INFO - Embedding extracted by the server in 20.663561582565308 seconds
2023-10-02 15:26:05,396 - INFO - Running sfe...
2023-10-02 15:26:49,443 - INFO - Finished! Total sfe time: 44.04551362991333 seconds (1/2)
2023-10-02 15:26:49,446 - DEBUG - Host 192.168.5.125: exit code 0, output ['AES performance: 47.3205916479 MiB/sec', 'RTT: 1.0740000000 ms', 'Throughput: 27.5061722346 MiB/s', 'Online time is distributed as follows: ', 'Bool: local gates: 425.8640000000, interactive gates: 474.5070000000, layer finish: 319.4550000000', 'Yao: local gates: 7.1520000000, interactive gates: 6.4830000000, layer finish: 4.2530000000', 'Yao Rev: local gates: 7.6610000000, interactive gates: 6.0560000000, layer finish: 3.4930000000', 'Arith: local gates: 7.4210000000, interactive gates: 6.0040000000, layer finish: 5.8160000000', 'SPLUT: local gates: 6.9450000000, interactive gates: 5.9810000000, layer finish: 47.4090000000', 'Communication: 5147.2780000000', '', 'Complexities: ', 'Boolean Sharing: ANDs: 1878982 (1-bit) ; Depth: 8080', 'Total Vec AND: 1878982', 'Total Non-Vec AND: 1878982', 'XOR vals: 1740116 gates: 596354', 'Comb gates: 0, CombStruct gates: 0, Perm gates: 0, Subset gates: 12288, Split gates: 0', 'Yao: ANDs: 0 ; Depth: 0', 'Reverse Yao: ANDs: 0 ; Depth: 0', 'Arithmetic Sharing: MULs: 0 ; Depth: 0', 'SP-LUT Sharing: OT-gates: Total OT gates = 0; Depth: 1', 'Total number of gates: 1339400 Total depth: 8080', 'Timings: ', 'Total =\t\t10602.4770000000 ms', 'Init =\t\t22072.3330000000 ms', 'CircuitGen =\t0.3170000000 ms', 'Network =\t140.4270000000 ms', 'BaseOTs =\t4950.0350000000 ms', 'Setup =\t\t4098.8640000000 ms', 'OTExtension =\t4082.1920000000 ms', 'Garbling =\t0.0080000000 ms', 'Online =\t6503.6070000000 ms', '', 'Communication: ', 'Total Sent / Rcv\t19986407  bytes / 19986910 bytes', 'BaseOTs Sent / Rcv\t67119691  bytes / 67119700 bytes', 'Setup Sent / Rcv\t19437202  bytes / 19437193 bytes', 'OTExtension Sent / Rcv\t19437184  bytes / 19437193 bytes', 'Garbling Sent / Rcv\t0  bytes / 0 bytes', 'Online Sent / Rcv\t549205  bytes / 549717 bytes', '', 'cos_dist_ver: 0.7936482430', 'cos_dist: 0.7936482430'], error ['\tCommand being timed: "/home/kamil/pffrocd/ABY/build/bin/cos_dist_float_scen_simd_32 -r 1 -a 192.168.5.124 -f /home/kamil/pffrocd/ABY/build/bin/embeddings.txt -o /home/kamil/pffrocd -s 80 -x 0"', '\tUser time (seconds): 36.07', '\tSystem time (seconds): 6.10', '\tPercent of CPU this job got: 96%', '\tElapsed (wall clock) time (h:mm:ss or m:ss): 0:43.57', '\tAverage shared text size (kbytes): 0', '\tAverage unshared data size (kbytes): 0', '\tAverage stack size (kbytes): 0', '\tAverage total size (kbytes): 0', '\tMaximum resident set size (kbytes): 147500', '\tAverage resident set size (kbytes): 0', '\tMajor (requiring I/O) page faults: 0', '\tMinor (reclaiming a frame) page faults: 95306', '\tVoluntary context switches: 71385', '\tInvoluntary context switches: 17859', '\tSwaps: 0', '\tFile system inputs: 0', '\tFile system outputs: 0', '\tSocket messages sent: 0', '\tSocket messages received: 0', '\tSignals delivered: 0', '\tPage size (bytes): 4096', '\tExit status: 0']
2023-10-02 15:26:49,448 - DEBUG - Host 192.168.5.124: exit code 0, output ['AES performance: 47.4082151029 MiB/sec', 'RTT: 1.0818750000 ms', 'Throughput: 26.6872492076 MiB/s', 'Online time is distributed as follows: ', 'Bool: local gates: 428.1030000000, interactive gates: 491.1540000000, layer finish: 336.2990000000', 'Yao: local gates: 10.9590000000, interactive gates: 6.9250000000, layer finish: 4.2770000000', 'Yao Rev: local gates: 8.3540000000, interactive gates: 5.8020000000, layer finish: 3.8190000000', 'Arith: local gates: 6.6940000000, interactive gates: 6.0290000000, layer finish: 7.1420000000', 'SPLUT: local gates: 9.3520000000, interactive gates: 8.7950000000, layer finish: 51.7900000000', 'Communication: 5092.7500000000', '', 'Complexities: ', 'Boolean Sharing: ANDs: 1878982 (1-bit) ; Depth: 8080', 'Total Vec AND: 1878982', 'Total Non-Vec AND: 1878982', 'XOR vals: 1740116 gates: 596354', 'Comb gates: 0, CombStruct gates: 0, Perm gates: 0, Subset gates: 12288, Split gates: 0', 'Yao: ANDs: 0 ; Depth: 0', 'Reverse Yao: ANDs: 0 ; Depth: 0', 'Arithmetic Sharing: MULs: 0 ; Depth: 0', 'SP-LUT Sharing: OT-gates: Total OT gates = 0; Depth: 1', 'Total number of gates: 1339400 Total depth: 8080', 'Timings: ', 'Total =\t\t10604.0470000000 ms', 'Init =\t\t22038.0050000000 ms', 'CircuitGen =\t0.3180000000 ms', 'Network =\t11.3530000000 ms', 'BaseOTs =\t4950.2180000000 ms', 'Setup =\t\t4099.0330000000 ms', 'OTExtension =\t4082.1820000000 ms', 'Garbling =\t0.0090000000 ms', 'Online =\t6505.0080000000 ms', '', 'Communication: ', 'Total Sent / Rcv\t19986910  bytes / 19986398 bytes', 'BaseOTs Sent / Rcv\t67119700  bytes / 67119700 bytes', 'Setup Sent / Rcv\t19437193  bytes / 19437193 bytes', 'OTExtension Sent / Rcv\t19437193  bytes / 19437193 bytes', 'Garbling Sent / Rcv\t0  bytes / 0 bytes', 'Online Sent / Rcv\t549717  bytes / 549205 bytes', '', 'cos_dist_ver: 0.7936482430', 'cos_dist: 0.7936482430'], error ['\tCommand being timed: "/home/kamil/pffrocd/ABY/build/bin/cos_dist_float_scen_simd_32 -r 0 -a 192.168.5.124 -f /home/kamil/pffrocd/ABY/build/bin/embeddings.txt -o /home/kamil/pffrocd -s 80 -x 0"', '\tUser time (seconds): 36.14', '\tSystem time (seconds): 5.84', '\tPercent of CPU this job got: 96%', '\tElapsed (wall clock) time (h:mm:ss or m:ss): 0:43.50', '\tAverage shared text size (kbytes): 0', '\tAverage unshared data size (kbytes): 0', '\tAverage stack size (kbytes): 0', '\tAverage total size (kbytes): 0', '\tMaximum resident set size (kbytes): 145064', '\tAverage resident set size (kbytes): 0', '\tMajor (requiring I/O) page faults: 0', '\tMinor (reclaiming a frame) page faults: 95697', '\tVoluntary context switches: 70887', '\tInvoluntary context switches: 17681', '\tSwaps: 0', '\tFile system inputs: 768', '\tFile system outputs: 0', '\tSocket messages sent: 0', '\tSocket messages received: 0', '\tSignals delivered: 0', '\tPage size (bytes): 4096', '\tExit status: 0']
2023-10-02 15:26:49,449 - DEBUG - Parsed server ram usage: {'Command being timed': '"/home/kamil/pffrocd/ABY/build/bin/cos_dist_float_scen_simd_32 -r 0 -a 192.168.5.124 -f /home/kamil/pffrocd/ABY/build/bin/embeddings.txt -o /home/kamil/pffrocd -s 80 -x 0"', 'User time (seconds)': '36.14', 'System time (seconds)': '5.84', 'Percent of CPU this job got': '96%', 'Elapsed (wall clock) time (h:mm:ss or m:ss)': '0:43.50', 'Average shared text size (kbytes)': '0', 'Average unshared data size (kbytes)': '0', 'Average stack size (kbytes)': '0', 'Average total size (kbytes)': '0', 'Maximum resident set size (kbytes)': '145064', 'Average resident set size (kbytes)': '0', 'Major (requiring I/O) page faults': '0', 'Minor (reclaiming a frame) page faults': '95697', 'Voluntary context switches': '70887', 'Involuntary context switches': '17681', 'Swaps': '0', 'File system inputs': '768', 'File system outputs': '0', 'Socket messages sent': '0', 'Socket messages received': '0', 'Signals delivered': '0', 'Page size (bytes)': '4096', 'Exit status': '0'}
2023-10-02 15:26:49,450 - DEBUG - Parsed client ram usage: {'Command being timed': '"/home/kamil/pffrocd/ABY/build/bin/cos_dist_float_scen_simd_32 -r 1 -a 192.168.5.124 -f /home/kamil/pffrocd/ABY/build/bin/embeddings.txt -o /home/kamil/pffrocd -s 80 -x 0"', 'User time (seconds)': '36.07', 'System time (seconds)': '6.10', 'Percent of CPU this job got': '96%', 'Elapsed (wall clock) time (h:mm:ss or m:ss)': '0:43.57', 'Average shared text size (kbytes)': '0', 'Average unshared data size (kbytes)': '0', 'Average stack size (kbytes)': '0', 'Average total size (kbytes)': '0', 'Maximum resident set size (kbytes)': '147500', 'Average resident set size (kbytes)': '0', 'Major (requiring I/O) page faults': '0', 'Minor (reclaiming a frame) page faults': '95306', 'Voluntary context switches': '71385', 'Involuntary context switches': '17859', 'Swaps': '0', 'File system inputs': '0', 'File system outputs': '0', 'Socket messages sent': '0', 'Socket messages received': '0', 'Signals delivered': '0', 'Page size (bytes)': '4096', 'Exit status': '0'}
2023-10-02 15:26:49,450 - INFO - Running powertop to gather energy consumption data...
