2023-10-09 13:49:54,879 - DEBUG - pffrocd config: {
    "client": {
        "ip_address": "192.168.5.121",
        "username": "kamil",
        "password": "kamil123",
        "private_ssh_key_path": "/home/dietpi/.ssh/id_rsa",
        "executable_path": "/home/kamil/pffrocd/ABY/build/bin",
        "executable_name": "cos_dist_float_scen_simd",
        "pffrocd_path": "/home/kamil/pffrocd"
    },
    "server": {
        "ip_address": "192.168.5.122",
        "username": "kamil",
        "password": "kamil123",
        "private_ssh_key_path": "/home/dietpi/.ssh/id_rsa",
        "executable_path": "/home/kamil/pffrocd/ABY/build/bin",
        "executable_name": "cos_dist_float_scen_simd",
        "pffrocd_path": "/home/kamil/pffrocd"
    },
    "misc": {
        "nr_of_people": "1500",
        "security_level": "112",
        "mt_algorithm": "1",
        "niceness": "-20",
        "starting_person": "15",
        "bit_length": "32",
        "gather_energy_data": "1"
    }
}
2023-10-09 13:50:11,178 - INFO - Initial (tested with iperf3) bandwidth: 243.30 Mbits/sec
2023-10-09 13:50:18,374 - INFO - RUNNING for 1485 people
2023-10-09 13:50:18,376 - INFO - Currently running for lfw/Adrian_McPherson (1/1485)
2023-10-09 13:50:18,377 - DEBUG - Found 2 images for lfw/Adrian_McPherson
2023-10-09 13:50:18,377 - DEBUG - setting image as reference image: lfw/Adrian_McPherson/Adrian_McPherson_0001.jpg
2023-10-09 13:50:27,440 - INFO - Running test for lfw/Adrian_McPherson/Adrian_McPherson_0002.jpg
2023-10-09 13:50:35,659 - DEBUG - Stdout of extracting embedding: 5.5375075340271
2023-10-09 13:50:35,660 - DEBUG - Stderr of extracting embedding: 
2023-10-09 13:50:35,661 - INFO - Embedding extracted by the server in 5.5375075340271 seconds
2023-10-09 13:50:41,051 - INFO - Running sfe...
2023-10-09 13:50:50,248 - INFO - Finished! Total sfe time: 9.195684909820557 seconds (1/2)
2023-10-09 13:50:50,254 - DEBUG - Host 192.168.5.121: exit code 0, output ['AES performance: 3664.7209765909 MiB/sec', 'RTT: 0.5035000000 ms', 'Throughput: 29.4329602246 MiB/s', 'Online time is distributed as follows: ', 'Bool: local gates: 120.6030000000, interactive gates: 134.0060000000, layer finish: 111.9440000000', 'Yao: local gates: 4.3380000000, interactive gates: 3.8290000000, layer finish: 2.4600000000', 'Yao Rev: local gates: 3.7070000000, interactive gates: 3.4640000000, layer finish: 4.3020000000', 'Arith: local gates: 3.9720000000, interactive gates: 4.1540000000, layer finish: 4.6920000000', 'SPLUT: local gates: 4.9740000000, interactive gates: 3.4070000000, layer finish: 20.6740000000', 'Communication: 1280.9820000000', '', 'Complexities: ', 'Boolean Sharing: ANDs: 1878982 (1-bit) ; Depth: 8080', 'Total Vec AND: 1878982', 'Total Non-Vec AND: 1878982', 'XOR vals: 1740116 gates: 596354', 'Comb gates: 0, CombStruct gates: 0, Perm gates: 0, Subset gates: 12288, Split gates: 0', 'Yao: ANDs: 0 ; Depth: 0', 'Reverse Yao: ANDs: 0 ; Depth: 0', 'Arithmetic Sharing: MULs: 0 ; Depth: 0', 'SP-LUT Sharing: OT-gates: Total OT gates = 0; Depth: 1', 'Total number of gates: 1339400 Total depth: 8080', 'Timings: ', 'Total =\t\t2684.6140000000 ms', 'Init =\t\t333.8500000000 ms', 'CircuitGen =\t0.0860000000 ms', 'Network =\t1.9570000000 ms', 'BaseOTs =\t4758.2090000000 ms', 'Setup =\t\t961.8670000000 ms', 'OTExtension =\t960.1070000000 ms', 'Garbling =\t0.0030000000 ms', 'Online =\t1722.7440000000 ms', '', 'Communication: ', 'Total Sent / Rcv\t27761136  bytes / 27761639 bytes', 'BaseOTs Sent / Rcv\t67138946  bytes / 67138955 bytes', 'Setup Sent / Rcv\t27211931  bytes / 27211922 bytes', 'OTExtension Sent / Rcv\t27211913  bytes / 27211922 bytes', 'Garbling Sent / Rcv\t0  bytes / 0 bytes', 'Online Sent / Rcv\t549205  bytes / 549717 bytes', '', 'cos_dist_ver: 0.7936482430', 'cos_dist: 0.7936482430'], error ['[sudo] password for kamil: \tCommand being timed: "/home/kamil/pffrocd/ABY/build/bin/cos_dist_float_scen_simd_32 -r 1 -a 192.168.5.122 -f /home/kamil/pffrocd/ABY/build/bin/embeddings.txt -o /home/kamil/pffrocd -s 112 -x 1"', '\tUser time (seconds): 3.64', '\tSystem time (seconds): 1.42', '\tPercent of CPU this job got: 57%', '\tElapsed (wall clock) time (h:mm:ss or m:ss): 0:08.86', '\tAverage shared text size (kbytes): 0', '\tAverage unshared data size (kbytes): 0', '\tAverage stack size (kbytes): 0', '\tAverage total size (kbytes): 0', '\tMaximum resident set size (kbytes): 169868', '\tAverage resident set size (kbytes): 0', '\tMajor (requiring I/O) page faults: 18', '\tMinor (reclaiming a frame) page faults: 99948', '\tVoluntary context switches: 109021', '\tInvoluntary context switches: 35', '\tSwaps: 0', '\tFile system inputs: 3296', '\tFile system outputs: 0', '\tSocket messages sent: 0', '\tSocket messages received: 0', '\tSignals delivered: 0', '\tPage size (bytes): 4096', '\tExit status: 0']
2023-10-09 13:50:50,256 - DEBUG - Host 192.168.5.122: exit code 0, output ['AES performance: 5416.0694357027 MiB/sec', 'RTT: 0.4470000000 ms', 'Throughput: 28.5279679952 MiB/s', 'Online time is distributed as follows: ', 'Bool: local gates: 47.9350000000, interactive gates: 51.9840000000, layer finish: 32.9660000000', 'Yao: local gates: 1.4820000000, interactive gates: 1.2580000000, layer finish: 6.8190000000', 'Yao Rev: local gates: 1.2850000000, interactive gates: 1.2920000000, layer finish: 0.4330000000', 'Arith: local gates: 1.4960000000, interactive gates: 1.2550000000, layer finish: 0.9770000000', 'SPLUT: local gates: 1.4710000000, interactive gates: 1.2110000000, layer finish: 6.7850000000', 'Communication: 1559.5170000000', '', 'Complexities: ', 'Boolean Sharing: ANDs: 1878982 (1-bit) ; Depth: 8080', 'Total Vec AND: 1878982', 'Total Non-Vec AND: 1878982', 'XOR vals: 1740116 gates: 596354', 'Comb gates: 0, CombStruct gates: 0, Perm gates: 0, Subset gates: 12288, Split gates: 0', 'Yao: ANDs: 0 ; Depth: 0', 'Reverse Yao: ANDs: 0 ; Depth: 0', 'Arithmetic Sharing: MULs: 0 ; Depth: 0', 'SP-LUT Sharing: OT-gates: Total OT gates = 0; Depth: 1', 'Total number of gates: 1339400 Total depth: 8080', 'Timings: ', 'Total =\t\t2748.4880000000 ms', 'Init =\t\t247.8040000000 ms', 'CircuitGen =\t0.0500000000 ms', 'Network =\t364.0640000000 ms', 'BaseOTs =\t4693.1780000000 ms', 'Setup =\t\t1026.0490000000 ms', 'OTExtension =\t1025.2360000000 ms', 'Garbling =\t0.0020000000 ms', 'Online =\t1722.4370000000 ms', '', 'Communication: ', 'Total Sent / Rcv\t27761648  bytes / 27761136 bytes', 'BaseOTs Sent / Rcv\t67138946  bytes / 67138946 bytes', 'Setup Sent / Rcv\t27211931  bytes / 27211931 bytes', 'OTExtension Sent / Rcv\t27211931  bytes / 27211931 bytes', 'Garbling Sent / Rcv\t0  bytes / 0 bytes', 'Online Sent / Rcv\t549717  bytes / 549205 bytes', '', 'cos_dist_ver: 0.7936482430', 'cos_dist: 0.7936482430'], error ['[sudo] password for kamil: \tCommand being timed: "/home/kamil/pffrocd/ABY/build/bin/cos_dist_float_scen_simd_32 -r 0 -a 192.168.5.122 -f /home/kamil/pffrocd/ABY/build/bin/embeddings.txt -o /home/kamil/pffrocd -s 112 -x 1"', '\tUser time (seconds): 2.31', '\tSystem time (seconds): 0.64', '\tPercent of CPU this job got: 33%', '\tElapsed (wall clock) time (h:mm:ss or m:ss): 0:08.82', '\tAverage shared text size (kbytes): 0', '\tAverage unshared data size (kbytes): 0', '\tAverage stack size (kbytes): 0', '\tAverage total size (kbytes): 0', '\tMaximum resident set size (kbytes): 169992', '\tAverage resident set size (kbytes): 0', '\tMajor (requiring I/O) page faults: 19', '\tMinor (reclaiming a frame) page faults: 100980', '\tVoluntary context switches: 108615', '\tInvoluntary context switches: 23', '\tSwaps: 0', '\tFile system inputs: 3040', '\tFile system outputs: 0', '\tSocket messages sent: 0', '\tSocket messages received: 0', '\tSignals delivered: 0', '\tPage size (bytes): 4096', '\tExit status: 0']
2023-10-09 13:50:50,257 - DEBUG - Parsed server ram usage: {'[sudo] password for kamil': '', 'Command being timed': '"/home/kamil/pffrocd/ABY/build/bin/cos_dist_float_scen_simd_32 -r 0 -a 192.168.5.122 -f /home/kamil/pffrocd/ABY/build/bin/embeddings.txt -o /home/kamil/pffrocd -s 112 -x 1"', 'User time (seconds)': '2.31', 'System time (seconds)': '0.64', 'Percent of CPU this job got': '33%', 'Elapsed (wall clock) time (h:mm:ss or m:ss)': '0:08.82', 'Average shared text size (kbytes)': '0', 'Average unshared data size (kbytes)': '0', 'Average stack size (kbytes)': '0', 'Average total size (kbytes)': '0', 'Maximum resident set size (kbytes)': '169992', 'Average resident set size (kbytes)': '0', 'Major (requiring I/O) page faults': '19', 'Minor (reclaiming a frame) page faults': '100980', 'Voluntary context switches': '108615', 'Involuntary context switches': '23', 'Swaps': '0', 'File system inputs': '3040', 'File system outputs': '0', 'Socket messages sent': '0', 'Socket messages received': '0', 'Signals delivered': '0', 'Page size (bytes)': '4096', 'Exit status': '0'}
2023-10-09 13:50:50,258 - DEBUG - Parsed client ram usage: {'[sudo] password for kamil': '', 'Command being timed': '"/home/kamil/pffrocd/ABY/build/bin/cos_dist_float_scen_simd_32 -r 1 -a 192.168.5.122 -f /home/kamil/pffrocd/ABY/build/bin/embeddings.txt -o /home/kamil/pffrocd -s 112 -x 1"', 'User time (seconds)': '3.64', 'System time (seconds)': '1.42', 'Percent of CPU this job got': '57%', 'Elapsed (wall clock) time (h:mm:ss or m:ss)': '0:08.86', 'Average shared text size (kbytes)': '0', 'Average unshared data size (kbytes)': '0', 'Average stack size (kbytes)': '0', 'Average total size (kbytes)': '0', 'Maximum resident set size (kbytes)': '169868', 'Average resident set size (kbytes)': '0', 'Major (requiring I/O) page faults': '18', 'Minor (reclaiming a frame) page faults': '99948', 'Voluntary context switches': '109021', 'Involuntary context switches': '35', 'Swaps': '0', 'File system inputs': '3296', 'File system outputs': '0', 'Socket messages sent': '0', 'Socket messages received': '0', 'Signals delivered': '0', 'Page size (bytes)': '4096', 'Exit status': '0'}
2023-10-09 13:50:50,258 - INFO - Running powertop to gather energy consumption data...
