2023-08-06 22:06:36,364 - DEBUG - pffrocd config: {
    "client": {
        "ip_address": "192.168.1.95",
        "username": "dietpi",
        "private_ssh_key_path": "/home/kamil/.ssh/id_thesis",
        "executable_path": "/home/dietpi/pffrocd/ABY/build/bin",
        "executable_name": "cos_dist_float_scen_simd",
        "pffrocd_path": "/home/dietpi/pffrocd"
    },
    "server": {
        "ip_address": "192.168.1.66",
        "username": "dietpi",
        "private_ssh_key_path": "/home/kamil/.ssh/id_thesis",
        "executable_path": "/home/dietpi/pffrocd/ABY/build/bin",
        "executable_name": "cos_dist_float_scen_simd",
        "pffrocd_path": "/home/dietpi/pffrocd"
    },
    "misc": {
        "test_mode": "True"
    }
}
2023-08-06 22:06:36,447 - INFO - RUNNING IN TEST MODE: only using one person
2023-08-06 22:06:36,447 - INFO - Currently running for lfw/Aaron_Peirsol (0/1)
2023-08-06 22:06:36,447 - DEBUG - Found 4 images for lfw/Aaron_Peirsol
2023-08-06 22:06:36,447 - DEBUG - setting image as reference image: lfw/Aaron_Peirsol/Aaron_Peirsol_0001.jpg
2023-08-06 22:06:38,345 - DEBUG - Running test for lfw/Aaron_Peirsol/Aaron_Peirsol_0002.jpg
2023-08-06 22:06:59,260 - DEBUG - Embedding extracted by the server in 17.548782348632812 seconds
2023-08-06 22:07:00,277 - DEBUG - Running sfe...
2023-08-06 22:07:00,924 - DEBUG - sfe done
2023-08-06 22:07:00,924 - DEBUG - stdout1='INPUT FILE NAME: embeddings.txt\nstarting reading x and y\nfinished reading x and y\nstarting reading z\nfinished reading z'
2023-08-06 22:07:00,930 - DEBUG - stderr1=''
2023-08-06 22:07:00,931 - DEBUG - stdout2='INPUT FILE NAME: embeddings.txt\nstarting reading x and y\nfinished reading x and y\nstarting reading z\nfinished reading z'
2023-08-06 22:07:00,931 - DEBUG - stderr2=''
2023-08-06 22:07:00,931 - DEBUG - Running test for lfw/Aaron_Peirsol/Aaron_Peirsol_0003.jpg
