2023-09-14 22:19:24,212 - DEBUG - pffrocd config: {
    "client": {
        "ip_address": "192.168.5.111",
        "username": "kamil",
        "private_ssh_key_path": "/home/dietpi/.ssh/id_rsa",
        "executable_path": "/home/kamil/pffrocd/ABY/build/bin",
        "executable_name": "cos_dist_float_scen_simd",
        "pffrocd_path": "/home/kamil/pffrocd"
    },
    "server": {
        "ip_address": "192.168.5.112",
        "username": "kamil",
        "private_ssh_key_path": "/home/dietpi/.ssh/id_rsa",
        "executable_path": "/home/kamil/pffrocd/ABY/build/bin",
        "executable_name": "cos_dist_float_scen_simd",
        "pffrocd_path": "/home/kamil/pffrocd"
    },
    "misc": {
        "nr_of_people": "1500",
        "security_level": "80",
        "mt_algorithm": "0",
        "niceness": "-20",
        "starting_person": "20",
        "bit_length": "32",
        "gather_energy_data": "1"
    }
}
2023-09-14 22:19:30,237 - INFO - RUNNING for 1480 people
2023-09-14 22:19:30,239 - INFO - Currently running for lfw/Ahmet_Necdet_Sezer (1/1480)
2023-09-14 22:19:30,240 - DEBUG - Found 2 images for lfw/Ahmet_Necdet_Sezer
2023-09-14 22:19:30,241 - DEBUG - setting image as reference image: lfw/Ahmet_Necdet_Sezer/Ahmet_Necdet_Sezer_0001.jpg
2023-09-14 22:19:39,374 - INFO - Running test for lfw/Ahmet_Necdet_Sezer/Ahmet_Necdet_Sezer_0002.jpg
2023-09-14 22:19:43,938 - DEBUG - Stdout of extracting embedding: 1.928426742553711
2023-09-14 22:19:43,939 - DEBUG - Stderr of extracting embedding: 
2023-09-14 22:19:43,940 - INFO - Embedding extracted by the server in 1.928426742553711 seconds
2023-09-14 22:19:49,822 - INFO - Running sfe...
2023-09-14 22:20:37,698 - INFO - Finished! Total sfe time: 47.87491774559021 seconds (1/2)
2023-09-14 22:20:37,700 - DEBUG - Host 192.168.5.111: exit code 0, output ['Online time is distributed as follows: ', 'Bool: local gates: 178.4600000000, interactive gates: 200.9960000000, layer finish: 218.9450000000', 'Yao: local gates: 7.4320000000, interactive gates: 5.2710000000, layer finish: 5.9760000000', 'Yao Rev: local gates: 6.9050000000, interactive gates: 5.2510000000, layer finish: 4.4630000000', 'Arith: local gates: 8.1480000000, interactive gates: 5.8940000000, layer finish: 11.8420000000', 'SPLUT: local gates: 7.8510000000, interactive gates: 6.0100000000, layer finish: 50.9620000000', 'Communication: 35792.1229999999', '', 'Complexities: ', 'Boolean Sharing: ANDs: 1878982 (1-bit) ; Depth: 8080', 'Total Vec AND: 1878982', 'Total Non-Vec AND: 1878982', 'XOR vals: 1740116 gates: 596354', 'Comb gates: 0, CombStruct gates: 0, Perm gates: 0, Subset gates: 12288, Split gates: 0', 'Yao: ANDs: 0 ; Depth: 0', 'Reverse Yao: ANDs: 0 ; Depth: 0', 'Arithmetic Sharing: MULs: 0 ; Depth: 0', 'SP-LUT Sharing: OT-gates: Total OT gates = 0; Depth: 1', 'Total number of gates: 1339400 Total depth: 8080', 'Timings: ', 'Total =\t\t46542.5580000000 ms', 'Init =\t\t0.0710000000 ms', 'CircuitGen =\t0.2800000000 ms', 'Network =\t96.7130000000 ms', 'BaseOTs =\t42.9150000000 ms', 'Setup =\t\t9998.7470000000 ms', 'OTExtension =\t9995.6190000000 ms', 'Garbling =\t0.0020000000 ms', 'Online =\t36543.8080000000 ms', '', 'Communication: ', 'Total Sent / Rcv\t19986407  bytes / 19986910 bytes', 'BaseOTs Sent / Rcv\t10523  bytes / 10532 bytes', 'Setup Sent / Rcv\t19437202  bytes / 19437193 bytes', 'OTExtension Sent / Rcv\t19437193  bytes / 19437193 bytes', 'Garbling Sent / Rcv\t0  bytes / 0 bytes', 'Online Sent / Rcv\t549205  bytes / 549717 bytes', '', 'cos_dist_ver: 0.4069042206', 'cos_dist: 0.4069042206'], error ['[sudo] password for kamil: \tCommand being timed: "/home/kamil/pffrocd/ABY/build/bin/cos_dist_float_scen_simd_32 -r 1 -a 192.168.5.112 -f /home/kamil/pffrocd/ABY/build/bin/embeddings.txt -o /home/kamil/pffrocd -s 80 -x 0"', '\tUser time (seconds): 3.35', '\tSystem time (seconds): 2.40', '\tPercent of CPU this job got: 12%', '\tElapsed (wall clock) time (h:mm:ss or m:ss): 0:47.50', '\tAverage shared text size (kbytes): 0', '\tAverage unshared data size (kbytes): 0', '\tAverage stack size (kbytes): 0', '\tAverage total size (kbytes): 0', '\tMaximum resident set size (kbytes): 157928', '\tAverage resident set size (kbytes): 0', '\tMajor (requiring I/O) page faults: 16', '\tMinor (reclaiming a frame) page faults: 64465', '\tVoluntary context switches: 63974', '\tInvoluntary context switches: 106', '\tSwaps: 0', '\tFile system inputs: 3088', '\tFile system outputs: 0', '\tSocket messages sent: 0', '\tSocket messages received: 0', '\tSignals delivered: 0', '\tPage size (bytes): 4096', '\tExit status: 0']
2023-09-14 22:20:37,701 - DEBUG - Host 192.168.5.112: exit code 0, output ['Online time is distributed as follows: ', 'Bool: local gates: 186.4890000000, interactive gates: 211.7010000000, layer finish: 211.1400000000', 'Yao: local gates: 6.9020000000, interactive gates: 5.5560000000, layer finish: 5.1940000000', 'Yao Rev: local gates: 6.5460000000, interactive gates: 5.3190000000, layer finish: 5.8250000000', 'Arith: local gates: 8.3450000000, interactive gates: 6.1190000000, layer finish: 13.6190000000', 'SPLUT: local gates: 7.2050000000, interactive gates: 5.1570000000, layer finish: 50.8270000000', 'Communication: 35784.1990000001', '', 'Complexities: ', 'Boolean Sharing: ANDs: 1878982 (1-bit) ; Depth: 8080', 'Total Vec AND: 1878982', 'Total Non-Vec AND: 1878982', 'XOR vals: 1740116 gates: 596354', 'Comb gates: 0, CombStruct gates: 0, Perm gates: 0, Subset gates: 12288, Split gates: 0', 'Yao: ANDs: 0 ; Depth: 0', 'Reverse Yao: ANDs: 0 ; Depth: 0', 'Arithmetic Sharing: MULs: 0 ; Depth: 0', 'SP-LUT Sharing: OT-gates: Total OT gates = 0; Depth: 1', 'Total number of gates: 1339400 Total depth: 8080', 'Timings: ', 'Total =\t\t46539.8500000000 ms', 'Init =\t\t0.0810000000 ms', 'CircuitGen =\t0.3990000000 ms', 'Network =\t224.1950000000 ms', 'BaseOTs =\t36.7790000000 ms', 'Setup =\t\t9995.5820000000 ms', 'OTExtension =\t9993.2920000000 ms', 'Garbling =\t0.0020000000 ms', 'Online =\t36544.2660000000 ms', '', 'Communication: ', 'Total Sent / Rcv\t19986910  bytes / 19986398 bytes', 'BaseOTs Sent / Rcv\t10532  bytes / 10532 bytes', 'Setup Sent / Rcv\t19437193  bytes / 19437193 bytes', 'OTExtension Sent / Rcv\t19437193  bytes / 19437193 bytes', 'Garbling Sent / Rcv\t0  bytes / 0 bytes', 'Online Sent / Rcv\t549717  bytes / 549205 bytes', '', 'cos_dist_ver: 0.4069042206', 'cos_dist: 0.4069042206'], error ['[sudo] password for kamil: \tCommand being timed: "/home/kamil/pffrocd/ABY/build/bin/cos_dist_float_scen_simd_32 -r 0 -a 192.168.5.112 -f /home/kamil/pffrocd/ABY/build/bin/embeddings.txt -o /home/kamil/pffrocd -s 80 -x 0"', '\tUser time (seconds): 3.33', '\tSystem time (seconds): 1.88', '\tPercent of CPU this job got: 10%', '\tElapsed (wall clock) time (h:mm:ss or m:ss): 0:47.50', '\tAverage shared text size (kbytes): 0', '\tAverage unshared data size (kbytes): 0', '\tAverage stack size (kbytes): 0', '\tAverage total size (kbytes): 0', '\tMaximum resident set size (kbytes): 157920', '\tAverage resident set size (kbytes): 0', '\tMajor (requiring I/O) page faults: 16', '\tMinor (reclaiming a frame) page faults: 64448', '\tVoluntary context switches: 60445', '\tInvoluntary context switches: 364', '\tSwaps: 0', '\tFile system inputs: 3088', '\tFile system outputs: 0', '\tSocket messages sent: 0', '\tSocket messages received: 0', '\tSignals delivered: 0', '\tPage size (bytes): 4096', '\tExit status: 0']
2023-09-14 22:20:37,702 - DEBUG - Parsed ram usage: {'[sudo] password for kamil': '', 'Command being timed': '"/home/kamil/pffrocd/ABY/build/bin/cos_dist_float_scen_simd_32 -r 0 -a 192.168.5.112 -f /home/kamil/pffrocd/ABY/build/bin/embeddings.txt -o /home/kamil/pffrocd -s 80 -x 0"', 'User time (seconds)': '3.33', 'System time (seconds)': '1.88', 'Percent of CPU this job got': '10%', 'Elapsed (wall clock) time (h:mm:ss or m:ss)': '0:47.50', 'Average shared text size (kbytes)': '0', 'Average unshared data size (kbytes)': '0', 'Average stack size (kbytes)': '0', 'Average total size (kbytes)': '0', 'Maximum resident set size (kbytes)': '157920', 'Average resident set size (kbytes)': '0', 'Major (requiring I/O) page faults': '16', 'Minor (reclaiming a frame) page faults': '64448', 'Voluntary context switches': '60445', 'Involuntary context switches': '364', 'Swaps': '0', 'File system inputs': '3088', 'File system outputs': '0', 'Socket messages sent': '0', 'Socket messages received': '0', 'Signals delivered': '0', 'Page size (bytes)': '4096', 'Exit status': '0'}
2023-09-14 22:20:37,702 - INFO - Running powertop to gather energy consumption data...
