2023-08-06 21:33:30,446 - DEBUG - pffrocd config: {
    "client": {
        "ip_address": "192.168.50.55",
        "username": "dietpi",
        "private_ssh_key_path": "/home/kamil/.ssh/id_thesis",
        "executable_path": "/home/dietpi/pffrocd/ABY/build/bin",
        "executable_name": "cos_dist_float_scen_simd",
        "pffrocd_path": "/home/dietpi/pffrocd"
    },
    "server": {
        "ip_address": "192.168.50.190",
        "username": "dietpi",
        "private_ssh_key_path": "/home/kamil/.ssh/id_thesis",
        "executable_path": "/home/dietpi/pffrocd/ABY/build/bin",
        "executable_name": "cos_dist_float_scen_simd",
        "pffrocd_path": "/home/dietpi/pffrocd"
    },
    "misc": {
        "test_mode": "True"
    }
}
2023-08-06 21:33:30,653 - INFO - RUNNING IN TEST MODE: only using one person
2023-08-06 21:33:30,654 - INFO - Currently running for lfw/Aaron_Peirsol (0/1)
2023-08-06 21:33:30,654 - DEBUG - Found 4 images for lfw/Aaron_Peirsol
2023-08-06 21:33:30,654 - DEBUG - setting image as reference image: lfw/Aaron_Peirsol/Aaron_Peirsol_0001.jpg
