2023-08-07 00:06:42,327 - DEBUG - pffrocd config: {
    "client": {
        "ip_address": "192.168.1.95",
        "username": "dietpi",
        "private_ssh_key_path": "/home/kamil/.ssh/id_thesis",
        "executable_path": "/home/dietpi/pffrocd/ABY/build/bin",
        "executable_name": "cos_dist_float_scen_simd",
        "pffrocd_path": "/home/dietpi/pffrocd"
    },
    "server": {
        "ip_address": "192.168.1.66",
        "username": "dietpi",
        "private_ssh_key_path": "/home/kamil/.ssh/id_thesis",
        "executable_path": "/home/dietpi/pffrocd/ABY/build/bin",
        "executable_name": "cos_dist_float_scen_simd",
        "pffrocd_path": "/home/dietpi/pffrocd"
    },
    "misc": {
        "test_mode": "True"
    }
}
2023-08-07 00:06:42,408 - INFO - RUNNING IN TEST MODE: only using one person
2023-08-07 00:06:42,409 - INFO - Currently running for lfw/Aaron_Peirsol (0/1)
2023-08-07 00:06:42,409 - DEBUG - Found 4 images for lfw/Aaron_Peirsol
2023-08-07 00:06:42,409 - DEBUG - setting image as reference image: lfw/Aaron_Peirsol/Aaron_Peirsol_0001.jpg
2023-08-07 00:06:44,445 - DEBUG - Running test for lfw/Aaron_Peirsol/Aaron_Peirsol_0002.jpg
2023-08-07 00:07:05,244 - DEBUG - Embedding extracted by the server in 17.399784803390503 seconds
2023-08-07 00:07:06,631 - DEBUG - Running sfe...
2023-08-07 00:11:37,479 - DEBUG - sfe done
2023-08-07 00:11:37,480 - DEBUG - stdout1='INPUT FILE NAME: /home/dietpi/pffrocd/ABY/build/bin/embeddings.txt\nstarting reading x and y\nfinished reading x and y\nstarting reading z\nfinished reading z\nCIRCUIT DIRECTORY: /home/dietpi/pffrocd/ABY/bin/circ/\nparty created\ncircuit retrieved\nhere 1\nhere 1\nhere 1'
2023-08-07 00:11:37,480 - DEBUG - stderr1=''
2023-08-07 00:11:37,480 - DEBUG - stdout2='INPUT FILE NAME: /home/dietpi/pffrocd/ABY/build/bin/embeddings.txt\nstarting reading x and y\nfinished reading x and y\nstarting reading z\nfinished reading z\nCIRCUIT DIRECTORY: /home/dietpi/pffrocd/ABY/bin/circ/\nparty created\ncircuit retrieved\nhere 1\nhere 1\nhere 1\nhere 1\nverification values computed\nassigning ingates\nfinished assigning ingates'
2023-08-07 00:11:37,480 - DEBUG - stderr2=''
2023-08-07 00:11:37,480 - DEBUG - Running test for lfw/Aaron_Peirsol/Aaron_Peirsol_0003.jpg
2023-08-07 00:11:58,309 - DEBUG - Embedding extracted by the server in 17.38065457344055 seconds
2023-08-07 00:12:00,243 - DEBUG - Running sfe...
