2023-09-01 14:18:00,618 - DEBUG - pffrocd config: {
    "client": {
        "ip_address": "192.168.5.111",
        "username": "kamil",
        "private_ssh_key_path": "/home/kamil/.ssh/id_thesis",
        "executable_path": "/home/kamil/pffrocd/ABY/build/bin",
        "executable_name": "cos_dist_float_scen_simd",
        "pffrocd_path": "/home/kamil/pffrocd"
    },
    "server": {
        "ip_address": "192.168.5.112",
        "username": "kamil",
        "private_ssh_key_path": "/home/kamil/.ssh/id_thesis",
        "executable_path": "/home/kamil/pffrocd/ABY/build/bin",
        "executable_name": "cos_dist_float_scen_simd",
        "pffrocd_path": "/home/kamil/pffrocd"
    },
    "misc": {
        "nr_of_people": "1000",
        "security_level": "112",
        "mt_algorithm": "0",
        "niceness": "-20",
        "starting_person": "20",
        "nr_of_images": "2"
    }
}
2023-09-01 14:18:00,717 - INFO - RUNNING for 980 people
2023-09-01 14:18:00,718 - INFO - Currently running for lfw/Ahmet_Necdet_Sezer (1/980)
2023-09-01 14:18:00,718 - DEBUG - Found 2 images for lfw/Ahmet_Necdet_Sezer
2023-09-01 14:18:00,718 - DEBUG - setting image as reference image: lfw/Ahmet_Necdet_Sezer/Ahmet_Necdet_Sezer_0001.jpg
2023-09-01 14:18:04,408 - INFO - Running test for all images, 2 in total
2023-09-01 14:18:09,657 - INFO - Running sfe...
2023-09-01 14:23:02,639 - INFO - Finished! Total sfe time: 292.9817714691162 seconds
2023-09-01 14:23:02,639 - DEBUG - Host 192.168.5.111: exit code 0, output ['Online time is distributed as follows: ', 'Bool: local gates: 409.9860000000, interactive gates: 520.4810000000, layer finish: 524.8490000000', 'Yao: local gates: 11.8350000000, interactive gates: 7.2090000000, layer finish: 8.2350000000', 'Yao Rev: local gates: 10.6370000000, interactive gates: 6.4420000000, layer finish: 8.8630000000', 'Arith: local gates: 12.8900000000, interactive gates: 8.6620000000, layer finish: 21.8260000000', 'SPLUT: local gates: 11.6830000000, interactive gates: 7.5780000000, layer finish: 76.6940000000', 'Communication: 60187.6210000000', '', 'Complexities: ', 'Boolean Sharing: ANDs: 5971636 (1-bit) ; Depth: 10918', 'Total Vec AND: 5971636', 'Total Non-Vec AND: 5971636', 'XOR vals: 5892966 gates: 1383450', 'Comb gates: 0, CombStruct gates: 0, Perm gates: 0, Subset gates: 24576, Split gates: 0', 'Yao: ANDs: 0 ; Depth: 0', 'Reverse Yao: ANDs: 0 ; Depth: 0', 'Arithmetic Sharing: MULs: 0 ; Depth: 0', 'SP-LUT Sharing: OT-gates: Total OT gates = 0; Depth: 1', 'Total number of gates: 3163722 Total depth: 10918', 'Timings: ', 'Total =\t\t127848.4760000000 ms', 'Init =\t\t0.0700000000 ms', 'CircuitGen =\t0.0590000000 ms', 'Network =\t25.0040000000 ms', 'BaseOTs =\t142.0890000000 ms', 'Setup =\t\t65980.3120000000 ms', 'OTExtension =\t65973.4290000000 ms', 'Garbling =\t0.0030000000 ms', 'Online =\t61868.1600000000 ms', '', 'Communication: ', 'Total Sent / Rcv\t86427438  bytes / 86428462 bytes', 'BaseOTs Sent / Rcv\t29220  bytes / 29220 bytes', 'Setup Sent / Rcv\t84827305  bytes / 84827305 bytes', 'OTExtension Sent / Rcv\t84827305  bytes / 84827305 bytes', 'Garbling Sent / Rcv\t0  bytes / 0 bytes', 'Online Sent / Rcv\t1600133  bytes / 1601157 bytes', '', 'cos_dist_ver: 0.4069040914', 'cos_dist: 0.4069040914', 'split here', 'Online time is distributed as follows: ', 'Bool: local gates: 423.7890000000, interactive gates: 543.9160000000, layer finish: 565.1120000000', 'Yao: local gates: 12.1360000000, interactive gates: 7.6590000000, layer finish: 8.4310000000', 'Yao Rev: local gates: 10.7450000000, interactive gates: 6.6690000000, layer finish: 8.6070000000', 'Arith: local gates: 13.0190000000, interactive gates: 8.8960000000, layer finish: 22.4390000000', 'SPLUT: local gates: 11.7440000000, interactive gates: 8.4330000000, layer finish: 78.6740000000', 'Communication: 66307.6859999998', '', 'Complexities: ', 'Boolean Sharing: ANDs: 5971636 (1-bit) ; Depth: 10918', 'Total Vec AND: 5971636', 'Total Non-Vec AND: 5971636', 'XOR vals: 5892966 gates: 1383450', 'Comb gates: 0, CombStruct gates: 0, Perm gates: 0, Subset gates: 24576, Split gates: 0', 'Yao: ANDs: 0 ; Depth: 0', 'Reverse Yao: ANDs: 0 ; Depth: 0', 'Arithmetic Sharing: MULs: 0 ; Depth: 0', 'SP-LUT Sharing: OT-gates: Total OT gates = 0; Depth: 1', 'Total number of gates: 3163722 Total depth: 10918', 'Timings: ', 'Total =\t\t160364.1110000000 ms', 'Init =\t\t0.0700000000 ms', 'CircuitGen =\t0.0590000000 ms', 'Network =\t25.0040000000 ms', 'BaseOTs =\t142.0890000000 ms', 'Setup =\t\t92285.7040000000 ms', 'OTExtension =\t92279.5260000000 ms', 'Garbling =\t0.0020000000 ms', 'Online =\t68078.4020000000 ms', '', 'Communication: ', 'Total Sent / Rcv\t86427438  bytes / 86428453 bytes', 'BaseOTs Sent / Rcv\t29220  bytes / 29220 bytes', 'Setup Sent / Rcv\t84827305  bytes / 84827296 bytes', 'OTExtension Sent / Rcv\t84827305  bytes / 84827296 bytes', 'Garbling Sent / Rcv\t0  bytes / 0 bytes', 'Online Sent / Rcv\t1600133  bytes / 1601157 bytes', '', 'cos_dist_ver: 0.8971680321', 'cos_dist: 0.8971680321', 'split here'], error ['\tCommand being timed: "/home/kamil/pffrocd/ABY/build/bin/cos_dist_float_scen_simd -r 1 -a 192.168.5.112 -f /home/kamil/pffrocd/ABY/build/bin/embeddings -o /home/kamil/pffrocd -s 112 -x 0 -d 2"', '\tUser time (seconds): 16.41', '\tSystem time (seconds): 8.54', '\tPercent of CPU this job got: 8%', '\tElapsed (wall clock) time (h:mm:ss or m:ss): 4:52.52', '\tAverage shared text size (kbytes): 0', '\tAverage unshared data size (kbytes): 0', '\tAverage stack size (kbytes): 0', '\tAverage total size (kbytes): 0', '\tMaximum resident set size (kbytes): 444832', '\tAverage resident set size (kbytes): 0', '\tMajor (requiring I/O) page faults: 0', '\tMinor (reclaiming a frame) page faults: 164553', '\tVoluntary context switches: 229283', '\tInvoluntary context switches: 461', '\tSwaps: 0', '\tFile system inputs: 0', '\tFile system outputs: 0', '\tSocket messages sent: 0', '\tSocket messages received: 0', '\tSignals delivered: 0', '\tPage size (bytes): 4096', '\tExit status: 0']
2023-09-01 14:23:02,640 - DEBUG - Host 192.168.5.112: exit code 0, output ['Online time is distributed as follows: ', 'Bool: local gates: 376.6930000000, interactive gates: 479.0650000000, layer finish: 453.5760000000', 'Yao: local gates: 12.0610000000, interactive gates: 7.3510000000, layer finish: 7.2950000000', 'Yao Rev: local gates: 8.9820000000, interactive gates: 6.8000000000, layer finish: 6.7950000000', 'Arith: local gates: 12.6110000000, interactive gates: 7.6060000000, layer finish: 19.3240000000', 'SPLUT: local gates: 10.5120000000, interactive gates: 6.4830000000, layer finish: 62.6640000000', 'Communication: 60359.1619999999', '', 'Complexities: ', 'Boolean Sharing: ANDs: 5971636 (1-bit) ; Depth: 10918', 'Total Vec AND: 5971636', 'Total Non-Vec AND: 5971636', 'XOR vals: 5892966 gates: 1383450', 'Comb gates: 0, CombStruct gates: 0, Perm gates: 0, Subset gates: 24576, Split gates: 0', 'Yao: ANDs: 0 ; Depth: 0', 'Reverse Yao: ANDs: 0 ; Depth: 0', 'Arithmetic Sharing: MULs: 0 ; Depth: 0', 'SP-LUT Sharing: OT-gates: Total OT gates = 0; Depth: 1', 'Total number of gates: 3163722 Total depth: 10918', 'Timings: ', 'Total =\t\t127854.4200000000 ms', 'Init =\t\t0.1190000000 ms', 'CircuitGen =\t0.1260000000 ms', 'Network =\t690.9280000000 ms', 'BaseOTs =\t126.7040000000 ms', 'Setup =\t\t65981.4270000000 ms', 'OTExtension =\t65975.8770000000 ms', 'Garbling =\t0.0030000000 ms', 'Online =\t61872.9900000000 ms', '', 'Communication: ', 'Total Sent / Rcv\t86428471  bytes / 86427438 bytes', 'BaseOTs Sent / Rcv\t29211  bytes / 29211 bytes', 'Setup Sent / Rcv\t84827314  bytes / 84827305 bytes', 'OTExtension Sent / Rcv\t84827296  bytes / 84827305 bytes', 'Garbling Sent / Rcv\t0  bytes / 0 bytes', 'Online Sent / Rcv\t1601157  bytes / 1600133 bytes', '', 'cos_dist_ver: 0.4069040914', 'cos_dist: 0.4069040914', 'split here', 'Online time is distributed as follows: ', 'Bool: local gates: 380.9290000000, interactive gates: 495.7750000000, layer finish: 473.9870000000', 'Yao: local gates: 11.7220000000, interactive gates: 7.1130000000, layer finish: 7.2060000000', 'Yao Rev: local gates: 8.8290000000, interactive gates: 6.6680000000, layer finish: 6.7160000000', 'Arith: local gates: 12.6290000000, interactive gates: 7.9260000000, layer finish: 19.3380000000', 'SPLUT: local gates: 10.5470000000, interactive gates: 6.4050000000, layer finish: 61.7330000000', 'Communication: 66534.0930000001', '', 'Complexities: ', 'Boolean Sharing: ANDs: 5971636 (1-bit) ; Depth: 10918', 'Total Vec AND: 5971636', 'Total Non-Vec AND: 5971636', 'XOR vals: 5892966 gates: 1383450', 'Comb gates: 0, CombStruct gates: 0, Perm gates: 0, Subset gates: 24576, Split gates: 0', 'Yao: ANDs: 0 ; Depth: 0', 'Reverse Yao: ANDs: 0 ; Depth: 0', 'Arithmetic Sharing: MULs: 0 ; Depth: 0', 'SP-LUT Sharing: OT-gates: Total OT gates = 0; Depth: 1', 'Total number of gates: 3163722 Total depth: 10918', 'Timings: ', 'Total =\t\t160904.8120000000 ms', 'Init =\t\t0.1190000000 ms', 'CircuitGen =\t0.1260000000 ms', 'Network =\t690.9280000000 ms', 'BaseOTs =\t126.7040000000 ms', 'Setup =\t\t92827.0890000000 ms', 'OTExtension =\t92822.7180000000 ms', 'Garbling =\t0.0040000000 ms', 'Online =\t68077.7200000000 ms', '', 'Communication: ', 'Total Sent / Rcv\t86428453  bytes / 86427438 bytes', 'BaseOTs Sent / Rcv\t29211  bytes / 29211 bytes', 'Setup Sent / Rcv\t84827305  bytes / 84827305 bytes', 'OTExtension Sent / Rcv\t84827296  bytes / 84827305 bytes', 'Garbling Sent / Rcv\t0  bytes / 0 bytes', 'Online Sent / Rcv\t1601148  bytes / 1600133 bytes', '', 'cos_dist_ver: 0.8971680321', 'cos_dist: 0.8971680321', 'split here'], error ['\tCommand being timed: "/home/kamil/pffrocd/ABY/build/bin/cos_dist_float_scen_simd -r 0 -a 192.168.5.112 -f /home/kamil/pffrocd/ABY/build/bin/embeddings -o /home/kamil/pffrocd -s 112 -x 0 -d 2"', '\tUser time (seconds): 12.07', '\tSystem time (seconds): 5.51', '\tPercent of CPU this job got: 6%', '\tElapsed (wall clock) time (h:mm:ss or m:ss): 4:52.56', '\tAverage shared text size (kbytes): 0', '\tAverage unshared data size (kbytes): 0', '\tAverage stack size (kbytes): 0', '\tAverage total size (kbytes): 0', '\tMaximum resident set size (kbytes): 433268', '\tAverage resident set size (kbytes): 0', '\tMajor (requiring I/O) page faults: 0', '\tMinor (reclaiming a frame) page faults: 164280', '\tVoluntary context switches: 168993', '\tInvoluntary context switches: 1068', '\tSwaps: 0', '\tFile system inputs: 0', '\tFile system outputs: 0', '\tSocket messages sent: 0', '\tSocket messages received: 0', '\tSignals delivered: 0', '\tPage size (bytes): 4096', '\tExit status: 0']
2023-09-01 14:23:02,640 - DEBUG - Parsed ram usage: {'Command being timed': '"/home/kamil/pffrocd/ABY/build/bin/cos_dist_float_scen_simd -r 0 -a 192.168.5.112 -f /home/kamil/pffrocd/ABY/build/bin/embeddings -o /home/kamil/pffrocd -s 112 -x 0 -d 2"', 'User time (seconds)': '12.07', 'System time (seconds)': '5.51', 'Percent of CPU this job got': '6%', 'Elapsed (wall clock) time (h:mm:ss or m:ss)': '4:52.56', 'Average shared text size (kbytes)': '0', 'Average unshared data size (kbytes)': '0', 'Average stack size (kbytes)': '0', 'Average total size (kbytes)': '0', 'Maximum resident set size (kbytes)': '433268', 'Average resident set size (kbytes)': '0', 'Major (requiring I/O) page faults': '0', 'Minor (reclaiming a frame) page faults': '164280', 'Voluntary context switches': '168993', 'Involuntary context switches': '1068', 'Swaps': '0', 'File system inputs': '0', 'File system outputs': '0', 'Socket messages sent': '0', 'Socket messages received': '0', 'Signals delivered': '0', 'Page size (bytes)': '4096', 'Exit status': '0'}
2023-09-01 14:23:02,644 - INFO - Finished!
2023-09-01 14:23:02,645 - INFO - Currently running for lfw/Ai_Sugiyama (2/980)
2023-09-01 14:23:02,645 - DEBUG - Found 5 images for lfw/Ai_Sugiyama
2023-09-01 14:23:02,645 - DEBUG - setting image as reference image: lfw/Ai_Sugiyama/Ai_Sugiyama_0001.jpg
2023-09-01 14:23:05,292 - INFO - Running test for all images, 2 in total
2023-09-01 14:23:09,386 - INFO - Running sfe...
