2023-08-12 18:01:12,553 - DEBUG - pffrocd config: {
    "client": {
        "ip_address": "10.0.0.167",
        "username": "dietpi",
        "private_ssh_key_path": "/home/kamil/.ssh/id_thesis",
        "executable_path": "/home/dietpi/pffrocd/ABY/build/bin",
        "executable_name": "cos_dist_float_scen_simd",
        "pffrocd_path": "/home/dietpi/pffrocd"
    },
    "server": {
        "ip_address": "10.0.0.154",
        "username": "dietpi",
        "private_ssh_key_path": "/home/kamil/.ssh/id_thesis",
        "executable_path": "/home/dietpi/pffrocd/ABY/build/bin",
        "executable_name": "cos_dist_float_scen_simd",
        "pffrocd_path": "/home/dietpi/pffrocd"
    },
    "misc": {
        "nr_of_people": "4",
        "security_level": "128",
        "mt_algorithm": "1",
        "niceness": "-20"
    }
}
2023-08-12 18:01:12,627 - INFO - RUNNING for 4 people
2023-08-12 18:01:12,628 - INFO - Currently running for lfw/Aaron_Peirsol (1/4)
2023-08-12 18:01:12,628 - DEBUG - Found 4 images for lfw/Aaron_Peirsol
2023-08-12 18:01:12,628 - DEBUG - setting image as reference image: lfw/Aaron_Peirsol/Aaron_Peirsol_0001.jpg
2023-08-12 18:01:14,177 - DEBUG - Running test for lfw/Aaron_Peirsol/Aaron_Peirsol_0002.jpg
2023-08-12 18:01:33,988 - DEBUG - Embedding extracted by the server in 16.846184968948364 seconds
2023-08-12 18:01:35,552 - DEBUG - Running sfe...
2023-08-12 18:02:40,696 - INFO - Finished! Total sfe time: 65.14384579658508 seconds (1/6)
2023-08-12 18:02:40,697 - DEBUG - Host 10.0.0.167: exit code 0, output ['Online time is distributed as follows: ', 'Bool: local gates: 1884.8730000000, interactive gates: 2234.1700000000, layer finish: 1504.9130000000', 'Yao: local gates: 28.8820000000, interactive gates: 21.5280000000, layer finish: 9.1520000000', 'Yao Rev: local gates: 25.6780000000, interactive gates: 23.4160000000, layer finish: 10.0410000000', 'Arith: local gates: 31.8400000000, interactive gates: 19.7910000000, layer finish: 26.5150000000', 'SPLUT: local gates: 26.6910000000, interactive gates: 23.9330000000, layer finish: 131.5930000000', 'Communication: 14386.1389999999', '', 'Complexities: ', 'Boolean Sharing: ANDs: 5971636 (1-bit) ; Depth: 10918', 'Total Vec AND: 5971636', 'Total Non-Vec AND: 5971636', 'XOR vals: 5892966 gates: 1383450', 'Comb gates: 0, CombStruct gates: 0, Perm gates: 0, Subset gates: 24576, Split gates: 0', 'Yao: ANDs: 0 ; Depth: 0', 'Reverse Yao: ANDs: 0 ; Depth: 0', 'Arithmetic Sharing: MULs: 0 ; Depth: 0', 'SP-LUT Sharing: OT-gates: Total OT gates = 0; Depth: 1', 'Total number of gates: 3163722 Total depth: 10918', 'Timings: ', 'Total =\t\t33812.5800000000 ms', 'Init =\t\t0.4270000000 ms', 'CircuitGen =\t0.2920000000 ms', 'Network =\t11.5990000000 ms', 'BaseOTs =\t2807.6560000000 ms', 'Setup =\t\t13336.0300000000 ms', 'OTExtension =\t13277.6430000000 ms', 'Garbling =\t0.0080000000 ms', 'Online =\t20476.5410000000 ms', '', 'Communication: ', 'Total Sent / Rcv\t98545472  bytes / 98546496 bytes', 'BaseOTs Sent / Rcv\t50770  bytes / 50769 bytes', 'Setup Sent / Rcv\t96945339  bytes / 96945339 bytes', 'OTExtension Sent / Rcv\t96945339  bytes / 96945339 bytes', 'Garbling Sent / Rcv\t0  bytes / 0 bytes', 'Online Sent / Rcv\t1600133  bytes / 1601157 bytes', '', 'cos_dist_ver: 0.2064672729', 'cos_dist: 0.2064672729'], error []
2023-08-12 18:02:40,697 - DEBUG - Host 10.0.0.154: exit code 0, output ['Online time is distributed as follows: ', 'Bool: local gates: 1892.1080000000, interactive gates: 2242.4800000000, layer finish: 1515.4830000000', 'Yao: local gates: 28.0710000000, interactive gates: 20.5020000000, layer finish: 11.5520000000', 'Yao Rev: local gates: 25.4620000000, interactive gates: 20.7490000000, layer finish: 6.1310000000', 'Arith: local gates: 29.2300000000, interactive gates: 21.6250000000, layer finish: 25.1340000000', 'SPLUT: local gates: 21.6670000000, interactive gates: 23.4400000000, layer finish: 123.1180000000', 'Communication: 14381.2510000000', '', 'Complexities: ', 'Boolean Sharing: ANDs: 5971636 (1-bit) ; Depth: 10918', 'Total Vec AND: 5971636', 'Total Non-Vec AND: 5971636', 'XOR vals: 5892966 gates: 1383450', 'Comb gates: 0, CombStruct gates: 0, Perm gates: 0, Subset gates: 24576, Split gates: 0', 'Yao: ANDs: 0 ; Depth: 0', 'Reverse Yao: ANDs: 0 ; Depth: 0', 'Arithmetic Sharing: MULs: 0 ; Depth: 0', 'SP-LUT Sharing: OT-gates: Total OT gates = 0; Depth: 1', 'Total number of gates: 3163722 Total depth: 10918', 'Timings: ', 'Total =\t\t33819.5850000000 ms', 'Init =\t\t0.4600000000 ms', 'CircuitGen =\t0.3160000000 ms', 'Network =\t11925.9280000000 ms', 'BaseOTs =\t2795.8180000000 ms', 'Setup =\t\t13345.9450000000 ms', 'OTExtension =\t13287.7710000000 ms', 'Garbling =\t0.0080000000 ms', 'Online =\t20473.6310000000 ms', '', 'Communication: ', 'Total Sent / Rcv\t98546496  bytes / 98545472 bytes', 'BaseOTs Sent / Rcv\t50769  bytes / 50770 bytes', 'Setup Sent / Rcv\t96945339  bytes / 96945339 bytes', 'OTExtension Sent / Rcv\t96945339  bytes / 96945339 bytes', 'Garbling Sent / Rcv\t0  bytes / 0 bytes', 'Online Sent / Rcv\t1601157  bytes / 1600133 bytes', '', 'cos_dist_ver: 0.2064672729', 'cos_dist: 0.2064672729'], error []
2023-08-12 18:02:40,698 - DEBUG - Running test for lfw/Aaron_Peirsol/Aaron_Peirsol_0003.jpg
2023-08-12 18:03:08,712 - DEBUG - Embedding extracted by the server in 25.040364503860474 seconds
2023-08-12 18:03:10,045 - DEBUG - Running sfe...
2023-08-12 18:04:03,829 - INFO - Finished! Total sfe time: 53.78366446495056 seconds (2/6)
2023-08-12 18:04:03,829 - DEBUG - Host 10.0.0.167: exit code 0, output ['Online time is distributed as follows: ', 'Bool: local gates: 1872.5420000000, interactive gates: 2214.6170000000, layer finish: 1534.3440000000', 'Yao: local gates: 29.3810000000, interactive gates: 22.2430000000, layer finish: 7.2870000000', 'Yao Rev: local gates: 27.8010000000, interactive gates: 24.2150000000, layer finish: 8.9450000000', 'Arith: local gates: 30.1090000000, interactive gates: 18.8030000000, layer finish: 20.6900000000', 'SPLUT: local gates: 21.6990000000, interactive gates: 23.7900000000, layer finish: 141.4630000000', 'Communication: 14343.3879999999', '', 'Complexities: ', 'Boolean Sharing: ANDs: 5971636 (1-bit) ; Depth: 10918', 'Total Vec AND: 5971636', 'Total Non-Vec AND: 5971636', 'XOR vals: 5892966 gates: 1383450', 'Comb gates: 0, CombStruct gates: 0, Perm gates: 0, Subset gates: 24576, Split gates: 0', 'Yao: ANDs: 0 ; Depth: 0', 'Reverse Yao: ANDs: 0 ; Depth: 0', 'Arithmetic Sharing: MULs: 0 ; Depth: 0', 'SP-LUT Sharing: OT-gates: Total OT gates = 0; Depth: 1', 'Total number of gates: 3163722 Total depth: 10918', 'Timings: ', 'Total =\t\t34286.8620000000 ms', 'Init =\t\t0.3940000000 ms', 'CircuitGen =\t0.3080000000 ms', 'Network =\t11.5520000000 ms', 'BaseOTs =\t2831.1000000000 ms', 'Setup =\t\t13855.8260000000 ms', 'OTExtension =\t13797.1590000000 ms', 'Garbling =\t0.0090000000 ms', 'Online =\t20431.0260000000 ms', '', 'Communication: ', 'Total Sent / Rcv\t98545472  bytes / 98546496 bytes', 'BaseOTs Sent / Rcv\t50770  bytes / 50770 bytes', 'Setup Sent / Rcv\t96945339  bytes / 96945339 bytes', 'OTExtension Sent / Rcv\t96945339  bytes / 96945339 bytes', 'Garbling Sent / Rcv\t0  bytes / 0 bytes', 'Online Sent / Rcv\t1600133  bytes / 1601157 bytes', '', 'cos_dist_ver: 0.4130865591', 'cos_dist: 0.4130865591'], error []
2023-08-12 18:04:03,829 - DEBUG - Host 10.0.0.154: exit code 0, output ['Online time is distributed as follows: ', 'Bool: local gates: 1900.4590000000, interactive gates: 2246.3140000000, layer finish: 1531.9160000000', 'Yao: local gates: 24.9230000000, interactive gates: 19.8670000000, layer finish: 11.6970000000', 'Yao Rev: local gates: 24.9040000000, interactive gates: 21.2820000000, layer finish: 6.2850000000', 'Arith: local gates: 29.5420000000, interactive gates: 23.8870000000, layer finish: 24.9320000000', 'SPLUT: local gates: 23.7830000000, interactive gates: 25.3150000000, layer finish: 130.8650000000', 'Communication: 14293.0340000001', '', 'Complexities: ', 'Boolean Sharing: ANDs: 5971636 (1-bit) ; Depth: 10918', 'Total Vec AND: 5971636', 'Total Non-Vec AND: 5971636', 'XOR vals: 5892966 gates: 1383450', 'Comb gates: 0, CombStruct gates: 0, Perm gates: 0, Subset gates: 24576, Split gates: 0', 'Yao: ANDs: 0 ; Depth: 0', 'Reverse Yao: ANDs: 0 ; Depth: 0', 'Arithmetic Sharing: MULs: 0 ; Depth: 0', 'SP-LUT Sharing: OT-gates: Total OT gates = 0; Depth: 1', 'Total number of gates: 3163722 Total depth: 10918', 'Timings: ', 'Total =\t\t34239.3940000000 ms', 'Init =\t\t0.3980000000 ms', 'CircuitGen =\t0.3010000000 ms', 'Network =\t1159.9460000000 ms', 'BaseOTs =\t2872.7210000000 ms', 'Setup =\t\t13816.1470000000 ms', 'OTExtension =\t13753.6780000000 ms', 'Garbling =\t0.0070000000 ms', 'Online =\t20423.2380000000 ms', '', 'Communication: ', 'Total Sent / Rcv\t98546496  bytes / 98545472 bytes', 'BaseOTs Sent / Rcv\t50770  bytes / 50770 bytes', 'Setup Sent / Rcv\t96945339  bytes / 96945339 bytes', 'OTExtension Sent / Rcv\t96945330  bytes / 96945339 bytes', 'Garbling Sent / Rcv\t0  bytes / 0 bytes', 'Online Sent / Rcv\t1601157  bytes / 1600133 bytes', '', 'cos_dist_ver: 0.4130865591', 'cos_dist: 0.4130865591'], error []
2023-08-12 18:04:03,830 - DEBUG - Running test for lfw/Aaron_Peirsol/Aaron_Peirsol_0004.jpg
2023-08-12 18:04:22,679 - DEBUG - Embedding extracted by the server in 15.792191743850708 seconds
2023-08-12 18:04:24,026 - DEBUG - Running sfe...
