2023-08-07 00:32:34,801 - DEBUG - pffrocd config: {
    "client": {
        "ip_address": "192.168.1.95",
        "username": "dietpi",
        "private_ssh_key_path": "/home/kamil/.ssh/id_thesis",
        "executable_path": "/home/dietpi/pffrocd/ABY/build/bin",
        "executable_name": "cos_dist_float_scen_simd",
        "pffrocd_path": "/home/dietpi/pffrocd"
    },
    "server": {
        "ip_address": "192.168.1.66",
        "username": "dietpi",
        "private_ssh_key_path": "/home/kamil/.ssh/id_thesis",
        "executable_path": "/home/dietpi/pffrocd/ABY/build/bin",
        "executable_name": "cos_dist_float_scen_simd",
        "pffrocd_path": "/home/dietpi/pffrocd"
    },
    "misc": {
        "test_mode": "True"
    }
}
2023-08-07 00:32:34,901 - INFO - RUNNING IN TEST MODE: only using one person
2023-08-07 00:32:34,901 - INFO - Currently running for lfw/Aaron_Peirsol (0/1)
2023-08-07 00:32:34,901 - DEBUG - Found 4 images for lfw/Aaron_Peirsol
2023-08-07 00:32:34,901 - DEBUG - setting image as reference image: lfw/Aaron_Peirsol/Aaron_Peirsol_0001.jpg
2023-08-07 00:32:36,825 - DEBUG - Running test for lfw/Aaron_Peirsol/Aaron_Peirsol_0002.jpg
2023-08-07 00:32:57,816 - DEBUG - Embedding extracted by the server in 17.571828603744507 seconds
2023-08-07 00:32:59,668 - DEBUG - Running sfe...
