2023-09-14 08:40:31,205 - DEBUG - pffrocd config: {
    "client": {
        "ip_address": "192.168.5.115",
        "username": "kamil",
        "private_ssh_key_path": "/home/kamil/.ssh/id_thesis",
        "executable_path": "/home/kamil/pffrocd/ABY/build/bin",
        "executable_name": "cos_dist_float_scen_simd",
        "pffrocd_path": "/home/kamil/pffrocd"
    },
    "server": {
        "ip_address": "192.168.5.114",
        "username": "kamil",
        "private_ssh_key_path": "/home/kamil/.ssh/id_thesis",
        "executable_path": "/home/kamil/pffrocd/ABY/build/bin",
        "executable_name": "cos_dist_float_scen_simd",
        "pffrocd_path": "/home/kamil/pffrocd"
    },
    "misc": {
        "nr_of_people": "1000",
        "security_level": "80",
        "mt_algorithm": "0",
        "niceness": "-20",
        "starting_person": "20",
        "nr_of_images": "30",
        "bit_length": "32",
        "gather_energy_data": "1"
    }
}
2023-09-14 08:40:31,434 - INFO - RUNNING for 980 people
2023-09-14 08:40:31,434 - INFO - Currently running for lfw/Ahmet_Necdet_Sezer (1/980)
2023-09-14 08:40:31,434 - DEBUG - Found 2 images for lfw/Ahmet_Necdet_Sezer
2023-09-14 08:40:31,434 - DEBUG - setting image as reference image: lfw/Ahmet_Necdet_Sezer/Ahmet_Necdet_Sezer_0001.jpg
2023-09-14 08:40:34,194 - INFO - Running test for lfw/Ahmet_Necdet_Sezer/Ahmet_Necdet_Sezer_0002.jpg
2023-09-14 08:40:58,298 - DEBUG - Stdout of extracting embedding: 21.110589504241943
2023-09-14 08:40:58,298 - DEBUG - Stderr of extracting embedding: 
2023-09-14 08:40:58,298 - INFO - Embedding extracted by the server in 21.110589504241943 seconds
2023-09-14 08:41:00,869 - INFO - Running sfe...
2023-09-14 08:41:17,375 - INFO - Finished! Total sfe time: 16.506220817565918 seconds (1/2)
2023-09-14 08:41:17,376 - DEBUG - Host 192.168.5.115: exit code 0, output ['Online time is distributed as follows: ', 'Bool: local gates: 425.4020000000, interactive gates: 468.0360000000, layer finish: 318.8130000000', 'Yao: local gates: 8.4190000000, interactive gates: 6.4150000000, layer finish: 4.1220000000', 'Yao Rev: local gates: 6.7940000000, interactive gates: 6.6680000000, layer finish: 4.4300000000', 'Arith: local gates: 9.7480000000, interactive gates: 7.2080000000, layer finish: 10.5760000000', 'SPLUT: local gates: 6.6400000000, interactive gates: 6.4220000000, layer finish: 46.5670000000', 'Communication: 5141.1200000000', '', 'Complexities: ', 'Boolean Sharing: ANDs: 1878982 (1-bit) ; Depth: 8080', 'Total Vec AND: 1878982', 'Total Non-Vec AND: 1878982', 'XOR vals: 1740116 gates: 596354', 'Comb gates: 0, CombStruct gates: 0, Perm gates: 0, Subset gates: 12288, Split gates: 0', 'Yao: ANDs: 0 ; Depth: 0', 'Reverse Yao: ANDs: 0 ; Depth: 0', 'Arithmetic Sharing: MULs: 0 ; Depth: 0', 'SP-LUT Sharing: OT-gates: Total OT gates = 0; Depth: 1', 'Total number of gates: 1339400 Total depth: 8080', 'Timings: ', 'Total =\t\t10594.9460000000 ms', 'Init =\t\t0.2830000000 ms', 'CircuitGen =\t0.2560000000 ms', 'Network =\t394.4970000000 ms', 'BaseOTs =\t126.8410000000 ms', 'Setup =\t\t4087.9810000000 ms', 'OTExtension =\t4068.7970000000 ms', 'Garbling =\t0.0090000000 ms', 'Online =\t6506.9580000000 ms', '', 'Communication: ', 'Total Sent / Rcv\t19986398  bytes / 19986910 bytes', 'BaseOTs Sent / Rcv\t10532  bytes / 10532 bytes', 'Setup Sent / Rcv\t19437193  bytes / 19437193 bytes', 'OTExtension Sent / Rcv\t19437193  bytes / 19437193 bytes', 'Garbling Sent / Rcv\t0  bytes / 0 bytes', 'Online Sent / Rcv\t549205  bytes / 549717 bytes', '', 'cos_dist_ver: 0.4069042802', 'cos_dist: 0.4069042802'], error ['\tCommand being timed: "/home/kamil/pffrocd/ABY/build/bin/cos_dist_float_scen_simd_32 -r 1 -a 192.168.5.114 -f /home/kamil/pffrocd/ABY/build/bin/embeddings.txt -o /home/kamil/pffrocd -s 80 -x 0"', '\tUser time (seconds): 13.33', '\tSystem time (seconds): 4.72', '\tPercent of CPU this job got: 111%', '\tElapsed (wall clock) time (h:mm:ss or m:ss): 0:16.15', '\tAverage shared text size (kbytes): 0', '\tAverage unshared data size (kbytes): 0', '\tAverage stack size (kbytes): 0', '\tAverage total size (kbytes): 0', '\tMaximum resident set size (kbytes): 139020', '\tAverage resident set size (kbytes): 0', '\tMajor (requiring I/O) page faults: 0', '\tMinor (reclaiming a frame) page faults: 60420', '\tVoluntary context switches: 68374', '\tInvoluntary context switches: 22102', '\tSwaps: 0', '\tFile system inputs: 0', '\tFile system outputs: 0', '\tSocket messages sent: 0', '\tSocket messages received: 0', '\tSignals delivered: 0', '\tPage size (bytes): 4096', '\tExit status: 0']
2023-09-14 08:41:17,377 - DEBUG - Host 192.168.5.114: exit code 0, output ['Online time is distributed as follows: ', 'Bool: local gates: 432.2360000000, interactive gates: 483.6660000000, layer finish: 329.3740000000', 'Yao: local gates: 9.2670000000, interactive gates: 6.6640000000, layer finish: 5.2800000000', 'Yao Rev: local gates: 5.7490000000, interactive gates: 6.3590000000, layer finish: 2.0180000000', 'Arith: local gates: 7.5680000000, interactive gates: 9.0270000000, layer finish: 6.3940000000', 'SPLUT: local gates: 8.0020000000, interactive gates: 6.6180000000, layer finish: 45.4300000000', 'Communication: 5115.9560000000', '', 'Complexities: ', 'Boolean Sharing: ANDs: 1878982 (1-bit) ; Depth: 8080', 'Total Vec AND: 1878982', 'Total Non-Vec AND: 1878982', 'XOR vals: 1740116 gates: 596354', 'Comb gates: 0, CombStruct gates: 0, Perm gates: 0, Subset gates: 12288, Split gates: 0', 'Yao: ANDs: 0 ; Depth: 0', 'Reverse Yao: ANDs: 0 ; Depth: 0', 'Arithmetic Sharing: MULs: 0 ; Depth: 0', 'SP-LUT Sharing: OT-gates: Total OT gates = 0; Depth: 1', 'Total number of gates: 1339400 Total depth: 8080', 'Timings: ', 'Total =\t\t10595.2280000000 ms', 'Init =\t\t0.2770000000 ms', 'CircuitGen =\t0.2420000000 ms', 'Network =\t14.6950000000 ms', 'BaseOTs =\t126.4270000000 ms', 'Setup =\t\t4087.2940000000 ms', 'OTExtension =\t4065.5780000000 ms', 'Garbling =\t0.0080000000 ms', 'Online =\t6507.9260000000 ms', '', 'Communication: ', 'Total Sent / Rcv\t19986910  bytes / 19986398 bytes', 'BaseOTs Sent / Rcv\t10532  bytes / 10532 bytes', 'Setup Sent / Rcv\t19437193  bytes / 19437193 bytes', 'OTExtension Sent / Rcv\t19437184  bytes / 19437193 bytes', 'Garbling Sent / Rcv\t0  bytes / 0 bytes', 'Online Sent / Rcv\t549717  bytes / 549205 bytes', '', 'cos_dist_ver: 0.4069042802', 'cos_dist: 0.4069042802'], error ['\tCommand being timed: "/home/kamil/pffrocd/ABY/build/bin/cos_dist_float_scen_simd_32 -r 0 -a 192.168.5.114 -f /home/kamil/pffrocd/ABY/build/bin/embeddings.txt -o /home/kamil/pffrocd -s 80 -x 0"', '\tUser time (seconds): 13.82', '\tSystem time (seconds): 4.99', '\tPercent of CPU this job got: 116%', '\tElapsed (wall clock) time (h:mm:ss or m:ss): 0:16.10', '\tAverage shared text size (kbytes): 0', '\tAverage unshared data size (kbytes): 0', '\tAverage stack size (kbytes): 0', '\tAverage total size (kbytes): 0', '\tMaximum resident set size (kbytes): 140368', '\tAverage resident set size (kbytes): 0', '\tMajor (requiring I/O) page faults: 4', '\tMinor (reclaiming a frame) page faults: 60729', '\tVoluntary context switches: 68032', '\tInvoluntary context switches: 20007', '\tSwaps: 0', '\tFile system inputs: 176', '\tFile system outputs: 0', '\tSocket messages sent: 0', '\tSocket messages received: 0', '\tSignals delivered: 0', '\tPage size (bytes): 4096', '\tExit status: 0']
2023-09-14 08:41:17,377 - DEBUG - Parsed ram usage: {'Command being timed': '"/home/kamil/pffrocd/ABY/build/bin/cos_dist_float_scen_simd_32 -r 0 -a 192.168.5.114 -f /home/kamil/pffrocd/ABY/build/bin/embeddings.txt -o /home/kamil/pffrocd -s 80 -x 0"', 'User time (seconds)': '13.82', 'System time (seconds)': '4.99', 'Percent of CPU this job got': '116%', 'Elapsed (wall clock) time (h:mm:ss or m:ss)': '0:16.10', 'Average shared text size (kbytes)': '0', 'Average unshared data size (kbytes)': '0', 'Average stack size (kbytes)': '0', 'Average total size (kbytes)': '0', 'Maximum resident set size (kbytes)': '140368', 'Average resident set size (kbytes)': '0', 'Major (requiring I/O) page faults': '4', 'Minor (reclaiming a frame) page faults': '60729', 'Voluntary context switches': '68032', 'Involuntary context switches': '20007', 'Swaps': '0', 'File system inputs': '176', 'File system outputs': '0', 'Socket messages sent': '0', 'Socket messages received': '0', 'Signals delivered': '0', 'Page size (bytes)': '4096', 'Exit status': '0'}
2023-09-14 08:41:17,377 - INFO - Running powertop to gather energy consumption data...
