2023-08-12 17:25:25,788 - DEBUG - pffrocd config: {
    "client": {
        "ip_address": "10.0.0.167",
        "username": "dietpi",
        "private_ssh_key_path": "/home/kamil/.ssh/id_thesis",
        "executable_path": "/home/dietpi/pffrocd/ABY/build/bin",
        "executable_name": "cos_dist_float_scen_simd",
        "pffrocd_path": "/home/dietpi/pffrocd"
    },
    "server": {
        "ip_address": "10.0.0.154",
        "username": "dietpi",
        "private_ssh_key_path": "/home/kamil/.ssh/id_thesis",
        "executable_path": "/home/dietpi/pffrocd/ABY/build/bin",
        "executable_name": "cos_dist_float_scen_simd",
        "pffrocd_path": "/home/dietpi/pffrocd"
    },
    "misc": {
        "nr_of_people": "4",
        "security_level": "128",
        "mt_algorithm": "1",
        "niceness": "-20"
    }
}
2023-08-12 17:25:25,869 - INFO - RUNNING for 4 people
2023-08-12 17:25:25,870 - INFO - Currently running for lfw/Aaron_Peirsol (1/4)
2023-08-12 17:25:25,870 - DEBUG - Found 4 images for lfw/Aaron_Peirsol
2023-08-12 17:25:25,870 - DEBUG - setting image as reference image: lfw/Aaron_Peirsol/Aaron_Peirsol_0001.jpg
2023-08-12 17:25:27,683 - DEBUG - Running test for lfw/Aaron_Peirsol/Aaron_Peirsol_0002.jpg
2023-08-12 17:26:14,836 - DEBUG - Embedding extracted by the server in 43.46523904800415 seconds
2023-08-12 17:26:16,173 - DEBUG - Running sfe...
2023-08-12 17:27:09,604 - INFO - Finished! Total sfe time: 53.43023729324341 seconds (1/6)
2023-08-12 17:27:09,604 - DEBUG - Host 10.0.0.167: exit code 0, output ['Online time is distributed as follows: ', 'Bool: local gates: 1882.2420000000, interactive gates: 2241.7090000000, layer finish: 1515.7200000000', 'Yao: local gates: 25.7070000000, interactive gates: 20.7710000000, layer finish: 8.1900000000', 'Yao Rev: local gates: 26.6300000000, interactive gates: 23.0800000000, layer finish: 11.3120000000', 'Arith: local gates: 26.2130000000, interactive gates: 20.2320000000, layer finish: 20.5250000000', 'SPLUT: local gates: 24.2440000000, interactive gates: 23.6290000000, layer finish: 135.8040000000', 'Communication: 14221.7810000000', '', 'Complexities: ', 'Boolean Sharing: ANDs: 5971636 (1-bit) ; Depth: 10918', 'Total Vec AND: 5971636', 'Total Non-Vec AND: 5971636', 'XOR vals: 5892966 gates: 1383450', 'Comb gates: 0, CombStruct gates: 0, Perm gates: 0, Subset gates: 24576, Split gates: 0', 'Yao: ANDs: 0 ; Depth: 0', 'Reverse Yao: ANDs: 0 ; Depth: 0', 'Arithmetic Sharing: MULs: 0 ; Depth: 0', 'SP-LUT Sharing: OT-gates: Total OT gates = 0; Depth: 1', 'Total number of gates: 3163722 Total depth: 10918', 'Timings: ', 'Total =\t\t34113.4350000000 ms', 'Init =\t\t0.4990000000 ms', 'CircuitGen =\t0.3760000000 ms', 'Network =\t462.8350000000 ms', 'BaseOTs =\t2833.9460000000 ms', 'Setup =\t\t13800.3570000000 ms', 'OTExtension =\t13732.9670000000 ms', 'Garbling =\t0.0070000000 ms', 'Online =\t20313.0680000000 ms', '', 'Communication: ', 'Total Sent / Rcv\t98545472  bytes / 98546496 bytes', 'BaseOTs Sent / Rcv\t50770  bytes / 50769 bytes', 'Setup Sent / Rcv\t96945339  bytes / 96956452 bytes', 'OTExtension Sent / Rcv\t96945321  bytes / 96945339 bytes', 'Garbling Sent / Rcv\t0  bytes / 0 bytes', 'Online Sent / Rcv\t1600133  bytes / 1590044 bytes', '', 'cos_dist_ver: 0.2064672729', 'cos_dist: 0.2064672729'], error []
2023-08-12 17:27:09,604 - DEBUG - Host 10.0.0.154: exit code 0, output ['Online time is distributed as follows: ', 'Bool: local gates: 1912.3670000000, interactive gates: 2267.9220000000, layer finish: 1517.7910000000', 'Yao: local gates: 25.9620000000, interactive gates: 20.1300000000, layer finish: 12.1270000000', 'Yao Rev: local gates: 25.7980000000, interactive gates: 21.3720000000, layer finish: 6.6060000000', 'Arith: local gates: 29.5710000000, interactive gates: 24.2650000000, layer finish: 25.3090000000', 'SPLUT: local gates: 24.5290000000, interactive gates: 24.1080000000, layer finish: 135.6140000000', 'Communication: 14155.2759999999', '', 'Complexities: ', 'Boolean Sharing: ANDs: 5971636 (1-bit) ; Depth: 10918', 'Total Vec AND: 5971636', 'Total Non-Vec AND: 5971636', 'XOR vals: 5892966 gates: 1383450', 'Comb gates: 0, CombStruct gates: 0, Perm gates: 0, Subset gates: 24576, Split gates: 0', 'Yao: ANDs: 0 ; Depth: 0', 'Reverse Yao: ANDs: 0 ; Depth: 0', 'Arithmetic Sharing: MULs: 0 ; Depth: 0', 'SP-LUT Sharing: OT-gates: Total OT gates = 0; Depth: 1', 'Total number of gates: 3163722 Total depth: 10918', 'Timings: ', 'Total =\t\t34097.3330000000 ms', 'Init =\t\t0.4290000000 ms', 'CircuitGen =\t0.3480000000 ms', 'Network =\t18.3490000000 ms', 'BaseOTs =\t2853.7310000000 ms', 'Setup =\t\t13783.7940000000 ms', 'OTExtension =\t13722.0110000000 ms', 'Garbling =\t0.0080000000 ms', 'Online =\t20313.5290000000 ms', '', 'Communication: ', 'Total Sent / Rcv\t98546496  bytes / 98545472 bytes', 'BaseOTs Sent / Rcv\t50769  bytes / 50770 bytes', 'Setup Sent / Rcv\t96945339  bytes / 96945339 bytes', 'OTExtension Sent / Rcv\t96945339  bytes / 96945339 bytes', 'Garbling Sent / Rcv\t0  bytes / 0 bytes', 'Online Sent / Rcv\t1601157  bytes / 1600133 bytes', '', 'cos_dist_ver: 0.2064672729', 'cos_dist: 0.2064672729'], error []
2023-08-12 17:27:09,605 - DEBUG - Running test for lfw/Aaron_Peirsol/Aaron_Peirsol_0003.jpg
2023-08-12 17:27:28,060 - DEBUG - Embedding extracted by the server in 15.423017978668213 seconds
2023-08-12 17:27:29,375 - DEBUG - Running sfe...
