2023-08-11 14:49:24,409 - DEBUG - pffrocd config: {
    "client": {
        "ip_address": "10.0.0.167",
        "username": "dietpi",
        "private_ssh_key_path": "/home/kamil/.ssh/id_thesis",
        "executable_path": "/home/dietpi/pffrocd/ABY/build/bin",
        "executable_name": "cos_dist_float_scen_simd",
        "pffrocd_path": "/home/dietpi/pffrocd"
    },
    "server": {
        "ip_address": "10.0.0.154",
        "username": "dietpi",
        "private_ssh_key_path": "/home/kamil/.ssh/id_thesis",
        "executable_path": "/home/dietpi/pffrocd/ABY/build/bin",
        "executable_name": "cos_dist_float_scen_simd",
        "pffrocd_path": "/home/dietpi/pffrocd"
    },
    "misc": {
        "nr_of_people": "1",
        "security_level": "80",
        "mt_algorithm": "0",
        "niceness": "-20"
    }
}
2023-08-11 14:49:24,496 - INFO - RUNNING for 1 people
2023-08-11 14:49:24,496 - INFO - Currently running for lfw/Aaron_Peirsol (0/1)
2023-08-11 14:49:24,497 - DEBUG - Found 4 images for lfw/Aaron_Peirsol
2023-08-11 14:49:24,497 - DEBUG - setting image as reference image: lfw/Aaron_Peirsol/Aaron_Peirsol_0001.jpg
2023-08-11 14:49:26,089 - DEBUG - Running test for lfw/Aaron_Peirsol/Aaron_Peirsol_0002.jpg
2023-08-11 14:49:43,956 - DEBUG - Embedding extracted by the server in 14.950746774673462 seconds
2023-08-11 14:49:45,286 - DEBUG - Running sfe...
2023-08-11 14:50:31,226 - INFO - Finished! Total sfe time: 45.94009518623352 seconds
2023-08-11 14:50:31,226 - DEBUG - Host 10.0.0.167: exit code 0, output ['Online time is distributed as follows: ', 'Bool: local gates: 1885.2050000000, interactive gates: 2246.9490000000, layer finish: 1522.4030000000', 'Yao: local gates: 22.2810000000, interactive gates: 21.2680000000, layer finish: 7.0190000000', 'Yao Rev: local gates: 21.8390000000, interactive gates: 16.6800000000, layer finish: 12.1070000000', 'Arith: local gates: 21.8560000000, interactive gates: 22.8220000000, layer finish: 21.4920000000', 'SPLUT: local gates: 23.5330000000, interactive gates: 22.8450000000, layer finish: 137.9130000000', 'Communication: 14164.6020000000', '', 'Complexities: ', 'Boolean Sharing: ANDs: 5971636 (1-bit) ; Depth: 10918', 'Total Vec AND: 5971636', 'Total Non-Vec AND: 5971636', 'XOR vals: 5892966 gates: 1383450', 'Comb gates: 0, CombStruct gates: 0, Perm gates: 0, Subset gates: 24576, Split gates: 0', 'Yao: ANDs: 0 ; Depth: 0', 'Reverse Yao: ANDs: 0 ; Depth: 0', 'Arithmetic Sharing: MULs: 0 ; Depth: 0', 'SP-LUT Sharing: OT-gates: Total OT gates = 0; Depth: 1', 'Total number of gates: 3163722 Total depth: 10918', 'Timings: ', 'Total =\t\t32187.2380000000 ms', 'Init =\t\t0.3160000000 ms', 'CircuitGen =\t0.3110000000 ms', 'Network =\t132.2270000000 ms', 'BaseOTs =\t129.7480000000 ms', 'Setup =\t\t11935.7730000000 ms', 'OTExtension =\t11855.4060000000 ms', 'Garbling =\t0.0100000000 ms', 'Online =\t20251.4560000000 ms', '', 'Communication: ', 'Total Sent / Rcv\t62191406  bytes / 62192430 bytes', 'BaseOTs Sent / Rcv\t10532  bytes / 10532 bytes', 'Setup Sent / Rcv\t60591273  bytes / 60591273 bytes', 'OTExtension Sent / Rcv\t60591273  bytes / 60591273 bytes', 'Garbling Sent / Rcv\t0  bytes / 0 bytes', 'Online Sent / Rcv\t1600133  bytes / 1601157 bytes', '', 'cos_dist_ver: 0.2064672729', 'cos_dist: 0.2064672729'], error []
2023-08-11 14:50:31,226 - DEBUG - Host 10.0.0.154: exit code 0, output ['Online time is distributed as follows: ', 'Bool: local gates: 1882.1490000000, interactive gates: 2214.7360000000, layer finish: 1526.9090000000', 'Yao: local gates: 27.4340000000, interactive gates: 19.5410000000, layer finish: 11.8810000000', 'Yao Rev: local gates: 25.1580000000, interactive gates: 20.7230000000, layer finish: 5.6700000000', 'Arith: local gates: 23.8210000000, interactive gates: 21.4220000000, layer finish: 31.8780000000', 'SPLUT: local gates: 23.4950000000, interactive gates: 22.0880000000, layer finish: 119.0650000000', 'Communication: 14195.7729999999', '', 'Complexities: ', 'Boolean Sharing: ANDs: 5971636 (1-bit) ; Depth: 10918', 'Total Vec AND: 5971636', 'Total Non-Vec AND: 5971636', 'XOR vals: 5892966 gates: 1383450', 'Comb gates: 0, CombStruct gates: 0, Perm gates: 0, Subset gates: 24576, Split gates: 0', 'Yao: ANDs: 0 ; Depth: 0', 'Reverse Yao: ANDs: 0 ; Depth: 0', 'Arithmetic Sharing: MULs: 0 ; Depth: 0', 'SP-LUT Sharing: OT-gates: Total OT gates = 0; Depth: 1', 'Total number of gates: 3163722 Total depth: 10918', 'Timings: ', 'Total =\t\t32187.2100000000 ms', 'Init =\t\t0.3430000000 ms', 'CircuitGen =\t0.3350000000 ms', 'Network =\t16.9520000000 ms', 'BaseOTs =\t136.9070000000 ms', 'Setup =\t\t11936.5340000000 ms', 'OTExtension =\t11876.4820000000 ms', 'Garbling =\t0.0080000000 ms', 'Online =\t20250.6670000000 ms', '', 'Communication: ', 'Total Sent / Rcv\t62192430  bytes / 62191406 bytes', 'BaseOTs Sent / Rcv\t10532  bytes / 10532 bytes', 'Setup Sent / Rcv\t60591273  bytes / 60591273 bytes', 'OTExtension Sent / Rcv\t60591264  bytes / 60591273 bytes', 'Garbling Sent / Rcv\t0  bytes / 0 bytes', 'Online Sent / Rcv\t1601157  bytes / 1600133 bytes', '', 'cos_dist_ver: 0.2064672729', 'cos_dist: 0.2064672729'], error []
2023-08-11 14:50:31,227 - DEBUG - server_sfe_output='Online time is distributed as follows: Bool: local gates: 1882.1490000000, interactive gates: 2214.7360000000, layer finish: 1526.9090000000Yao: local gates: 27.4340000000, interactive gates: 19.5410000000, layer finish: 11.8810000000Yao Rev: local gates: 25.1580000000, interactive gates: 20.7230000000, layer finish: 5.6700000000Arith: local gates: 23.8210000000, interactive gates: 21.4220000000, layer finish: 31.8780000000SPLUT: local gates: 23.4950000000, interactive gates: 22.0880000000, layer finish: 119.0650000000Communication: 14195.7729999999Complexities: Boolean Sharing: ANDs: 5971636 (1-bit) ; Depth: 10918Total Vec AND: 5971636Total Non-Vec AND: 5971636XOR vals: 5892966 gates: 1383450Comb gates: 0, CombStruct gates: 0, Perm gates: 0, Subset gates: 24576, Split gates: 0Yao: ANDs: 0 ; Depth: 0Reverse Yao: ANDs: 0 ; Depth: 0Arithmetic Sharing: MULs: 0 ; Depth: 0SP-LUT Sharing: OT-gates: Total OT gates = 0; Depth: 1Total number of gates: 3163722 Total depth: 10918Timings: Total =\t\t32187.2100000000 msInit =\t\t0.3430000000 msCircuitGen =\t0.3350000000 msNetwork =\t16.9520000000 msBaseOTs =\t136.9070000000 msSetup =\t\t11936.5340000000 msOTExtension =\t11876.4820000000 msGarbling =\t0.0080000000 msOnline =\t20250.6670000000 msCommunication: Total Sent / Rcv\t62192430  bytes / 62191406 bytesBaseOTs Sent / Rcv\t10532  bytes / 10532 bytesSetup Sent / Rcv\t60591273  bytes / 60591273 bytesOTExtension Sent / Rcv\t60591264  bytes / 60591273 bytesGarbling Sent / Rcv\t0  bytes / 0 bytesOnline Sent / Rcv\t1601157  bytes / 1600133 bytescos_dist_ver: 0.2064672729cos_dist: 0.2064672729'
