2023-08-10 11:25:12,414 - DEBUG - pffrocd config: {
    "client": {
        "ip_address": "192.168.50.55",
        "username": "dietpi",
        "private_ssh_key_path": "/home/kamil/.ssh/id_thesis",
        "executable_path": "/home/dietpi/pffrocd/ABY/build/bin",
        "executable_name": "cos_dist_float_scen_simd",
        "pffrocd_path": "/home/dietpi/pffrocd"
    },
    "server": {
        "ip_address": "192.168.50.190",
        "username": "dietpi",
        "private_ssh_key_path": "/home/kamil/.ssh/id_thesis",
        "executable_path": "/home/dietpi/pffrocd/ABY/build/bin",
        "executable_name": "cos_dist_float_scen_simd",
        "pffrocd_path": "/home/dietpi/pffrocd"
    },
    "misc": {
        "test_mode": "True",
        "security_level": "80"
    }
}
2023-08-10 11:25:12,520 - INFO - RUNNING IN TEST MODE: only using one person
2023-08-10 11:25:12,520 - INFO - Currently running for lfw/Aaron_Peirsol (0/1)
2023-08-10 11:25:12,520 - DEBUG - Found 4 images for lfw/Aaron_Peirsol
2023-08-10 11:25:12,520 - DEBUG - setting image as reference image: lfw/Aaron_Peirsol/Aaron_Peirsol_0001.jpg
2023-08-10 11:25:15,093 - DEBUG - Running test for lfw/Aaron_Peirsol/Aaron_Peirsol_0002.jpg
2023-08-10 11:25:33,077 - DEBUG - Embedding extracted by the server in 14.956939935684204 seconds
2023-08-10 11:25:35,273 - DEBUG - Running sfe...
2023-08-10 11:27:15,376 - INFO - Finished! Total sfe time: 100.10285186767578 seconds
2023-08-10 11:27:15,376 - DEBUG - Host 192.168.50.55: exit code 0, output ['SEC LEVEL: 80', 'MT_ALG: 0', 'INPUT FILE NAME: /home/dietpi/pffrocd/ABY/build/bin/embeddings.txt', 'starting reading x and y', 'finished reading x and y', 'starting reading z', 'finished reading z', 'CIRCUIT DIRECTORY: /home/dietpi/pffrocd/ABY/bin/circ/', 'party created', 'circuit retrieved', 'here 1', 'here 1', 'here 1', 'here 1', 'verification values computed', 'assigning ingates', 'finished assigning ingates', 'multiplied', 'finished computing x dot y', 'multiplied', 'finished computing norm(x)', 'multiplied', 'finished computing norm(y)', 'finished computing cos dist', 'Online time is distributed as follows: ', 'Bool: local gates: 2055.7580000000, interactive gates: 2386.2800000000, layer finish: 1732.3450000000', 'Yao: local gates: 26.0030000000, interactive gates: 21.0560000000, layer finish: 8.3020000000', 'Yao Rev: local gates: 27.2250000000, interactive gates: 21.1820000000, layer finish: 11.2100000000', 'Arith: local gates: 27.2150000000, interactive gates: 19.4950000000, layer finish: 27.7070000000', 'SPLUT: local gates: 25.6310000000, interactive gates: 21.4760000000, layer finish: 139.5830000000', 'Communication: 40363.6879999999', '', 'Complexities: ', 'Boolean Sharing: ANDs: 5971636 (1-bit) ; Depth: 10918', 'Total Vec AND: 5971636', 'Total Non-Vec AND: 5971636', 'XOR vals: 5892966 gates: 1383450', 'Comb gates: 0, CombStruct gates: 0, Perm gates: 0, Subset gates: 24576, Split gates: 0', 'Yao: ANDs: 0 ; Depth: 0', 'Reverse Yao: ANDs: 0 ; Depth: 0', 'Arithmetic Sharing: MULs: 0 ; Depth: 0', 'SP-LUT Sharing: OT-gates: Total OT gates = 0; Depth: 1', 'Total number of gates: 3163722 Total depth: 10918', 'Timings: ', 'Total =\t\t86242.4070000000 ms', 'Init =\t\t0.4500000000 ms', 'CircuitGen =\t0.3860000000 ms', 'Network =\t17.8430000000 ms', 'BaseOTs =\t134.4760000000 ms', 'Setup =\t\t39265.2310000000 ms', 'OTExtension =\t39206.4200000000 ms', 'Garbling =\t0.0070000000 ms', 'Online =\t46977.1660000000 ms', '', 'Communication: ', 'Total Sent / Rcv\t62191406  bytes / 62192430 bytes', 'BaseOTs Sent / Rcv\t10532  bytes / 10532 bytes', 'Setup Sent / Rcv\t60591273  bytes / 60591273 bytes', 'OTExtension Sent / Rcv\t60591273  bytes / 60591273 bytes', 'Garbling Sent / Rcv\t0  bytes / 0 bytes', 'Online Sent / Rcv\t1600133  bytes / 1601157 bytes', '', 'cos_dist_ver: 0.2064672729', 'cos_dist: 0.2064672729'], error []
2023-08-10 11:27:15,376 - DEBUG - Host 192.168.50.190: exit code 0, output ['SEC LEVEL: 80', 'MT_ALG: 0', 'INPUT FILE NAME: /home/dietpi/pffrocd/ABY/build/bin/embeddings.txt', 'starting reading x and y', 'finished reading x and y', 'starting reading z', 'finished reading z', 'CIRCUIT DIRECTORY: /home/dietpi/pffrocd/ABY/bin/circ/', 'party created', 'circuit retrieved', 'here 1', 'here 1', 'here 1', 'here 1', 'verification values computed', 'assigning ingates', 'finished assigning ingates', 'multiplied', 'finished computing x dot y', 'multiplied', 'finished computing norm(x)', 'multiplied', 'finished computing norm(y)', 'finished computing cos dist', 'Online time is distributed as follows: ', 'Bool: local gates: 2072.1960000000, interactive gates: 2415.9290000000, layer finish: 1737.3260000000', 'Yao: local gates: 27.4450000000, interactive gates: 21.2790000000, layer finish: 10.4000000000', 'Yao Rev: local gates: 22.7610000000, interactive gates: 20.2020000000, layer finish: 6.0390000000', 'Arith: local gates: 27.9290000000, interactive gates: 19.7000000000, layer finish: 23.6140000000', 'SPLUT: local gates: 24.6240000000, interactive gates: 22.4120000000, layer finish: 144.5520000000', 'Communication: 40317.2450000000', '', 'Complexities: ', 'Boolean Sharing: ANDs: 5971636 (1-bit) ; Depth: 10918', 'Total Vec AND: 5971636', 'Total Non-Vec AND: 5971636', 'XOR vals: 5892966 gates: 1383450', 'Comb gates: 0, CombStruct gates: 0, Perm gates: 0, Subset gates: 24576, Split gates: 0', 'Yao: ANDs: 0 ; Depth: 0', 'Reverse Yao: ANDs: 0 ; Depth: 0', 'Arithmetic Sharing: MULs: 0 ; Depth: 0', 'SP-LUT Sharing: OT-gates: Total OT gates = 0; Depth: 1', 'Total number of gates: 3163722 Total depth: 10918', 'Timings: ', 'Total =\t\t86242.1380000000 ms', 'Init =\t\t0.4540000000 ms', 'CircuitGen =\t0.4030000000 ms', 'Network =\t46.8470000000 ms', 'BaseOTs =\t130.2480000000 ms', 'Setup =\t\t39269.8150000000 ms', 'OTExtension =\t39205.3820000000 ms', 'Garbling =\t0.0080000000 ms', 'Online =\t46972.3140000000 ms', '', 'Communication: ', 'Total Sent / Rcv\t62192439  bytes / 62191406 bytes', 'BaseOTs Sent / Rcv\t10523  bytes / 10532 bytes', 'Setup Sent / Rcv\t60591282  bytes / 60591273 bytes', 'OTExtension Sent / Rcv\t60591273  bytes / 60591273 bytes', 'Garbling Sent / Rcv\t0  bytes / 0 bytes', 'Online Sent / Rcv\t1601157  bytes / 1600133 bytes', '', 'cos_dist_ver: 0.2064672729', 'cos_dist: 0.2064672729'], error []
2023-08-10 11:27:15,377 - DEBUG - Running test for lfw/Aaron_Peirsol/Aaron_Peirsol_0003.jpg
2023-08-10 11:27:33,502 - DEBUG - Embedding extracted by the server in 14.951762437820435 seconds
2023-08-10 11:27:35,582 - DEBUG - Running sfe...
