2023-09-21 04:22:32,769 - DEBUG - pffrocd config: {
    "client": {
        "ip_address": "192.168.5.115",
        "username": "kamil",
        "private_ssh_key_path": "/home/dietpi/.ssh/id_rsa",
        "executable_path": "/home/kamil/pffrocd/ABY/build/bin",
        "executable_name": "cos_dist_float_scen_simd",
        "pffrocd_path": "/home/kamil/pffrocd"
    },
    "server": {
        "ip_address": "192.168.5.114",
        "username": "kamil",
        "private_ssh_key_path": "/home/dietpi/.ssh/id_rsa",
        "executable_path": "/home/kamil/pffrocd/ABY/build/bin",
        "executable_name": "cos_dist_float_scen_simd",
        "pffrocd_path": "/home/kamil/pffrocd"
    },
    "misc": {
        "nr_of_people": "1500",
        "security_level": "112",
        "mt_algorithm": "0",
        "niceness": "-20",
        "starting_person": "20",
        "bit_length": "32",
        "gather_energy_data": "1"
    }
}
2023-09-21 04:22:49,117 - INFO - Bandwidth: 58.01 Mbits/sec
2023-09-21 04:22:49,719 - INFO - RUNNING for 1480 people
2023-09-21 04:22:49,720 - INFO - Currently running for lfw/Ahmet_Necdet_Sezer (1/1480)
2023-09-21 04:22:49,721 - DEBUG - Found 2 images for lfw/Ahmet_Necdet_Sezer
2023-09-21 04:22:49,721 - DEBUG - setting image as reference image: lfw/Ahmet_Necdet_Sezer/Ahmet_Necdet_Sezer_0001.jpg
2023-09-21 04:22:58,305 - INFO - Running test for lfw/Ahmet_Necdet_Sezer/Ahmet_Necdet_Sezer_0002.jpg
2023-09-21 04:23:35,585 - DEBUG - Stdout of extracting embedding: 31.282917737960815
2023-09-21 04:23:35,586 - DEBUG - Stderr of extracting embedding: 
2023-09-21 04:23:35,587 - INFO - Embedding extracted by the server in 31.282917737960815 seconds
2023-09-21 04:23:41,904 - INFO - Running sfe...
2023-09-21 04:24:38,154 - INFO - Finished! Total sfe time: 56.24865221977234 seconds (1/2)
2023-09-21 04:24:38,156 - DEBUG - Host 192.168.5.115: exit code 0, output ['Online time is distributed as follows: ', 'Bool: local gates: 859.6930000000, interactive gates: 925.2920000000, layer finish: 776.2070000000', 'Yao: local gates: 18.9310000000, interactive gates: 12.7640000000, layer finish: 4.6730000000', 'Yao Rev: local gates: 14.5460000000, interactive gates: 13.5750000000, layer finish: 7.7950000000', 'Arith: local gates: 15.2230000000, interactive gates: 14.3550000000, layer finish: 19.9600000000', 'SPLUT: local gates: 16.6290000000, interactive gates: 14.3800000000, layer finish: 94.0780000000', 'Communication: 30811.9090000000', '', 'Complexities: ', 'Boolean Sharing: ANDs: 1878982 (1-bit) ; Depth: 8080', 'Total Vec AND: 1878982', 'Total Non-Vec AND: 1878982', 'XOR vals: 1740116 gates: 596354', 'Comb gates: 0, CombStruct gates: 0, Perm gates: 0, Subset gates: 12288, Split gates: 0', 'Yao: ANDs: 0 ; Depth: 0', 'Reverse Yao: ANDs: 0 ; Depth: 0', 'Arithmetic Sharing: MULs: 0 ; Depth: 0', 'SP-LUT Sharing: OT-gates: Total OT gates = 0; Depth: 1', 'Total number of gates: 1339400 Total depth: 8080', 'Timings: ', 'Total =\t\t42648.7410000000 ms', 'Init =\t\t0.5480000000 ms', 'CircuitGen =\t0.4880000000 ms', 'Network =\t76.1770000000 ms', 'BaseOTs =\t1689.4960000000 ms', 'Setup =\t\t8967.7440000000 ms', 'OTExtension =\t8925.8330000000 ms', 'Garbling =\t0.0120000000 ms', 'Online =\t33680.9840000000 ms', '', 'Communication: ', 'Total Sent / Rcv\t27761118  bytes / 27761630 bytes', 'BaseOTs Sent / Rcv\t29220  bytes / 29220 bytes', 'Setup Sent / Rcv\t27211913  bytes / 27211913 bytes', 'OTExtension Sent / Rcv\t27211904  bytes / 27211913 bytes', 'Garbling Sent / Rcv\t0  bytes / 0 bytes', 'Online Sent / Rcv\t549205  bytes / 549717 bytes', '', 'cos_dist_ver: 0.4069042206', 'cos_dist: 0.4069042206'], error ['\tCommand being timed: "/home/kamil/pffrocd/ABY/build/bin/cos_dist_float_scen_simd_32 -r 1 -a 192.168.5.114 -f /home/kamil/pffrocd/ABY/build/bin/embeddings.txt -o /home/kamil/pffrocd -s 112 -x 0"', '\tUser time (seconds): 31.03', '\tSystem time (seconds): 9.34', '\tPercent of CPU this job got: 72%', '\tElapsed (wall clock) time (h:mm:ss or m:ss): 0:55.50', '\tAverage shared text size (kbytes): 0', '\tAverage unshared data size (kbytes): 0', '\tAverage stack size (kbytes): 0', '\tAverage total size (kbytes): 0', '\tMaximum resident set size (kbytes): 145924', '\tAverage resident set size (kbytes): 0', '\tMajor (requiring I/O) page faults: 0', '\tMinor (reclaiming a frame) page faults: 61866', '\tVoluntary context switches: 72483', '\tInvoluntary context switches: 45540', '\tSwaps: 0', '\tFile system inputs: 0', '\tFile system outputs: 0', '\tSocket messages sent: 0', '\tSocket messages received: 0', '\tSignals delivered: 0', '\tPage size (bytes): 4096', '\tExit status: 0']
2023-09-21 04:24:38,159 - DEBUG - Host 192.168.5.114: exit code 0, output ['Online time is distributed as follows: ', 'Bool: local gates: 853.9960000000, interactive gates: 920.9580000000, layer finish: 741.1940000000', 'Yao: local gates: 19.0370000000, interactive gates: 15.4370000000, layer finish: 7.0440000000', 'Yao Rev: local gates: 15.4170000000, interactive gates: 13.7430000000, layer finish: 4.7720000000', 'Arith: local gates: 17.0810000000, interactive gates: 13.0830000000, layer finish: 16.3350000000', 'SPLUT: local gates: 15.3690000000, interactive gates: 14.3910000000, layer finish: 87.9700000000', 'Communication: 30859.5910000001', '', 'Complexities: ', 'Boolean Sharing: ANDs: 1878982 (1-bit) ; Depth: 8080', 'Total Vec AND: 1878982', 'Total Non-Vec AND: 1878982', 'XOR vals: 1740116 gates: 596354', 'Comb gates: 0, CombStruct gates: 0, Perm gates: 0, Subset gates: 12288, Split gates: 0', 'Yao: ANDs: 0 ; Depth: 0', 'Reverse Yao: ANDs: 0 ; Depth: 0', 'Arithmetic Sharing: MULs: 0 ; Depth: 0', 'SP-LUT Sharing: OT-gates: Total OT gates = 0; Depth: 1', 'Total number of gates: 1339400 Total depth: 8080', 'Timings: ', 'Total =\t\t42653.7840000000 ms', 'Init =\t\t0.7760000000 ms', 'CircuitGen =\t0.5360000000 ms', 'Network =\t98.1030000000 ms', 'BaseOTs =\t1684.2370000000 ms', 'Setup =\t\t8972.2420000000 ms', 'OTExtension =\t8929.0280000000 ms', 'Garbling =\t0.0120000000 ms', 'Online =\t33681.5290000000 ms', '', 'Communication: ', 'Total Sent / Rcv\t27761639  bytes / 27761118 bytes', 'BaseOTs Sent / Rcv\t29211  bytes / 29220 bytes', 'Setup Sent / Rcv\t27211922  bytes / 27211913 bytes', 'OTExtension Sent / Rcv\t27211913  bytes / 27211913 bytes', 'Garbling Sent / Rcv\t0  bytes / 0 bytes', 'Online Sent / Rcv\t549717  bytes / 549205 bytes', '', 'cos_dist_ver: 0.4069042206', 'cos_dist: 0.4069042206'], error ['\tCommand being timed: "/home/kamil/pffrocd/ABY/build/bin/cos_dist_float_scen_simd_32 -r 0 -a 192.168.5.114 -f /home/kamil/pffrocd/ABY/build/bin/embeddings.txt -o /home/kamil/pffrocd -s 112 -x 0"', '\tUser time (seconds): 30.75', '\tSystem time (seconds): 8.99', '\tPercent of CPU this job got: 71%', '\tElapsed (wall clock) time (h:mm:ss or m:ss): 0:55.59', '\tAverage shared text size (kbytes): 0', '\tAverage unshared data size (kbytes): 0', '\tAverage stack size (kbytes): 0', '\tAverage total size (kbytes): 0', '\tMaximum resident set size (kbytes): 142220', '\tAverage resident set size (kbytes): 0', '\tMajor (requiring I/O) page faults: 0', '\tMinor (reclaiming a frame) page faults: 60963', '\tVoluntary context switches: 71220', '\tInvoluntary context switches: 47931', '\tSwaps: 0', '\tFile system inputs: 760', '\tFile system outputs: 0', '\tSocket messages sent: 0', '\tSocket messages received: 0', '\tSignals delivered: 0', '\tPage size (bytes): 4096', '\tExit status: 0']
2023-09-21 04:24:38,159 - DEBUG - Parsed server ram usage: {'Command being timed': '"/home/kamil/pffrocd/ABY/build/bin/cos_dist_float_scen_simd_32 -r 0 -a 192.168.5.114 -f /home/kamil/pffrocd/ABY/build/bin/embeddings.txt -o /home/kamil/pffrocd -s 112 -x 0"', 'User time (seconds)': '30.75', 'System time (seconds)': '8.99', 'Percent of CPU this job got': '71%', 'Elapsed (wall clock) time (h:mm:ss or m:ss)': '0:55.59', 'Average shared text size (kbytes)': '0', 'Average unshared data size (kbytes)': '0', 'Average stack size (kbytes)': '0', 'Average total size (kbytes)': '0', 'Maximum resident set size (kbytes)': '142220', 'Average resident set size (kbytes)': '0', 'Major (requiring I/O) page faults': '0', 'Minor (reclaiming a frame) page faults': '60963', 'Voluntary context switches': '71220', 'Involuntary context switches': '47931', 'Swaps': '0', 'File system inputs': '760', 'File system outputs': '0', 'Socket messages sent': '0', 'Socket messages received': '0', 'Signals delivered': '0', 'Page size (bytes)': '4096', 'Exit status': '0'}
2023-09-21 04:24:38,160 - DEBUG - Parsed client ram usage: {'Command being timed': '"/home/kamil/pffrocd/ABY/build/bin/cos_dist_float_scen_simd_32 -r 1 -a 192.168.5.114 -f /home/kamil/pffrocd/ABY/build/bin/embeddings.txt -o /home/kamil/pffrocd -s 112 -x 0"', 'User time (seconds)': '31.03', 'System time (seconds)': '9.34', 'Percent of CPU this job got': '72%', 'Elapsed (wall clock) time (h:mm:ss or m:ss)': '0:55.50', 'Average shared text size (kbytes)': '0', 'Average unshared data size (kbytes)': '0', 'Average stack size (kbytes)': '0', 'Average total size (kbytes)': '0', 'Maximum resident set size (kbytes)': '145924', 'Average resident set size (kbytes)': '0', 'Major (requiring I/O) page faults': '0', 'Minor (reclaiming a frame) page faults': '61866', 'Voluntary context switches': '72483', 'Involuntary context switches': '45540', 'Swaps': '0', 'File system inputs': '0', 'File system outputs': '0', 'Socket messages sent': '0', 'Socket messages received': '0', 'Signals delivered': '0', 'Page size (bytes)': '4096', 'Exit status': '0'}
2023-09-21 04:24:38,160 - INFO - Running powertop to gather energy consumption data...
