2023-09-23 14:26:13,888 - DEBUG - pffrocd config: {
    "client": {
        "ip_address": "192.168.5.115",
        "username": "kamil",
        "private_ssh_key_path": "/home/dietpi/.ssh/id_rsa",
        "executable_path": "/home/kamil/pffrocd/ABY/build/bin",
        "executable_name": "cos_dist_float_scen_simd",
        "pffrocd_path": "/home/kamil/pffrocd"
    },
    "server": {
        "ip_address": "192.168.5.114",
        "username": "kamil",
        "private_ssh_key_path": "/home/dietpi/.ssh/id_rsa",
        "executable_path": "/home/kamil/pffrocd/ABY/build/bin",
        "executable_name": "cos_dist_float_scen_simd",
        "pffrocd_path": "/home/kamil/pffrocd"
    },
    "misc": {
        "nr_of_people": "1500",
        "security_level": "80",
        "mt_algorithm": "0",
        "niceness": "-20",
        "starting_person": "200",
        "bit_length": "32",
        "gather_energy_data": "0"
    }
}
2023-09-23 14:26:30,454 - INFO - Bandwidth: 71.13 Mbits/sec
2023-09-23 14:26:31,052 - INFO - RUNNING for 1300 people
2023-09-23 14:26:31,053 - INFO - Currently running for lfw/Brian_Mulroney (1/1300)
2023-09-23 14:26:31,054 - DEBUG - Found 2 images for lfw/Brian_Mulroney
2023-09-23 14:26:31,054 - DEBUG - setting image as reference image: lfw/Brian_Mulroney/Brian_Mulroney_0001.jpg
2023-09-23 14:26:38,098 - INFO - Running test for lfw/Brian_Mulroney/Brian_Mulroney_0002.jpg
2023-09-23 14:26:56,620 - DEBUG - Stdout of extracting embedding: 14.191354513168335
2023-09-23 14:26:56,621 - DEBUG - Stderr of extracting embedding: 
2023-09-23 14:26:56,621 - INFO - Embedding extracted by the server in 14.191354513168335 seconds
2023-09-23 14:27:02,753 - INFO - Running sfe...
2023-09-23 14:28:12,886 - INFO - Finished! Total sfe time: 70.13201904296875 seconds (1/2)
2023-09-23 14:28:12,888 - DEBUG - Host 192.168.5.115: exit code 0, output ['AES performance: 55.2253599167 MiB/sec', 'RTT: 3.7581875000 ms', 'Throughput: 8.3602668911 MiB/s', 'Online time is distributed as follows: ', 'Bool: local gates: 448.5110000000, interactive gates: 496.1970000000, layer finish: 389.9050000000', 'Yao: local gates: 8.6570000000, interactive gates: 9.1880000000, layer finish: 3.6290000000', 'Yao Rev: local gates: 11.3390000000, interactive gates: 8.8500000000, layer finish: 3.8570000000', 'Arith: local gates: 6.1300000000, interactive gates: 7.1650000000, layer finish: 7.6630000000', 'SPLUT: local gates: 8.6030000000, interactive gates: 6.6220000000, layer finish: 47.6920000000', 'Communication: 22794.8710000000', '', 'Complexities: ', 'Boolean Sharing: ANDs: 1878982 (1-bit) ; Depth: 8080', 'Total Vec AND: 1878982', 'Total Non-Vec AND: 1878982', 'XOR vals: 1740116 gates: 596354', 'Comb gates: 0, CombStruct gates: 0, Perm gates: 0, Subset gates: 12288, Split gates: 0', 'Yao: ANDs: 0 ; Depth: 0', 'Reverse Yao: ANDs: 0 ; Depth: 0', 'Arithmetic Sharing: MULs: 0 ; Depth: 0', 'SP-LUT Sharing: OT-gates: Total OT gates = 0; Depth: 1', 'Total number of gates: 1339400 Total depth: 8080', 'Timings: ', 'Total =\t\t29544.3120000000 ms', 'Init =\t\t18921.9740000000 ms', 'CircuitGen =\t0.2740000000 ms', 'Network =\t32.3380000000 ms', 'BaseOTs =\t16029.6740000000 ms', 'Setup =\t\t5261.3920000000 ms', 'OTExtension =\t5245.8890000000 ms', 'Garbling =\t0.0080000000 ms', 'Online =\t24282.9150000000 ms', '', 'Communication: ', 'Total Sent / Rcv\t19986398  bytes / 19986910 bytes', 'BaseOTs Sent / Rcv\t67119691  bytes / 67119700 bytes', 'Setup Sent / Rcv\t19437202  bytes / 19437193 bytes', 'OTExtension Sent / Rcv\t19437185  bytes / 19437193 bytes', 'Garbling Sent / Rcv\t0  bytes / 0 bytes', 'Online Sent / Rcv\t549196  bytes / 549717 bytes', '', 'cos_dist_ver: 0.9286520481', 'cos_dist: 0.9286520481'], error ['\tCommand being timed: "/home/kamil/pffrocd/ABY/build/bin/cos_dist_float_scen_simd_32 -r 1 -a 192.168.5.114 -f /home/kamil/pffrocd/ABY/build/bin/embeddings.txt -o /home/kamil/pffrocd -s 80 -x 0"', '\tUser time (seconds): 31.42', '\tSystem time (seconds): 5.70', '\tPercent of CPU this job got: 53%', '\tElapsed (wall clock) time (h:mm:ss or m:ss): 1:09.57', '\tAverage shared text size (kbytes): 0', '\tAverage unshared data size (kbytes): 0', '\tAverage stack size (kbytes): 0', '\tAverage total size (kbytes): 0', '\tMaximum resident set size (kbytes): 148840', '\tAverage resident set size (kbytes): 0', '\tMajor (requiring I/O) page faults: 0', '\tMinor (reclaiming a frame) page faults: 95630', '\tVoluntary context switches: 73291', '\tInvoluntary context switches: 43119', '\tSwaps: 0', '\tFile system inputs: 0', '\tFile system outputs: 0', '\tSocket messages sent: 0', '\tSocket messages received: 0', '\tSignals delivered: 0', '\tPage size (bytes): 4096', '\tExit status: 0']
2023-09-23 14:28:12,889 - DEBUG - Host 192.168.5.114: exit code 0, output ['AES performance: 55.4076005484 MiB/sec', 'RTT: 3.8007500000 ms', 'Throughput: 8.0969442069 MiB/s', 'Online time is distributed as follows: ', 'Bool: local gates: 433.4650000000, interactive gates: 499.2420000000, layer finish: 391.5580000000', 'Yao: local gates: 11.4950000000, interactive gates: 6.0730000000, layer finish: 6.1580000000', 'Yao Rev: local gates: 5.7630000000, interactive gates: 7.3800000000, layer finish: 2.9580000000', 'Arith: local gates: 7.6190000000, interactive gates: 5.8600000000, layer finish: 7.3010000000', 'SPLUT: local gates: 9.1990000000, interactive gates: 8.4330000000, layer finish: 49.5680000000', 'Communication: 22800.2070000000', '', 'Complexities: ', 'Boolean Sharing: ANDs: 1878982 (1-bit) ; Depth: 8080', 'Total Vec AND: 1878982', 'Total Non-Vec AND: 1878982', 'XOR vals: 1740116 gates: 596354', 'Comb gates: 0, CombStruct gates: 0, Perm gates: 0, Subset gates: 12288, Split gates: 0', 'Yao: ANDs: 0 ; Depth: 0', 'Reverse Yao: ANDs: 0 ; Depth: 0', 'Arithmetic Sharing: MULs: 0 ; Depth: 0', 'SP-LUT Sharing: OT-gates: Total OT gates = 0; Depth: 1', 'Total number of gates: 1339400 Total depth: 8080', 'Timings: ', 'Total =\t\t29542.0480000000 ms', 'Init =\t\t18869.2750000000 ms', 'CircuitGen =\t0.3430000000 ms', 'Network =\t97.0570000000 ms', 'BaseOTs =\t16027.0870000000 ms', 'Setup =\t\t5260.5220000000 ms', 'OTExtension =\t5245.8400000000 ms', 'Garbling =\t0.0080000000 ms', 'Online =\t24281.5180000000 ms', '', 'Communication: ', 'Total Sent / Rcv\t19986910  bytes / 19986398 bytes', 'BaseOTs Sent / Rcv\t67119700  bytes / 67119700 bytes', 'Setup Sent / Rcv\t19437193  bytes / 19437193 bytes', 'OTExtension Sent / Rcv\t19437193  bytes / 19437193 bytes', 'Garbling Sent / Rcv\t0  bytes / 0 bytes', 'Online Sent / Rcv\t549717  bytes / 549205 bytes', '', 'cos_dist_ver: 0.9286520481', 'cos_dist: 0.9286520481'], error ['\tCommand being timed: "/home/kamil/pffrocd/ABY/build/bin/cos_dist_float_scen_simd_32 -r 0 -a 192.168.5.114 -f /home/kamil/pffrocd/ABY/build/bin/embeddings.txt -o /home/kamil/pffrocd -s 80 -x 0"', '\tUser time (seconds): 31.56', '\tSystem time (seconds): 5.87', '\tPercent of CPU this job got: 53%', '\tElapsed (wall clock) time (h:mm:ss or m:ss): 1:09.66', '\tAverage shared text size (kbytes): 0', '\tAverage unshared data size (kbytes): 0', '\tAverage stack size (kbytes): 0', '\tAverage total size (kbytes): 0', '\tMaximum resident set size (kbytes): 156268', '\tAverage resident set size (kbytes): 0', '\tMajor (requiring I/O) page faults: 0', '\tMinor (reclaiming a frame) page faults: 98488', '\tVoluntary context switches: 74047', '\tInvoluntary context switches: 43045', '\tSwaps: 0', '\tFile system inputs: 0', '\tFile system outputs: 0', '\tSocket messages sent: 0', '\tSocket messages received: 0', '\tSignals delivered: 0', '\tPage size (bytes): 4096', '\tExit status: 0']
2023-09-23 14:28:12,890 - DEBUG - Parsed server ram usage: {'Command being timed': '"/home/kamil/pffrocd/ABY/build/bin/cos_dist_float_scen_simd_32 -r 0 -a 192.168.5.114 -f /home/kamil/pffrocd/ABY/build/bin/embeddings.txt -o /home/kamil/pffrocd -s 80 -x 0"', 'User time (seconds)': '31.56', 'System time (seconds)': '5.87', 'Percent of CPU this job got': '53%', 'Elapsed (wall clock) time (h:mm:ss or m:ss)': '1:09.66', 'Average shared text size (kbytes)': '0', 'Average unshared data size (kbytes)': '0', 'Average stack size (kbytes)': '0', 'Average total size (kbytes)': '0', 'Maximum resident set size (kbytes)': '156268', 'Average resident set size (kbytes)': '0', 'Major (requiring I/O) page faults': '0', 'Minor (reclaiming a frame) page faults': '98488', 'Voluntary context switches': '74047', 'Involuntary context switches': '43045', 'Swaps': '0', 'File system inputs': '0', 'File system outputs': '0', 'Socket messages sent': '0', 'Socket messages received': '0', 'Signals delivered': '0', 'Page size (bytes)': '4096', 'Exit status': '0'}
2023-09-23 14:28:12,890 - DEBUG - Parsed client ram usage: {'Command being timed': '"/home/kamil/pffrocd/ABY/build/bin/cos_dist_float_scen_simd_32 -r 1 -a 192.168.5.114 -f /home/kamil/pffrocd/ABY/build/bin/embeddings.txt -o /home/kamil/pffrocd -s 80 -x 0"', 'User time (seconds)': '31.42', 'System time (seconds)': '5.70', 'Percent of CPU this job got': '53%', 'Elapsed (wall clock) time (h:mm:ss or m:ss)': '1:09.57', 'Average shared text size (kbytes)': '0', 'Average unshared data size (kbytes)': '0', 'Average stack size (kbytes)': '0', 'Average total size (kbytes)': '0', 'Maximum resident set size (kbytes)': '148840', 'Average resident set size (kbytes)': '0', 'Major (requiring I/O) page faults': '0', 'Minor (reclaiming a frame) page faults': '95630', 'Voluntary context switches': '73291', 'Involuntary context switches': '43119', 'Swaps': '0', 'File system inputs': '0', 'File system outputs': '0', 'Socket messages sent': '0', 'Socket messages received': '0', 'Signals delivered': '0', 'Page size (bytes)': '4096', 'Exit status': '0'}
2023-09-23 14:28:12,893 - INFO - Server throughput: 8.0969442069
2023-09-23 14:28:12,894 - INFO - Client throughput: 8.3602668911
