2023-08-10 12:05:27,137 - DEBUG - pffrocd config: {
    "client": {
        "ip_address": "192.168.50.55",
        "username": "dietpi",
        "private_ssh_key_path": "/home/kamil/.ssh/id_thesis",
        "executable_path": "/home/dietpi/pffrocd/ABY/build/bin",
        "executable_name": "cos_dist_float_scen_simd",
        "pffrocd_path": "/home/dietpi/pffrocd"
    },
    "server": {
        "ip_address": "192.168.50.190",
        "username": "dietpi",
        "private_ssh_key_path": "/home/kamil/.ssh/id_thesis",
        "executable_path": "/home/dietpi/pffrocd/ABY/build/bin",
        "executable_name": "cos_dist_float_scen_simd",
        "pffrocd_path": "/home/dietpi/pffrocd"
    },
    "misc": {
        "test_mode": "True",
        "security_level": "80",
        "mt_algorithm": "1"
    }
}
2023-08-10 12:05:27,224 - INFO - RUNNING IN TEST MODE: only using one person
2023-08-10 12:05:27,224 - INFO - Currently running for lfw/Aaron_Peirsol (0/1)
2023-08-10 12:05:27,224 - DEBUG - Found 4 images for lfw/Aaron_Peirsol
2023-08-10 12:05:27,224 - DEBUG - setting image as reference image: lfw/Aaron_Peirsol/Aaron_Peirsol_0001.jpg
2023-08-10 12:05:30,037 - DEBUG - Running test for lfw/Aaron_Peirsol/Aaron_Peirsol_0002.jpg
2023-08-10 12:05:54,275 - DEBUG - Embedding extracted by the server in 20.766369342803955 seconds
2023-08-10 12:05:57,156 - DEBUG - Running sfe...
2023-08-10 12:07:37,756 - INFO - Finished! Total sfe time: 100.60027694702148 seconds
2023-08-10 12:07:37,757 - DEBUG - Host 192.168.50.55: exit code 0, output ['SEC LEVEL: 80', 'MT_ALG: 1', 'INPUT FILE NAME: /home/dietpi/pffrocd/ABY/build/bin/embeddings.txt', 'starting reading x and y', 'finished reading x and y', 'starting reading z', 'finished reading z', 'CIRCUIT DIRECTORY: /home/dietpi/pffrocd/ABY/bin/circ/', 'party created', 'circuit retrieved', 'here 1', 'here 1', 'here 1', 'here 1', 'verification values computed', 'assigning ingates', 'finished assigning ingates', 'multiplied', 'finished computing x dot y', 'multiplied', 'finished computing norm(x)', 'multiplied', 'finished computing norm(y)', 'finished computing cos dist', 'Online time is distributed as follows: ', 'Bool: local gates: 2062.4990000000, interactive gates: 2396.8220000000, layer finish: 1734.9340000000', 'Yao: local gates: 29.1630000000, interactive gates: 21.5620000000, layer finish: 9.8380000000', 'Yao Rev: local gates: 22.6210000000, interactive gates: 18.7190000000, layer finish: 9.0490000000', 'Arith: local gates: 27.2640000000, interactive gates: 20.6350000000, layer finish: 23.0030000000', 'SPLUT: local gates: 21.5860000000, interactive gates: 21.8580000000, layer finish: 150.2860000000', 'Communication: 40479.7129999999', '', 'Complexities: ', 'Boolean Sharing: ANDs: 5971636 (1-bit) ; Depth: 10918', 'Total Vec AND: 5971636', 'Total Non-Vec AND: 5971636', 'XOR vals: 5892966 gates: 1383450', 'Comb gates: 0, CombStruct gates: 0, Perm gates: 0, Subset gates: 24576, Split gates: 0', 'Yao: ANDs: 0 ; Depth: 0', 'Reverse Yao: ANDs: 0 ; Depth: 0', 'Arithmetic Sharing: MULs: 0 ; Depth: 0', 'SP-LUT Sharing: OT-gates: Total OT gates = 0; Depth: 1', 'Total number of gates: 3163722 Total depth: 10918', 'Timings: ', 'Total =\t\t86196.6690000000 ms', 'Init =\t\t0.3690000000 ms', 'CircuitGen =\t0.2980000000 ms', 'Network =\t54.8870000000 ms', 'BaseOTs =\t201.2280000000 ms', 'Setup =\t\t39078.2790000000 ms', 'OTExtension =\t39014.2300000000 ms', 'Garbling =\t0.0080000000 ms', 'Online =\t47118.3810000000 ms', '', 'Communication: ', 'Total Sent / Rcv\t62191424  bytes / 62192448 bytes', 'BaseOTs Sent / Rcv\t10834  bytes / 10834 bytes', 'Setup Sent / Rcv\t60591291  bytes / 60591291 bytes', 'OTExtension Sent / Rcv\t60591291  bytes / 60591291 bytes', 'Garbling Sent / Rcv\t0  bytes / 0 bytes', 'Online Sent / Rcv\t1600133  bytes / 1601157 bytes', '', 'cos_dist_ver: 0.2064672729', 'cos_dist: 0.2064672729'], error ['nice: cannot set niceness: Permission denied']
2023-08-10 12:07:37,757 - DEBUG - Host 192.168.50.190: exit code 0, output ['SEC LEVEL: 80', 'MT_ALG: 1', 'INPUT FILE NAME: /home/dietpi/pffrocd/ABY/build/bin/embeddings.txt', 'starting reading x and y', 'finished reading x and y', 'starting reading z', 'finished reading z', 'CIRCUIT DIRECTORY: /home/dietpi/pffrocd/ABY/bin/circ/', 'party created', 'circuit retrieved', 'here 1', 'here 1', 'here 1', 'here 1', 'verification values computed', 'assigning ingates', 'finished assigning ingates', 'multiplied', 'finished computing x dot y', 'multiplied', 'finished computing norm(x)', 'multiplied', 'finished computing norm(y)', 'finished computing cos dist', 'Online time is distributed as follows: ', 'Bool: local gates: 2074.8490000000, interactive gates: 2408.0650000000, layer finish: 1770.2780000000', 'Yao: local gates: 28.6450000000, interactive gates: 20.0720000000, layer finish: 10.4100000000', 'Yao Rev: local gates: 23.6360000000, interactive gates: 20.3530000000, layer finish: 6.1250000000', 'Arith: local gates: 30.5400000000, interactive gates: 19.6100000000, layer finish: 21.7220000000', 'SPLUT: local gates: 27.5540000000, interactive gates: 23.0230000000, layer finish: 157.6390000000', 'Communication: 40411.8920000002', '', 'Complexities: ', 'Boolean Sharing: ANDs: 5971636 (1-bit) ; Depth: 10918', 'Total Vec AND: 5971636', 'Total Non-Vec AND: 5971636', 'XOR vals: 5892966 gates: 1383450', 'Comb gates: 0, CombStruct gates: 0, Perm gates: 0, Subset gates: 24576, Split gates: 0', 'Yao: ANDs: 0 ; Depth: 0', 'Reverse Yao: ANDs: 0 ; Depth: 0', 'Arithmetic Sharing: MULs: 0 ; Depth: 0', 'SP-LUT Sharing: OT-gates: Total OT gates = 0; Depth: 1', 'Total number of gates: 3163722 Total depth: 10918', 'Timings: ', 'Total =\t\t86217.3600000000 ms', 'Init =\t\t0.4460000000 ms', 'CircuitGen =\t0.2830000000 ms', 'Network =\t21.9250000000 ms', 'BaseOTs =\t181.2920000000 ms', 'Setup =\t\t39094.6370000000 ms', 'OTExtension =\t39036.2600000000 ms', 'Garbling =\t0.0080000000 ms', 'Online =\t47122.6810000000 ms', '', 'Communication: ', 'Total Sent / Rcv\t62192448  bytes / 62191424 bytes', 'BaseOTs Sent / Rcv\t10834  bytes / 10834 bytes', 'Setup Sent / Rcv\t60591291  bytes / 60591291 bytes', 'OTExtension Sent / Rcv\t60591274  bytes / 60591291 bytes', 'Garbling Sent / Rcv\t0  bytes / 0 bytes', 'Online Sent / Rcv\t1601157  bytes / 1600133 bytes', '', 'cos_dist_ver: 0.2064672729', 'cos_dist: 0.2064672729'], error ['nice: cannot set niceness: Permission denied']
2023-08-10 12:07:37,757 - DEBUG - Running test for lfw/Aaron_Peirsol/Aaron_Peirsol_0003.jpg
2023-08-10 12:08:18,748 - DEBUG - Embedding extracted by the server in 37.310011863708496 seconds
2023-08-10 12:08:21,382 - DEBUG - Running sfe...
2023-08-10 12:10:02,695 - INFO - Finished! Total sfe time: 101.31211495399475 seconds
2023-08-10 12:10:02,695 - DEBUG - Host 192.168.50.55: exit code 0, output ['SEC LEVEL: 80', 'MT_ALG: 1', 'INPUT FILE NAME: /home/dietpi/pffrocd/ABY/build/bin/embeddings.txt', 'starting reading x and y', 'finished reading x and y', 'starting reading z', 'finished reading z', 'CIRCUIT DIRECTORY: /home/dietpi/pffrocd/ABY/bin/circ/', 'party created', 'circuit retrieved', 'here 1', 'here 1', 'here 1', 'here 1', 'verification values computed', 'assigning ingates', 'finished assigning ingates', 'multiplied', 'finished computing x dot y', 'multiplied', 'finished computing norm(x)', 'multiplied', 'finished computing norm(y)', 'finished computing cos dist', 'Online time is distributed as follows: ', 'Bool: local gates: 2070.2570000000, interactive gates: 2393.3500000000, layer finish: 1721.3330000000', 'Yao: local gates: 30.3130000000, interactive gates: 21.5520000000, layer finish: 8.0120000000', 'Yao Rev: local gates: 23.3720000000, interactive gates: 17.7000000000, layer finish: 7.6400000000', 'Arith: local gates: 26.5840000000, interactive gates: 19.2870000000, layer finish: 27.1240000000', 'SPLUT: local gates: 23.8700000000, interactive gates: 21.2350000000, layer finish: 144.3450000000', 'Communication: 40966.5930000000', '', 'Complexities: ', 'Boolean Sharing: ANDs: 5971636 (1-bit) ; Depth: 10918', 'Total Vec AND: 5971636', 'Total Non-Vec AND: 5971636', 'XOR vals: 5892966 gates: 1383450', 'Comb gates: 0, CombStruct gates: 0, Perm gates: 0, Subset gates: 24576, Split gates: 0', 'Yao: ANDs: 0 ; Depth: 0', 'Reverse Yao: ANDs: 0 ; Depth: 0', 'Arithmetic Sharing: MULs: 0 ; Depth: 0', 'SP-LUT Sharing: OT-gates: Total OT gates = 0; Depth: 1', 'Total number of gates: 3163722 Total depth: 10918', 'Timings: ', 'Total =\t\t86118.6330000000 ms', 'Init =\t\t0.3870000000 ms', 'CircuitGen =\t0.2990000000 ms', 'Network =\t1671.0920000000 ms', 'BaseOTs =\t191.6420000000 ms', 'Setup =\t\t38526.0250000000 ms', 'OTExtension =\t38468.0320000000 ms', 'Garbling =\t0.0080000000 ms', 'Online =\t47592.6000000000 ms', '', 'Communication: ', 'Total Sent / Rcv\t62191424  bytes / 62192448 bytes', 'BaseOTs Sent / Rcv\t10834  bytes / 10834 bytes', 'Setup Sent / Rcv\t60591291  bytes / 60591291 bytes', 'OTExtension Sent / Rcv\t60591291  bytes / 60591291 bytes', 'Garbling Sent / Rcv\t0  bytes / 0 bytes', 'Online Sent / Rcv\t1600133  bytes / 1601157 bytes', '', 'cos_dist_ver: 0.4130865591', 'cos_dist: 0.4130865591'], error ['nice: cannot set niceness: Permission denied']
2023-08-10 12:10:02,695 - DEBUG - Host 192.168.50.190: exit code 0, output ['SEC LEVEL: 80', 'MT_ALG: 1', 'INPUT FILE NAME: /home/dietpi/pffrocd/ABY/build/bin/embeddings.txt', 'starting reading x and y', 'finished reading x and y', 'starting reading z', 'finished reading z', 'CIRCUIT DIRECTORY: /home/dietpi/pffrocd/ABY/bin/circ/', 'party created', 'circuit retrieved', 'here 1', 'here 1', 'here 1', 'here 1', 'verification values computed', 'assigning ingates', 'finished assigning ingates', 'multiplied', 'finished computing x dot y', 'multiplied', 'finished computing norm(x)', 'multiplied', 'finished computing norm(y)', 'finished computing cos dist', 'Online time is distributed as follows: ', 'Bool: local gates: 2093.4320000000, interactive gates: 2412.7210000000, layer finish: 1808.0320000000', 'Yao: local gates: 30.2310000000, interactive gates: 19.1050000000, layer finish: 7.8880000000', 'Yao Rev: local gates: 22.8190000000, interactive gates: 21.2350000000, layer finish: 9.6370000000', 'Arith: local gates: 25.9670000000, interactive gates: 22.5330000000, layer finish: 25.7380000000', 'SPLUT: local gates: 22.4930000000, interactive gates: 21.5990000000, layer finish: 151.6590000000', 'Communication: 40824.9079999999', '', 'Complexities: ', 'Boolean Sharing: ANDs: 5971636 (1-bit) ; Depth: 10918', 'Total Vec AND: 5971636', 'Total Non-Vec AND: 5971636', 'XOR vals: 5892966 gates: 1383450', 'Comb gates: 0, CombStruct gates: 0, Perm gates: 0, Subset gates: 24576, Split gates: 0', 'Yao: ANDs: 0 ; Depth: 0', 'Reverse Yao: ANDs: 0 ; Depth: 0', 'Arithmetic Sharing: MULs: 0 ; Depth: 0', 'SP-LUT Sharing: OT-gates: Total OT gates = 0; Depth: 1', 'Total number of gates: 3163722 Total depth: 10918', 'Timings: ', 'Total =\t\t86102.2540000000 ms', 'Init =\t\t0.4090000000 ms', 'CircuitGen =\t0.3480000000 ms', 'Network =\t23.9650000000 ms', 'BaseOTs =\t207.4520000000 ms', 'Setup =\t\t38521.0550000000 ms', 'OTExtension =\t38456.4260000000 ms', 'Garbling =\t0.0080000000 ms', 'Online =\t47581.1920000000 ms', '', 'Communication: ', 'Total Sent / Rcv\t62192448  bytes / 62191424 bytes', 'BaseOTs Sent / Rcv\t10834  bytes / 10834 bytes', 'Setup Sent / Rcv\t60591291  bytes / 60591300 bytes', 'OTExtension Sent / Rcv\t60591291  bytes / 60591291 bytes', 'Garbling Sent / Rcv\t0  bytes / 0 bytes', 'Online Sent / Rcv\t1601157  bytes / 1600124 bytes', '', 'cos_dist_ver: 0.4130865591', 'cos_dist: 0.4130865591'], error ['nice: cannot set niceness: Permission denied']
2023-08-10 12:10:02,695 - DEBUG - Running test for lfw/Aaron_Peirsol/Aaron_Peirsol_0004.jpg
