2023-08-16 23:17:57,873 - DEBUG - pffrocd config: {
    "client": {
        "ip_address": "192.168.1.108",
        "username": "dietpi",
        "private_ssh_key_path": "/home/dietpi/.ssh/id_rsa",
        "executable_path": "/home/dietpi/pffrocd/ABY/build/bin",
        "executable_name": "cos_dist_float_scen_simd",
        "pffrocd_path": "/home/dietpi/pffrocd"
    },
    "server": {
        "ip_address": "192.168.1.114",
        "username": "dietpi",
        "private_ssh_key_path": "/home/dietpi/.ssh/id_rsa",
        "executable_path": "/home/dietpi/pffrocd/ABY/build/bin",
        "executable_name": "cos_dist_float_scen_simd",
        "pffrocd_path": "/home/dietpi/pffrocd"
    },
    "misc": {
        "nr_of_people": "1000",
        "security_level": "112",
        "mt_algorithm": "0",
        "niceness": "-20",
        "starting_person": "300"
    }
}
2023-08-16 23:17:58,441 - INFO - RUNNING for 700 people
2023-08-16 23:17:58,442 - INFO - Currently running for lfw/Clara_Harris (1/700)
2023-08-16 23:17:58,443 - DEBUG - Found 5 images for lfw/Clara_Harris
2023-08-16 23:17:58,443 - DEBUG - setting image as reference image: lfw/Clara_Harris/Clara_Harris_0001.jpg
2023-08-16 23:18:05,980 - DEBUG - Running test for lfw/Clara_Harris/Clara_Harris_0002.jpg
2023-08-16 23:18:27,437 - DEBUG - Stdout of extracting embedding: 16.663679599761963
2023-08-16 23:18:27,438 - DEBUG - Stderr of extracting embedding: 
2023-08-16 23:18:27,439 - DEBUG - Embedding extracted by the server in 16.663679599761963 seconds
2023-08-16 23:18:33,568 - DEBUG - Running sfe...
2023-08-16 23:19:52,354 - INFO - Finished! Total sfe time: 78.78543853759766 seconds (1/8)
2023-08-16 23:19:52,356 - DEBUG - Host 192.168.1.108: exit code 0, output ['Online time is distributed as follows: ', 'Bool: local gates: 2076.1810000000, interactive gates: 2442.6260000000, layer finish: 1755.2540000000', 'Yao: local gates: 29.9770000000, interactive gates: 21.9050000000, layer finish: 11.5240000000', 'Yao Rev: local gates: 26.5560000000, interactive gates: 19.7430000000, layer finish: 13.4680000000', 'Arith: local gates: 28.6500000000, interactive gates: 23.2870000000, layer finish: 32.2470000000', 'SPLUT: local gates: 24.0280000000, interactive gates: 28.6570000000, layer finish: 150.6380000000', 'Communication: 37895.9550000000', '', 'Complexities: ', 'Boolean Sharing: ANDs: 5971636 (1-bit) ; Depth: 10918', 'Total Vec AND: 5971636', 'Total Non-Vec AND: 5971636', 'XOR vals: 5892966 gates: 1383450', 'Comb gates: 0, CombStruct gates: 0, Perm gates: 0, Subset gates: 24576, Split gates: 0', 'Yao: ANDs: 0 ; Depth: 0', 'Reverse Yao: ANDs: 0 ; Depth: 0', 'Arithmetic Sharing: MULs: 0 ; Depth: 0', 'SP-LUT Sharing: OT-gates: Total OT gates = 0; Depth: 1', 'Total number of gates: 3163722 Total depth: 10918', 'Timings: ', 'Total =\t\t62704.8980000000 ms', 'Init =\t\t0.3890000000 ms', 'CircuitGen =\t0.3470000000 ms', 'Network =\t311.7710000000 ms', 'BaseOTs =\t840.0230000000 ms', 'Setup =\t\t18027.8160000000 ms', 'OTExtension =\t17949.9600000000 ms', 'Garbling =\t0.0090000000 ms', 'Online =\t44677.0700000000 ms', '', 'Communication: ', 'Total Sent / Rcv\t86427438  bytes / 86428462 bytes', 'BaseOTs Sent / Rcv\t29220  bytes / 29220 bytes', 'Setup Sent / Rcv\t84827305  bytes / 84827305 bytes', 'OTExtension Sent / Rcv\t84827305  bytes / 84827305 bytes', 'Garbling Sent / Rcv\t0  bytes / 0 bytes', 'Online Sent / Rcv\t1600133  bytes / 1601157 bytes', '', 'cos_dist_ver: 0.4241462935', 'cos_dist: 0.4241462935'], error []
2023-08-16 23:19:52,359 - DEBUG - Host 192.168.1.114: exit code 0, output ['Online time is distributed as follows: ', 'Bool: local gates: 2060.5330000000, interactive gates: 2380.9030000000, layer finish: 1772.1580000000', 'Yao: local gates: 32.0980000000, interactive gates: 22.8790000000, layer finish: 11.5210000000', 'Yao Rev: local gates: 27.2490000000, interactive gates: 20.0340000000, layer finish: 8.6210000000', 'Arith: local gates: 27.5680000000, interactive gates: 21.9300000000, layer finish: 27.3850000000', 'SPLUT: local gates: 28.1790000000, interactive gates: 22.9310000000, layer finish: 161.9080000000', 'Communication: 37966.8740000000', '', 'Complexities: ', 'Boolean Sharing: ANDs: 5971636 (1-bit) ; Depth: 10918', 'Total Vec AND: 5971636', 'Total Non-Vec AND: 5971636', 'XOR vals: 5892966 gates: 1383450', 'Comb gates: 0, CombStruct gates: 0, Perm gates: 0, Subset gates: 24576, Split gates: 0', 'Yao: ANDs: 0 ; Depth: 0', 'Reverse Yao: ANDs: 0 ; Depth: 0', 'Arithmetic Sharing: MULs: 0 ; Depth: 0', 'SP-LUT Sharing: OT-gates: Total OT gates = 0; Depth: 1', 'Total number of gates: 3163722 Total depth: 10918', 'Timings: ', 'Total =\t\t62704.8670000000 ms', 'Init =\t\t0.3390000000 ms', 'CircuitGen =\t0.3610000000 ms', 'Network =\t29.6260000000 ms', 'BaseOTs =\t843.4840000000 ms', 'Setup =\t\t18027.0760000000 ms', 'OTExtension =\t17961.0680000000 ms', 'Garbling =\t0.0070000000 ms', 'Online =\t44677.7810000000 ms', '', 'Communication: ', 'Total Sent / Rcv\t86428471  bytes / 86427438 bytes', 'BaseOTs Sent / Rcv\t29211  bytes / 29220 bytes', 'Setup Sent / Rcv\t84827314  bytes / 84827305 bytes', 'OTExtension Sent / Rcv\t84827305  bytes / 84827305 bytes', 'Garbling Sent / Rcv\t0  bytes / 0 bytes', 'Online Sent / Rcv\t1601157  bytes / 1600133 bytes', '', 'cos_dist_ver: 0.4241462935', 'cos_dist: 0.4241462935'], error []
2023-08-16 23:19:52,361 - DEBUG - Running test for lfw/Clara_Harris/Clara_Harris_0003.jpg
2023-08-16 23:20:13,911 - DEBUG - Stdout of extracting embedding: 16.76976752281189
2023-08-16 23:20:13,911 - DEBUG - Stderr of extracting embedding: 
2023-08-16 23:20:13,912 - DEBUG - Embedding extracted by the server in 16.76976752281189 seconds
2023-08-16 23:20:20,197 - DEBUG - Running sfe...
2023-08-16 23:21:39,601 - INFO - Finished! Total sfe time: 79.40321755409241 seconds (2/8)
2023-08-16 23:21:39,603 - DEBUG - Host 192.168.1.108: exit code 0, output ['Online time is distributed as follows: ', 'Bool: local gates: 2101.2510000000, interactive gates: 2417.6670000000, layer finish: 1837.1980000000', 'Yao: local gates: 29.8810000000, interactive gates: 22.2200000000, layer finish: 12.4970000000', 'Yao Rev: local gates: 24.9670000000, interactive gates: 21.0100000000, layer finish: 12.6040000000', 'Arith: local gates: 31.2470000000, interactive gates: 24.5360000000, layer finish: 29.4210000000', 'SPLUT: local gates: 22.3780000000, interactive gates: 24.6970000000, layer finish: 165.4820000000', 'Communication: 37674.7150000001', '', 'Complexities: ', 'Boolean Sharing: ANDs: 5971636 (1-bit) ; Depth: 10918', 'Total Vec AND: 5971636', 'Total Non-Vec AND: 5971636', 'XOR vals: 5892966 gates: 1383450', 'Comb gates: 0, CombStruct gates: 0, Perm gates: 0, Subset gates: 24576, Split gates: 0', 'Yao: ANDs: 0 ; Depth: 0', 'Reverse Yao: ANDs: 0 ; Depth: 0', 'Arithmetic Sharing: MULs: 0 ; Depth: 0', 'SP-LUT Sharing: OT-gates: Total OT gates = 0; Depth: 1', 'Total number of gates: 3163722 Total depth: 10918', 'Timings: ', 'Total =\t\t63405.3770000000 ms', 'Init =\t\t0.3190000000 ms', 'CircuitGen =\t0.3340000000 ms', 'Network =\t180.4280000000 ms', 'BaseOTs =\t833.9990000000 ms', 'Setup =\t\t18863.6850000000 ms', 'OTExtension =\t18782.0630000000 ms', 'Garbling =\t0.0080000000 ms', 'Online =\t44541.6780000000 ms', '', 'Communication: ', 'Total Sent / Rcv\t86427438  bytes / 86428462 bytes', 'BaseOTs Sent / Rcv\t29220  bytes / 29220 bytes', 'Setup Sent / Rcv\t84827305  bytes / 84827305 bytes', 'OTExtension Sent / Rcv\t84827305  bytes / 84827305 bytes', 'Garbling Sent / Rcv\t0  bytes / 0 bytes', 'Online Sent / Rcv\t1600133  bytes / 1601157 bytes', '', 'cos_dist_ver: 0.2817597152', 'cos_dist: 0.2817597152'], error []
2023-08-16 23:21:39,604 - DEBUG - Host 192.168.1.114: exit code 0, output ['Online time is distributed as follows: ', 'Bool: local gates: 2021.6480000000, interactive gates: 2366.5290000000, layer finish: 1764.7190000000', 'Yao: local gates: 35.2110000000, interactive gates: 24.1750000000, layer finish: 10.9430000000', 'Yao Rev: local gates: 25.7510000000, interactive gates: 21.2990000000, layer finish: 7.0800000000', 'Arith: local gates: 26.3950000000, interactive gates: 21.8570000000, layer finish: 27.1310000000', 'SPLUT: local gates: 28.4330000000, interactive gates: 23.3000000000, layer finish: 157.8660000000', 'Communication: 37888.3930000000', '', 'Complexities: ', 'Boolean Sharing: ANDs: 5971636 (1-bit) ; Depth: 10918', 'Total Vec AND: 5971636', 'Total Non-Vec AND: 5971636', 'XOR vals: 5892966 gates: 1383450', 'Comb gates: 0, CombStruct gates: 0, Perm gates: 0, Subset gates: 24576, Split gates: 0', 'Yao: ANDs: 0 ; Depth: 0', 'Reverse Yao: ANDs: 0 ; Depth: 0', 'Arithmetic Sharing: MULs: 0 ; Depth: 0', 'SP-LUT Sharing: OT-gates: Total OT gates = 0; Depth: 1', 'Total number of gates: 3163722 Total depth: 10918', 'Timings: ', 'Total =\t\t63416.6100000000 ms', 'Init =\t\t0.3600000000 ms', 'CircuitGen =\t0.4570000000 ms', 'Network =\t26.3480000000 ms', 'BaseOTs =\t833.8950000000 ms', 'Setup =\t\t18871.8370000000 ms', 'OTExtension =\t18806.1140000000 ms', 'Garbling =\t0.0070000000 ms', 'Online =\t44544.7620000000 ms', '', 'Communication: ', 'Total Sent / Rcv\t86428471  bytes / 86427438 bytes', 'BaseOTs Sent / Rcv\t29211  bytes / 29220 bytes', 'Setup Sent / Rcv\t84827314  bytes / 84827305 bytes', 'OTExtension Sent / Rcv\t84827305  bytes / 84827305 bytes', 'Garbling Sent / Rcv\t0  bytes / 0 bytes', 'Online Sent / Rcv\t1601157  bytes / 1600133 bytes', '', 'cos_dist_ver: 0.2817597152', 'cos_dist: 0.2817597152'], error []
2023-08-16 23:21:39,606 - DEBUG - Running test for lfw/Clara_Harris/Clara_Harris_0004.jpg
2023-08-16 23:22:01,170 - DEBUG - Stdout of extracting embedding: 16.783478498458862
2023-08-16 23:22:01,171 - DEBUG - Stderr of extracting embedding: 
2023-08-16 23:22:01,171 - DEBUG - Embedding extracted by the server in 16.783478498458862 seconds
2023-08-16 23:22:07,293 - DEBUG - Running sfe...
2023-08-16 23:23:26,985 - INFO - Finished! Total sfe time: 79.69123315811157 seconds (3/8)
2023-08-16 23:23:26,987 - DEBUG - Host 192.168.1.108: exit code 0, output ['Online time is distributed as follows: ', 'Bool: local gates: 2071.5010000000, interactive gates: 2421.8540000000, layer finish: 1769.3850000000', 'Yao: local gates: 26.4780000000, interactive gates: 22.6440000000, layer finish: 11.4100000000', 'Yao Rev: local gates: 25.1050000000, interactive gates: 20.6970000000, layer finish: 14.7230000000', 'Arith: local gates: 27.8160000000, interactive gates: 23.9530000000, layer finish: 31.1120000000', 'SPLUT: local gates: 22.2660000000, interactive gates: 26.4170000000, layer finish: 155.2280000000', 'Communication: 38155.7050000000', '', 'Complexities: ', 'Boolean Sharing: ANDs: 5971636 (1-bit) ; Depth: 10918', 'Total Vec AND: 5971636', 'Total Non-Vec AND: 5971636', 'XOR vals: 5892966 gates: 1383450', 'Comb gates: 0, CombStruct gates: 0, Perm gates: 0, Subset gates: 24576, Split gates: 0', 'Yao: ANDs: 0 ; Depth: 0', 'Reverse Yao: ANDs: 0 ; Depth: 0', 'Arithmetic Sharing: MULs: 0 ; Depth: 0', 'SP-LUT Sharing: OT-gates: Total OT gates = 0; Depth: 1', 'Total number of gates: 3163722 Total depth: 10918', 'Timings: ', 'Total =\t\t63618.5270000000 ms', 'Init =\t\t0.3420000000 ms', 'CircuitGen =\t0.3250000000 ms', 'Network =\t17.3720000000 ms', 'BaseOTs =\t839.0040000000 ms', 'Setup =\t\t18694.9450000000 ms', 'OTExtension =\t18628.2330000000 ms', 'Garbling =\t0.0070000000 ms', 'Online =\t44923.5730000000 ms', '', 'Communication: ', 'Total Sent / Rcv\t86427447  bytes / 86428462 bytes', 'BaseOTs Sent / Rcv\t29211  bytes / 29220 bytes', 'Setup Sent / Rcv\t84827314  bytes / 84827305 bytes', 'OTExtension Sent / Rcv\t84827305  bytes / 84827305 bytes', 'Garbling Sent / Rcv\t0  bytes / 0 bytes', 'Online Sent / Rcv\t1600133  bytes / 1601157 bytes', '', 'cos_dist_ver: 0.3905442023', 'cos_dist: 0.3905442023'], error []
2023-08-16 23:23:26,988 - DEBUG - Host 192.168.1.114: exit code 0, output ['Online time is distributed as follows: ', 'Bool: local gates: 2043.7860000000, interactive gates: 2385.6720000000, layer finish: 1783.6770000000', 'Yao: local gates: 33.9320000000, interactive gates: 23.0850000000, layer finish: 9.2680000000', 'Yao Rev: local gates: 23.4910000000, interactive gates: 19.2680000000, layer finish: 7.3870000000', 'Arith: local gates: 26.5950000000, interactive gates: 22.1020000000, layer finish: 24.0400000000', 'SPLUT: local gates: 29.0450000000, interactive gates: 22.5480000000, layer finish: 155.4400000000', 'Communication: 38225.3820000000', '', 'Complexities: ', 'Boolean Sharing: ANDs: 5971636 (1-bit) ; Depth: 10918', 'Total Vec AND: 5971636', 'Total Non-Vec AND: 5971636', 'XOR vals: 5892966 gates: 1383450', 'Comb gates: 0, CombStruct gates: 0, Perm gates: 0, Subset gates: 24576, Split gates: 0', 'Yao: ANDs: 0 ; Depth: 0', 'Reverse Yao: ANDs: 0 ; Depth: 0', 'Arithmetic Sharing: MULs: 0 ; Depth: 0', 'SP-LUT Sharing: OT-gates: Total OT gates = 0; Depth: 1', 'Total number of gates: 3163722 Total depth: 10918', 'Timings: ', 'Total =\t\t63612.3800000000 ms', 'Init =\t\t0.3240000000 ms', 'CircuitGen =\t0.3110000000 ms', 'Network =\t105.7110000000 ms', 'BaseOTs =\t839.1960000000 ms', 'Setup =\t\t18689.9660000000 ms', 'OTExtension =\t18622.4260000000 ms', 'Garbling =\t0.0090000000 ms', 'Online =\t44922.4020000000 ms', '', 'Communication: ', 'Total Sent / Rcv\t86428462  bytes / 86427438 bytes', 'BaseOTs Sent / Rcv\t29220  bytes / 29220 bytes', 'Setup Sent / Rcv\t84827305  bytes / 84827305 bytes', 'OTExtension Sent / Rcv\t84827305  bytes / 84827305 bytes', 'Garbling Sent / Rcv\t0  bytes / 0 bytes', 'Online Sent / Rcv\t1601157  bytes / 1600133 bytes', '', 'cos_dist_ver: 0.3905442023', 'cos_dist: 0.3905442023'], error []
2023-08-16 23:23:26,990 - DEBUG - Running test for lfw/Clara_Harris/Clara_Harris_0005.jpg
2023-08-16 23:23:48,469 - DEBUG - Stdout of extracting embedding: 16.71831250190735
2023-08-16 23:23:48,470 - DEBUG - Stderr of extracting embedding: 
2023-08-16 23:23:48,470 - DEBUG - Embedding extracted by the server in 16.71831250190735 seconds
2023-08-16 23:23:54,627 - DEBUG - Running sfe...
2023-08-16 23:25:14,443 - INFO - Finished! Total sfe time: 79.81492066383362 seconds (4/8)
2023-08-16 23:25:14,444 - DEBUG - Host 192.168.1.108: exit code 0, output ['Online time is distributed as follows: ', 'Bool: local gates: 2080.1240000000, interactive gates: 2427.2260000000, layer finish: 1804.5330000000', 'Yao: local gates: 27.7100000000, interactive gates: 21.0700000000, layer finish: 8.5490000000', 'Yao Rev: local gates: 21.8930000000, interactive gates: 19.1620000000, layer finish: 11.6270000000', 'Arith: local gates: 28.5220000000, interactive gates: 23.9820000000, layer finish: 36.4540000000', 'SPLUT: local gates: 22.7660000000, interactive gates: 24.1000000000, layer finish: 158.1220000000', 'Communication: 37990.0330000000', '', 'Complexities: ', 'Boolean Sharing: ANDs: 5971636 (1-bit) ; Depth: 10918', 'Total Vec AND: 5971636', 'Total Non-Vec AND: 5971636', 'XOR vals: 5892966 gates: 1383450', 'Comb gates: 0, CombStruct gates: 0, Perm gates: 0, Subset gates: 24576, Split gates: 0', 'Yao: ANDs: 0 ; Depth: 0', 'Reverse Yao: ANDs: 0 ; Depth: 0', 'Arithmetic Sharing: MULs: 0 ; Depth: 0', 'SP-LUT Sharing: OT-gates: Total OT gates = 0; Depth: 1', 'Total number of gates: 3163722 Total depth: 10918', 'Timings: ', 'Total =\t\t63817.8000000000 ms', 'Init =\t\t0.3130000000 ms', 'CircuitGen =\t0.3100000000 ms', 'Network =\t16.5020000000 ms', 'BaseOTs =\t837.9920000000 ms', 'Setup =\t\t19014.7330000000 ms', 'OTExtension =\t18949.4700000000 ms', 'Garbling =\t0.0080000000 ms', 'Online =\t44803.0540000000 ms', '', 'Communication: ', 'Total Sent / Rcv\t86427447  bytes / 86428462 bytes', 'BaseOTs Sent / Rcv\t29211  bytes / 29220 bytes', 'Setup Sent / Rcv\t84827314  bytes / 84827305 bytes', 'OTExtension Sent / Rcv\t84827305  bytes / 84827305 bytes', 'Garbling Sent / Rcv\t0  bytes / 0 bytes', 'Online Sent / Rcv\t1600133  bytes / 1601157 bytes', '', 'cos_dist_ver: 0.6275430617', 'cos_dist: 0.6275430617'], error []
2023-08-16 23:25:14,446 - DEBUG - Host 192.168.1.114: exit code 0, output ['Online time is distributed as follows: ', 'Bool: local gates: 2041.3330000000, interactive gates: 2391.4570000000, layer finish: 1766.3490000000', 'Yao: local gates: 33.1430000000, interactive gates: 25.5850000000, layer finish: 9.3150000000', 'Yao Rev: local gates: 22.9050000000, interactive gates: 21.6920000000, layer finish: 5.4960000000', 'Arith: local gates: 26.2450000000, interactive gates: 21.7860000000, layer finish: 32.1570000000', 'SPLUT: local gates: 29.5110000000, interactive gates: 23.5850000000, layer finish: 152.2860000000', 'Communication: 38108.2810000002', '', 'Complexities: ', 'Boolean Sharing: ANDs: 5971636 (1-bit) ; Depth: 10918', 'Total Vec AND: 5971636', 'Total Non-Vec AND: 5971636', 'XOR vals: 5892966 gates: 1383450', 'Comb gates: 0, CombStruct gates: 0, Perm gates: 0, Subset gates: 24576, Split gates: 0', 'Yao: ANDs: 0 ; Depth: 0', 'Reverse Yao: ANDs: 0 ; Depth: 0', 'Arithmetic Sharing: MULs: 0 ; Depth: 0', 'SP-LUT Sharing: OT-gates: Total OT gates = 0; Depth: 1', 'Total number of gates: 3163722 Total depth: 10918', 'Timings: ', 'Total =\t\t63810.4190000000 ms', 'Init =\t\t0.3290000000 ms', 'CircuitGen =\t0.3280000000 ms', 'Network =\t68.1840000000 ms', 'BaseOTs =\t834.8750000000 ms', 'Setup =\t\t19013.1310000000 ms', 'OTExtension =\t18945.8100000000 ms', 'Garbling =\t0.0080000000 ms', 'Online =\t44797.2710000000 ms', '', 'Communication: ', 'Total Sent / Rcv\t86428462  bytes / 86427438 bytes', 'BaseOTs Sent / Rcv\t29220  bytes / 29220 bytes', 'Setup Sent / Rcv\t84827305  bytes / 84827305 bytes', 'OTExtension Sent / Rcv\t84827305  bytes / 84827305 bytes', 'Garbling Sent / Rcv\t0  bytes / 0 bytes', 'Online Sent / Rcv\t1601157  bytes / 1600133 bytes', '', 'cos_dist_ver: 0.6275430617', 'cos_dist: 0.6275430617'], error []
2023-08-16 23:25:14,447 - DEBUG - Running test for lfw/Ian_Smith/Ian_Smith_0001.jpg
