2023-08-12 17:09:23,252 - DEBUG - pffrocd config: {
    "client": {
        "ip_address": "10.0.0.167",
        "username": "dietpi",
        "private_ssh_key_path": "/home/kamil/.ssh/id_thesis",
        "executable_path": "/home/dietpi/pffrocd/ABY/build/bin",
        "executable_name": "cos_dist_float_scen_simd",
        "pffrocd_path": "/home/dietpi/pffrocd"
    },
    "server": {
        "ip_address": "10.0.0.154",
        "username": "dietpi",
        "private_ssh_key_path": "/home/kamil/.ssh/id_thesis",
        "executable_path": "/home/dietpi/pffrocd/ABY/build/bin",
        "executable_name": "cos_dist_float_scen_simd",
        "pffrocd_path": "/home/dietpi/pffrocd"
    },
    "misc": {
        "nr_of_people": "4",
        "security_level": "128",
        "mt_algorithm": "1",
        "niceness": "-20"
    }
}
2023-08-12 17:09:23,330 - INFO - RUNNING for 4 people
2023-08-12 17:09:23,331 - INFO - Currently running for lfw/Aaron_Peirsol (1/4)
2023-08-12 17:09:23,331 - DEBUG - Found 4 images for lfw/Aaron_Peirsol
2023-08-12 17:09:23,331 - DEBUG - setting image as reference image: lfw/Aaron_Peirsol/Aaron_Peirsol_0001.jpg
2023-08-12 17:09:24,954 - DEBUG - Running test for lfw/Aaron_Peirsol/Aaron_Peirsol_0002.jpg
2023-08-12 17:09:42,782 - DEBUG - Embedding extracted by the server in 14.901543140411377 seconds
2023-08-12 17:09:44,114 - DEBUG - Running sfe...
2023-08-12 17:10:46,051 - INFO - Finished! Total sfe time: 61.936280965805054 seconds (1/6)
2023-08-12 17:10:46,051 - DEBUG - Host 10.0.0.167: exit code 0, output ['Online time is distributed as follows: ', 'Bool: local gates: 1883.6620000000, interactive gates: 2231.6270000000, layer finish: 1536.7410000000', 'Yao: local gates: 27.7610000000, interactive gates: 22.6100000000, layer finish: 9.6740000000', 'Yao Rev: local gates: 27.9820000000, interactive gates: 24.6580000000, layer finish: 11.7500000000', 'Arith: local gates: 27.6450000000, interactive gates: 18.4730000000, layer finish: 20.3440000000', 'SPLUT: local gates: 22.5610000000, interactive gates: 23.9100000000, layer finish: 137.2320000000', 'Communication: 14143.9520000000', '', 'Complexities: ', 'Boolean Sharing: ANDs: 5971636 (1-bit) ; Depth: 10918', 'Total Vec AND: 5971636', 'Total Non-Vec AND: 5971636', 'XOR vals: 5892966 gates: 1383450', 'Comb gates: 0, CombStruct gates: 0, Perm gates: 0, Subset gates: 24576, Split gates: 0', 'Yao: ANDs: 0 ; Depth: 0', 'Reverse Yao: ANDs: 0 ; Depth: 0', 'Arithmetic Sharing: MULs: 0 ; Depth: 0', 'SP-LUT Sharing: OT-gates: Total OT gates = 0; Depth: 1', 'Total number of gates: 3163722 Total depth: 10918', 'Timings: ', 'Total =\t\t34197.0380000000 ms', 'Init =\t\t0.3930000000 ms', 'CircuitGen =\t0.2910000000 ms', 'Network =\t8197.8680000000 ms', 'BaseOTs =\t2950.0460000000 ms', 'Setup =\t\t13943.4150000000 ms', 'OTExtension =\t13885.2250000000 ms', 'Garbling =\t0.0080000000 ms', 'Online =\t20253.6130000000 ms', '', 'Communication: ', 'Total Sent / Rcv\t98545472  bytes / 98546496 bytes', 'BaseOTs Sent / Rcv\t50769  bytes / 50770 bytes', 'Setup Sent / Rcv\t96945339  bytes / 96945339 bytes', 'OTExtension Sent / Rcv\t96945321  bytes / 96945339 bytes', 'Garbling Sent / Rcv\t0  bytes / 0 bytes', 'Online Sent / Rcv\t1600133  bytes / 1601157 bytes', '', 'cos_dist_ver: 0.2064672729', 'cos_dist: 0.2064672729'], error []
2023-08-12 17:10:46,051 - DEBUG - Host 10.0.0.154: exit code 0, output ['Online time is distributed as follows: ', 'Bool: local gates: 1901.2710000000, interactive gates: 2248.7180000000, layer finish: 1555.0440000000', 'Yao: local gates: 21.9140000000, interactive gates: 21.8380000000, layer finish: 9.8730000000', 'Yao Rev: local gates: 24.7950000000, interactive gates: 19.9490000000, layer finish: 7.1030000000', 'Arith: local gates: 23.5100000000, interactive gates: 24.1020000000, layer finish: 26.1040000000', 'SPLUT: local gates: 20.9260000000, interactive gates: 23.4900000000, layer finish: 135.2080000000', 'Communication: 14103.9090000000', '', 'Complexities: ', 'Boolean Sharing: ANDs: 5971636 (1-bit) ; Depth: 10918', 'Total Vec AND: 5971636', 'Total Non-Vec AND: 5971636', 'XOR vals: 5892966 gates: 1383450', 'Comb gates: 0, CombStruct gates: 0, Perm gates: 0, Subset gates: 24576, Split gates: 0', 'Yao: ANDs: 0 ; Depth: 0', 'Reverse Yao: ANDs: 0 ; Depth: 0', 'Arithmetic Sharing: MULs: 0 ; Depth: 0', 'SP-LUT Sharing: OT-gates: Total OT gates = 0; Depth: 1', 'Total number of gates: 3163722 Total depth: 10918', 'Timings: ', 'Total =\t\t34191.1700000000 ms', 'Init =\t\t0.4190000000 ms', 'CircuitGen =\t0.2980000000 ms', 'Network =\t19.7920000000 ms', 'BaseOTs =\t2958.4310000000 ms', 'Setup =\t\t13947.0230000000 ms', 'OTExtension =\t13878.4220000000 ms', 'Garbling =\t0.0080000000 ms', 'Online =\t20244.1380000000 ms', '', 'Communication: ', 'Total Sent / Rcv\t98546496  bytes / 98545472 bytes', 'BaseOTs Sent / Rcv\t50770  bytes / 50769 bytes', 'Setup Sent / Rcv\t96945339  bytes / 96955428 bytes', 'OTExtension Sent / Rcv\t96945339  bytes / 96945339 bytes', 'Garbling Sent / Rcv\t0  bytes / 0 bytes', 'Online Sent / Rcv\t1601157  bytes / 1590044 bytes', '', 'cos_dist_ver: 0.2064672729', 'cos_dist: 0.2064672729'], error []
2023-08-12 17:10:46,052 - DEBUG - Running test for lfw/Aaron_Peirsol/Aaron_Peirsol_0003.jpg
2023-08-12 17:11:05,294 - DEBUG - Embedding extracted by the server in 16.171472311019897 seconds
2023-08-12 17:11:06,631 - DEBUG - Running sfe...
2023-08-12 17:11:59,286 - INFO - Finished! Total sfe time: 52.65510368347168 seconds (2/6)
2023-08-12 17:11:59,286 - DEBUG - Host 10.0.0.167: exit code 0, output ['Online time is distributed as follows: ', 'Bool: local gates: 1884.8410000000, interactive gates: 2223.9670000000, layer finish: 1506.7360000000', 'Yao: local gates: 25.8720000000, interactive gates: 21.6590000000, layer finish: 9.4760000000', 'Yao Rev: local gates: 26.6430000000, interactive gates: 24.6110000000, layer finish: 8.8060000000', 'Arith: local gates: 29.1210000000, interactive gates: 19.7300000000, layer finish: 20.7920000000', 'SPLUT: local gates: 20.2070000000, interactive gates: 21.8210000000, layer finish: 136.4780000000', 'Communication: 14032.3700000000', '', 'Complexities: ', 'Boolean Sharing: ANDs: 5971636 (1-bit) ; Depth: 10918', 'Total Vec AND: 5971636', 'Total Non-Vec AND: 5971636', 'XOR vals: 5892966 gates: 1383450', 'Comb gates: 0, CombStruct gates: 0, Perm gates: 0, Subset gates: 24576, Split gates: 0', 'Yao: ANDs: 0 ; Depth: 0', 'Reverse Yao: ANDs: 0 ; Depth: 0', 'Arithmetic Sharing: MULs: 0 ; Depth: 0', 'SP-LUT Sharing: OT-gates: Total OT gates = 0; Depth: 1', 'Total number of gates: 3163722 Total depth: 10918', 'Timings: ', 'Total =\t\t34103.1290000000 ms', 'Init =\t\t0.4000000000 ms', 'CircuitGen =\t0.2900000000 ms', 'Network =\t712.1600000000 ms', 'BaseOTs =\t3038.1630000000 ms', 'Setup =\t\t14007.9100000000 ms', 'OTExtension =\t13949.1170000000 ms', 'Garbling =\t0.0070000000 ms', 'Online =\t20095.2100000000 ms', '', 'Communication: ', 'Total Sent / Rcv\t98545472  bytes / 98546496 bytes', 'BaseOTs Sent / Rcv\t50770  bytes / 50769 bytes', 'Setup Sent / Rcv\t96945339  bytes / 96945339 bytes', 'OTExtension Sent / Rcv\t96945339  bytes / 96945339 bytes', 'Garbling Sent / Rcv\t0  bytes / 0 bytes', 'Online Sent / Rcv\t1600133  bytes / 1601157 bytes', '', 'cos_dist_ver: 0.4130865591', 'cos_dist: 0.4130865591'], error []
2023-08-12 17:11:59,286 - DEBUG - Host 10.0.0.154: exit code 0, output ['Online time is distributed as follows: ', 'Bool: local gates: 1894.6350000000, interactive gates: 2229.1610000000, layer finish: 1522.1980000000', 'Yao: local gates: 23.5880000000, interactive gates: 21.7900000000, layer finish: 9.6280000000', 'Yao Rev: local gates: 27.1490000000, interactive gates: 18.9010000000, layer finish: 6.3170000000', 'Arith: local gates: 22.1110000000, interactive gates: 22.5210000000, layer finish: 20.8350000000', 'SPLUT: local gates: 20.5970000000, interactive gates: 24.2790000000, layer finish: 147.8890000000', 'Communication: 13999.9850000001', '', 'Complexities: ', 'Boolean Sharing: ANDs: 5971636 (1-bit) ; Depth: 10918', 'Total Vec AND: 5971636', 'Total Non-Vec AND: 5971636', 'XOR vals: 5892966 gates: 1383450', 'Comb gates: 0, CombStruct gates: 0, Perm gates: 0, Subset gates: 24576, Split gates: 0', 'Yao: ANDs: 0 ; Depth: 0', 'Reverse Yao: ANDs: 0 ; Depth: 0', 'Arithmetic Sharing: MULs: 0 ; Depth: 0', 'SP-LUT Sharing: OT-gates: Total OT gates = 0; Depth: 1', 'Total number of gates: 3163722 Total depth: 10918', 'Timings: ', 'Total =\t\t33996.2620000000 ms', 'Init =\t\t0.4170000000 ms', 'CircuitGen =\t0.2960000000 ms', 'Network =\t13.1660000000 ms', 'BaseOTs =\t3150.5210000000 ms', 'Setup =\t\t13900.0460000000 ms', 'OTExtension =\t13835.0650000000 ms', 'Garbling =\t0.0080000000 ms', 'Online =\t20096.2060000000 ms', '', 'Communication: ', 'Total Sent / Rcv\t98546496  bytes / 98545472 bytes', 'BaseOTs Sent / Rcv\t50769  bytes / 50770 bytes', 'Setup Sent / Rcv\t96945339  bytes / 96945339 bytes', 'OTExtension Sent / Rcv\t96945321  bytes / 96945339 bytes', 'Garbling Sent / Rcv\t0  bytes / 0 bytes', 'Online Sent / Rcv\t1601157  bytes / 1600133 bytes', '', 'cos_dist_ver: 0.4130865591', 'cos_dist: 0.4130865591'], error []
2023-08-12 17:11:59,287 - DEBUG - Running test for lfw/Aaron_Peirsol/Aaron_Peirsol_0004.jpg
2023-08-12 17:12:19,000 - DEBUG - Embedding extracted by the server in 16.59471893310547 seconds
2023-08-12 17:12:20,353 - DEBUG - Running sfe...
2023-08-12 17:13:15,253 - INFO - Finished! Total sfe time: 54.900291442871094 seconds (3/6)
2023-08-12 17:13:15,254 - DEBUG - Host 10.0.0.167: exit code 0, output ['Online time is distributed as follows: ', 'Bool: local gates: 1889.4730000000, interactive gates: 2224.5890000000, layer finish: 1511.8200000000', 'Yao: local gates: 29.9330000000, interactive gates: 21.4510000000, layer finish: 10.4800000000', 'Yao Rev: local gates: 27.1070000000, interactive gates: 22.0730000000, layer finish: 10.0380000000', 'Arith: local gates: 30.6120000000, interactive gates: 19.5770000000, layer finish: 19.3100000000', 'SPLUT: local gates: 19.9990000000, interactive gates: 20.4230000000, layer finish: 136.7410000000', 'Communication: 14079.0080000000', '', 'Complexities: ', 'Boolean Sharing: ANDs: 5971636 (1-bit) ; Depth: 10918', 'Total Vec AND: 5971636', 'Total Non-Vec AND: 5971636', 'XOR vals: 5892966 gates: 1383450', 'Comb gates: 0, CombStruct gates: 0, Perm gates: 0, Subset gates: 24576, Split gates: 0', 'Yao: ANDs: 0 ; Depth: 0', 'Reverse Yao: ANDs: 0 ; Depth: 0', 'Arithmetic Sharing: MULs: 0 ; Depth: 0', 'SP-LUT Sharing: OT-gates: Total OT gates = 0; Depth: 1', 'Total number of gates: 3163722 Total depth: 10918', 'Timings: ', 'Total =\t\t33819.5430000000 ms', 'Init =\t\t0.3980000000 ms', 'CircuitGen =\t0.2950000000 ms', 'Network =\t1748.1380000000 ms', 'BaseOTs =\t3037.2230000000 ms', 'Setup =\t\t13663.4320000000 ms', 'OTExtension =\t13605.0810000000 ms', 'Garbling =\t0.0070000000 ms', 'Online =\t20156.1030000000 ms', '', 'Communication: ', 'Total Sent / Rcv\t98545472  bytes / 98546496 bytes', 'BaseOTs Sent / Rcv\t50769  bytes / 50770 bytes', 'Setup Sent / Rcv\t96945339  bytes / 96945339 bytes', 'OTExtension Sent / Rcv\t96945339  bytes / 96945339 bytes', 'Garbling Sent / Rcv\t0  bytes / 0 bytes', 'Online Sent / Rcv\t1600133  bytes / 1601157 bytes', '', 'cos_dist_ver: 0.4830939515', 'cos_dist: 0.4830939515'], error []
2023-08-12 17:13:15,254 - DEBUG - Host 10.0.0.154: exit code 0, output ['Online time is distributed as follows: ', 'Bool: local gates: 1905.6600000000, interactive gates: 2234.3750000000, layer finish: 1545.4920000000', 'Yao: local gates: 25.2240000000, interactive gates: 21.8620000000, layer finish: 10.4340000000', 'Yao Rev: local gates: 25.5650000000, interactive gates: 19.8510000000, layer finish: 6.8520000000', 'Arith: local gates: 22.3040000000, interactive gates: 25.1950000000, layer finish: 23.7300000000', 'SPLUT: local gates: 23.5090000000, interactive gates: 23.2940000000, layer finish: 150.3650000000', 'Communication: 14012.5010000000', '', 'Complexities: ', 'Boolean Sharing: ANDs: 5971636 (1-bit) ; Depth: 10918', 'Total Vec AND: 5971636', 'Total Non-Vec AND: 5971636', 'XOR vals: 5892966 gates: 1383450', 'Comb gates: 0, CombStruct gates: 0, Perm gates: 0, Subset gates: 24576, Split gates: 0', 'Yao: ANDs: 0 ; Depth: 0', 'Reverse Yao: ANDs: 0 ; Depth: 0', 'Arithmetic Sharing: MULs: 0 ; Depth: 0', 'SP-LUT Sharing: OT-gates: Total OT gates = 0; Depth: 1', 'Total number of gates: 3163722 Total depth: 10918', 'Timings: ', 'Total =\t\t33698.0650000000 ms', 'Init =\t\t0.4520000000 ms', 'CircuitGen =\t0.3180000000 ms', 'Network =\t13.1840000000 ms', 'BaseOTs =\t3160.7080000000 ms', 'Setup =\t\t13544.9150000000 ms', 'OTExtension =\t13480.4010000000 ms', 'Garbling =\t0.0070000000 ms', 'Online =\t20153.1420000000 ms', '', 'Communication: ', 'Total Sent / Rcv\t98546496  bytes / 98545472 bytes', 'BaseOTs Sent / Rcv\t50770  bytes / 50769 bytes', 'Setup Sent / Rcv\t96945339  bytes / 96945339 bytes', 'OTExtension Sent / Rcv\t96945339  bytes / 96945339 bytes', 'Garbling Sent / Rcv\t0  bytes / 0 bytes', 'Online Sent / Rcv\t1601157  bytes / 1600133 bytes', '', 'cos_dist_ver: 0.4830939515', 'cos_dist: 0.4830939515'], error []
2023-08-12 17:13:15,254 - DEBUG - Running test for lfw/Pat_Rochester/Pat_Rochester_0001.jpg
2023-08-12 17:13:34,973 - DEBUG - Embedding extracted by the server in 16.640650033950806 seconds
2023-08-12 17:13:36,301 - DEBUG - Running sfe...
