2023-10-06 22:21:52,028 - DEBUG - pffrocd config: {
    "client": {
        "ip_address": "192.168.5.121",
        "username": "kamil",
        "password": "kamil123",
        "private_ssh_key_path": "/home/dietpi/.ssh/id_rsa",
        "executable_path": "/home/kamil/pffrocd/ABY/build/bin",
        "executable_name": "cos_dist_float_scen_simd",
        "pffrocd_path": "/home/kamil/pffrocd"
    },
    "server": {
        "ip_address": "192.168.5.122",
        "username": "kamil",
        "password": "kamil123",
        "private_ssh_key_path": "/home/dietpi/.ssh/id_rsa",
        "executable_path": "/home/kamil/pffrocd/ABY/build/bin",
        "executable_name": "cos_dist_float_scen_simd",
        "pffrocd_path": "/home/kamil/pffrocd"
    },
    "misc": {
        "nr_of_people": "1500",
        "security_level": "128",
        "mt_algorithm": "0",
        "niceness": "-20",
        "starting_person": "15",
        "bit_length": "32",
        "gather_energy_data": "1"
    }
}
2023-10-06 22:22:08,228 - INFO - Initial (tested with iperf3) bandwidth: 243.28 Mbits/sec
2023-10-06 22:22:08,839 - INFO - RUNNING for 1485 people
2023-10-06 22:22:08,840 - INFO - Currently running for lfw/Adrian_McPherson (1/1485)
2023-10-06 22:22:08,840 - DEBUG - Found 2 images for lfw/Adrian_McPherson
2023-10-06 22:22:08,841 - DEBUG - setting image as reference image: lfw/Adrian_McPherson/Adrian_McPherson_0001.jpg
2023-10-06 22:22:16,521 - INFO - Running test for lfw/Adrian_McPherson/Adrian_McPherson_0002.jpg
2023-10-06 22:22:20,942 - DEBUG - Stdout of extracting embedding: 1.9139559268951416
2023-10-06 22:22:20,943 - DEBUG - Stderr of extracting embedding: 
2023-10-06 22:22:20,943 - INFO - Embedding extracted by the server in 1.9139559268951416 seconds
2023-10-06 22:22:26,240 - INFO - Running sfe...
2023-10-06 22:22:35,295 - INFO - Finished! Total sfe time: 9.05452299118042 seconds (1/2)
2023-10-06 22:22:35,297 - DEBUG - Host 192.168.5.121: exit code 0, output ['AES performance: 3658.4363757186 MiB/sec', 'RTT: 0.5231875000 ms', 'Throughput: 29.4109199529 MiB/s', 'Online time is distributed as follows: ', 'Bool: local gates: 111.9210000000, interactive gates: 122.7390000000, layer finish: 99.3340000000', 'Yao: local gates: 3.6770000000, interactive gates: 3.2710000000, layer finish: 1.8880000000', 'Yao Rev: local gates: 3.3750000000, interactive gates: 3.0710000000, layer finish: 2.0550000000', 'Arith: local gates: 3.9170000000, interactive gates: 3.1130000000, layer finish: 3.7910000000', 'SPLUT: local gates: 4.0510000000, interactive gates: 3.0560000000, layer finish: 18.1090000000', 'Communication: 1251.1050000000', '', 'Complexities: ', 'Boolean Sharing: ANDs: 1878982 (1-bit) ; Depth: 8080', 'Total Vec AND: 1878982', 'Total Non-Vec AND: 1878982', 'XOR vals: 1740116 gates: 596354', 'Comb gates: 0, CombStruct gates: 0, Perm gates: 0, Subset gates: 12288, Split gates: 0', 'Yao: ANDs: 0 ; Depth: 0', 'Reverse Yao: ANDs: 0 ; Depth: 0', 'Arithmetic Sharing: MULs: 0 ; Depth: 0', 'SP-LUT Sharing: OT-gates: Total OT gates = 0; Depth: 1', 'Total number of gates: 1339400 Total depth: 8080', 'Timings: ', 'Total =\t\t2794.8890000000 ms', 'Init =\t\t341.6030000000 ms', 'CircuitGen =\t0.0780000000 ms', 'Network =\t3.2690000000 ms', 'BaseOTs =\t4746.2390000000 ms', 'Setup =\t\t1146.5110000000 ms', 'OTExtension =\t1142.7540000000 ms', 'Garbling =\t0.0040000000 ms', 'Online =\t1648.3740000000 ms', '', 'Communication: ', 'Total Sent / Rcv\t31648487  bytes / 31648990 bytes', 'BaseOTs Sent / Rcv\t67159115  bytes / 67159124 bytes', 'Setup Sent / Rcv\t31099282  bytes / 31099273 bytes', 'OTExtension Sent / Rcv\t31099273  bytes / 31099273 bytes', 'Garbling Sent / Rcv\t0  bytes / 0 bytes', 'Online Sent / Rcv\t549205  bytes / 549717 bytes', '', 'cos_dist_ver: 0.7936482430', 'cos_dist: 0.7936482430'], error ['[sudo] password for kamil: \tCommand being timed: "/home/kamil/pffrocd/ABY/build/bin/cos_dist_float_scen_simd_32 -r 1 -a 192.168.5.122 -f /home/kamil/pffrocd/ABY/build/bin/embeddings.txt -o /home/kamil/pffrocd -s 128 -x 0"', '\tUser time (seconds): 3.32', '\tSystem time (seconds): 1.33', '\tPercent of CPU this job got: 53%', '\tElapsed (wall clock) time (h:mm:ss or m:ss): 0:08.70', '\tAverage shared text size (kbytes): 0', '\tAverage unshared data size (kbytes): 0', '\tAverage stack size (kbytes): 0', '\tAverage total size (kbytes): 0', '\tMaximum resident set size (kbytes): 176024', '\tAverage resident set size (kbytes): 0', '\tMajor (requiring I/O) page faults: 0', '\tMinor (reclaiming a frame) page faults: 101340', '\tVoluntary context switches: 107893', '\tInvoluntary context switches: 19', '\tSwaps: 0', '\tFile system inputs: 0', '\tFile system outputs: 0', '\tSocket messages sent: 0', '\tSocket messages received: 0', '\tSignals delivered: 0', '\tPage size (bytes): 4096', '\tExit status: 0']
2023-10-06 22:22:35,299 - DEBUG - Host 192.168.5.122: exit code 0, output ['AES performance: 5419.4804919872 MiB/sec', 'RTT: 0.4671250000 ms', 'Throughput: 28.5053953142 MiB/s', 'Online time is distributed as follows: ', 'Bool: local gates: 47.6780000000, interactive gates: 49.8700000000, layer finish: 34.3510000000', 'Yao: local gates: 1.3800000000, interactive gates: 1.1710000000, layer finish: 0.5270000000', 'Yao Rev: local gates: 1.3110000000, interactive gates: 1.1870000000, layer finish: 0.4890000000', 'Arith: local gates: 1.3470000000, interactive gates: 1.1830000000, layer finish: 1.0710000000', 'SPLUT: local gates: 1.3120000000, interactive gates: 1.1450000000, layer finish: 6.3940000000', 'Communication: 1492.7070000000', '', 'Complexities: ', 'Boolean Sharing: ANDs: 1878982 (1-bit) ; Depth: 8080', 'Total Vec AND: 1878982', 'Total Non-Vec AND: 1878982', 'XOR vals: 1740116 gates: 596354', 'Comb gates: 0, CombStruct gates: 0, Perm gates: 0, Subset gates: 12288, Split gates: 0', 'Yao: ANDs: 0 ; Depth: 0', 'Reverse Yao: ANDs: 0 ; Depth: 0', 'Arithmetic Sharing: MULs: 0 ; Depth: 0', 'SP-LUT Sharing: OT-gates: Total OT gates = 0; Depth: 1', 'Total number of gates: 1339400 Total depth: 8080', 'Timings: ', 'Total =\t\t2794.0910000000 ms', 'Init =\t\t263.5890000000 ms', 'CircuitGen =\t0.0520000000 ms', 'Network =\t250.5500000000 ms', 'BaseOTs =\t4745.6710000000 ms', 'Setup =\t\t1146.7780000000 ms', 'OTExtension =\t1145.1850000000 ms', 'Garbling =\t0.0040000000 ms', 'Online =\t1647.3120000000 ms', '', 'Communication: ', 'Total Sent / Rcv\t31648990  bytes / 31648478 bytes', 'BaseOTs Sent / Rcv\t67159124  bytes / 67159124 bytes', 'Setup Sent / Rcv\t31099273  bytes / 31105874 bytes', 'OTExtension Sent / Rcv\t31099273  bytes / 31099273 bytes', 'Garbling Sent / Rcv\t0  bytes / 0 bytes', 'Online Sent / Rcv\t549717  bytes / 542604 bytes', '', 'cos_dist_ver: 0.7936482430', 'cos_dist: 0.7936482430'], error ['[sudo] password for kamil: \tCommand being timed: "/home/kamil/pffrocd/ABY/build/bin/cos_dist_float_scen_simd_32 -r 0 -a 192.168.5.122 -f /home/kamil/pffrocd/ABY/build/bin/embeddings.txt -o /home/kamil/pffrocd -s 128 -x 0"', '\tUser time (seconds): 2.07', '\tSystem time (seconds): 0.76', '\tPercent of CPU this job got: 32%', '\tElapsed (wall clock) time (h:mm:ss or m:ss): 0:08.68', '\tAverage shared text size (kbytes): 0', '\tAverage unshared data size (kbytes): 0', '\tAverage stack size (kbytes): 0', '\tAverage total size (kbytes): 0', '\tMaximum resident set size (kbytes): 179868', '\tAverage resident set size (kbytes): 0', '\tMajor (requiring I/O) page faults: 0', '\tMinor (reclaiming a frame) page faults: 103394', '\tVoluntary context switches: 106430', '\tInvoluntary context switches: 24', '\tSwaps: 0', '\tFile system inputs: 0', '\tFile system outputs: 0', '\tSocket messages sent: 0', '\tSocket messages received: 0', '\tSignals delivered: 0', '\tPage size (bytes): 4096', '\tExit status: 0']
2023-10-06 22:22:35,299 - DEBUG - Parsed server ram usage: {'[sudo] password for kamil': '', 'Command being timed': '"/home/kamil/pffrocd/ABY/build/bin/cos_dist_float_scen_simd_32 -r 0 -a 192.168.5.122 -f /home/kamil/pffrocd/ABY/build/bin/embeddings.txt -o /home/kamil/pffrocd -s 128 -x 0"', 'User time (seconds)': '2.07', 'System time (seconds)': '0.76', 'Percent of CPU this job got': '32%', 'Elapsed (wall clock) time (h:mm:ss or m:ss)': '0:08.68', 'Average shared text size (kbytes)': '0', 'Average unshared data size (kbytes)': '0', 'Average stack size (kbytes)': '0', 'Average total size (kbytes)': '0', 'Maximum resident set size (kbytes)': '179868', 'Average resident set size (kbytes)': '0', 'Major (requiring I/O) page faults': '0', 'Minor (reclaiming a frame) page faults': '103394', 'Voluntary context switches': '106430', 'Involuntary context switches': '24', 'Swaps': '0', 'File system inputs': '0', 'File system outputs': '0', 'Socket messages sent': '0', 'Socket messages received': '0', 'Signals delivered': '0', 'Page size (bytes)': '4096', 'Exit status': '0'}
2023-10-06 22:22:35,300 - DEBUG - Parsed client ram usage: {'[sudo] password for kamil': '', 'Command being timed': '"/home/kamil/pffrocd/ABY/build/bin/cos_dist_float_scen_simd_32 -r 1 -a 192.168.5.122 -f /home/kamil/pffrocd/ABY/build/bin/embeddings.txt -o /home/kamil/pffrocd -s 128 -x 0"', 'User time (seconds)': '3.32', 'System time (seconds)': '1.33', 'Percent of CPU this job got': '53%', 'Elapsed (wall clock) time (h:mm:ss or m:ss)': '0:08.70', 'Average shared text size (kbytes)': '0', 'Average unshared data size (kbytes)': '0', 'Average stack size (kbytes)': '0', 'Average total size (kbytes)': '0', 'Maximum resident set size (kbytes)': '176024', 'Average resident set size (kbytes)': '0', 'Major (requiring I/O) page faults': '0', 'Minor (reclaiming a frame) page faults': '101340', 'Voluntary context switches': '107893', 'Involuntary context switches': '19', 'Swaps': '0', 'File system inputs': '0', 'File system outputs': '0', 'Socket messages sent': '0', 'Socket messages received': '0', 'Signals delivered': '0', 'Page size (bytes)': '4096', 'Exit status': '0'}
2023-10-06 22:22:35,301 - INFO - Running powertop to gather energy consumption data...
