2023-08-07 08:58:07,782 - DEBUG - pffrocd config: {
    "client": {
        "ip_address": "192.168.1.95",
        "username": "dietpi",
        "private_ssh_key_path": "/home/kamil/.ssh/id_thesis",
        "executable_path": "/home/dietpi/pffrocd/ABY/build/bin",
        "executable_name": "cos_dist_float_scen_simd",
        "pffrocd_path": "/home/dietpi/pffrocd"
    },
    "server": {
        "ip_address": "192.168.1.66",
        "username": "dietpi",
        "private_ssh_key_path": "/home/kamil/.ssh/id_thesis",
        "executable_path": "/home/dietpi/pffrocd/ABY/build/bin",
        "executable_name": "cos_dist_float_scen_simd",
        "pffrocd_path": "/home/dietpi/pffrocd"
    },
    "misc": {
        "test_mode": "True"
    }
}
2023-08-07 08:58:08,001 - INFO - RUNNING IN TEST MODE: only using one person
2023-08-07 08:58:08,001 - INFO - Currently running for lfw/Aaron_Peirsol (0/1)
2023-08-07 08:58:08,001 - DEBUG - Found 4 images for lfw/Aaron_Peirsol
2023-08-07 08:58:08,001 - DEBUG - setting image as reference image: lfw/Aaron_Peirsol/Aaron_Peirsol_0001.jpg
2023-08-07 08:58:13,983 - DEBUG - Running test for lfw/Aaron_Peirsol/Aaron_Peirsol_0002.jpg
2023-08-07 08:59:10,252 - DEBUG - Embedding extracted by the server in 48.79034495353699 seconds
2023-08-07 08:59:12,039 - DEBUG - Running sfe...
2023-08-07 08:59:12,040 - DEBUG - Make client request for host 192.168.1.95, (host_i, host) in clients: False
2023-08-07 08:59:12,050 - DEBUG - Make client request for host 192.168.1.66, (host_i, host) in clients: False
2023-08-07 08:59:12,052 - DEBUG - Connecting to 192.168.1.95:22
2023-08-07 08:59:12,052 - DEBUG - Connecting to 192.168.1.66:22
2023-08-07 08:59:12,247 - DEBUG - Agent auth failed with AgentAuthenticationError('No identities match for user %s', b'dietpi') continuing with other authentication methods
2023-08-07 08:59:12,248 - DEBUG - Trying to authenticate with identity file /home/kamil/.ssh/id_rsa
2023-08-07 08:59:12,249 - DEBUG - Authentication with identity file /home/kamil/.ssh/id_rsa failed with , continuing with other identities
2023-08-07 08:59:12,249 - DEBUG - Private key auth failed, trying password
2023-08-07 08:59:12,796 - DEBUG - Authentication completed successfully - setting session to non-blocking mode
2023-08-07 08:59:12,848 - DEBUG - Agent auth failed with AgentAuthenticationError('No identities match for user %s', b'dietpi') continuing with other authentication methods
2023-08-07 08:59:12,849 - DEBUG - Trying to authenticate with identity file /home/kamil/.ssh/id_rsa
2023-08-07 08:59:12,849 - DEBUG - Authentication with identity file /home/kamil/.ssh/id_rsa failed with , continuing with other identities
2023-08-07 08:59:12,849 - DEBUG - Private key auth failed, trying password
2023-08-07 08:59:13,386 - DEBUG - Authentication completed successfully - setting session to non-blocking mode
2023-08-07 08:59:13,388 - DEBUG - Executing command 'b'cd /home/dietpi/pffrocd/ABY/build/bin ; /home/dietpi/pffrocd/ABY/build/bin/cos_dist_float_scen_simd -r 1 -a 192.168.1.66 -f /home/dietpi/pffrocd/ABY/build/bin/embeddings.txt''
2023-08-07 08:59:13,461 - DEBUG - Executing command 'b'cd /home/dietpi/pffrocd/ABY/build/bin ; /home/dietpi/pffrocd/ABY/build/bin/cos_dist_float_scen_simd -r 0 -a 192.168.1.66 -f /home/dietpi/pffrocd/ABY/build/bin/embeddings.txt''
2023-08-07 08:59:13,596 - DEBUG - Closing channel
2023-08-07 09:03:24,801 - DEBUG - Closing channel
