2023-08-11 14:37:40,000 - DEBUG - pffrocd config: {
    "client": {
        "ip_address": "10.0.0.167",
        "username": "dietpi",
        "private_ssh_key_path": "/home/kamil/.ssh/id_thesis",
        "executable_path": "/home/dietpi/pffrocd/ABY/build/bin",
        "executable_name": "cos_dist_float_scen_simd",
        "pffrocd_path": "/home/dietpi/pffrocd"
    },
    "server": {
        "ip_address": "10.0.0.154",
        "username": "dietpi",
        "private_ssh_key_path": "/home/kamil/.ssh/id_thesis",
        "executable_path": "/home/dietpi/pffrocd/ABY/build/bin",
        "executable_name": "cos_dist_float_scen_simd",
        "pffrocd_path": "/home/dietpi/pffrocd"
    },
    "misc": {
        "nr_of_people": "1",
        "security_level": "80",
        "mt_algorithm": "0",
        "niceness": "-20"
    }
}
2023-08-11 14:37:40,096 - INFO - RUNNING for 1 people
2023-08-11 14:37:40,096 - INFO - Currently running for lfw/Aaron_Peirsol (0/1)
2023-08-11 14:37:40,096 - DEBUG - Found 4 images for lfw/Aaron_Peirsol
2023-08-11 14:37:40,096 - DEBUG - setting image as reference image: lfw/Aaron_Peirsol/Aaron_Peirsol_0001.jpg
2023-08-11 14:37:41,759 - DEBUG - Running test for lfw/Aaron_Peirsol/Aaron_Peirsol_0002.jpg
2023-08-11 14:38:34,077 - DEBUG - Embedding extracted by the server in 48.62056875228882 seconds
2023-08-11 14:38:35,384 - DEBUG - Running sfe...
2023-08-11 14:39:21,071 - INFO - Finished! Total sfe time: 45.68691849708557 seconds
2023-08-11 14:39:21,071 - DEBUG - Host 10.0.0.167: exit code 0, output ['Online time is distributed as follows: ', 'Bool: local gates: 1911.1480000000, interactive gates: 2222.1250000000, layer finish: 1524.5410000000', 'Yao: local gates: 23.6110000000, interactive gates: 21.0060000000, layer finish: 6.6520000000', 'Yao Rev: local gates: 22.6910000000, interactive gates: 18.3750000000, layer finish: 9.5150000000', 'Arith: local gates: 25.1220000000, interactive gates: 20.9340000000, layer finish: 26.1830000000', 'SPLUT: local gates: 20.5400000000, interactive gates: 23.2460000000, layer finish: 134.7470000000', 'Communication: 14052.5090000000', '', 'Complexities: ', 'Boolean Sharing: ANDs: 5971636 (1-bit) ; Depth: 10918', 'Total Vec AND: 5971636', 'Total Non-Vec AND: 5971636', 'XOR vals: 5892966 gates: 1383450', 'Comb gates: 0, CombStruct gates: 0, Perm gates: 0, Subset gates: 24576, Split gates: 0', 'Yao: ANDs: 0 ; Depth: 0', 'Reverse Yao: ANDs: 0 ; Depth: 0', 'Arithmetic Sharing: MULs: 0 ; Depth: 0', 'SP-LUT Sharing: OT-gates: Total OT gates = 0; Depth: 1', 'Total number of gates: 3163722 Total depth: 10918', 'Timings: ', 'Total =\t\t31933.9220000000 ms', 'Init =\t\t0.5050000000 ms', 'CircuitGen =\t0.6310000000 ms', 'Network =\t12.6720000000 ms', 'BaseOTs =\t124.2860000000 ms', 'Setup =\t\t11790.6420000000 ms', 'OTExtension =\t11731.9630000000 ms', 'Garbling =\t0.0080000000 ms', 'Online =\t20143.2700000000 ms', '', 'Communication: ', 'Total Sent / Rcv\t62191406  bytes / 62192430 bytes', 'BaseOTs Sent / Rcv\t10532  bytes / 10532 bytes', 'Setup Sent / Rcv\t60591273  bytes / 60591273 bytes', 'OTExtension Sent / Rcv\t60591273  bytes / 60591273 bytes', 'Garbling Sent / Rcv\t0  bytes / 0 bytes', 'Online Sent / Rcv\t1600133  bytes / 1601157 bytes', '', 'cos_dist_ver: 0.2064672729', 'cos_dist: 0.2064672729'], error []
2023-08-11 14:39:21,072 - DEBUG - Host 10.0.0.154: exit code 0, output ['Online time is distributed as follows: ', 'Bool: local gates: 1889.8550000000, interactive gates: 2216.8070000000, layer finish: 1540.4400000000', 'Yao: local gates: 25.4940000000, interactive gates: 18.8740000000, layer finish: 10.2260000000', 'Yao Rev: local gates: 23.4140000000, interactive gates: 21.9250000000, layer finish: 5.8190000000', 'Arith: local gates: 23.4620000000, interactive gates: 19.9510000000, layer finish: 28.0270000000', 'SPLUT: local gates: 27.4460000000, interactive gates: 19.9120000000, layer finish: 136.8950000000', 'Communication: 14051.3940000000', '', 'Complexities: ', 'Boolean Sharing: ANDs: 5971636 (1-bit) ; Depth: 10918', 'Total Vec AND: 5971636', 'Total Non-Vec AND: 5971636', 'XOR vals: 5892966 gates: 1383450', 'Comb gates: 0, CombStruct gates: 0, Perm gates: 0, Subset gates: 24576, Split gates: 0', 'Yao: ANDs: 0 ; Depth: 0', 'Reverse Yao: ANDs: 0 ; Depth: 0', 'Arithmetic Sharing: MULs: 0 ; Depth: 0', 'SP-LUT Sharing: OT-gates: Total OT gates = 0; Depth: 1', 'Total number of gates: 3163722 Total depth: 10918', 'Timings: ', 'Total =\t\t31933.5000000000 ms', 'Init =\t\t0.3540000000 ms', 'CircuitGen =\t0.3950000000 ms', 'Network =\t164.6260000000 ms', 'BaseOTs =\t123.4810000000 ms', 'Setup =\t\t11790.4230000000 ms', 'OTExtension =\t11727.0770000000 ms', 'Garbling =\t0.0080000000 ms', 'Online =\t20143.0680000000 ms', '', 'Communication: ', 'Total Sent / Rcv\t62192430  bytes / 62191406 bytes', 'BaseOTs Sent / Rcv\t10532  bytes / 10532 bytes', 'Setup Sent / Rcv\t60591273  bytes / 60591273 bytes', 'OTExtension Sent / Rcv\t60591273  bytes / 60591273 bytes', 'Garbling Sent / Rcv\t0  bytes / 0 bytes', 'Online Sent / Rcv\t1601157  bytes / 1600133 bytes', '', 'cos_dist_ver: 0.2064672729', 'cos_dist: 0.2064672729'], error []
