2023-08-06 17:18:44,221 - DEBUG - pffrocd config: {
    "client": {
        "ip_address": "192.168.50.55",
        "username": "dietpi",
        "private_ssh_key_path": "/home/kamil/.ssh/id_thesis",
        "executable_path": "/home/dietpi/pffrocd/ABY/build/bin",
        "executable_name": "cos_dist_float_scen_simd",
        "pffrocd_path": "/home/dietpi/pffrocd"
    },
    "server": {
        "ip_address": "192.168.50.190",
        "username": "dietpi",
        "private_ssh_key_path": "/home/kamil/.ssh/id_thesis",
        "executable_path": "/home/dietpi/pffrocd/ABY/build/bin",
        "executable_name": "cos_dist_float_scen_simd",
        "pffrocd_path": "/home/dietpi/pffrocd"
    },
    "misc": {
        "test_mode": "True"
    }
}
2023-08-06 17:18:44,386 - INFO - RUNNING IN TEST MODE: only using one person
2023-08-06 17:18:44,386 - INFO - Currently running for lfw/Aaron_Peirsol (0/1)
2023-08-06 17:18:44,386 - DEBUG - Found 4 images for lfw/Aaron_Peirsol
2023-08-06 17:18:44,386 - DEBUG - setting image as reference image: lfw/Aaron_Peirsol/Aaron_Peirsol_0001.jpg
2023-08-06 17:18:47,595 - DEBUG - Running test for lfw/Aaron_Peirsol/Aaron_Peirsol_0002.jpg
2023-08-06 17:18:48,140 - DEBUG - Image sent to server
2023-08-06 17:19:06,270 - DEBUG - Embedding extracted by the server in 14.976848840713501 seconds
2023-08-06 17:19:06,270 - DEBUG - Running sfe...
2023-08-06 17:19:06,970 - DEBUG - sfe done
2023-08-06 17:19:06,970 - DEBUG - 
2023-08-06 17:19:06,970 - DEBUG - 
2023-08-06 17:19:06,970 - DEBUG - Running test for lfw/Aaron_Peirsol/Aaron_Peirsol_0003.jpg
2023-08-06 17:19:07,635 - DEBUG - Image sent to server
2023-08-06 17:19:27,187 - DEBUG - Embedding extracted by the server in 16.35736632347107 seconds
2023-08-06 17:19:27,187 - DEBUG - Running sfe...
2023-08-06 17:19:27,855 - DEBUG - sfe done
2023-08-06 17:19:27,855 - DEBUG - 
2023-08-06 17:19:27,855 - DEBUG - 
2023-08-06 17:19:27,855 - DEBUG - Running test for lfw/Aaron_Peirsol/Aaron_Peirsol_0004.jpg
2023-08-06 17:19:28,525 - DEBUG - Image sent to server
