2023-08-12 17:24:10,077 - DEBUG - pffrocd config: {
    "client": {
        "ip_address": "10.0.0.167",
        "username": "dietpi",
        "private_ssh_key_path": "/home/kamil/.ssh/id_thesis",
        "executable_path": "/home/dietpi/pffrocd/ABY/build/bin",
        "executable_name": "cos_dist_float_scen_simd",
        "pffrocd_path": "/home/dietpi/pffrocd"
    },
    "server": {
        "ip_address": "10.0.0.154",
        "username": "dietpi",
        "private_ssh_key_path": "/home/kamil/.ssh/id_thesis",
        "executable_path": "/home/dietpi/pffrocd/ABY/build/bin",
        "executable_name": "cos_dist_float_scen_simd",
        "pffrocd_path": "/home/dietpi/pffrocd"
    },
    "misc": {
        "nr_of_people": "4",
        "security_level": "128",
        "mt_algorithm": "1",
        "niceness": "-20"
    }
}
2023-08-12 17:24:10,161 - INFO - RUNNING for 4 people
2023-08-12 17:24:10,161 - INFO - Currently running for lfw/Aaron_Peirsol (1/4)
2023-08-12 17:24:10,161 - DEBUG - Found 4 images for lfw/Aaron_Peirsol
2023-08-12 17:24:10,161 - DEBUG - setting image as reference image: lfw/Aaron_Peirsol/Aaron_Peirsol_0001.jpg
