2023-08-06 23:48:11,184 - DEBUG - pffrocd config: {
    "client": {
        "ip_address": "192.168.1.95",
        "username": "dietpi",
        "private_ssh_key_path": "/home/kamil/.ssh/id_thesis",
        "executable_path": "/home/dietpi/pffrocd/ABY/build/bin",
        "executable_name": "cos_dist_float_scen_simd",
        "pffrocd_path": "/home/dietpi/pffrocd"
    },
    "server": {
        "ip_address": "192.168.1.66",
        "username": "dietpi",
        "private_ssh_key_path": "/home/kamil/.ssh/id_thesis",
        "executable_path": "/home/dietpi/pffrocd/ABY/build/bin",
        "executable_name": "cos_dist_float_scen_simd",
        "pffrocd_path": "/home/dietpi/pffrocd"
    },
    "misc": {
        "test_mode": "True"
    }
}
2023-08-06 23:48:11,422 - INFO - RUNNING IN TEST MODE: only using one person
2023-08-06 23:48:11,422 - INFO - Currently running for lfw/Aaron_Peirsol (0/1)
2023-08-06 23:48:11,422 - DEBUG - Found 4 images for lfw/Aaron_Peirsol
2023-08-06 23:48:11,423 - DEBUG - setting image as reference image: lfw/Aaron_Peirsol/Aaron_Peirsol_0001.jpg
2023-08-06 23:48:13,469 - DEBUG - Running test for lfw/Aaron_Peirsol/Aaron_Peirsol_0002.jpg
2023-08-06 23:48:34,360 - DEBUG - Embedding extracted by the server in 17.440412759780884 seconds
2023-08-06 23:48:35,767 - DEBUG - Running sfe...
2023-08-06 23:49:05,128 - ERROR - REMOTE EXECUTION OF COMMAND FAILED
2023-08-06 23:49:05,128 - ERROR - Connect failed due to timeout!
