2023-08-06 22:31:40,264 - DEBUG - pffrocd config: {
    "client": {
        "ip_address": "192.168.1.95",
        "username": "dietpi",
        "private_ssh_key_path": "/home/kamil/.ssh/id_thesis",
        "executable_path": "/home/dietpi/pffrocd/ABY/build/bin",
        "executable_name": "cos_dist_float_scen_simd",
        "pffrocd_path": "/home/dietpi/pffrocd"
    },
    "server": {
        "ip_address": "192.168.1.66",
        "username": "dietpi",
        "private_ssh_key_path": "/home/kamil/.ssh/id_thesis",
        "executable_path": "/home/dietpi/pffrocd/ABY/build/bin",
        "executable_name": "cos_dist_float_scen_simd",
        "pffrocd_path": "/home/dietpi/pffrocd"
    },
    "misc": {
        "test_mode": "True"
    }
}
2023-08-06 22:31:40,359 - INFO - RUNNING IN TEST MODE: only using one person
2023-08-06 22:31:40,359 - INFO - Currently running for lfw/Aaron_Peirsol (0/1)
2023-08-06 22:31:40,359 - DEBUG - Found 4 images for lfw/Aaron_Peirsol
2023-08-06 22:31:40,359 - DEBUG - setting image as reference image: lfw/Aaron_Peirsol/Aaron_Peirsol_0001.jpg
2023-08-06 22:31:42,674 - DEBUG - Running test for lfw/Aaron_Peirsol/Aaron_Peirsol_0002.jpg
2023-08-06 22:32:23,909 - DEBUG - Embedding extracted by the server in 37.69924449920654 seconds
2023-08-06 22:32:24,622 - DEBUG - Running sfe...
2023-08-06 22:32:25,098 - DEBUG - sfe done
2023-08-06 22:32:25,098 - DEBUG - stdout1='INPUT FILE NAME: embeddings.txt\nstarting reading x and y\nfinished reading x and y\nstarting reading z\nfinished reading z\nCIRCUIT DIRECTORY: ../../bin/circ/\nparty created\ncircuit retrieved'
2023-08-06 22:32:25,099 - DEBUG - stderr1=''
2023-08-06 22:32:25,099 - DEBUG - stdout2='INPUT FILE NAME: embeddings.txt\nstarting reading x and y\nfinished reading x and y\nstarting reading z\nfinished reading z\nCIRCUIT DIRECTORY: ../../bin/circ/\nparty created\ncircuit retrieved'
2023-08-06 22:32:25,099 - DEBUG - stderr2=''
2023-08-06 22:32:25,099 - DEBUG - Running test for lfw/Aaron_Peirsol/Aaron_Peirsol_0003.jpg
