2023-08-11 17:03:31,125 - DEBUG - pffrocd config: {
    "client": {
        "ip_address": "10.0.0.167",
        "username": "dietpi",
        "private_ssh_key_path": "/home/kamil/.ssh/id_thesis",
        "executable_path": "/home/dietpi/pffrocd/ABY/build/bin",
        "executable_name": "cos_dist_float_scen_simd",
        "pffrocd_path": "/home/dietpi/pffrocd"
    },
    "server": {
        "ip_address": "10.0.0.154",
        "username": "dietpi",
        "private_ssh_key_path": "/home/kamil/.ssh/id_thesis",
        "executable_path": "/home/dietpi/pffrocd/ABY/build/bin",
        "executable_name": "cos_dist_float_scen_simd",
        "pffrocd_path": "/home/dietpi/pffrocd"
    },
    "misc": {
        "nr_of_people": "1",
        "security_level": "80",
        "mt_algorithm": "0",
        "niceness": "-20"
    }
}
2023-08-11 17:03:31,224 - INFO - RUNNING for 1 people
2023-08-11 17:03:31,225 - INFO - Currently running for lfw/Aaron_Peirsol (0/1)
2023-08-11 17:03:31,225 - DEBUG - Found 4 images for lfw/Aaron_Peirsol
2023-08-11 17:03:31,225 - DEBUG - setting image as reference image: lfw/Aaron_Peirsol/Aaron_Peirsol_0001.jpg
2023-08-11 17:03:32,906 - DEBUG - Running test for lfw/Aaron_Peirsol/Aaron_Peirsol_0002.jpg
2023-08-11 17:04:01,011 - DEBUG - Embedding extracted by the server in 24.601924896240234 seconds
2023-08-11 17:04:02,637 - DEBUG - Running sfe...
2023-08-11 17:04:50,483 - INFO - Finished! Total sfe time: 47.846176624298096 seconds (0/6)
2023-08-11 17:04:50,483 - DEBUG - Host 10.0.0.167: exit code 0, output ['Online time is distributed as follows: ', 'Bool: local gates: 1896.8020000000, interactive gates: 2221.8140000000, layer finish: 1501.6150000000', 'Yao: local gates: 22.7720000000, interactive gates: 20.9590000000, layer finish: 7.4650000000', 'Yao Rev: local gates: 23.1860000000, interactive gates: 17.7000000000, layer finish: 10.5180000000', 'Arith: local gates: 26.5170000000, interactive gates: 22.2280000000, layer finish: 25.3520000000', 'SPLUT: local gates: 19.9870000000, interactive gates: 22.4810000000, layer finish: 136.4990000000', 'Communication: 14188.7359999999', '', 'Complexities: ', 'Boolean Sharing: ANDs: 5971636 (1-bit) ; Depth: 10918', 'Total Vec AND: 5971636', 'Total Non-Vec AND: 5971636', 'XOR vals: 5892966 gates: 1383450', 'Comb gates: 0, CombStruct gates: 0, Perm gates: 0, Subset gates: 24576, Split gates: 0', 'Yao: ANDs: 0 ; Depth: 0', 'Reverse Yao: ANDs: 0 ; Depth: 0', 'Arithmetic Sharing: MULs: 0 ; Depth: 0', 'SP-LUT Sharing: OT-gates: Total OT gates = 0; Depth: 1', 'Total number of gates: 3163722 Total depth: 10918', 'Timings: ', 'Total =\t\t32385.6200000000 ms', 'Init =\t\t0.4520000000 ms', 'CircuitGen =\t0.3540000000 ms', 'Network =\t1315.8410000000 ms', 'BaseOTs =\t140.7610000000 ms', 'Setup =\t\t12132.3450000000 ms', 'OTExtension =\t12054.8850000000 ms', 'Garbling =\t0.0080000000 ms', 'Online =\t20253.2660000000 ms', '', 'Communication: ', 'Total Sent / Rcv\t62191406  bytes / 62192430 bytes', 'BaseOTs Sent / Rcv\t10532  bytes / 10532 bytes', 'Setup Sent / Rcv\t60591273  bytes / 60591273 bytes', 'OTExtension Sent / Rcv\t60591273  bytes / 60591273 bytes', 'Garbling Sent / Rcv\t0  bytes / 0 bytes', 'Online Sent / Rcv\t1600133  bytes / 1601157 bytes', '', 'cos_dist_ver: 0.2064672729', 'cos_dist: 0.2064672729'], error []
2023-08-11 17:04:50,484 - DEBUG - Host 10.0.0.154: exit code 0, output ['Online time is distributed as follows: ', 'Bool: local gates: 1908.1100000000, interactive gates: 2243.9480000000, layer finish: 1553.2400000000', 'Yao: local gates: 23.9450000000, interactive gates: 18.3380000000, layer finish: 11.6290000000', 'Yao Rev: local gates: 24.6920000000, interactive gates: 21.7560000000, layer finish: 6.5190000000', 'Arith: local gates: 26.6830000000, interactive gates: 19.1240000000, layer finish: 28.7960000000', 'SPLUT: local gates: 24.6140000000, interactive gates: 21.3470000000, layer finish: 131.5090000000', 'Communication: 14106.1920000000', '', 'Complexities: ', 'Boolean Sharing: ANDs: 5971636 (1-bit) ; Depth: 10918', 'Total Vec AND: 5971636', 'Total Non-Vec AND: 5971636', 'XOR vals: 5892966 gates: 1383450', 'Comb gates: 0, CombStruct gates: 0, Perm gates: 0, Subset gates: 24576, Split gates: 0', 'Yao: ANDs: 0 ; Depth: 0', 'Reverse Yao: ANDs: 0 ; Depth: 0', 'Arithmetic Sharing: MULs: 0 ; Depth: 0', 'SP-LUT Sharing: OT-gates: Total OT gates = 0; Depth: 1', 'Total number of gates: 3163722 Total depth: 10918', 'Timings: ', 'Total =\t\t32380.5860000000 ms', 'Init =\t\t0.4780000000 ms', 'CircuitGen =\t0.4490000000 ms', 'Network =\t22.0090000000 ms', 'BaseOTs =\t146.8780000000 ms', 'Setup =\t\t12131.9580000000 ms', 'OTExtension =\t12065.2830000000 ms', 'Garbling =\t0.0080000000 ms', 'Online =\t20248.6160000000 ms', '', 'Communication: ', 'Total Sent / Rcv\t62192430  bytes / 62191406 bytes', 'BaseOTs Sent / Rcv\t10532  bytes / 10532 bytes', 'Setup Sent / Rcv\t60591273  bytes / 60591273 bytes', 'OTExtension Sent / Rcv\t60591273  bytes / 60591273 bytes', 'Garbling Sent / Rcv\t0  bytes / 0 bytes', 'Online Sent / Rcv\t1601157  bytes / 1600133 bytes', '', 'cos_dist_ver: 0.2064672729', 'cos_dist: 0.2064672729'], error []
2023-08-11 17:04:50,484 - DEBUG - Running test for lfw/Aaron_Peirsol/Aaron_Peirsol_0003.jpg
2023-08-11 17:05:20,719 - DEBUG - Embedding extracted by the server in 26.788989305496216 seconds
2023-08-11 17:05:22,158 - DEBUG - Running sfe...
2023-08-11 17:06:09,914 - INFO - Finished! Total sfe time: 47.75649380683899 seconds (1/6)
2023-08-11 17:06:09,915 - DEBUG - Host 10.0.0.167: exit code 0, output ['Online time is distributed as follows: ', 'Bool: local gates: 1904.1480000000, interactive gates: 2234.5360000000, layer finish: 1529.3380000000', 'Yao: local gates: 26.0000000000, interactive gates: 22.2790000000, layer finish: 6.7070000000', 'Yao Rev: local gates: 21.5950000000, interactive gates: 18.7750000000, layer finish: 10.2380000000', 'Arith: local gates: 22.3150000000, interactive gates: 21.6040000000, layer finish: 23.3730000000', 'SPLUT: local gates: 23.3230000000, interactive gates: 23.7940000000, layer finish: 129.4140000000', 'Communication: 14186.9870000000', '', 'Complexities: ', 'Boolean Sharing: ANDs: 5971636 (1-bit) ; Depth: 10918', 'Total Vec AND: 5971636', 'Total Non-Vec AND: 5971636', 'XOR vals: 5892966 gates: 1383450', 'Comb gates: 0, CombStruct gates: 0, Perm gates: 0, Subset gates: 24576, Split gates: 0', 'Yao: ANDs: 0 ; Depth: 0', 'Reverse Yao: ANDs: 0 ; Depth: 0', 'Arithmetic Sharing: MULs: 0 ; Depth: 0', 'SP-LUT Sharing: OT-gates: Total OT gates = 0; Depth: 1', 'Total number of gates: 3163722 Total depth: 10918', 'Timings: ', 'Total =\t\t32410.9300000000 ms', 'Init =\t\t0.4430000000 ms', 'CircuitGen =\t0.2980000000 ms', 'Network =\t1589.6850000000 ms', 'BaseOTs =\t133.3800000000 ms', 'Setup =\t\t12123.4450000000 ms', 'OTExtension =\t12058.9680000000 ms', 'Garbling =\t0.0080000000 ms', 'Online =\t20287.4740000000 ms', '', 'Communication: ', 'Total Sent / Rcv\t62191406  bytes / 62192430 bytes', 'BaseOTs Sent / Rcv\t10532  bytes / 10532 bytes', 'Setup Sent / Rcv\t60591273  bytes / 60591273 bytes', 'OTExtension Sent / Rcv\t60591273  bytes / 60591273 bytes', 'Garbling Sent / Rcv\t0  bytes / 0 bytes', 'Online Sent / Rcv\t1600133  bytes / 1601157 bytes', '', 'cos_dist_ver: 0.4130865591', 'cos_dist: 0.4130865591'], error []
2023-08-11 17:06:09,916 - DEBUG - Host 10.0.0.154: exit code 0, output ['Online time is distributed as follows: ', 'Bool: local gates: 1884.6830000000, interactive gates: 2224.1670000000, layer finish: 1530.9800000000', 'Yao: local gates: 24.2520000000, interactive gates: 18.5170000000, layer finish: 9.1530000000', 'Yao Rev: local gates: 24.1390000000, interactive gates: 22.2210000000, layer finish: 6.7530000000', 'Arith: local gates: 26.3390000000, interactive gates: 20.1510000000, layer finish: 31.3630000000', 'SPLUT: local gates: 26.0520000000, interactive gates: 20.3160000000, layer finish: 122.5360000000', 'Communication: 14217.2680000000', '', 'Complexities: ', 'Boolean Sharing: ANDs: 5971636 (1-bit) ; Depth: 10918', 'Total Vec AND: 5971636', 'Total Non-Vec AND: 5971636', 'XOR vals: 5892966 gates: 1383450', 'Comb gates: 0, CombStruct gates: 0, Perm gates: 0, Subset gates: 24576, Split gates: 0', 'Yao: ANDs: 0 ; Depth: 0', 'Reverse Yao: ANDs: 0 ; Depth: 0', 'Arithmetic Sharing: MULs: 0 ; Depth: 0', 'SP-LUT Sharing: OT-gates: Total OT gates = 0; Depth: 1', 'Total number of gates: 3163722 Total depth: 10918', 'Timings: ', 'Total =\t\t32412.2980000000 ms', 'Init =\t\t0.3320000000 ms', 'CircuitGen =\t0.3160000000 ms', 'Network =\t22.9880000000 ms', 'BaseOTs =\t138.9920000000 ms', 'Setup =\t\t12123.8350000000 ms', 'OTExtension =\t12057.2010000000 ms', 'Garbling =\t0.0100000000 ms', 'Online =\t20288.4530000000 ms', '', 'Communication: ', 'Total Sent / Rcv\t62192439  bytes / 62191406 bytes', 'BaseOTs Sent / Rcv\t10523  bytes / 10532 bytes', 'Setup Sent / Rcv\t60591282  bytes / 60591273 bytes', 'OTExtension Sent / Rcv\t60591264  bytes / 60591273 bytes', 'Garbling Sent / Rcv\t0  bytes / 0 bytes', 'Online Sent / Rcv\t1601157  bytes / 1600133 bytes', '', 'cos_dist_ver: 0.4130865591', 'cos_dist: 0.4130865591'], error []
2023-08-11 17:06:09,916 - DEBUG - Running test for lfw/Aaron_Peirsol/Aaron_Peirsol_0004.jpg
2023-08-11 17:06:29,681 - DEBUG - Embedding extracted by the server in 16.671813011169434 seconds
2023-08-11 17:06:32,085 - DEBUG - Running sfe...
2023-08-11 17:07:19,705 - INFO - Finished! Total sfe time: 47.61946487426758 seconds (2/6)
2023-08-11 17:07:19,705 - DEBUG - Host 10.0.0.167: exit code 0, output ['Online time is distributed as follows: ', 'Bool: local gates: 1898.2580000000, interactive gates: 2241.2260000000, layer finish: 1510.9570000000', 'Yao: local gates: 24.3970000000, interactive gates: 22.0080000000, layer finish: 7.4940000000', 'Yao Rev: local gates: 22.8880000000, interactive gates: 17.9100000000, layer finish: 10.4460000000', 'Arith: local gates: 24.2750000000, interactive gates: 23.2700000000, layer finish: 24.3900000000', 'SPLUT: local gates: 20.4500000000, interactive gates: 22.1810000000, layer finish: 134.3170000000', 'Communication: 14069.0190000000', '', 'Complexities: ', 'Boolean Sharing: ANDs: 5971636 (1-bit) ; Depth: 10918', 'Total Vec AND: 5971636', 'Total Non-Vec AND: 5971636', 'XOR vals: 5892966 gates: 1383450', 'Comb gates: 0, CombStruct gates: 0, Perm gates: 0, Subset gates: 24576, Split gates: 0', 'Yao: ANDs: 0 ; Depth: 0', 'Reverse Yao: ANDs: 0 ; Depth: 0', 'Arithmetic Sharing: MULs: 0 ; Depth: 0', 'SP-LUT Sharing: OT-gates: Total OT gates = 0; Depth: 1', 'Total number of gates: 3163722 Total depth: 10918', 'Timings: ', 'Total =\t\t32218.4280000000 ms', 'Init =\t\t0.3190000000 ms', 'CircuitGen =\t0.2990000000 ms', 'Network =\t1623.4850000000 ms', 'BaseOTs =\t140.3750000000 ms', 'Setup =\t\t12060.3510000000 ms', 'OTExtension =\t11972.0950000000 ms', 'Garbling =\t0.0070000000 ms', 'Online =\t20158.0670000000 ms', '', 'Communication: ', 'Total Sent / Rcv\t62191406  bytes / 62192430 bytes', 'BaseOTs Sent / Rcv\t10532  bytes / 10532 bytes', 'Setup Sent / Rcv\t60591273  bytes / 60591273 bytes', 'OTExtension Sent / Rcv\t60591273  bytes / 60591273 bytes', 'Garbling Sent / Rcv\t0  bytes / 0 bytes', 'Online Sent / Rcv\t1600133  bytes / 1601157 bytes', '', 'cos_dist_ver: 0.4830939515', 'cos_dist: 0.4830939515'], error []
2023-08-11 17:07:19,706 - DEBUG - Host 10.0.0.154: exit code 0, output ['Online time is distributed as follows: ', 'Bool: local gates: 1892.3230000000, interactive gates: 2221.8200000000, layer finish: 1529.8280000000', 'Yao: local gates: 23.7350000000, interactive gates: 19.3500000000, layer finish: 10.7540000000', 'Yao Rev: local gates: 24.2760000000, interactive gates: 21.8190000000, layer finish: 6.0830000000', 'Arith: local gates: 24.1950000000, interactive gates: 21.1220000000, layer finish: 31.6120000000', 'SPLUT: local gates: 24.5050000000, interactive gates: 21.5540000000, layer finish: 119.7660000000', 'Communication: 14086.9940000000', '', 'Complexities: ', 'Boolean Sharing: ANDs: 5971636 (1-bit) ; Depth: 10918', 'Total Vec AND: 5971636', 'Total Non-Vec AND: 5971636', 'XOR vals: 5892966 gates: 1383450', 'Comb gates: 0, CombStruct gates: 0, Perm gates: 0, Subset gates: 24576, Split gates: 0', 'Yao: ANDs: 0 ; Depth: 0', 'Reverse Yao: ANDs: 0 ; Depth: 0', 'Arithmetic Sharing: MULs: 0 ; Depth: 0', 'SP-LUT Sharing: OT-gates: Total OT gates = 0; Depth: 1', 'Total number of gates: 3163722 Total depth: 10918', 'Timings: ', 'Total =\t\t32215.2550000000 ms', 'Init =\t\t0.3380000000 ms', 'CircuitGen =\t0.3140000000 ms', 'Network =\t15.3670000000 ms', 'BaseOTs =\t146.3520000000 ms', 'Setup =\t\t12059.9330000000 ms', 'OTExtension =\t11994.1030000000 ms', 'Garbling =\t0.0080000000 ms', 'Online =\t20155.3110000000 ms', '', 'Communication: ', 'Total Sent / Rcv\t62192430  bytes / 62191406 bytes', 'BaseOTs Sent / Rcv\t10532  bytes / 10532 bytes', 'Setup Sent / Rcv\t60591273  bytes / 60591273 bytes', 'OTExtension Sent / Rcv\t60591273  bytes / 60591273 bytes', 'Garbling Sent / Rcv\t0  bytes / 0 bytes', 'Online Sent / Rcv\t1601157  bytes / 1600133 bytes', '', 'cos_dist_ver: 0.4830939515', 'cos_dist: 0.4830939515'], error []
2023-08-11 17:07:19,706 - DEBUG - Running test for lfw/Lars_Burgsmuller/Lars_Burgsmuller_0001.jpg
2023-08-11 17:07:39,582 - DEBUG - Embedding extracted by the server in 16.78167486190796 seconds
2023-08-11 17:07:41,029 - DEBUG - Running sfe...
2023-08-11 17:08:28,736 - INFO - Finished! Total sfe time: 47.70683002471924 seconds (3/6)
2023-08-11 17:08:28,736 - DEBUG - Host 10.0.0.167: exit code 0, output ['Online time is distributed as follows: ', 'Bool: local gates: 1898.4010000000, interactive gates: 2230.7900000000, layer finish: 1518.8940000000', 'Yao: local gates: 23.9260000000, interactive gates: 20.8100000000, layer finish: 7.9690000000', 'Yao Rev: local gates: 20.8810000000, interactive gates: 17.9700000000, layer finish: 10.3990000000', 'Arith: local gates: 23.4410000000, interactive gates: 21.7780000000, layer finish: 23.0670000000', 'SPLUT: local gates: 21.4830000000, interactive gates: 22.4720000000, layer finish: 131.4470000000', 'Communication: 14186.1210000000', '', 'Complexities: ', 'Boolean Sharing: ANDs: 5971636 (1-bit) ; Depth: 10918', 'Total Vec AND: 5971636', 'Total Non-Vec AND: 5971636', 'XOR vals: 5892966 gates: 1383450', 'Comb gates: 0, CombStruct gates: 0, Perm gates: 0, Subset gates: 24576, Split gates: 0', 'Yao: ANDs: 0 ; Depth: 0', 'Reverse Yao: ANDs: 0 ; Depth: 0', 'Arithmetic Sharing: MULs: 0 ; Depth: 0', 'SP-LUT Sharing: OT-gates: Total OT gates = 0; Depth: 1', 'Total number of gates: 3163722 Total depth: 10918', 'Timings: ', 'Total =\t\t32324.2450000000 ms', 'Init =\t\t0.4040000000 ms', 'CircuitGen =\t0.3150000000 ms', 'Network =\t1555.0980000000 ms', 'BaseOTs =\t140.7930000000 ms', 'Setup =\t\t12062.0570000000 ms', 'OTExtension =\t11983.6840000000 ms', 'Garbling =\t0.0090000000 ms', 'Online =\t20262.1770000000 ms', '', 'Communication: ', 'Total Sent / Rcv\t62191406  bytes / 62192430 bytes', 'BaseOTs Sent / Rcv\t10532  bytes / 10532 bytes', 'Setup Sent / Rcv\t60591273  bytes / 60591273 bytes', 'OTExtension Sent / Rcv\t60591273  bytes / 60591273 bytes', 'Garbling Sent / Rcv\t0  bytes / 0 bytes', 'Online Sent / Rcv\t1600133  bytes / 1601157 bytes', '', 'cos_dist_ver: 0.8508266734', 'cos_dist: 0.8508266734'], error []
2023-08-11 17:08:28,737 - DEBUG - Host 10.0.0.154: exit code 0, output ['Online time is distributed as follows: ', 'Bool: local gates: 1887.0110000000, interactive gates: 2220.0440000000, layer finish: 1532.0880000000', 'Yao: local gates: 27.1180000000, interactive gates: 18.9710000000, layer finish: 9.1920000000', 'Yao Rev: local gates: 23.8490000000, interactive gates: 21.4280000000, layer finish: 5.7470000000', 'Arith: local gates: 25.6160000000, interactive gates: 21.4710000000, layer finish: 29.3890000000', 'SPLUT: local gates: 24.7040000000, interactive gates: 21.5130000000, layer finish: 117.7000000000', 'Communication: 14194.9860000000', '', 'Complexities: ', 'Boolean Sharing: ANDs: 5971636 (1-bit) ; Depth: 10918', 'Total Vec AND: 5971636', 'Total Non-Vec AND: 5971636', 'XOR vals: 5892966 gates: 1383450', 'Comb gates: 0, CombStruct gates: 0, Perm gates: 0, Subset gates: 24576, Split gates: 0', 'Yao: ANDs: 0 ; Depth: 0', 'Reverse Yao: ANDs: 0 ; Depth: 0', 'Arithmetic Sharing: MULs: 0 ; Depth: 0', 'SP-LUT Sharing: OT-gates: Total OT gates = 0; Depth: 1', 'Total number of gates: 3163722 Total depth: 10918', 'Timings: ', 'Total =\t\t32324.4890000000 ms', 'Init =\t\t0.4440000000 ms', 'CircuitGen =\t0.3130000000 ms', 'Network =\t21.1780000000 ms', 'BaseOTs =\t146.4920000000 ms', 'Setup =\t\t12063.2380000000 ms', 'OTExtension =\t11996.6400000000 ms', 'Garbling =\t0.0100000000 ms', 'Online =\t20261.2400000000 ms', '', 'Communication: ', 'Total Sent / Rcv\t62192439  bytes / 62191406 bytes', 'BaseOTs Sent / Rcv\t10523  bytes / 10532 bytes', 'Setup Sent / Rcv\t60591282  bytes / 60591273 bytes', 'OTExtension Sent / Rcv\t60591273  bytes / 60591273 bytes', 'Garbling Sent / Rcv\t0  bytes / 0 bytes', 'Online Sent / Rcv\t1601157  bytes / 1600133 bytes', '', 'cos_dist_ver: 0.8508266734', 'cos_dist: 0.8508266734'], error []
2023-08-11 17:08:28,738 - DEBUG - Running test for lfw/Wolfgang_Clement/Wolfgang_Clement_0001.jpg
2023-08-11 17:08:48,595 - DEBUG - Embedding extracted by the server in 16.74284267425537 seconds
2023-08-11 17:08:50,342 - DEBUG - Running sfe...
2023-08-11 17:09:38,096 - INFO - Finished! Total sfe time: 47.75329637527466 seconds (4/6)
2023-08-11 17:09:38,111 - DEBUG - Host 10.0.0.167: exit code 0, output ['Online time is distributed as follows: ', 'Bool: local gates: 1892.3040000000, interactive gates: 2226.5340000000, layer finish: 1524.2230000000', 'Yao: local gates: 21.6750000000, interactive gates: 21.0740000000, layer finish: 6.6620000000', 'Yao Rev: local gates: 21.4730000000, interactive gates: 17.1850000000, layer finish: 11.6470000000', 'Arith: local gates: 22.4640000000, interactive gates: 21.5540000000, layer finish: 23.1730000000', 'SPLUT: local gates: 20.5640000000, interactive gates: 23.2890000000, layer finish: 138.9760000000', 'Communication: 14095.4130000000', '', 'Complexities: ', 'Boolean Sharing: ANDs: 5971636 (1-bit) ; Depth: 10918', 'Total Vec AND: 5971636', 'Total Non-Vec AND: 5971636', 'XOR vals: 5892966 gates: 1383450', 'Comb gates: 0, CombStruct gates: 0, Perm gates: 0, Subset gates: 24576, Split gates: 0', 'Yao: ANDs: 0 ; Depth: 0', 'Reverse Yao: ANDs: 0 ; Depth: 0', 'Arithmetic Sharing: MULs: 0 ; Depth: 0', 'SP-LUT Sharing: OT-gates: Total OT gates = 0; Depth: 1', 'Total number of gates: 3163722 Total depth: 10918', 'Timings: ', 'Total =\t\t32329.2100000000 ms', 'Init =\t\t0.4340000000 ms', 'CircuitGen =\t0.3210000000 ms', 'Network =\t1577.0440000000 ms', 'BaseOTs =\t139.3390000000 ms', 'Setup =\t\t12157.2290000000 ms', 'OTExtension =\t12073.4020000000 ms', 'Garbling =\t0.0080000000 ms', 'Online =\t20171.9720000000 ms', '', 'Communication: ', 'Total Sent / Rcv\t62191406  bytes / 62192430 bytes', 'BaseOTs Sent / Rcv\t10532  bytes / 10532 bytes', 'Setup Sent / Rcv\t60591273  bytes / 60591273 bytes', 'OTExtension Sent / Rcv\t60591273  bytes / 60591273 bytes', 'Garbling Sent / Rcv\t0  bytes / 0 bytes', 'Online Sent / Rcv\t1600133  bytes / 1601157 bytes', '', 'cos_dist_ver: 0.9082968415', 'cos_dist: 0.9082968415'], error []
2023-08-11 17:09:38,112 - DEBUG - Host 10.0.0.154: exit code 0, output ['Online time is distributed as follows: ', 'Bool: local gates: 1885.7930000000, interactive gates: 2225.9590000000, layer finish: 1519.5550000000', 'Yao: local gates: 25.8740000000, interactive gates: 19.2120000000, layer finish: 10.4330000000', 'Yao Rev: local gates: 28.2220000000, interactive gates: 22.3140000000, layer finish: 5.8130000000', 'Arith: local gates: 27.5650000000, interactive gates: 20.3470000000, layer finish: 30.5860000000', 'SPLUT: local gates: 25.7210000000, interactive gates: 20.9130000000, layer finish: 130.3360000000', 'Communication: 14089.0290000000', '', 'Complexities: ', 'Boolean Sharing: ANDs: 5971636 (1-bit) ; Depth: 10918', 'Total Vec AND: 5971636', 'Total Non-Vec AND: 5971636', 'XOR vals: 5892966 gates: 1383450', 'Comb gates: 0, CombStruct gates: 0, Perm gates: 0, Subset gates: 24576, Split gates: 0', 'Yao: ANDs: 0 ; Depth: 0', 'Reverse Yao: ANDs: 0 ; Depth: 0', 'Arithmetic Sharing: MULs: 0 ; Depth: 0', 'SP-LUT Sharing: OT-gates: Total OT gates = 0; Depth: 1', 'Total number of gates: 3163722 Total depth: 10918', 'Timings: ', 'Total =\t\t32326.5570000000 ms', 'Init =\t\t0.3480000000 ms', 'CircuitGen =\t0.3200000000 ms', 'Network =\t22.5730000000 ms', 'BaseOTs =\t145.5740000000 ms', 'Setup =\t\t12158.4410000000 ms', 'OTExtension =\t12093.4630000000 ms', 'Garbling =\t0.0070000000 ms', 'Online =\t20168.1070000000 ms', '', 'Communication: ', 'Total Sent / Rcv\t62192430  bytes / 62191406 bytes', 'BaseOTs Sent / Rcv\t10532  bytes / 10532 bytes', 'Setup Sent / Rcv\t60591273  bytes / 60591273 bytes', 'OTExtension Sent / Rcv\t60591273  bytes / 60591273 bytes', 'Garbling Sent / Rcv\t0  bytes / 0 bytes', 'Online Sent / Rcv\t1601157  bytes / 1600133 bytes', '', 'cos_dist_ver: 0.9082968415', 'cos_dist: 0.9082968415'], error []
2023-08-11 17:09:38,112 - DEBUG - Running test for lfw/Phillipe_Comtois/Phillipe_Comtois_0001.jpg
2023-08-11 17:09:58,530 - DEBUG - Embedding extracted by the server in 16.731245040893555 seconds
2023-08-11 17:10:00,050 - DEBUG - Running sfe...
2023-08-11 17:10:47,986 - INFO - Finished! Total sfe time: 47.93584203720093 seconds (5/6)
2023-08-11 17:10:47,986 - DEBUG - Host 10.0.0.167: exit code 0, output ['Online time is distributed as follows: ', 'Bool: local gates: 1913.4460000000, interactive gates: 2233.4050000000, layer finish: 1559.5620000000', 'Yao: local gates: 27.0060000000, interactive gates: 21.2070000000, layer finish: 7.3920000000', 'Yao Rev: local gates: 21.0450000000, interactive gates: 18.0330000000, layer finish: 11.6880000000', 'Arith: local gates: 22.1560000000, interactive gates: 22.5050000000, layer finish: 20.7460000000', 'SPLUT: local gates: 22.9030000000, interactive gates: 25.1120000000, layer finish: 131.1250000000', 'Communication: 14118.8160000000', '', 'Complexities: ', 'Boolean Sharing: ANDs: 5971636 (1-bit) ; Depth: 10918', 'Total Vec AND: 5971636', 'Total Non-Vec AND: 5971636', 'XOR vals: 5892966 gates: 1383450', 'Comb gates: 0, CombStruct gates: 0, Perm gates: 0, Subset gates: 24576, Split gates: 0', 'Yao: ANDs: 0 ; Depth: 0', 'Reverse Yao: ANDs: 0 ; Depth: 0', 'Arithmetic Sharing: MULs: 0 ; Depth: 0', 'SP-LUT Sharing: OT-gates: Total OT gates = 0; Depth: 1', 'Total number of gates: 3163722 Total depth: 10918', 'Timings: ', 'Total =\t\t32510.4840000000 ms', 'Init =\t\t0.3340000000 ms', 'CircuitGen =\t0.3120000000 ms', 'Network =\t1714.1550000000 ms', 'BaseOTs =\t147.0450000000 ms', 'Setup =\t\t12251.4400000000 ms', 'OTExtension =\t12171.6420000000 ms', 'Garbling =\t0.0080000000 ms', 'Online =\t20259.0350000000 ms', '', 'Communication: ', 'Total Sent / Rcv\t62191406  bytes / 62192430 bytes', 'BaseOTs Sent / Rcv\t10532  bytes / 10532 bytes', 'Setup Sent / Rcv\t60591273  bytes / 60591273 bytes', 'OTExtension Sent / Rcv\t60591273  bytes / 60591273 bytes', 'Garbling Sent / Rcv\t0  bytes / 0 bytes', 'Online Sent / Rcv\t1600133  bytes / 1601157 bytes', '', 'cos_dist_ver: 0.7745200636', 'cos_dist: 0.7745200636'], error []
2023-08-11 17:10:47,987 - DEBUG - Host 10.0.0.154: exit code 0, output ['Online time is distributed as follows: ', 'Bool: local gates: 1891.9550000000, interactive gates: 2224.0780000000, layer finish: 1527.7880000000', 'Yao: local gates: 25.4900000000, interactive gates: 18.2640000000, layer finish: 9.7720000000', 'Yao Rev: local gates: 22.4190000000, interactive gates: 20.1750000000, layer finish: 6.4070000000', 'Arith: local gates: 29.7970000000, interactive gates: 20.3240000000, layer finish: 28.8390000000', 'SPLUT: local gates: 23.4520000000, interactive gates: 20.5280000000, layer finish: 118.9350000000', 'Communication: 14193.3410000000', '', 'Complexities: ', 'Boolean Sharing: ANDs: 5971636 (1-bit) ; Depth: 10918', 'Total Vec AND: 5971636', 'Total Non-Vec AND: 5971636', 'XOR vals: 5892966 gates: 1383450', 'Comb gates: 0, CombStruct gates: 0, Perm gates: 0, Subset gates: 24576, Split gates: 0', 'Yao: ANDs: 0 ; Depth: 0', 'Reverse Yao: ANDs: 0 ; Depth: 0', 'Arithmetic Sharing: MULs: 0 ; Depth: 0', 'SP-LUT Sharing: OT-gates: Total OT gates = 0; Depth: 1', 'Total number of gates: 3163722 Total depth: 10918', 'Timings: ', 'Total =\t\t32510.6720000000 ms', 'Init =\t\t0.3120000000 ms', 'CircuitGen =\t0.3100000000 ms', 'Network =\t15.7450000000 ms', 'BaseOTs =\t152.1720000000 ms', 'Setup =\t\t12250.1200000000 ms', 'OTExtension =\t12185.7410000000 ms', 'Garbling =\t0.0080000000 ms', 'Online =\t20260.5420000000 ms', '', 'Communication: ', 'Total Sent / Rcv\t62192439  bytes / 62191406 bytes', 'BaseOTs Sent / Rcv\t10523  bytes / 10532 bytes', 'Setup Sent / Rcv\t60591282  bytes / 60591273 bytes', 'OTExtension Sent / Rcv\t60591264  bytes / 60591273 bytes', 'Garbling Sent / Rcv\t0  bytes / 0 bytes', 'Online Sent / Rcv\t1601157  bytes / 1600133 bytes', '', 'cos_dist_ver: 0.7745200636', 'cos_dist: 0.7745200636'], error []
2023-08-11 17:10:47,998 - DEBUG - pffrocd config: {
    "client": {
        "ip_address": "10.0.0.167",
        "username": "dietpi",
        "private_ssh_key_path": "/home/kamil/.ssh/id_thesis",
        "executable_path": "/home/dietpi/pffrocd/ABY/build/bin",
        "executable_name": "cos_dist_float_scen_simd",
        "pffrocd_path": "/home/dietpi/pffrocd"
    },
    "server": {
        "ip_address": "10.0.0.154",
        "username": "dietpi",
        "private_ssh_key_path": "/home/kamil/.ssh/id_thesis",
        "executable_path": "/home/dietpi/pffrocd/ABY/build/bin",
        "executable_name": "cos_dist_float_scen_simd",
        "pffrocd_path": "/home/dietpi/pffrocd"
    },
    "misc": {
        "nr_of_people": "1",
        "security_level": "80",
        "mt_algorithm": "1",
        "niceness": "-20"
    }
}
2023-08-11 17:10:47,998 - DEBUG - pffrocd config: {
    "client": {
        "ip_address": "10.0.0.167",
        "username": "dietpi",
        "private_ssh_key_path": "/home/kamil/.ssh/id_thesis",
        "executable_path": "/home/dietpi/pffrocd/ABY/build/bin",
        "executable_name": "cos_dist_float_scen_simd",
        "pffrocd_path": "/home/dietpi/pffrocd"
    },
    "server": {
        "ip_address": "10.0.0.154",
        "username": "dietpi",
        "private_ssh_key_path": "/home/kamil/.ssh/id_thesis",
        "executable_path": "/home/dietpi/pffrocd/ABY/build/bin",
        "executable_name": "cos_dist_float_scen_simd",
        "pffrocd_path": "/home/dietpi/pffrocd"
    },
    "misc": {
        "nr_of_people": "1",
        "security_level": "80",
        "mt_algorithm": "1",
        "niceness": "-20"
    }
}
2023-08-11 17:10:48,300 - INFO - RUNNING for 1 people
2023-08-11 17:10:48,300 - INFO - RUNNING for 1 people
2023-08-11 17:10:48,300 - INFO - Currently running for lfw/Aaron_Peirsol (0/1)
2023-08-11 17:10:48,300 - INFO - Currently running for lfw/Aaron_Peirsol (0/1)
2023-08-11 17:10:48,300 - DEBUG - Found 4 images for lfw/Aaron_Peirsol
2023-08-11 17:10:48,300 - DEBUG - Found 4 images for lfw/Aaron_Peirsol
2023-08-11 17:10:48,300 - DEBUG - setting image as reference image: lfw/Aaron_Peirsol/Aaron_Peirsol_0001.jpg
2023-08-11 17:10:48,300 - DEBUG - setting image as reference image: lfw/Aaron_Peirsol/Aaron_Peirsol_0001.jpg
2023-08-11 17:10:50,056 - DEBUG - Running test for lfw/Aaron_Peirsol/Aaron_Peirsol_0002.jpg
2023-08-11 17:10:50,056 - DEBUG - Running test for lfw/Aaron_Peirsol/Aaron_Peirsol_0002.jpg
2023-08-11 17:11:09,836 - DEBUG - Embedding extracted by the server in 16.707712650299072 seconds
2023-08-11 17:11:09,836 - DEBUG - Embedding extracted by the server in 16.707712650299072 seconds
2023-08-11 17:11:11,344 - DEBUG - Running sfe...
2023-08-11 17:11:11,344 - DEBUG - Running sfe...
2023-08-11 17:11:59,371 - INFO - Finished! Total sfe time: 48.026917457580566 seconds (0/6)
2023-08-11 17:11:59,371 - INFO - Finished! Total sfe time: 48.026917457580566 seconds (0/6)
2023-08-11 17:11:59,372 - DEBUG - Host 10.0.0.167: exit code 0, output ['Online time is distributed as follows: ', 'Bool: local gates: 1906.5640000000, interactive gates: 2227.5180000000, layer finish: 1524.3510000000', 'Yao: local gates: 23.4000000000, interactive gates: 23.1420000000, layer finish: 6.8500000000', 'Yao Rev: local gates: 21.3040000000, interactive gates: 18.0120000000, layer finish: 10.2470000000', 'Arith: local gates: 23.4480000000, interactive gates: 22.6220000000, layer finish: 21.8030000000', 'SPLUT: local gates: 19.7220000000, interactive gates: 26.6910000000, layer finish: 129.5730000000', 'Communication: 14225.1380000001', '', 'Complexities: ', 'Boolean Sharing: ANDs: 5971636 (1-bit) ; Depth: 10918', 'Total Vec AND: 5971636', 'Total Non-Vec AND: 5971636', 'XOR vals: 5892966 gates: 1383450', 'Comb gates: 0, CombStruct gates: 0, Perm gates: 0, Subset gates: 24576, Split gates: 0', 'Yao: ANDs: 0 ; Depth: 0', 'Reverse Yao: ANDs: 0 ; Depth: 0', 'Arithmetic Sharing: MULs: 0 ; Depth: 0', 'SP-LUT Sharing: OT-gates: Total OT gates = 0; Depth: 1', 'Total number of gates: 3163722 Total depth: 10918', 'Timings: ', 'Total =\t\t32459.8310000000 ms', 'Init =\t\t0.4050000000 ms', 'CircuitGen =\t0.2880000000 ms', 'Network =\t1601.4510000000 ms', 'BaseOTs =\t201.2690000000 ms', 'Setup =\t\t12145.4870000000 ms', 'OTExtension =\t12086.9870000000 ms', 'Garbling =\t0.0080000000 ms', 'Online =\t20314.3350000000 ms', '', 'Communication: ', 'Total Sent / Rcv\t62191424  bytes / 62192448 bytes', 'BaseOTs Sent / Rcv\t10833  bytes / 10834 bytes', 'Setup Sent / Rcv\t60591291  bytes / 60591291 bytes', 'OTExtension Sent / Rcv\t60591273  bytes / 60591291 bytes', 'Garbling Sent / Rcv\t0  bytes / 0 bytes', 'Online Sent / Rcv\t1600133  bytes / 1601157 bytes', '', 'cos_dist_ver: 0.2064672729', 'cos_dist: 0.2064672729'], error []
2023-08-11 17:11:59,372 - DEBUG - Host 10.0.0.167: exit code 0, output ['Online time is distributed as follows: ', 'Bool: local gates: 1906.5640000000, interactive gates: 2227.5180000000, layer finish: 1524.3510000000', 'Yao: local gates: 23.4000000000, interactive gates: 23.1420000000, layer finish: 6.8500000000', 'Yao Rev: local gates: 21.3040000000, interactive gates: 18.0120000000, layer finish: 10.2470000000', 'Arith: local gates: 23.4480000000, interactive gates: 22.6220000000, layer finish: 21.8030000000', 'SPLUT: local gates: 19.7220000000, interactive gates: 26.6910000000, layer finish: 129.5730000000', 'Communication: 14225.1380000001', '', 'Complexities: ', 'Boolean Sharing: ANDs: 5971636 (1-bit) ; Depth: 10918', 'Total Vec AND: 5971636', 'Total Non-Vec AND: 5971636', 'XOR vals: 5892966 gates: 1383450', 'Comb gates: 0, CombStruct gates: 0, Perm gates: 0, Subset gates: 24576, Split gates: 0', 'Yao: ANDs: 0 ; Depth: 0', 'Reverse Yao: ANDs: 0 ; Depth: 0', 'Arithmetic Sharing: MULs: 0 ; Depth: 0', 'SP-LUT Sharing: OT-gates: Total OT gates = 0; Depth: 1', 'Total number of gates: 3163722 Total depth: 10918', 'Timings: ', 'Total =\t\t32459.8310000000 ms', 'Init =\t\t0.4050000000 ms', 'CircuitGen =\t0.2880000000 ms', 'Network =\t1601.4510000000 ms', 'BaseOTs =\t201.2690000000 ms', 'Setup =\t\t12145.4870000000 ms', 'OTExtension =\t12086.9870000000 ms', 'Garbling =\t0.0080000000 ms', 'Online =\t20314.3350000000 ms', '', 'Communication: ', 'Total Sent / Rcv\t62191424  bytes / 62192448 bytes', 'BaseOTs Sent / Rcv\t10833  bytes / 10834 bytes', 'Setup Sent / Rcv\t60591291  bytes / 60591291 bytes', 'OTExtension Sent / Rcv\t60591273  bytes / 60591291 bytes', 'Garbling Sent / Rcv\t0  bytes / 0 bytes', 'Online Sent / Rcv\t1600133  bytes / 1601157 bytes', '', 'cos_dist_ver: 0.2064672729', 'cos_dist: 0.2064672729'], error []
2023-08-11 17:11:59,372 - DEBUG - Host 10.0.0.154: exit code 0, output ['Online time is distributed as follows: ', 'Bool: local gates: 1889.9670000000, interactive gates: 2232.6520000000, layer finish: 1540.4570000000', 'Yao: local gates: 25.1140000000, interactive gates: 19.0580000000, layer finish: 10.1200000000', 'Yao Rev: local gates: 25.4810000000, interactive gates: 21.9440000000, layer finish: 6.0410000000', 'Arith: local gates: 29.8300000000, interactive gates: 21.8090000000, layer finish: 32.1870000000', 'SPLUT: local gates: 23.8850000000, interactive gates: 23.1040000000, layer finish: 129.6690000000', 'Communication: 14194.8110000000', '', 'Complexities: ', 'Boolean Sharing: ANDs: 5971636 (1-bit) ; Depth: 10918', 'Total Vec AND: 5971636', 'Total Non-Vec AND: 5971636', 'XOR vals: 5892966 gates: 1383450', 'Comb gates: 0, CombStruct gates: 0, Perm gates: 0, Subset gates: 24576, Split gates: 0', 'Yao: ANDs: 0 ; Depth: 0', 'Reverse Yao: ANDs: 0 ; Depth: 0', 'Arithmetic Sharing: MULs: 0 ; Depth: 0', 'SP-LUT Sharing: OT-gates: Total OT gates = 0; Depth: 1', 'Total number of gates: 3163722 Total depth: 10918', 'Timings: ', 'Total =\t\t32464.1220000000 ms', 'Init =\t\t0.4240000000 ms', 'CircuitGen =\t0.3190000000 ms', 'Network =\t23.3220000000 ms', 'BaseOTs =\t205.1570000000 ms', 'Setup =\t\t12153.4110000000 ms', 'OTExtension =\t12086.7610000000 ms', 'Garbling =\t0.0080000000 ms', 'Online =\t20310.7010000000 ms', '', 'Communication: ', 'Total Sent / Rcv\t62192448  bytes / 62191424 bytes', 'BaseOTs Sent / Rcv\t10834  bytes / 10833 bytes', 'Setup Sent / Rcv\t60591291  bytes / 60601380 bytes', 'OTExtension Sent / Rcv\t60591291  bytes / 60591291 bytes', 'Garbling Sent / Rcv\t0  bytes / 0 bytes', 'Online Sent / Rcv\t1601157  bytes / 1590044 bytes', '', 'cos_dist_ver: 0.2064672729', 'cos_dist: 0.2064672729'], error []
2023-08-11 17:11:59,372 - DEBUG - Host 10.0.0.154: exit code 0, output ['Online time is distributed as follows: ', 'Bool: local gates: 1889.9670000000, interactive gates: 2232.6520000000, layer finish: 1540.4570000000', 'Yao: local gates: 25.1140000000, interactive gates: 19.0580000000, layer finish: 10.1200000000', 'Yao Rev: local gates: 25.4810000000, interactive gates: 21.9440000000, layer finish: 6.0410000000', 'Arith: local gates: 29.8300000000, interactive gates: 21.8090000000, layer finish: 32.1870000000', 'SPLUT: local gates: 23.8850000000, interactive gates: 23.1040000000, layer finish: 129.6690000000', 'Communication: 14194.8110000000', '', 'Complexities: ', 'Boolean Sharing: ANDs: 5971636 (1-bit) ; Depth: 10918', 'Total Vec AND: 5971636', 'Total Non-Vec AND: 5971636', 'XOR vals: 5892966 gates: 1383450', 'Comb gates: 0, CombStruct gates: 0, Perm gates: 0, Subset gates: 24576, Split gates: 0', 'Yao: ANDs: 0 ; Depth: 0', 'Reverse Yao: ANDs: 0 ; Depth: 0', 'Arithmetic Sharing: MULs: 0 ; Depth: 0', 'SP-LUT Sharing: OT-gates: Total OT gates = 0; Depth: 1', 'Total number of gates: 3163722 Total depth: 10918', 'Timings: ', 'Total =\t\t32464.1220000000 ms', 'Init =\t\t0.4240000000 ms', 'CircuitGen =\t0.3190000000 ms', 'Network =\t23.3220000000 ms', 'BaseOTs =\t205.1570000000 ms', 'Setup =\t\t12153.4110000000 ms', 'OTExtension =\t12086.7610000000 ms', 'Garbling =\t0.0080000000 ms', 'Online =\t20310.7010000000 ms', '', 'Communication: ', 'Total Sent / Rcv\t62192448  bytes / 62191424 bytes', 'BaseOTs Sent / Rcv\t10834  bytes / 10833 bytes', 'Setup Sent / Rcv\t60591291  bytes / 60601380 bytes', 'OTExtension Sent / Rcv\t60591291  bytes / 60591291 bytes', 'Garbling Sent / Rcv\t0  bytes / 0 bytes', 'Online Sent / Rcv\t1601157  bytes / 1590044 bytes', '', 'cos_dist_ver: 0.2064672729', 'cos_dist: 0.2064672729'], error []
2023-08-11 17:11:59,373 - DEBUG - Running test for lfw/Aaron_Peirsol/Aaron_Peirsol_0003.jpg
2023-08-11 17:11:59,373 - DEBUG - Running test for lfw/Aaron_Peirsol/Aaron_Peirsol_0003.jpg
2023-08-11 17:12:19,196 - DEBUG - Embedding extracted by the server in 16.72409677505493 seconds
2023-08-11 17:12:19,196 - DEBUG - Embedding extracted by the server in 16.72409677505493 seconds
2023-08-11 17:12:20,612 - DEBUG - Running sfe...
2023-08-11 17:12:20,612 - DEBUG - Running sfe...
