2023-09-14 08:44:29,095 - DEBUG - pffrocd config: {
    "client": {
        "ip_address": "192.168.5.115",
        "username": "kamil",
        "private_ssh_key_path": "/home/kamil/.ssh/id_thesis",
        "executable_path": "/home/kamil/pffrocd/ABY/build/bin",
        "executable_name": "cos_dist_float_scen_simd",
        "pffrocd_path": "/home/kamil/pffrocd"
    },
    "server": {
        "ip_address": "192.168.5.114",
        "username": "kamil",
        "private_ssh_key_path": "/home/kamil/.ssh/id_thesis",
        "executable_path": "/home/kamil/pffrocd/ABY/build/bin",
        "executable_name": "cos_dist_float_scen_simd",
        "pffrocd_path": "/home/kamil/pffrocd"
    },
    "misc": {
        "nr_of_people": "1000",
        "security_level": "80",
        "mt_algorithm": "0",
        "niceness": "-20",
        "starting_person": "20",
        "nr_of_images": "30",
        "bit_length": "32",
        "gather_energy_data": "1"
    }
}
2023-09-14 08:44:29,318 - INFO - RUNNING for 980 people
2023-09-14 08:44:29,318 - INFO - Currently running for lfw/Ahmet_Necdet_Sezer (1/980)
2023-09-14 08:44:29,318 - DEBUG - Found 2 images for lfw/Ahmet_Necdet_Sezer
2023-09-14 08:44:29,318 - DEBUG - setting image as reference image: lfw/Ahmet_Necdet_Sezer/Ahmet_Necdet_Sezer_0001.jpg
2023-09-14 08:44:31,918 - INFO - Running test for lfw/Ahmet_Necdet_Sezer/Ahmet_Necdet_Sezer_0002.jpg
2023-09-14 08:44:50,646 - DEBUG - Stdout of extracting embedding: 15.90596318244934
2023-09-14 08:44:50,647 - DEBUG - Stderr of extracting embedding: 
2023-09-14 08:44:50,653 - INFO - Embedding extracted by the server in 15.90596318244934 seconds
2023-09-14 08:44:53,563 - INFO - Running sfe...
2023-09-14 08:45:10,243 - INFO - Finished! Total sfe time: 16.679279327392578 seconds (1/2)
2023-09-14 08:45:10,244 - DEBUG - Host 192.168.5.115: exit code 0, output ['Online time is distributed as follows: ', 'Bool: local gates: 437.3560000000, interactive gates: 473.0170000000, layer finish: 323.6120000000', 'Yao: local gates: 8.2800000000, interactive gates: 5.9960000000, layer finish: 3.3970000000', 'Yao Rev: local gates: 6.1320000000, interactive gates: 6.9310000000, layer finish: 2.1650000000', 'Arith: local gates: 9.8850000000, interactive gates: 7.8270000000, layer finish: 10.5740000000', 'SPLUT: local gates: 6.6800000000, interactive gates: 6.4960000000, layer finish: 48.1520000000', 'Communication: 5066.2110000000', '', 'Complexities: ', 'Boolean Sharing: ANDs: 1878982 (1-bit) ; Depth: 8080', 'Total Vec AND: 1878982', 'Total Non-Vec AND: 1878982', 'XOR vals: 1740116 gates: 596354', 'Comb gates: 0, CombStruct gates: 0, Perm gates: 0, Subset gates: 12288, Split gates: 0', 'Yao: ANDs: 0 ; Depth: 0', 'Reverse Yao: ANDs: 0 ; Depth: 0', 'Arithmetic Sharing: MULs: 0 ; Depth: 0', 'SP-LUT Sharing: OT-gates: Total OT gates = 0; Depth: 1', 'Total number of gates: 1339400 Total depth: 8080', 'Timings: ', 'Total =\t\t10575.4990000000 ms', 'Init =\t\t0.2420000000 ms', 'CircuitGen =\t0.2500000000 ms', 'Network =\t615.9220000000 ms', 'BaseOTs =\t124.9740000000 ms', 'Setup =\t\t4124.6490000000 ms', 'OTExtension =\t4105.4260000000 ms', 'Garbling =\t0.0090000000 ms', 'Online =\t6450.8420000000 ms', '', 'Communication: ', 'Total Sent / Rcv\t19986407  bytes / 19986910 bytes', 'BaseOTs Sent / Rcv\t10523  bytes / 10532 bytes', 'Setup Sent / Rcv\t19437202  bytes / 19437193 bytes', 'OTExtension Sent / Rcv\t19437193  bytes / 19437193 bytes', 'Garbling Sent / Rcv\t0  bytes / 0 bytes', 'Online Sent / Rcv\t549205  bytes / 549717 bytes', '', 'cos_dist_ver: 0.4069042802', 'cos_dist: 0.4069042802'], error ['\tCommand being timed: "/home/kamil/pffrocd/ABY/build/bin/cos_dist_float_scen_simd_32 -r 1 -a 192.168.5.114 -f /home/kamil/pffrocd/ABY/build/bin/embeddings.txt -o /home/kamil/pffrocd -s 80 -x 0"', '\tUser time (seconds): 13.08', '\tSystem time (seconds): 5.15', '\tPercent of CPU this job got: 111%', '\tElapsed (wall clock) time (h:mm:ss or m:ss): 0:16.31', '\tAverage shared text size (kbytes): 0', '\tAverage unshared data size (kbytes): 0', '\tAverage stack size (kbytes): 0', '\tAverage total size (kbytes): 0', '\tMaximum resident set size (kbytes): 139316', '\tAverage resident set size (kbytes): 0', '\tMajor (requiring I/O) page faults: 0', '\tMinor (reclaiming a frame) page faults: 60478', '\tVoluntary context switches: 65025', '\tInvoluntary context switches: 16365', '\tSwaps: 0', '\tFile system inputs: 0', '\tFile system outputs: 0', '\tSocket messages sent: 0', '\tSocket messages received: 0', '\tSignals delivered: 0', '\tPage size (bytes): 4096', '\tExit status: 0']
2023-09-14 08:45:10,246 - DEBUG - Host 192.168.5.114: exit code 0, output ['Online time is distributed as follows: ', 'Bool: local gates: 431.7080000000, interactive gates: 480.3080000000, layer finish: 324.4540000000', 'Yao: local gates: 7.8780000000, interactive gates: 5.9280000000, layer finish: 4.0490000000', 'Yao Rev: local gates: 5.9080000000, interactive gates: 5.5160000000, layer finish: 1.9570000000', 'Arith: local gates: 7.1900000000, interactive gates: 9.0370000000, layer finish: 6.8500000000', 'SPLUT: local gates: 7.9010000000, interactive gates: 6.1960000000, layer finish: 45.6220000000', 'Communication: 5072.8690000000', '', 'Complexities: ', 'Boolean Sharing: ANDs: 1878982 (1-bit) ; Depth: 8080', 'Total Vec AND: 1878982', 'Total Non-Vec AND: 1878982', 'XOR vals: 1740116 gates: 596354', 'Comb gates: 0, CombStruct gates: 0, Perm gates: 0, Subset gates: 12288, Split gates: 0', 'Yao: ANDs: 0 ; Depth: 0', 'Reverse Yao: ANDs: 0 ; Depth: 0', 'Arithmetic Sharing: MULs: 0 ; Depth: 0', 'SP-LUT Sharing: OT-gates: Total OT gates = 0; Depth: 1', 'Total number of gates: 1339400 Total depth: 8080', 'Timings: ', 'Total =\t\t10575.0230000000 ms', 'Init =\t\t0.2530000000 ms', 'CircuitGen =\t0.2490000000 ms', 'Network =\t16.8160000000 ms', 'BaseOTs =\t124.7170000000 ms', 'Setup =\t\t4123.7070000000 ms', 'OTExtension =\t4101.9550000000 ms', 'Garbling =\t0.0090000000 ms', 'Online =\t6451.3080000000 ms', '', 'Communication: ', 'Total Sent / Rcv\t19986910  bytes / 19986398 bytes', 'BaseOTs Sent / Rcv\t10532  bytes / 10532 bytes', 'Setup Sent / Rcv\t19437193  bytes / 19437193 bytes', 'OTExtension Sent / Rcv\t19437184  bytes / 19437193 bytes', 'Garbling Sent / Rcv\t0  bytes / 0 bytes', 'Online Sent / Rcv\t549717  bytes / 549205 bytes', '', 'cos_dist_ver: 0.4069042802', 'cos_dist: 0.4069042802'], error ['\tCommand being timed: "/home/kamil/pffrocd/ABY/build/bin/cos_dist_float_scen_simd_32 -r 0 -a 192.168.5.114 -f /home/kamil/pffrocd/ABY/build/bin/embeddings.txt -o /home/kamil/pffrocd -s 80 -x 0"', '\tUser time (seconds): 14.15', '\tSystem time (seconds): 4.75', '\tPercent of CPU this job got: 116%', '\tElapsed (wall clock) time (h:mm:ss or m:ss): 0:16.28', '\tAverage shared text size (kbytes): 0', '\tAverage unshared data size (kbytes): 0', '\tAverage stack size (kbytes): 0', '\tAverage total size (kbytes): 0', '\tMaximum resident set size (kbytes): 140324', '\tAverage resident set size (kbytes): 0', '\tMajor (requiring I/O) page faults: 0', '\tMinor (reclaiming a frame) page faults: 60734', '\tVoluntary context switches: 66626', '\tInvoluntary context switches: 17691', '\tSwaps: 0', '\tFile system inputs: 0', '\tFile system outputs: 0', '\tSocket messages sent: 0', '\tSocket messages received: 0', '\tSignals delivered: 0', '\tPage size (bytes): 4096', '\tExit status: 0']
2023-09-14 08:45:10,246 - DEBUG - Parsed ram usage: {'Command being timed': '"/home/kamil/pffrocd/ABY/build/bin/cos_dist_float_scen_simd_32 -r 0 -a 192.168.5.114 -f /home/kamil/pffrocd/ABY/build/bin/embeddings.txt -o /home/kamil/pffrocd -s 80 -x 0"', 'User time (seconds)': '14.15', 'System time (seconds)': '4.75', 'Percent of CPU this job got': '116%', 'Elapsed (wall clock) time (h:mm:ss or m:ss)': '0:16.28', 'Average shared text size (kbytes)': '0', 'Average unshared data size (kbytes)': '0', 'Average stack size (kbytes)': '0', 'Average total size (kbytes)': '0', 'Maximum resident set size (kbytes)': '140324', 'Average resident set size (kbytes)': '0', 'Major (requiring I/O) page faults': '0', 'Minor (reclaiming a frame) page faults': '60734', 'Voluntary context switches': '66626', 'Involuntary context switches': '17691', 'Swaps': '0', 'File system inputs': '0', 'File system outputs': '0', 'Socket messages sent': '0', 'Socket messages received': '0', 'Signals delivered': '0', 'Page size (bytes)': '4096', 'Exit status': '0'}
2023-09-14 08:45:10,246 - INFO - Running powertop to gather energy consumption data...
