2023-08-06 23:51:25,970 - DEBUG - pffrocd config: {
    "client": {
        "ip_address": "192.168.1.95",
        "username": "dietpi",
        "private_ssh_key_path": "/home/kamil/.ssh/id_thesis",
        "executable_path": "/home/dietpi/pffrocd/ABY/build/bin",
        "executable_name": "cos_dist_float_scen_simd",
        "pffrocd_path": "/home/dietpi/pffrocd"
    },
    "server": {
        "ip_address": "192.168.1.66",
        "username": "dietpi",
        "private_ssh_key_path": "/home/kamil/.ssh/id_thesis",
        "executable_path": "/home/dietpi/pffrocd/ABY/build/bin",
        "executable_name": "cos_dist_float_scen_simd",
        "pffrocd_path": "/home/dietpi/pffrocd"
    },
    "misc": {
        "test_mode": "True"
    }
}
2023-08-06 23:51:26,060 - INFO - RUNNING IN TEST MODE: only using one person
2023-08-06 23:51:26,060 - INFO - Currently running for lfw/Aaron_Peirsol (0/1)
2023-08-06 23:51:26,060 - DEBUG - Found 4 images for lfw/Aaron_Peirsol
2023-08-06 23:51:26,060 - DEBUG - setting image as reference image: lfw/Aaron_Peirsol/Aaron_Peirsol_0001.jpg
2023-08-06 23:51:28,051 - DEBUG - Running test for lfw/Aaron_Peirsol/Aaron_Peirsol_0002.jpg
2023-08-06 23:51:48,877 - DEBUG - Embedding extracted by the server in 17.416003227233887 seconds
2023-08-06 23:51:50,686 - DEBUG - Running sfe...
2023-08-06 23:52:08,330 - ERROR - REMOTE EXECUTION OF COMMAND FAILED
2023-08-06 23:52:08,330 - ERROR - Error: a socket could not be bound
2023-08-06 23:52:19,821 - ERROR - REMOTE EXECUTION OF COMMAND FAILED
2023-08-06 23:52:19,821 - ERROR - Connect failed due to timeout!
2023-08-06 23:52:19,822 - DEBUG - sfe done
2023-08-06 23:52:19,823 - DEBUG - stdout1='INPUT FILE NAME: /home/dietpi/pffrocd/ABY/build/bin/embeddings.txt\nstarting reading x and y\nfinished reading x and y\nstarting reading z\nfinished reading z\nCIRCUIT DIRECTORY: /home/dietpi/pffrocd/ABY/bin/circ/\nparty created\ncircuit retrieved\nhere 1\nhere 1\nhere 1\nhere 1\nverification values computed\nassigning ingates\nfinished assigning ingates\nThere was an error during establish connection, ending!'
2023-08-06 23:52:19,823 - DEBUG - stderr1='Error: a socket could not be bound'
2023-08-06 23:52:19,823 - DEBUG - stdout2='INPUT FILE NAME: /home/dietpi/pffrocd/ABY/build/bin/embeddings.txt\nstarting reading x and y\nfinished reading x and y\nstarting reading z\nfinished reading z\nCIRCUIT DIRECTORY: /home/dietpi/pffrocd/ABY/bin/circ/\nparty created\ncircuit retrieved\nhere 1\nhere 1\nhere 1\nhere 1\nverification values computed\nassigning ingates\nfinished assigning ingates\nThere was an error during establish connection, ending!'
2023-08-06 23:52:19,823 - DEBUG - stderr2='Connect failed due to timeout!'
2023-08-06 23:52:19,823 - DEBUG - Running test for lfw/Aaron_Peirsol/Aaron_Peirsol_0003.jpg
