2023-08-06 23:16:16,864 - DEBUG - pffrocd config: {
    "client": {
        "ip_address": "192.168.1.95",
        "username": "dietpi",
        "private_ssh_key_path": "/home/kamil/.ssh/id_thesis",
        "executable_path": "/home/dietpi/pffrocd/ABY/build/bin",
        "executable_name": "cos_dist_float_scen_simd",
        "pffrocd_path": "/home/dietpi/pffrocd"
    },
    "server": {
        "ip_address": "192.168.1.66",
        "username": "dietpi",
        "private_ssh_key_path": "/home/kamil/.ssh/id_thesis",
        "executable_path": "/home/dietpi/pffrocd/ABY/build/bin",
        "executable_name": "cos_dist_float_scen_simd",
        "pffrocd_path": "/home/dietpi/pffrocd"
    },
    "misc": {
        "test_mode": "True"
    }
}
2023-08-06 23:16:16,949 - INFO - RUNNING IN TEST MODE: only using one person
2023-08-06 23:16:16,949 - INFO - Currently running for lfw/Aaron_Peirsol (0/1)
2023-08-06 23:16:16,949 - DEBUG - Found 4 images for lfw/Aaron_Peirsol
2023-08-06 23:16:16,949 - DEBUG - setting image as reference image: lfw/Aaron_Peirsol/Aaron_Peirsol_0001.jpg
2023-08-06 23:16:18,797 - DEBUG - Running test for lfw/Aaron_Peirsol/Aaron_Peirsol_0002.jpg
2023-08-06 23:16:39,456 - DEBUG - Embedding extracted by the server in 17.398602724075317 seconds
2023-08-06 23:16:40,998 - DEBUG - Running sfe...
2023-08-06 23:16:45,624 - DEBUG - sfe done
2023-08-06 23:16:45,625 - DEBUG - stdout1='INPUT FILE NAME: cos_dist_float_scen_simd/embeddings.txt\nstarting reading x and y\nfinished reading x and y\nstarting reading z\nfinished reading z\nCIRCUIT DIRECTORY: ../../bin/circ/\nparty created\ncircuit retrieved\nhere 1\nhere 1\nhere 1\nlooping'
2023-08-06 23:16:45,625 - DEBUG - stderr1=''
2023-08-06 23:16:45,625 - DEBUG - stdout2='INPUT FILE NAME: /home/dietpi/pffrocd/ABY/build/bin/embeddings.txt\nstarting reading x and y\nx: 0.8304637671 | y: 0.5485581160\nx: 0.1511486024 | y: -0.7455562949\nx: 0.0516952872 | y: 0.4726323187\nx: -0.2823557854 | y: 0.5032339692\nx: 0.6945948601 | y: 1.0340784788\nx: 0.4609939456 | y: 0.2012023479\nx: -1.9047851562 | y: -1.9773287773\nx: 0.0463285223 | y: 0.3827584684\nx: -1.2643162012 | y: -0.2055395395\nx: -0.8815103173 | y: -0.7611809373\nx: 0.5880209208 | y: -0.5570991039\nx: 0.3603025377 | y: 0.6173080206\nx: -0.9930376410 | y: -0.4481261373\nx: 0.9979772568 | y: 1.1181303263\nx: 0.8735325933 | y: -0.2870645225\nx: -0.7580817342 | y: -0.9661780596\nx: -1.3318220377 | y: -0.9939392805\nx: -1.2351275682 | y: -1.0569404364\nx: 0.2749950290 | y: 0.3083696961\nx: 0.0272430778 | y: 0.6980429888\nx: 0.2414115667 | y: 0.8464981914\nx: 1.6722811460 | y: 1.0536170006\nx: -1.5380072594 | y: -1.5868005753\nx: 0.2493169308 | y: 0.3492118716\nx: -0.8110505342 | y: 0.4264566600\nx: -1.5489718914 | y: -1.4243466854\nx: 0.0502305292 | y: -0.4307817817\nx: -0.1383302510 | y: 0.8805654645\nx: 1.7615931034 | y: 0.4729128480\nx: 1.9591279030 | y: 1.4319248199\nx: -1.0512033701 | y: -0.5230883360\nx: -0.1726043522 | y: -0.3281398714\nx: 1.3831089735 | y: 1.4821594954\nx: -1.0467251539 | y: -0.0182068869\nx: 0.9058681130 | y: 1.4234888554\nx: -0.8395633101 | y: -1.6935055256\nx: -1.4761888981 | y: -1.1206352711\nx: -0.7749671936 | y: -0.3141599000\nx: 0.0277239233 | y: 0.0358755291\nx: -1.1361094713 | y: -0.8581643105\nx: 0.4293085933 | y: 0.2486583591\nx: -0.7599689960 | y: -0.8189879656\nx: 1.9212179184 | y: 2.7034637928\nx: 1.5704401731 | y: 1.0631500483\nx: -0.0231917836 | y: -0.3390102386\nx: -1.2166140079 | y: -0.5002650619\nx: 0.2627350092 | y: 0.5256245136\nx: -0.4191660881 | y: -0.6164026856\nx: -0.7040422559 | y: -0.1727085859\nx: 0.0135298371 | y: 0.5250358582\nx: -1.0180995464 | y: -1.4899374247\nx: -1.2478928566 | y: -0.9273430109\nx: 0.2619028687 | y: 0.0840890855\nx: 0.9320772886 | y: 0.9206357598\nx: 0.0703386366 | y: -0.2361941189\nx: 0.0594041869 | y: -0.8481835127\nx: -0.3632050753 | y: -0.2629292607\nx: 0.1875177920 | y: 0.1943253279\nx: -0.5274159312 | y: -1.5717899799\nx: -2.0605726242 | y: -1.6137531996\nx: 0.1211666316 | y: -1.1984944344\nx: 0.5574092865 | y: -0.7064741254\nx: -0.0203771144 | y: -0.2652384937\nx: -0.8488654494 | y: 0.0967288613\nx: 0.4862474799 | y: 0.7717834711\nx: 0.1058863103 | y: -0.4065842927\nx: 0.0001620837 | y: 0.7766456008\nx: -0.9131166935 | y: 0.2993217111\nx: 1.0842338800 | y: 1.4010518789\nx: 0.9561179876 | y: 1.5863311291\nx: 0.3942124546 | y: -0.1190946847\nx: -0.1969829798 | y: -0.2497799397\nx: 0.4291709661 | y: 0.0397274084\nx: -0.0089230016 | y: -0.6321406364\nx: 1.7013490200 | y: 1.1912240982\nx: -1.0532675982 | y: -1.0689605474\nx: 0.3871996999 | y: -0.8354760408\nx: -0.1281013936 | y: 0.2729373574\nx: 0.2817991078 | y: -1.2522453070\nx: 1.3355013132 | y: 1.6638585329\nx: -0.1479186714 | y: -0.2762853503\nx: 0.2670184374 | y: -0.2439313382\nx: 0.4823005497 | y: 0.1671784520\nx: -0.2157176584 | y: -0.0176115371\nx: -0.3283567429 | y: -0.2332690954\nx: -0.4220349789 | y: 0.6297976971\nx: 2.4183142185 | y: 1.9126137495\nx: -0.3955806792 | y: -0.7282321453\nx: 0.8762010932 | y: 1.0745826960\nx: 0.2606931925 | y: -0.0473941341\nx: 1.4059320688 | y: 1.6882547140\nx: 1.6425721645 | y: 1.0335414410\nx: 1.8396005630 | y: 0.7493339181\nx: -0.3695832491 | y: -0.7809192538\nx: -0.3140202165 | y: -0.3256720006\nx: -0.2833506465 | y: -1.3864651918\nx: -0.2690798938 | y: 0.1427477151\nx: -0.9036060572 | y: -0.1947388649\nx: -1.6371769905 | y: 0.2786146998\nx: 1.0122196674 | y: 0.6948381662\nx: 1.4692395926 | y: 1.1787302494\nx: -0.2646352649 | y: 0.4079811573\nx: 1.3097130060 | y: 0.8489326239\nx: -1.4958436489 | y: -0.9407371283\nx: 2.8785026073 | y: 1.8269493580\nx: 0.6173725724 | y: -0.2262279689\nx: -0.4500116706 | y: 0.2096058726\nx: -0.1105416715 | y: -0.4831018746\nx: 1.1516942978 | y: 1.2022124529\nx: -0.4236455560 | y: -1.0164846182\nx: 1.3163204193 | y: 0.7914071083\nx: -0.7463181615 | y: -0.7638220787\nx: 2.8034477234 | y: 2.0465424061\nx: -1.3873130083 | y: -0.6857087612\nx: -0.6588675976 | y: -1.3583973646\nx: 0.4991160035 | y: 0.9100519419\nx: 0.6680120230 | y: -0.0952419490\nx: -1.0851769447 | y: 0.0895574912\nx: -2.1174392700 | y: -1.7955317497\nx: 0.8457524180 | y: 0.4140236974\nx: -0.9927096367 | y: -1.7826268673\nx: -0.0888264701 | y: -0.5086641312\nx: 1.2071876526 | y: 0.4762656689\nx: -0.4962409735 | y: -0.0137687996\nx: 0.8158668280 | y: 1.6796903610\nx: -0.0356454924 | y: -0.0391087309\nx: -0.1039055437 | y: 0.6908197403\nx: 3.0330982208 | y: 2.4753839970\nfinished reading x and y\nstarting reading z\nfinished reading z\nCIRCUIT DIRECTORY: ../../bin/circ/\nparty created\ncircuit retrieved\nhere 1\nhere 1\nhere 1\nlooping\nlooping\nlooping'
2023-08-06 23:16:45,625 - DEBUG - stderr2=''
2023-08-06 23:16:45,626 - DEBUG - Running test for lfw/Aaron_Peirsol/Aaron_Peirsol_0003.jpg
