2023-08-07 09:30:35,559 - DEBUG - pffrocd config: {
    "client": {
        "ip_address": "192.168.1.95",
        "username": "dietpi",
        "private_ssh_key_path": "/home/kamil/.ssh/id_thesis",
        "executable_path": "/home/dietpi/pffrocd/ABY/build/bin",
        "executable_name": "cos_dist_float_scen_simd",
        "pffrocd_path": "/home/dietpi/pffrocd"
    },
    "server": {
        "ip_address": "192.168.1.66",
        "username": "dietpi",
        "private_ssh_key_path": "/home/kamil/.ssh/id_thesis",
        "executable_path": "/home/dietpi/pffrocd/ABY/build/bin",
        "executable_name": "cos_dist_float_scen_simd",
        "pffrocd_path": "/home/dietpi/pffrocd"
    },
    "misc": {
        "test_mode": "True"
    }
}
2023-08-07 09:30:35,643 - INFO - RUNNING IN TEST MODE: only using one person
2023-08-07 09:30:35,643 - INFO - Currently running for lfw/Aaron_Peirsol (0/1)
2023-08-07 09:30:35,643 - DEBUG - Found 4 images for lfw/Aaron_Peirsol
2023-08-07 09:30:35,644 - DEBUG - setting image as reference image: lfw/Aaron_Peirsol/Aaron_Peirsol_0001.jpg
2023-08-07 09:30:37,648 - DEBUG - Running test for lfw/Aaron_Peirsol/Aaron_Peirsol_0002.jpg
2023-08-07 09:30:57,847 - DEBUG - Embedding extracted by the server in 16.883371829986572 seconds
2023-08-07 09:30:59,196 - DEBUG - Running sfe...
2023-08-07 09:31:50,641 - DEBUG - Host 192.168.1.95: exit code 0, output ['INPUT FILE NAME: /home/dietpi/pffrocd/ABY/build/bin/embeddings.txt', 'starting reading x and y', 'finished reading x and y', 'starting reading z', 'finished reading z', 'CIRCUIT DIRECTORY: /home/dietpi/pffrocd/ABY/bin/circ/', 'party created', 'circuit retrieved', 'here 1', 'here 1', 'here 1', 'here 1', 'verification values computed', 'assigning ingates', 'finished assigning ingates', 'multiplied', 'finished computing x dot y', 'multiplied', 'finished computing norm(x)', 'multiplied', 'finished computing norm(y)', 'finished computing cos dist', 'Online time is distributed as follows: ', 'Bool: local gates: 1853.6820000000, interactive gates: 2183.4560000000, layer finish: 1522.4720000000', 'Yao: local gates: 23.6740000000, interactive gates: 17.8480000000, layer finish: 7.6060000000', 'Yao Rev: local gates: 25.8330000000, interactive gates: 18.0280000000, layer finish: 8.1730000000', 'Arith: local gates: 26.8650000000, interactive gates: 20.0700000000, layer finish: 21.3380000000', 'SPLUT: local gates: 19.8360000000, interactive gates: 25.5780000000, layer finish: 141.9510000000', 'Communication: 14273.8200000000', '', 'Complexities: ', 'Boolean Sharing: ANDs: 5971636 (1-bit) ; Depth: 10918', 'Total Vec AND: 5971636', 'Total Non-Vec AND: 5971636', 'XOR vals: 5892966 gates: 1383450', 'Comb gates: 0, CombStruct gates: 0, Perm gates: 0, Subset gates: 24576, Split gates: 0', 'Yao: ANDs: 0 ; Depth: 0', 'Reverse Yao: ANDs: 0 ; Depth: 0', 'Arithmetic Sharing: MULs: 0 ; Depth: 0', 'SP-LUT Sharing: OT-gates: Total OT gates = 0; Depth: 1', 'Total number of gates: 3163722 Total depth: 10918', 'Timings: ', 'Total =\t\t34047.4970000000 ms', 'Init =\t\t0.3220000000 ms', 'CircuitGen =\t0.3100000000 ms', 'Network =\t1171.4930000000 ms', 'BaseOTs =\t2191.1410000000 ms', 'Setup =\t\t13799.2290000000 ms', 'OTExtension =\t13721.9420000000 ms', 'Garbling =\t0.0080000000 ms', 'Online =\t20248.2610000000 ms', '', 'Communication: ', 'Total Sent / Rcv\t98545463  bytes / 98546478 bytes', 'BaseOTs Sent / Rcv\t49947  bytes / 49956 bytes', 'Setup Sent / Rcv\t96945330  bytes / 96945321 bytes', 'OTExtension Sent / Rcv\t96945321  bytes / 96945321 bytes', 'Garbling Sent / Rcv\t0  bytes / 0 bytes', 'Online Sent / Rcv\t1600133  bytes / 1601157 bytes', '', 'cos_dist_ver: 0.2064672729', 'cos_dist: 0.2064672729'], error []
2023-08-07 09:31:50,642 - DEBUG - Host 192.168.1.66: exit code 0, output ['INPUT FILE NAME: /home/dietpi/pffrocd/ABY/build/bin/embeddings.txt', 'starting reading x and y', 'finished reading x and y', 'starting reading z', 'finished reading z', 'CIRCUIT DIRECTORY: /home/dietpi/pffrocd/ABY/bin/circ/', 'party created', 'circuit retrieved', 'here 1', 'here 1', 'here 1', 'here 1', 'verification values computed', 'assigning ingates', 'finished assigning ingates', 'multiplied', 'finished computing x dot y', 'multiplied', 'finished computing norm(x)', 'multiplied', 'finished computing norm(y)', 'finished computing cos dist', 'Online time is distributed as follows: ', 'Bool: local gates: 1835.4640000000, interactive gates: 2159.8940000000, layer finish: 1481.0140000000', 'Yao: local gates: 25.3370000000, interactive gates: 19.4120000000, layer finish: 6.0880000000', 'Yao Rev: local gates: 22.4930000000, interactive gates: 18.1930000000, layer finish: 8.9660000000', 'Arith: local gates: 27.3860000000, interactive gates: 22.9750000000, layer finish: 23.1750000000', 'SPLUT: local gates: 26.4620000000, interactive gates: 19.4780000000, layer finish: 138.0190000000', 'Communication: 14362.6920000000', '', 'Complexities: ', 'Boolean Sharing: ANDs: 5971636 (1-bit) ; Depth: 10918', 'Total Vec AND: 5971636', 'Total Non-Vec AND: 5971636', 'XOR vals: 5892966 gates: 1383450', 'Comb gates: 0, CombStruct gates: 0, Perm gates: 0, Subset gates: 24576, Split gates: 0', 'Yao: ANDs: 0 ; Depth: 0', 'Reverse Yao: ANDs: 0 ; Depth: 0', 'Arithmetic Sharing: MULs: 0 ; Depth: 0', 'SP-LUT Sharing: OT-gates: Total OT gates = 0; Depth: 1', 'Total number of gates: 3163722 Total depth: 10918', 'Timings: ', 'Total =\t\t34046.7150000000 ms', 'Init =\t\t0.3580000000 ms', 'CircuitGen =\t0.3410000000 ms', 'Network =\t16.1110000000 ms', 'BaseOTs =\t2198.2260000000 ms', 'Setup =\t\t13796.6630000000 ms', 'OTExtension =\t13727.7580000000 ms', 'Garbling =\t0.0090000000 ms', 'Online =\t20250.0300000000 ms', '', 'Communication: ', 'Total Sent / Rcv\t98546478  bytes / 98545454 bytes', 'BaseOTs Sent / Rcv\t49956  bytes / 49956 bytes', 'Setup Sent / Rcv\t96945321  bytes / 96945321 bytes', 'OTExtension Sent / Rcv\t96945321  bytes / 96945321 bytes', 'Garbling Sent / Rcv\t0  bytes / 0 bytes', 'Online Sent / Rcv\t1601157  bytes / 1600133 bytes', '', 'cos_dist_ver: 0.2064672729', 'cos_dist: 0.2064672729'], error []
2023-08-07 09:31:50,642 - DEBUG - Running test for lfw/Aaron_Peirsol/Aaron_Peirsol_0003.jpg
2023-08-07 09:32:11,163 - DEBUG - Embedding extracted by the server in 17.287912130355835 seconds
2023-08-07 09:32:12,972 - DEBUG - Running sfe...
