2023-08-10 12:10:24,188 - DEBUG - pffrocd config: {
    "client": {
        "ip_address": "192.168.50.55",
        "username": "dietpi",
        "private_ssh_key_path": "/home/kamil/.ssh/id_thesis",
        "executable_path": "/home/dietpi/pffrocd/ABY/build/bin",
        "executable_name": "cos_dist_float_scen_simd",
        "pffrocd_path": "/home/dietpi/pffrocd"
    },
    "server": {
        "ip_address": "192.168.50.190",
        "username": "dietpi",
        "private_ssh_key_path": "/home/kamil/.ssh/id_thesis",
        "executable_path": "/home/dietpi/pffrocd/ABY/build/bin",
        "executable_name": "cos_dist_float_scen_simd",
        "pffrocd_path": "/home/dietpi/pffrocd"
    },
    "misc": {
        "test_mode": "True",
        "security_level": "80",
        "mt_algorithm": "1"
    }
}
2023-08-10 12:10:24,287 - INFO - RUNNING IN TEST MODE: only using one person
2023-08-10 12:10:24,288 - INFO - Currently running for lfw/Aaron_Peirsol (0/1)
2023-08-10 12:10:24,288 - DEBUG - Found 4 images for lfw/Aaron_Peirsol
2023-08-10 12:10:24,288 - DEBUG - setting image as reference image: lfw/Aaron_Peirsol/Aaron_Peirsol_0001.jpg
2023-08-10 12:10:26,709 - DEBUG - Running test for lfw/Aaron_Peirsol/Aaron_Peirsol_0002.jpg
2023-08-10 12:12:29,758 - DEBUG - Embedding extracted by the server in 120.05655884742737 seconds
2023-08-10 12:12:32,204 - DEBUG - Running sfe...
2023-08-10 12:14:13,396 - INFO - Finished! Total sfe time: 101.19119906425476 seconds
2023-08-10 12:14:13,396 - DEBUG - Host 192.168.50.55: exit code 0, output ['SEC LEVEL: 80', 'MT_ALG: 1', 'INPUT FILE NAME: /home/dietpi/pffrocd/ABY/build/bin/embeddings.txt', 'starting reading x and y', 'finished reading x and y', 'starting reading z', 'finished reading z', 'CIRCUIT DIRECTORY: /home/dietpi/pffrocd/ABY/bin/circ/', 'party created', 'circuit retrieved', 'here 1', 'here 1', 'here 1', 'here 1', 'verification values computed', 'assigning ingates', 'finished assigning ingates', 'multiplied', 'finished computing x dot y', 'multiplied', 'finished computing norm(x)', 'multiplied', 'finished computing norm(y)', 'finished computing cos dist', 'Online time is distributed as follows: ', 'Bool: local gates: 2082.9060000000, interactive gates: 2411.3520000000, layer finish: 1745.2960000000', 'Yao: local gates: 30.9320000000, interactive gates: 23.1350000000, layer finish: 10.5970000000', 'Yao Rev: local gates: 23.8550000000, interactive gates: 20.7620000000, layer finish: 8.9830000000', 'Arith: local gates: 30.4080000000, interactive gates: 20.1160000000, layer finish: 27.6450000000', 'SPLUT: local gates: 23.4330000000, interactive gates: 21.8190000000, layer finish: 155.3610000000', 'Communication: 40728.0630000001', '', 'Complexities: ', 'Boolean Sharing: ANDs: 5971636 (1-bit) ; Depth: 10918', 'Total Vec AND: 5971636', 'Total Non-Vec AND: 5971636', 'XOR vals: 5892966 gates: 1383450', 'Comb gates: 0, CombStruct gates: 0, Perm gates: 0, Subset gates: 24576, Split gates: 0', 'Yao: ANDs: 0 ; Depth: 0', 'Reverse Yao: ANDs: 0 ; Depth: 0', 'Arithmetic Sharing: MULs: 0 ; Depth: 0', 'SP-LUT Sharing: OT-gates: Total OT gates = 0; Depth: 1', 'Total number of gates: 3163722 Total depth: 10918', 'Timings: ', 'Total =\t\t86650.2000000000 ms', 'Init =\t\t0.4270000000 ms', 'CircuitGen =\t0.3000000000 ms', 'Network =\t231.9470000000 ms', 'BaseOTs =\t205.0600000000 ms', 'Setup =\t\t39218.5000000000 ms', 'OTExtension =\t39153.6770000000 ms', 'Garbling =\t0.0070000000 ms', 'Online =\t47431.6940000000 ms', '', 'Communication: ', 'Total Sent / Rcv\t62191424  bytes / 62192448 bytes', 'BaseOTs Sent / Rcv\t10833  bytes / 10833 bytes', 'Setup Sent / Rcv\t60591291  bytes / 60591300 bytes', 'OTExtension Sent / Rcv\t60591291  bytes / 60591291 bytes', 'Garbling Sent / Rcv\t0  bytes / 0 bytes', 'Online Sent / Rcv\t1600133  bytes / 1601148 bytes', '', 'cos_dist_ver: 0.2064672729', 'cos_dist: 0.2064672729'], error ['nice: cannot set niceness: Permission denied']
2023-08-10 12:14:13,396 - DEBUG - Host 192.168.50.190: exit code 0, output ['SEC LEVEL: 80', 'MT_ALG: 1', 'INPUT FILE NAME: /home/dietpi/pffrocd/ABY/build/bin/embeddings.txt', 'starting reading x and y', 'finished reading x and y', 'starting reading z', 'finished reading z', 'CIRCUIT DIRECTORY: /home/dietpi/pffrocd/ABY/bin/circ/', 'party created', 'circuit retrieved', 'here 1', 'here 1', 'here 1', 'here 1', 'verification values computed', 'assigning ingates', 'finished assigning ingates', 'multiplied', 'finished computing x dot y', 'multiplied', 'finished computing norm(x)', 'multiplied', 'finished computing norm(y)', 'finished computing cos dist', 'Online time is distributed as follows: ', 'Bool: local gates: 2105.3580000000, interactive gates: 2436.8920000000, layer finish: 1795.1590000000', 'Yao: local gates: 34.9810000000, interactive gates: 21.7240000000, layer finish: 9.6510000000', 'Yao Rev: local gates: 22.8480000000, interactive gates: 21.0570000000, layer finish: 10.2420000000', 'Arith: local gates: 27.5490000000, interactive gates: 22.3930000000, layer finish: 28.7940000000', 'SPLUT: local gates: 24.2450000000, interactive gates: 22.5210000000, layer finish: 174.7260000000', 'Communication: 40618.3220000000', '', 'Complexities: ', 'Boolean Sharing: ANDs: 5971636 (1-bit) ; Depth: 10918', 'Total Vec AND: 5971636', 'Total Non-Vec AND: 5971636', 'XOR vals: 5892966 gates: 1383450', 'Comb gates: 0, CombStruct gates: 0, Perm gates: 0, Subset gates: 24576, Split gates: 0', 'Yao: ANDs: 0 ; Depth: 0', 'Reverse Yao: ANDs: 0 ; Depth: 0', 'Arithmetic Sharing: MULs: 0 ; Depth: 0', 'SP-LUT Sharing: OT-gates: Total OT gates = 0; Depth: 1', 'Total number of gates: 3163722 Total depth: 10918', 'Timings: ', 'Total =\t\t86666.1980000000 ms', 'Init =\t\t0.4210000000 ms', 'CircuitGen =\t0.3120000000 ms', 'Network =\t28.2720000000 ms', 'BaseOTs =\t201.3510000000 ms', 'Setup =\t\t39221.1970000000 ms', 'OTExtension =\t39158.6970000000 ms', 'Garbling =\t0.0080000000 ms', 'Online =\t47444.9920000000 ms', '', 'Communication: ', 'Total Sent / Rcv\t62192448  bytes / 62191424 bytes', 'BaseOTs Sent / Rcv\t10833  bytes / 10833 bytes', 'Setup Sent / Rcv\t60591291  bytes / 60591291 bytes', 'OTExtension Sent / Rcv\t60591273  bytes / 60591291 bytes', 'Garbling Sent / Rcv\t0  bytes / 0 bytes', 'Online Sent / Rcv\t1601157  bytes / 1600133 bytes', '', 'cos_dist_ver: 0.2064672729', 'cos_dist: 0.2064672729'], error []
2023-08-10 12:14:13,396 - DEBUG - Running test for lfw/Aaron_Peirsol/Aaron_Peirsol_0003.jpg
2023-08-10 12:14:36,293 - DEBUG - Embedding extracted by the server in 19.924423217773438 seconds
2023-08-10 12:14:38,529 - DEBUG - Running sfe...
2023-08-10 12:16:19,643 - INFO - Finished! Total sfe time: 101.11387777328491 seconds
2023-08-10 12:16:19,644 - DEBUG - Host 192.168.50.55: exit code 0, output ['SEC LEVEL: 80', 'MT_ALG: 1', 'INPUT FILE NAME: /home/dietpi/pffrocd/ABY/build/bin/embeddings.txt', 'starting reading x and y', 'finished reading x and y', 'starting reading z', 'finished reading z', 'CIRCUIT DIRECTORY: /home/dietpi/pffrocd/ABY/bin/circ/', 'party created', 'circuit retrieved', 'here 1', 'here 1', 'here 1', 'here 1', 'verification values computed', 'assigning ingates', 'finished assigning ingates', 'multiplied', 'finished computing x dot y', 'multiplied', 'finished computing norm(x)', 'multiplied', 'finished computing norm(y)', 'finished computing cos dist', 'Online time is distributed as follows: ', 'Bool: local gates: 2069.9620000000, interactive gates: 2398.0640000000, layer finish: 1742.8680000000', 'Yao: local gates: 28.8010000000, interactive gates: 21.4290000000, layer finish: 10.3580000000', 'Yao Rev: local gates: 22.7580000000, interactive gates: 18.3690000000, layer finish: 8.3190000000', 'Arith: local gates: 29.2190000000, interactive gates: 19.9040000000, layer finish: 25.6540000000', 'SPLUT: local gates: 21.8650000000, interactive gates: 20.6630000000, layer finish: 145.9400000000', 'Communication: 40838.6710000000', '', 'Complexities: ', 'Boolean Sharing: ANDs: 5971636 (1-bit) ; Depth: 10918', 'Total Vec AND: 5971636', 'Total Non-Vec AND: 5971636', 'XOR vals: 5892966 gates: 1383450', 'Comb gates: 0, CombStruct gates: 0, Perm gates: 0, Subset gates: 24576, Split gates: 0', 'Yao: ANDs: 0 ; Depth: 0', 'Reverse Yao: ANDs: 0 ; Depth: 0', 'Arithmetic Sharing: MULs: 0 ; Depth: 0', 'SP-LUT Sharing: OT-gates: Total OT gates = 0; Depth: 1', 'Total number of gates: 3163722 Total depth: 10918', 'Timings: ', 'Total =\t\t86895.0260000000 ms', 'Init =\t\t0.4120000000 ms', 'CircuitGen =\t0.2990000000 ms', 'Network =\t16.6710000000 ms', 'BaseOTs =\t207.6800000000 ms', 'Setup =\t\t39409.1580000000 ms', 'OTExtension =\t39348.2040000000 ms', 'Garbling =\t0.0080000000 ms', 'Online =\t47485.8600000000 ms', '', 'Communication: ', 'Total Sent / Rcv\t62191424  bytes / 62192448 bytes', 'BaseOTs Sent / Rcv\t10834  bytes / 10834 bytes', 'Setup Sent / Rcv\t60591291  bytes / 60591291 bytes', 'OTExtension Sent / Rcv\t60591273  bytes / 60591291 bytes', 'Garbling Sent / Rcv\t0  bytes / 0 bytes', 'Online Sent / Rcv\t1600133  bytes / 1601157 bytes', '', 'cos_dist_ver: 0.4130865591', 'cos_dist: 0.4130865591'], error ['nice: cannot set niceness: Permission denied']
2023-08-10 12:16:19,644 - DEBUG - Host 192.168.50.190: exit code 0, output ['SEC LEVEL: 80', 'MT_ALG: 1', 'INPUT FILE NAME: /home/dietpi/pffrocd/ABY/build/bin/embeddings.txt', 'starting reading x and y', 'finished reading x and y', 'starting reading z', 'finished reading z', 'CIRCUIT DIRECTORY: /home/dietpi/pffrocd/ABY/bin/circ/', 'party created', 'circuit retrieved', 'here 1', 'here 1', 'here 1', 'here 1', 'verification values computed', 'assigning ingates', 'finished assigning ingates', 'multiplied', 'finished computing x dot y', 'multiplied', 'finished computing norm(x)', 'multiplied', 'finished computing norm(y)', 'finished computing cos dist', 'Online time is distributed as follows: ', 'Bool: local gates: 2093.2570000000, interactive gates: 2415.9080000000, layer finish: 1740.7660000000', 'Yao: local gates: 32.1850000000, interactive gates: 20.5690000000, layer finish: 9.7030000000', 'Yao Rev: local gates: 22.0510000000, interactive gates: 20.1810000000, layer finish: 7.2250000000', 'Arith: local gates: 25.9380000000, interactive gates: 22.1630000000, layer finish: 25.1150000000', 'SPLUT: local gates: 24.0040000000, interactive gates: 21.6030000000, layer finish: 166.4350000000', 'Communication: 40771.7379999999', '', 'Complexities: ', 'Boolean Sharing: ANDs: 5971636 (1-bit) ; Depth: 10918', 'Total Vec AND: 5971636', 'Total Non-Vec AND: 5971636', 'XOR vals: 5892966 gates: 1383450', 'Comb gates: 0, CombStruct gates: 0, Perm gates: 0, Subset gates: 24576, Split gates: 0', 'Yao: ANDs: 0 ; Depth: 0', 'Reverse Yao: ANDs: 0 ; Depth: 0', 'Arithmetic Sharing: MULs: 0 ; Depth: 0', 'SP-LUT Sharing: OT-gates: Total OT gates = 0; Depth: 1', 'Total number of gates: 3163722 Total depth: 10918', 'Timings: ', 'Total =\t\t86914.1700000000 ms', 'Init =\t\t0.4930000000 ms', 'CircuitGen =\t0.3170000000 ms', 'Network =\t96.3040000000 ms', 'BaseOTs =\t188.8410000000 ms', 'Setup =\t\t39424.9300000000 ms', 'OTExtension =\t39364.8010000000 ms', 'Garbling =\t0.0080000000 ms', 'Online =\t47489.2320000000 ms', '', 'Communication: ', 'Total Sent / Rcv\t62192448  bytes / 62191424 bytes', 'BaseOTs Sent / Rcv\t10834  bytes / 10825 bytes', 'Setup Sent / Rcv\t60591291  bytes / 60591291 bytes', 'OTExtension Sent / Rcv\t60591291  bytes / 60591291 bytes', 'Garbling Sent / Rcv\t0  bytes / 0 bytes', 'Online Sent / Rcv\t1601157  bytes / 1600133 bytes', '', 'cos_dist_ver: 0.4130865591', 'cos_dist: 0.4130865591'], error []
2023-08-10 12:16:19,644 - DEBUG - Running test for lfw/Aaron_Peirsol/Aaron_Peirsol_0004.jpg
2023-08-10 12:16:42,276 - DEBUG - Embedding extracted by the server in 19.68806481361389 seconds
2023-08-10 12:16:44,562 - DEBUG - Running sfe...
