2023-08-18 10:30:42,226 - DEBUG - pffrocd config: {
    "client": {
        "ip_address": "192.168.1.105",
        "username": "kamil",
        "private_ssh_key_path": "/home/kamil/.ssh/id_rsa",
        "executable_path": "/home/kamil/pffrocd/ABY/build/bin",
        "executable_name": "cos_dist_float_scen_simd",
        "pffrocd_path": "/home/kamil/pffrocd"
    },
    "server": {
        "ip_address": "192.168.1.110",
        "username": "kamil",
        "private_ssh_key_path": "/home/kamil/.ssh/id_rsa",
        "executable_path": "/home/kamil/pffrocd/ABY/build/bin",
        "executable_name": "cos_dist_float_scen_simd",
        "pffrocd_path": "/home/kamil/pffrocd"
    },
    "misc": {
        "nr_of_people": "1000",
        "security_level": "112",
        "mt_algorithm": "0",
        "niceness": "-20",
        "starting_person": "1"
    }
}
2023-08-18 10:30:42,925 - INFO - RUNNING for 999 people
2023-08-18 10:30:42,925 - INFO - Currently running for lfw/Aaron_Sorkin (1/999)
2023-08-18 10:30:42,925 - DEBUG - Found 2 images for lfw/Aaron_Sorkin
2023-08-18 10:30:42,926 - DEBUG - setting image as reference image: lfw/Aaron_Sorkin/Aaron_Sorkin_0001.jpg
2023-08-18 10:30:51,057 - DEBUG - Running test for lfw/Aaron_Sorkin/Aaron_Sorkin_0002.jpg
2023-08-18 10:30:54,757 - DEBUG - Stdout of extracting embedding: 1.9450194835662842
2023-08-18 10:30:54,758 - DEBUG - Stderr of extracting embedding: 
2023-08-18 10:30:54,758 - DEBUG - Embedding extracted by the server in 1.9450194835662842 seconds
2023-08-18 10:31:01,496 - DEBUG - Running sfe...
2023-08-18 10:31:02,355 - INFO - Finished! Total sfe time: 0.8582131862640381 seconds (1/2)
2023-08-18 10:31:02,356 - DEBUG - Host 192.168.1.105: exit code 0, output ['CIRCUIT DIRECTORY: /home/kamil/pffrocd/ABY/bin/circ/'], error []
2023-08-18 10:31:02,357 - DEBUG - Host 192.168.1.110: exit code 0, output [], error ["cos_dist_float_scen_simd: /home/kamil/pffrocd/ABY/src/kamil/cos_dist_float_scen_simd/cos_dist_float_scen_simd.cpp:146: void test_verilog_add64_SIMD(e_role, const string&, uint16_t, seclvl, uint32_t, uint32_t, e_mt_gen_alg, e_sharing, uint32_t, std::string, std::string): Assertion `share_embeddings.size() == nvals' failed."]
2023-08-18 10:31:02,358 - DEBUG - Running test for lfw/Tracy_Wyle/Tracy_Wyle_0001.jpg
2023-08-18 10:31:06,062 - DEBUG - Stdout of extracting embedding: 1.928152084350586
2023-08-18 10:31:06,063 - DEBUG - Stderr of extracting embedding: 
2023-08-18 10:31:06,063 - DEBUG - Embedding extracted by the server in 1.928152084350586 seconds
