2023-08-06 22:42:04,061 - DEBUG - pffrocd config: {
    "client": {
        "ip_address": "192.168.1.95",
        "username": "dietpi",
        "private_ssh_key_path": "/home/kamil/.ssh/id_thesis",
        "executable_path": "/home/dietpi/pffrocd/ABY/build/bin",
        "executable_name": "cos_dist_float_scen_simd",
        "pffrocd_path": "/home/dietpi/pffrocd"
    },
    "server": {
        "ip_address": "192.168.1.66",
        "username": "dietpi",
        "private_ssh_key_path": "/home/kamil/.ssh/id_thesis",
        "executable_path": "/home/dietpi/pffrocd/ABY/build/bin",
        "executable_name": "cos_dist_float_scen_simd",
        "pffrocd_path": "/home/dietpi/pffrocd"
    },
    "misc": {
        "test_mode": "True"
    }
}
2023-08-06 22:42:04,150 - INFO - RUNNING IN TEST MODE: only using one person
2023-08-06 22:42:04,150 - INFO - Currently running for lfw/Aaron_Peirsol (0/1)
2023-08-06 22:42:04,150 - DEBUG - Found 4 images for lfw/Aaron_Peirsol
2023-08-06 22:42:04,150 - DEBUG - setting image as reference image: lfw/Aaron_Peirsol/Aaron_Peirsol_0001.jpg
2023-08-06 22:42:06,085 - DEBUG - Running test for lfw/Aaron_Peirsol/Aaron_Peirsol_0002.jpg
2023-08-06 22:42:26,937 - DEBUG - Embedding extracted by the server in 17.451313734054565 seconds
2023-08-06 22:42:27,607 - DEBUG - Running sfe...
2023-08-06 22:42:28,104 - DEBUG - sfe done
2023-08-06 22:42:28,104 - DEBUG - stdout1='INPUT FILE NAME: embeddings.txt\nstarting reading x and y\nfinished reading x and y\nstarting reading z\nfinished reading z\nCIRCUIT DIRECTORY: ../../bin/circ/\nparty created\ncircuit retrieved\nhere 1\nhere 1\nhere 1'
2023-08-06 22:42:28,104 - DEBUG - stderr1=''
2023-08-06 22:42:28,105 - DEBUG - stdout2='INPUT FILE NAME: embeddings.txt\nstarting reading x and y\nfinished reading x and y\nstarting reading z\nfinished reading z\nCIRCUIT DIRECTORY: ../../bin/circ/\nparty created\ncircuit retrieved\nhere 1\nhere 1\nhere 1'
2023-08-06 22:42:28,105 - DEBUG - stderr2=''
2023-08-06 22:42:28,105 - DEBUG - Running test for lfw/Aaron_Peirsol/Aaron_Peirsol_0003.jpg
