2023-09-20 15:09:46,731 - DEBUG - pffrocd config: {
    "client": {
        "ip_address": "192.168.5.115",
        "username": "kamil",
        "private_ssh_key_path": "/home/dietpi/.ssh/id_rsa",
        "executable_path": "/home/kamil/pffrocd/ABY/build/bin",
        "executable_name": "cos_dist_float_scen_simd",
        "pffrocd_path": "/home/kamil/pffrocd"
    },
    "server": {
        "ip_address": "192.168.5.114",
        "username": "kamil",
        "private_ssh_key_path": "/home/dietpi/.ssh/id_rsa",
        "executable_path": "/home/kamil/pffrocd/ABY/build/bin",
        "executable_name": "cos_dist_float_scen_simd",
        "pffrocd_path": "/home/kamil/pffrocd"
    },
    "misc": {
        "nr_of_people": "1500",
        "security_level": "80",
        "mt_algorithm": "0",
        "niceness": "-20",
        "starting_person": "20",
        "bit_length": "32",
        "gather_energy_data": "1"
    }
}
2023-09-20 15:10:02,981 - INFO - Bandwidth: 273.02 Mbits/sec
2023-09-20 15:10:03,597 - INFO - RUNNING for 1480 people
2023-09-20 15:10:03,599 - INFO - Currently running for lfw/Ahmet_Necdet_Sezer (1/1480)
2023-09-20 15:10:03,599 - DEBUG - Found 2 images for lfw/Ahmet_Necdet_Sezer
2023-09-20 15:10:03,600 - DEBUG - setting image as reference image: lfw/Ahmet_Necdet_Sezer/Ahmet_Necdet_Sezer_0001.jpg
2023-09-20 15:10:13,218 - INFO - Running test for lfw/Ahmet_Necdet_Sezer/Ahmet_Necdet_Sezer_0002.jpg
