2023-09-14 09:14:50,934 - DEBUG - pffrocd config: {
    "client": {
        "ip_address": "192.168.5.115",
        "username": "kamil",
        "private_ssh_key_path": "/home/kamil/.ssh/id_thesis",
        "executable_path": "/home/kamil/pffrocd/ABY/build/bin",
        "executable_name": "cos_dist_float_scen_simd",
        "pffrocd_path": "/home/kamil/pffrocd"
    },
    "server": {
        "ip_address": "192.168.5.114",
        "username": "kamil",
        "private_ssh_key_path": "/home/kamil/.ssh/id_thesis",
        "executable_path": "/home/kamil/pffrocd/ABY/build/bin",
        "executable_name": "cos_dist_float_scen_simd",
        "pffrocd_path": "/home/kamil/pffrocd"
    },
    "misc": {
        "nr_of_people": "1000",
        "security_level": "80",
        "mt_algorithm": "0",
        "niceness": "-20",
        "starting_person": "20",
        "nr_of_images": "30",
        "bit_length": "32",
        "gather_energy_data": "1"
    }
}
2023-09-14 09:14:51,018 - INFO - RUNNING for 980 people
2023-09-14 09:14:51,019 - INFO - Currently running for lfw/Ahmet_Necdet_Sezer (1/980)
2023-09-14 09:14:51,019 - DEBUG - Found 2 images for lfw/Ahmet_Necdet_Sezer
2023-09-14 09:14:51,019 - DEBUG - setting image as reference image: lfw/Ahmet_Necdet_Sezer/Ahmet_Necdet_Sezer_0001.jpg
2023-09-14 09:14:53,619 - INFO - Running test for lfw/Ahmet_Necdet_Sezer/Ahmet_Necdet_Sezer_0002.jpg
2023-09-14 09:15:12,770 - DEBUG - Stdout of extracting embedding: 16.17196035385132
2023-09-14 09:15:12,770 - DEBUG - Stderr of extracting embedding: 
2023-09-14 09:15:12,770 - INFO - Embedding extracted by the server in 16.17196035385132 seconds
2023-09-14 09:15:14,998 - INFO - Running sfe...
2023-09-14 09:15:32,046 - INFO - Finished! Total sfe time: 17.047863245010376 seconds (1/2)
2023-09-14 09:15:32,047 - DEBUG - Host 192.168.5.115: exit code 0, output ['Online time is distributed as follows: ', 'Bool: local gates: 433.6280000000, interactive gates: 474.6030000000, layer finish: 329.7890000000', 'Yao: local gates: 7.6110000000, interactive gates: 6.2270000000, layer finish: 3.8800000000', 'Yao Rev: local gates: 7.0420000000, interactive gates: 7.0150000000, layer finish: 2.7790000000', 'Arith: local gates: 11.0760000000, interactive gates: 8.6940000000, layer finish: 11.1940000000', 'SPLUT: local gates: 6.0610000000, interactive gates: 6.5940000000, layer finish: 44.6730000000', 'Communication: 5184.1930000000', '', 'Complexities: ', 'Boolean Sharing: ANDs: 1878982 (1-bit) ; Depth: 8080', 'Total Vec AND: 1878982', 'Total Non-Vec AND: 1878982', 'XOR vals: 1740116 gates: 596354', 'Comb gates: 0, CombStruct gates: 0, Perm gates: 0, Subset gates: 12288, Split gates: 0', 'Yao: ANDs: 0 ; Depth: 0', 'Reverse Yao: ANDs: 0 ; Depth: 0', 'Arithmetic Sharing: MULs: 0 ; Depth: 0', 'SP-LUT Sharing: OT-gates: Total OT gates = 0; Depth: 1', 'Total number of gates: 1339400 Total depth: 8080', 'Timings: ', 'Total =\t\t10660.6340000000 ms', 'Init =\t\t0.3790000000 ms', 'CircuitGen =\t0.2810000000 ms', 'Network =\t207.1770000000 ms', 'BaseOTs =\t135.3300000000 ms', 'Setup =\t\t4086.8570000000 ms', 'OTExtension =\t4064.8370000000 ms', 'Garbling =\t0.0080000000 ms', 'Online =\t6573.7710000000 ms', '', 'Communication: ', 'Total Sent / Rcv\t19986407  bytes / 19986910 bytes', 'BaseOTs Sent / Rcv\t10523  bytes / 10532 bytes', 'Setup Sent / Rcv\t19437202  bytes / 19437193 bytes', 'OTExtension Sent / Rcv\t19437193  bytes / 19437193 bytes', 'Garbling Sent / Rcv\t0  bytes / 0 bytes', 'Online Sent / Rcv\t549205  bytes / 549717 bytes', '', 'cos_dist_ver: 0.4069042802', 'cos_dist: 0.4069042802'], error ['\tCommand being timed: "/home/kamil/pffrocd/ABY/build/bin/cos_dist_float_scen_simd_32 -r 1 -a 192.168.5.114 -f /home/kamil/pffrocd/ABY/build/bin/embeddings.txt -o /home/kamil/pffrocd -s 80 -x 0"', '\tUser time (seconds): 14.20', '\tSystem time (seconds): 4.93', '\tPercent of CPU this job got: 114%', '\tElapsed (wall clock) time (h:mm:ss or m:ss): 0:16.67', '\tAverage shared text size (kbytes): 0', '\tAverage unshared data size (kbytes): 0', '\tAverage stack size (kbytes): 0', '\tAverage total size (kbytes): 0', '\tMaximum resident set size (kbytes): 139304', '\tAverage resident set size (kbytes): 0', '\tMajor (requiring I/O) page faults: 0', '\tMinor (reclaiming a frame) page faults: 60474', '\tVoluntary context switches: 67904', '\tInvoluntary context switches: 20710', '\tSwaps: 0', '\tFile system inputs: 0', '\tFile system outputs: 0', '\tSocket messages sent: 0', '\tSocket messages received: 0', '\tSignals delivered: 0', '\tPage size (bytes): 4096', '\tExit status: 0']
2023-09-14 09:15:32,048 - DEBUG - Host 192.168.5.114: exit code 0, output ['Online time is distributed as follows: ', 'Bool: local gates: 436.2750000000, interactive gates: 482.5460000000, layer finish: 328.8900000000', 'Yao: local gates: 8.2130000000, interactive gates: 6.0260000000, layer finish: 4.7510000000', 'Yao Rev: local gates: 6.1790000000, interactive gates: 5.7700000000, layer finish: 1.7550000000', 'Arith: local gates: 8.0280000000, interactive gates: 9.5650000000, layer finish: 7.4170000000', 'SPLUT: local gates: 8.4250000000, interactive gates: 6.4920000000, layer finish: 49.3320000000', 'Communication: 5176.0310000000', '', 'Complexities: ', 'Boolean Sharing: ANDs: 1878982 (1-bit) ; Depth: 8080', 'Total Vec AND: 1878982', 'Total Non-Vec AND: 1878982', 'XOR vals: 1740116 gates: 596354', 'Comb gates: 0, CombStruct gates: 0, Perm gates: 0, Subset gates: 12288, Split gates: 0', 'Yao: ANDs: 0 ; Depth: 0', 'Reverse Yao: ANDs: 0 ; Depth: 0', 'Arithmetic Sharing: MULs: 0 ; Depth: 0', 'SP-LUT Sharing: OT-gates: Total OT gates = 0; Depth: 1', 'Total number of gates: 1339400 Total depth: 8080', 'Timings: ', 'Total =\t\t10660.0040000000 ms', 'Init =\t\t0.3070000000 ms', 'CircuitGen =\t0.2730000000 ms', 'Network =\t10.4890000000 ms', 'BaseOTs =\t135.4890000000 ms', 'Setup =\t\t4086.5060000000 ms', 'OTExtension =\t4064.7770000000 ms', 'Garbling =\t0.0080000000 ms', 'Online =\t6573.4910000000 ms', '', 'Communication: ', 'Total Sent / Rcv\t19986910  bytes / 19986398 bytes', 'BaseOTs Sent / Rcv\t10532  bytes / 10532 bytes', 'Setup Sent / Rcv\t19437193  bytes / 19437193 bytes', 'OTExtension Sent / Rcv\t19437193  bytes / 19437193 bytes', 'Garbling Sent / Rcv\t0  bytes / 0 bytes', 'Online Sent / Rcv\t549717  bytes / 549205 bytes', '', 'cos_dist_ver: 0.4069042802', 'cos_dist: 0.4069042802'], error ['\tCommand being timed: "/home/kamil/pffrocd/ABY/build/bin/cos_dist_float_scen_simd_32 -r 0 -a 192.168.5.114 -f /home/kamil/pffrocd/ABY/build/bin/embeddings.txt -o /home/kamil/pffrocd -s 80 -x 0"', '\tUser time (seconds): 14.41', '\tSystem time (seconds): 4.82', '\tPercent of CPU this job got: 115%', '\tElapsed (wall clock) time (h:mm:ss or m:ss): 0:16.64', '\tAverage shared text size (kbytes): 0', '\tAverage unshared data size (kbytes): 0', '\tAverage stack size (kbytes): 0', '\tAverage total size (kbytes): 0', '\tMaximum resident set size (kbytes): 139304', '\tAverage resident set size (kbytes): 0', '\tMajor (requiring I/O) page faults: 1', '\tMinor (reclaiming a frame) page faults: 60469', '\tVoluntary context switches: 68555', '\tInvoluntary context switches: 22888', '\tSwaps: 0', '\tFile system inputs: 32', '\tFile system outputs: 0', '\tSocket messages sent: 0', '\tSocket messages received: 0', '\tSignals delivered: 0', '\tPage size (bytes): 4096', '\tExit status: 0']
2023-09-14 09:15:32,048 - DEBUG - Parsed ram usage: {'Command being timed': '"/home/kamil/pffrocd/ABY/build/bin/cos_dist_float_scen_simd_32 -r 0 -a 192.168.5.114 -f /home/kamil/pffrocd/ABY/build/bin/embeddings.txt -o /home/kamil/pffrocd -s 80 -x 0"', 'User time (seconds)': '14.41', 'System time (seconds)': '4.82', 'Percent of CPU this job got': '115%', 'Elapsed (wall clock) time (h:mm:ss or m:ss)': '0:16.64', 'Average shared text size (kbytes)': '0', 'Average unshared data size (kbytes)': '0', 'Average stack size (kbytes)': '0', 'Average total size (kbytes)': '0', 'Maximum resident set size (kbytes)': '139304', 'Average resident set size (kbytes)': '0', 'Major (requiring I/O) page faults': '1', 'Minor (reclaiming a frame) page faults': '60469', 'Voluntary context switches': '68555', 'Involuntary context switches': '22888', 'Swaps': '0', 'File system inputs': '32', 'File system outputs': '0', 'Socket messages sent': '0', 'Socket messages received': '0', 'Signals delivered': '0', 'Page size (bytes)': '4096', 'Exit status': '0'}
2023-09-14 09:15:32,048 - INFO - Running powertop to gather energy consumption data...
2023-09-14 09:15:55,810 - DEBUG - All values from powertop for client: 1       316 mW  
2       309 mW  
3       273 mW  
4       135 mW  
12     25.9 mW  
13     13.8 mW  
16     8.97 mW  
17     8.00 mW  
19     6.56 mW  
21     3.03 mW  
58        0 mW  
Name: PW Estimate, dtype: object
2023-09-14 09:15:55,811 - DEBUG - Energy client: 19.839294150710103
2023-09-14 09:15:56,448 - DEBUG - All values from powertop for server: 1       316 mW  
2       309 mW  
3       273 mW  
4       135 mW  
12     25.9 mW  
13     13.8 mW  
16     8.97 mW  
17     8.00 mW  
19     6.56 mW  
21     3.03 mW  
58        0 mW  
Name: PW Estimate, dtype: object
2023-09-14 09:15:56,448 - DEBUG - Energy server: 19.839294150710103
2023-09-14 09:15:56,449 - DEBUG - list_of_sfe_values=['436.2750000000', '482.5460000000', '328.8900000000', '8.2130000000', '6.0260000000', '4.7510000000', '6.1790000000', '5.7700000000', '1.7550000000', '8.0280000000', '9.5650000000', '7.4170000000', '8.4250000000', '6.4920000000', '49.3320000000', '5176.0310000000', '1878982', '8080', '1878982', '1878982', '1740116', '596354', '0', '0', '0', '12288', '0', '0', '0', '0', '0', '0', '0', '0', '1', '1339400', '8080', '10660.0040000000', '0.3070000000', '0.2730000000', '10.4890000000', '135.4890000000', '4086.5060000000', '4064.7770000000', '0.0080000000', '6573.4910000000', '19986910', '19986398', '10532', '10532', '19437193', '19437193', '19437193', '19437193', '0', '0', '549717', '549205', '0.4069042802', '0.4069042802']
2023-09-14 09:15:56,449 - DEBUG - list_of_ram_values=['14.41', '4.82', '115%', '0:16.64', '0', '0', '0', '0', '139304', '0', '1', '60469', '68555', '22888', '0', '32', '0', '0', '0', '0', '4096', '0']
2023-09-14 09:15:56,450 - DEBUG - to_be_appended=['lfw/Ahmet_Necdet_Sezer/Ahmet_Necdet_Sezer_0001.jpg', 'lfw/Ahmet_Necdet_Sezer/Ahmet_Necdet_Sezer_0002.jpg', True, True, 0.4069041609764099, 0.4069042802, 33.219823598861694, 17.047863245010376, 16.17196035385132, '14.41', '4.82', '115%', '0:16.64', '0', '0', '0', '0', '139304', '0', '1', '60469', '68555', '22888', '0', '32', '0', '0', '0', '0', '4096', '0', 19.839294150710103, 19.839294150710103, '436.2750000000', '482.5460000000', '328.8900000000', '8.2130000000', '6.0260000000', '4.7510000000', '6.1790000000', '5.7700000000', '1.7550000000', '8.0280000000', '9.5650000000', '7.4170000000', '8.4250000000', '6.4920000000', '49.3320000000', '5176.0310000000', '1878982', '8080', '1878982', '1878982', '1740116', '596354', '0', '0', '0', '12288', '0', '0', '0', '0', '0', '0', '0', '0', '1', '1339400', '8080', '10660.0040000000', '0.3070000000', '0.2730000000', '10.4890000000', '135.4890000000', '4086.5060000000', '4064.7770000000', '0.0080000000', '6573.4910000000', '19986910', '19986398', '10532', '10532', '19437193', '19437193', '19437193', '19437193', '0', '0', '549717', '549205', '0.4069042802', '0.4069042802']
2023-09-14 09:15:56,450 - DEBUG - pffrocd.columns=['ref_img', 'other_img', 'result', 'expected_result', 'cos_dist_np', 'cos_dist_sfe', 'total_time', 'sfe_time', 'extraction_time', 'Command being timed', 'User time (seconds)', 'System time (seconds)', 'Percent of CPU this job got', 'Elapsed (wall clock) time (h:mm:ss or m:ss)', 'Average shared text size (kbytes)', 'Average unshared data size (kbytes)', 'Average stack size (kbytes)', 'Average total size (kbytes)', 'Maximum resident set size (kbytes)', 'Average resident set size (kbytes)', 'Major (requiring I/O) page faults', 'Minor (reclaiming a frame) page faults', 'Voluntary context switches', 'Involuntary context switches', 'Swaps', 'File system inputs', 'File system outputs', 'Socket messages sent', 'Socket messages received', 'Signals delivered', 'Page size (bytes)', 'Exit status', 'energy_client', 'energy_server', 'online_time.bool.local_gates', 'online_time.bool.interactive_gates', 'online_time.bool.layer_finish', 'online_time.yao.local_gates', 'online_time.yao.interactive_gates', 'online_time.yao.layer_finish', 'online_time.yao_rev.local_gates', 'online_time.yao_rev.interactive_gates', 'online_time.yao_rev.layer_finish', 'online_time.arith.local_gates', 'online_time.arith.interactive_gates', 'online_time.arith.layer_finish', 'online_time.splut.local_gates', 'online_time.splut.interactive_gates', 'online_time.splut.layer_finish', 'online_time.communication', 'complexities.boolean_sharing.ands', 'complexities.boolean_sharing.depth', 'complexities.total_vec_and', 'complexities.total_non_vec_and', 'complexities.xor_vals', 'complexities.gates', 'complexities.comb_gates', 'complexities.combstruct_gates', 'complexities.perm_gates', 'complexities.subset_gates', 'complexities.split_gates', 'complexities.yao.ands', 'complexities.yao.depth', 'complexities.reverse_yao.ands', 'complexities.reverse_yao.depth', 'complexities.arithmetic_sharing.muls', 'complexities.arithmetic_sharing.depth', 'complexities.sp_lut_sharing.ot_gates_total', 'complexities.sp_lut_sharing.depth', 'complexities.total_nr_of_gates', 'complexities.total_depth', 'timings.total', 'timings.init', 'timings.circuitgen', 'timings.network', 'timings.baseots', 'timings.setup', 'timings.otextension', 'timings.garbling', 'timings.online', 'communication.total.sent', 'communication.total.received', 'communication.base_ots.sent', 'communication.base_ots.received', 'communication.setup.sent', 'communication.setup.received', 'communication.otextension.sent', 'communication.otextension.received', 'communication.garbling.sent', 'communication.garbling.received', 'communication.online.sent', 'communication.online.received', 'cos_dist_ver', 'cos_dist_sfe']
2023-09-14 09:15:56,450 - INFO - Running test for lfw/John_Taylor/John_Taylor_0001.jpg
2023-09-14 09:16:15,850 - DEBUG - Stdout of extracting embedding: 16.38328504562378
2023-09-14 09:16:15,850 - DEBUG - Stderr of extracting embedding: 
2023-09-14 09:16:15,850 - INFO - Embedding extracted by the server in 16.38328504562378 seconds
2023-09-14 09:16:18,500 - INFO - Running sfe...
2023-09-14 09:16:35,557 - INFO - Finished! Total sfe time: 17.056096076965332 seconds (2/2)
2023-09-14 09:16:35,558 - DEBUG - Host 192.168.5.115: exit code 0, output ['Online time is distributed as follows: ', 'Bool: local gates: 433.8280000000, interactive gates: 475.0630000000, layer finish: 323.4800000000', 'Yao: local gates: 9.5200000000, interactive gates: 6.4450000000, layer finish: 3.2190000000', 'Yao Rev: local gates: 7.6570000000, interactive gates: 7.1810000000, layer finish: 3.5010000000', 'Arith: local gates: 9.1130000000, interactive gates: 8.2310000000, layer finish: 11.3240000000', 'SPLUT: local gates: 6.7400000000, interactive gates: 6.3690000000, layer finish: 44.6850000000', 'Communication: 5207.8100000000', '', 'Complexities: ', 'Boolean Sharing: ANDs: 1878982 (1-bit) ; Depth: 8080', 'Total Vec AND: 1878982', 'Total Non-Vec AND: 1878982', 'XOR vals: 1740116 gates: 596354', 'Comb gates: 0, CombStruct gates: 0, Perm gates: 0, Subset gates: 12288, Split gates: 0', 'Yao: ANDs: 0 ; Depth: 0', 'Reverse Yao: ANDs: 0 ; Depth: 0', 'Arithmetic Sharing: MULs: 0 ; Depth: 0', 'SP-LUT Sharing: OT-gates: Total OT gates = 0; Depth: 1', 'Total number of gates: 1339400 Total depth: 8080', 'Timings: ', 'Total =\t\t10700.9810000000 ms', 'Init =\t\t0.3400000000 ms', 'CircuitGen =\t0.2810000000 ms', 'Network =\t84.5520000000 ms', 'BaseOTs =\t134.7880000000 ms', 'Setup =\t\t4107.4370000000 ms', 'OTExtension =\t4085.7270000000 ms', 'Garbling =\t0.0090000000 ms', 'Online =\t6593.5380000000 ms', '', 'Communication: ', 'Total Sent / Rcv\t19986398  bytes / 19986910 bytes', 'BaseOTs Sent / Rcv\t10532  bytes / 10532 bytes', 'Setup Sent / Rcv\t19437193  bytes / 19437193 bytes', 'OTExtension Sent / Rcv\t19437193  bytes / 19437193 bytes', 'Garbling Sent / Rcv\t0  bytes / 0 bytes', 'Online Sent / Rcv\t549205  bytes / 549717 bytes', '', 'cos_dist_ver: 0.8985316157', 'cos_dist: 0.8985316157'], error ['\tCommand being timed: "/home/kamil/pffrocd/ABY/build/bin/cos_dist_float_scen_simd_32 -r 1 -a 192.168.5.114 -f /home/kamil/pffrocd/ABY/build/bin/embeddings.txt -o /home/kamil/pffrocd -s 80 -x 0"', '\tUser time (seconds): 14.23', '\tSystem time (seconds): 4.89', '\tPercent of CPU this job got: 114%', '\tElapsed (wall clock) time (h:mm:ss or m:ss): 0:16.69', '\tAverage shared text size (kbytes): 0', '\tAverage unshared data size (kbytes): 0', '\tAverage stack size (kbytes): 0', '\tAverage total size (kbytes): 0', '\tMaximum resident set size (kbytes): 139324', '\tAverage resident set size (kbytes): 0', '\tMajor (requiring I/O) page faults: 0', '\tMinor (reclaiming a frame) page faults: 60477', '\tVoluntary context switches: 67806', '\tInvoluntary context switches: 20594', '\tSwaps: 0', '\tFile system inputs: 0', '\tFile system outputs: 0', '\tSocket messages sent: 0', '\tSocket messages received: 0', '\tSignals delivered: 0', '\tPage size (bytes): 4096', '\tExit status: 0']
2023-09-14 09:16:35,558 - DEBUG - Host 192.168.5.114: exit code 0, output ['Online time is distributed as follows: ', 'Bool: local gates: 430.4400000000, interactive gates: 481.0710000000, layer finish: 330.3730000000', 'Yao: local gates: 7.4210000000, interactive gates: 6.0600000000, layer finish: 4.2770000000', 'Yao Rev: local gates: 6.5560000000, interactive gates: 5.9110000000, layer finish: 2.3120000000', 'Arith: local gates: 6.8040000000, interactive gates: 9.2100000000, layer finish: 5.6380000000', 'SPLUT: local gates: 8.8760000000, interactive gates: 6.1610000000, layer finish: 48.0630000000', 'Communication: 5204.9900000000', '', 'Complexities: ', 'Boolean Sharing: ANDs: 1878982 (1-bit) ; Depth: 8080', 'Total Vec AND: 1878982', 'Total Non-Vec AND: 1878982', 'XOR vals: 1740116 gates: 596354', 'Comb gates: 0, CombStruct gates: 0, Perm gates: 0, Subset gates: 12288, Split gates: 0', 'Yao: ANDs: 0 ; Depth: 0', 'Reverse Yao: ANDs: 0 ; Depth: 0', 'Arithmetic Sharing: MULs: 0 ; Depth: 0', 'SP-LUT Sharing: OT-gates: Total OT gates = 0; Depth: 1', 'Total number of gates: 1339400 Total depth: 8080', 'Timings: ', 'Total =\t\t10699.6770000000 ms', 'Init =\t\t0.3800000000 ms', 'CircuitGen =\t0.2890000000 ms', 'Network =\t12.6610000000 ms', 'BaseOTs =\t133.9290000000 ms', 'Setup =\t\t4107.9730000000 ms', 'OTExtension =\t4086.2000000000 ms', 'Garbling =\t0.0090000000 ms', 'Online =\t6591.6980000000 ms', '', 'Communication: ', 'Total Sent / Rcv\t19986919  bytes / 19986398 bytes', 'BaseOTs Sent / Rcv\t10523  bytes / 10532 bytes', 'Setup Sent / Rcv\t19437202  bytes / 19437193 bytes', 'OTExtension Sent / Rcv\t19437193  bytes / 19437193 bytes', 'Garbling Sent / Rcv\t0  bytes / 0 bytes', 'Online Sent / Rcv\t549717  bytes / 549205 bytes', '', 'cos_dist_ver: 0.8985316157', 'cos_dist: 0.8985316157'], error ['\tCommand being timed: "/home/kamil/pffrocd/ABY/build/bin/cos_dist_float_scen_simd_32 -r 0 -a 192.168.5.114 -f /home/kamil/pffrocd/ABY/build/bin/embeddings.txt -o /home/kamil/pffrocd -s 80 -x 0"', '\tUser time (seconds): 14.02', '\tSystem time (seconds): 5.04', '\tPercent of CPU this job got: 114%', '\tElapsed (wall clock) time (h:mm:ss or m:ss): 0:16.64', '\tAverage shared text size (kbytes): 0', '\tAverage unshared data size (kbytes): 0', '\tAverage stack size (kbytes): 0', '\tAverage total size (kbytes): 0', '\tMaximum resident set size (kbytes): 139044', '\tAverage resident set size (kbytes): 0', '\tMajor (requiring I/O) page faults: 0', '\tMinor (reclaiming a frame) page faults: 60413', '\tVoluntary context switches: 67147', '\tInvoluntary context switches: 19141', '\tSwaps: 0', '\tFile system inputs: 0', '\tFile system outputs: 0', '\tSocket messages sent: 0', '\tSocket messages received: 0', '\tSignals delivered: 0', '\tPage size (bytes): 4096', '\tExit status: 0']
2023-09-14 09:16:35,559 - DEBUG - Parsed ram usage: {'Command being timed': '"/home/kamil/pffrocd/ABY/build/bin/cos_dist_float_scen_simd_32 -r 0 -a 192.168.5.114 -f /home/kamil/pffrocd/ABY/build/bin/embeddings.txt -o /home/kamil/pffrocd -s 80 -x 0"', 'User time (seconds)': '14.02', 'System time (seconds)': '5.04', 'Percent of CPU this job got': '114%', 'Elapsed (wall clock) time (h:mm:ss or m:ss)': '0:16.64', 'Average shared text size (kbytes)': '0', 'Average unshared data size (kbytes)': '0', 'Average stack size (kbytes)': '0', 'Average total size (kbytes)': '0', 'Maximum resident set size (kbytes)': '139044', 'Average resident set size (kbytes)': '0', 'Major (requiring I/O) page faults': '0', 'Minor (reclaiming a frame) page faults': '60413', 'Voluntary context switches': '67147', 'Involuntary context switches': '19141', 'Swaps': '0', 'File system inputs': '0', 'File system outputs': '0', 'Socket messages sent': '0', 'Socket messages received': '0', 'Signals delivered': '0', 'Page size (bytes)': '4096', 'Exit status': '0'}
2023-09-14 09:16:35,559 - INFO - Running powertop to gather energy consumption data...
2023-09-14 09:17:01,886 - DEBUG - All values from powertop for client: 1       319 mW  
2       306 mW  
3       276 mW  
10     23.7 mW  
11     18.1 mW  
14     8.85 mW  
15     7.55 mW  
16     6.51 mW  
19     6.17 mW  
20     6.12 mW  
66        0 mW  
Name: PW Estimate, dtype: object
2023-09-14 09:17:01,886 - DEBUG - Energy client: 17.658861963272095
2023-09-14 09:17:02,629 - DEBUG - All values from powertop for server: 1       319 mW  
2       306 mW  
3       276 mW  
10     23.7 mW  
11     18.1 mW  
14     8.85 mW  
15     7.55 mW  
16     6.51 mW  
19     6.17 mW  
20     6.12 mW  
66        0 mW  
Name: PW Estimate, dtype: object
2023-09-14 09:17:02,629 - DEBUG - Energy server: 17.658861963272095
2023-09-14 09:17:02,630 - DEBUG - list_of_sfe_values=['430.4400000000', '481.0710000000', '330.3730000000', '7.4210000000', '6.0600000000', '4.2770000000', '6.5560000000', '5.9110000000', '2.3120000000', '6.8040000000', '9.2100000000', '5.6380000000', '8.8760000000', '6.1610000000', '48.0630000000', '5204.9900000000', '1878982', '8080', '1878982', '1878982', '1740116', '596354', '0', '0', '0', '12288', '0', '0', '0', '0', '0', '0', '0', '0', '1', '1339400', '8080', '10699.6770000000', '0.3800000000', '0.2890000000', '12.6610000000', '133.9290000000', '4107.9730000000', '4086.2000000000', '0.0090000000', '6591.6980000000', '19986919', '19986398', '10523', '10532', '19437202', '19437193', '19437193', '19437193', '0', '0', '549717', '549205', '0.8985316157', '0.8985316157']
2023-09-14 09:17:02,630 - DEBUG - list_of_ram_values=['14.02', '5.04', '114%', '0:16.64', '0', '0', '0', '0', '139044', '0', '0', '60413', '67147', '19141', '0', '0', '0', '0', '0', '0', '4096', '0']
2023-09-14 09:17:02,630 - DEBUG - to_be_appended=['lfw/Ahmet_Necdet_Sezer/Ahmet_Necdet_Sezer_0001.jpg', 'lfw/John_Taylor/John_Taylor_0001.jpg', False, False, 0.8985316380858421, 0.8985316157, 33.43938112258911, 17.056096076965332, 16.38328504562378, '14.02', '5.04', '114%', '0:16.64', '0', '0', '0', '0', '139044', '0', '0', '60413', '67147', '19141', '0', '0', '0', '0', '0', '0', '4096', '0', 17.658861963272095, 17.658861963272095, '430.4400000000', '481.0710000000', '330.3730000000', '7.4210000000', '6.0600000000', '4.2770000000', '6.5560000000', '5.9110000000', '2.3120000000', '6.8040000000', '9.2100000000', '5.6380000000', '8.8760000000', '6.1610000000', '48.0630000000', '5204.9900000000', '1878982', '8080', '1878982', '1878982', '1740116', '596354', '0', '0', '0', '12288', '0', '0', '0', '0', '0', '0', '0', '0', '1', '1339400', '8080', '10699.6770000000', '0.3800000000', '0.2890000000', '12.6610000000', '133.9290000000', '4107.9730000000', '4086.2000000000', '0.0090000000', '6591.6980000000', '19986919', '19986398', '10523', '10532', '19437202', '19437193', '19437193', '19437193', '0', '0', '549717', '549205', '0.8985316157', '0.8985316157']
2023-09-14 09:17:02,630 - DEBUG - pffrocd.columns=['ref_img', 'other_img', 'result', 'expected_result', 'cos_dist_np', 'cos_dist_sfe', 'total_time', 'sfe_time', 'extraction_time', 'Command being timed', 'User time (seconds)', 'System time (seconds)', 'Percent of CPU this job got', 'Elapsed (wall clock) time (h:mm:ss or m:ss)', 'Average shared text size (kbytes)', 'Average unshared data size (kbytes)', 'Average stack size (kbytes)', 'Average total size (kbytes)', 'Maximum resident set size (kbytes)', 'Average resident set size (kbytes)', 'Major (requiring I/O) page faults', 'Minor (reclaiming a frame) page faults', 'Voluntary context switches', 'Involuntary context switches', 'Swaps', 'File system inputs', 'File system outputs', 'Socket messages sent', 'Socket messages received', 'Signals delivered', 'Page size (bytes)', 'Exit status', 'energy_client', 'energy_server', 'online_time.bool.local_gates', 'online_time.bool.interactive_gates', 'online_time.bool.layer_finish', 'online_time.yao.local_gates', 'online_time.yao.interactive_gates', 'online_time.yao.layer_finish', 'online_time.yao_rev.local_gates', 'online_time.yao_rev.interactive_gates', 'online_time.yao_rev.layer_finish', 'online_time.arith.local_gates', 'online_time.arith.interactive_gates', 'online_time.arith.layer_finish', 'online_time.splut.local_gates', 'online_time.splut.interactive_gates', 'online_time.splut.layer_finish', 'online_time.communication', 'complexities.boolean_sharing.ands', 'complexities.boolean_sharing.depth', 'complexities.total_vec_and', 'complexities.total_non_vec_and', 'complexities.xor_vals', 'complexities.gates', 'complexities.comb_gates', 'complexities.combstruct_gates', 'complexities.perm_gates', 'complexities.subset_gates', 'complexities.split_gates', 'complexities.yao.ands', 'complexities.yao.depth', 'complexities.reverse_yao.ands', 'complexities.reverse_yao.depth', 'complexities.arithmetic_sharing.muls', 'complexities.arithmetic_sharing.depth', 'complexities.sp_lut_sharing.ot_gates_total', 'complexities.sp_lut_sharing.depth', 'complexities.total_nr_of_gates', 'complexities.total_depth', 'timings.total', 'timings.init', 'timings.circuitgen', 'timings.network', 'timings.baseots', 'timings.setup', 'timings.otextension', 'timings.garbling', 'timings.online', 'communication.total.sent', 'communication.total.received', 'communication.base_ots.sent', 'communication.base_ots.received', 'communication.setup.sent', 'communication.setup.received', 'communication.otextension.sent', 'communication.otextension.received', 'communication.garbling.sent', 'communication.garbling.received', 'communication.online.sent', 'communication.online.received', 'cos_dist_ver', 'cos_dist_sfe']
