2023-08-10 11:29:14,238 - DEBUG - pffrocd config: {
    "client": {
        "ip_address": "192.168.50.55",
        "username": "dietpi",
        "private_ssh_key_path": "/home/kamil/.ssh/id_thesis",
        "executable_path": "/home/dietpi/pffrocd/ABY/build/bin",
        "executable_name": "cos_dist_float_scen_simd",
        "pffrocd_path": "/home/dietpi/pffrocd"
    },
    "server": {
        "ip_address": "192.168.50.190",
        "username": "dietpi",
        "private_ssh_key_path": "/home/kamil/.ssh/id_thesis",
        "executable_path": "/home/dietpi/pffrocd/ABY/build/bin",
        "executable_name": "cos_dist_float_scen_simd",
        "pffrocd_path": "/home/dietpi/pffrocd"
    },
    "misc": {
        "test_mode": "True",
        "security_level": "112"
    }
}
2023-08-10 11:29:14,335 - INFO - RUNNING IN TEST MODE: only using one person
2023-08-10 11:29:14,336 - INFO - Currently running for lfw/Aaron_Peirsol (0/1)
2023-08-10 11:29:14,336 - DEBUG - Found 4 images for lfw/Aaron_Peirsol
2023-08-10 11:29:14,336 - DEBUG - setting image as reference image: lfw/Aaron_Peirsol/Aaron_Peirsol_0001.jpg
2023-08-10 11:29:17,167 - DEBUG - Running test for lfw/Aaron_Peirsol/Aaron_Peirsol_0002.jpg
2023-08-10 11:29:35,059 - DEBUG - Embedding extracted by the server in 14.955868482589722 seconds
2023-08-10 11:29:37,624 - DEBUG - Running sfe...
2023-08-10 11:31:42,128 - INFO - Finished! Total sfe time: 124.50320529937744 seconds
2023-08-10 11:31:42,139 - DEBUG - Host 192.168.50.55: exit code 0, output ['SEC LEVEL: 112', 'MT_ALG: 0', 'INPUT FILE NAME: /home/dietpi/pffrocd/ABY/build/bin/embeddings.txt', 'starting reading x and y', 'finished reading x and y', 'starting reading z', 'finished reading z', 'CIRCUIT DIRECTORY: /home/dietpi/pffrocd/ABY/bin/circ/', 'party created', 'circuit retrieved', 'here 1', 'here 1', 'here 1', 'here 1', 'verification values computed', 'assigning ingates', 'finished assigning ingates', 'multiplied', 'finished computing x dot y', 'multiplied', 'finished computing norm(x)', 'multiplied', 'finished computing norm(y)', 'finished computing cos dist', 'Online time is distributed as follows: ', 'Bool: local gates: 2284.0940000000, interactive gates: 2482.1910000000, layer finish: 1725.8420000000', 'Yao: local gates: 28.2490000000, interactive gates: 22.5360000000, layer finish: 9.0230000000', 'Yao Rev: local gates: 23.1330000000, interactive gates: 19.7050000000, layer finish: 10.4430000000', 'Arith: local gates: 27.1000000000, interactive gates: 19.5900000000, layer finish: 25.4060000000', 'SPLUT: local gates: 23.0210000000, interactive gates: 23.0140000000, layer finish: 146.9350000000', 'Communication: 40774.8400000000', '', 'Complexities: ', 'Boolean Sharing: ANDs: 5971636 (1-bit) ; Depth: 10918', 'Total Vec AND: 5971636', 'Total Non-Vec AND: 5971636', 'XOR vals: 5892966 gates: 1383450', 'Comb gates: 0, CombStruct gates: 0, Perm gates: 0, Subset gates: 24576, Split gates: 0', 'Yao: ANDs: 0 ; Depth: 0', 'Reverse Yao: ANDs: 0 ; Depth: 0', 'Arithmetic Sharing: MULs: 0 ; Depth: 0', 'SP-LUT Sharing: OT-gates: Total OT gates = 0; Depth: 1', 'Total number of gates: 3163722 Total depth: 10918', 'Timings: ', 'Total =\t\t102016.5990000000 ms', 'Init =\t\t0.3240000000 ms', 'CircuitGen =\t0.3000000000 ms', 'Network =\t71.3800000000 ms', 'BaseOTs =\t801.2120000000 ms', 'Setup =\t\t54287.2880000000 ms', 'OTExtension =\t54160.8590000000 ms', 'Garbling =\t0.0090000000 ms', 'Online =\t47729.3010000000 ms', '', 'Communication: ', 'Total Sent / Rcv\t86427438  bytes / 86428462 bytes', 'BaseOTs Sent / Rcv\t29220  bytes / 29220 bytes', 'Setup Sent / Rcv\t84827305  bytes / 84838418 bytes', 'OTExtension Sent / Rcv\t84827305  bytes / 84827305 bytes', 'Garbling Sent / Rcv\t0  bytes / 0 bytes', 'Online Sent / Rcv\t1600133  bytes / 1590044 bytes', '', 'cos_dist_ver: 0.2064672729', 'cos_dist: 0.2064672729'], error []
2023-08-10 11:31:42,143 - DEBUG - Host 192.168.50.190: exit code 0, output ['SEC LEVEL: 112', 'MT_ALG: 0', 'INPUT FILE NAME: /home/dietpi/pffrocd/ABY/build/bin/embeddings.txt', 'starting reading x and y', 'finished reading x and y', 'starting reading z', 'finished reading z', 'CIRCUIT DIRECTORY: /home/dietpi/pffrocd/ABY/bin/circ/', 'party created', 'circuit retrieved', 'here 1', 'here 1', 'here 1', 'here 1', 'verification values computed', 'assigning ingates', 'finished assigning ingates', 'multiplied', 'finished computing x dot y', 'multiplied', 'finished computing norm(x)', 'multiplied', 'finished computing norm(y)', 'finished computing cos dist', 'Online time is distributed as follows: ', 'Bool: local gates: 2058.3470000000, interactive gates: 2378.4140000000, layer finish: 1775.4580000000', 'Yao: local gates: 28.2380000000, interactive gates: 19.5940000000, layer finish: 10.8510000000', 'Yao Rev: local gates: 23.3810000000, interactive gates: 19.5970000000, layer finish: 7.2810000000', 'Arith: local gates: 25.6820000000, interactive gates: 20.2510000000, layer finish: 23.3080000000', 'SPLUT: local gates: 24.5460000000, interactive gates: 23.1560000000, layer finish: 147.2700000000', 'Communication: 41077.0479999998', '', 'Complexities: ', 'Boolean Sharing: ANDs: 5971636 (1-bit) ; Depth: 10918', 'Total Vec AND: 5971636', 'Total Non-Vec AND: 5971636', 'XOR vals: 5892966 gates: 1383450', 'Comb gates: 0, CombStruct gates: 0, Perm gates: 0, Subset gates: 24576, Split gates: 0', 'Yao: ANDs: 0 ; Depth: 0', 'Reverse Yao: ANDs: 0 ; Depth: 0', 'Arithmetic Sharing: MULs: 0 ; Depth: 0', 'SP-LUT Sharing: OT-gates: Total OT gates = 0; Depth: 1', 'Total number of gates: 3163722 Total depth: 10918', 'Timings: ', 'Total =\t\t102002.0660000000 ms', 'Init =\t\t0.3650000000 ms', 'CircuitGen =\t0.3390000000 ms', 'Network =\t7778.4170000000 ms', 'BaseOTs =\t804.8580000000 ms', 'Setup =\t\t54278.0840000000 ms', 'OTExtension =\t54207.8820000000 ms', 'Garbling =\t0.0070000000 ms', 'Online =\t47723.9740000000 ms', '', 'Communication: ', 'Total Sent / Rcv\t86428471  bytes / 86427438 bytes', 'BaseOTs Sent / Rcv\t29211  bytes / 29220 bytes', 'Setup Sent / Rcv\t84827314  bytes / 84827305 bytes', 'OTExtension Sent / Rcv\t84827305  bytes / 84827305 bytes', 'Garbling Sent / Rcv\t0  bytes / 0 bytes', 'Online Sent / Rcv\t1601157  bytes / 1600133 bytes', '', 'cos_dist_ver: 0.2064672729', 'cos_dist: 0.2064672729'], error []
2023-08-10 11:31:42,144 - DEBUG - Running test for lfw/Aaron_Peirsol/Aaron_Peirsol_0003.jpg
